[2024-03-19 14:23:20,192] {taskinstance.py:1032} INFO - Dependencies all met for <TaskInstance: dag_ml_life_cycle.make_training scheduled__2024-03-19T13:59:39.140113+00:00 [queued]>
[2024-03-19 14:23:20,254] {taskinstance.py:1032} INFO - Dependencies all met for <TaskInstance: dag_ml_life_cycle.make_training scheduled__2024-03-19T13:59:39.140113+00:00 [queued]>
[2024-03-19 14:23:20,254] {taskinstance.py:1238} INFO - 
--------------------------------------------------------------------------------
[2024-03-19 14:23:20,255] {taskinstance.py:1239} INFO - Starting attempt 1 of 4
[2024-03-19 14:23:20,255] {taskinstance.py:1240} INFO - 
--------------------------------------------------------------------------------
[2024-03-19 14:23:20,262] {taskinstance.py:1259} INFO - Executing <Task(PythonOperator): make_training> on 2024-03-19 13:59:39.140113+00:00
[2024-03-19 14:23:20,268] {standard_task_runner.py:52} INFO - Started process 35665 to run task
[2024-03-19 14:23:20,275] {standard_task_runner.py:76} INFO - Running: ['airflow', 'tasks', 'run', 'dag_ml_life_cycle', 'make_training', 'scheduled__2024-03-19T13:59:39.140113+00:00', '--job-id', '723', '--raw', '--subdir', 'DAGS_FOLDER/lifecycle_ml_example/dags/dag_ml_life_cycle.py', '--cfg-path', '/var/folders/t4/c2kdpvnj6r793w3k056dkc640000gp/T/tmpjekeix8g', '--error-file', '/var/folders/t4/c2kdpvnj6r793w3k056dkc640000gp/T/tmpqonicd5f']
[2024-03-19 14:23:20,277] {standard_task_runner.py:77} INFO - Job 723: Subtask make_training
[2024-03-19 14:23:20,319] {logging_mixin.py:109} INFO - Running <TaskInstance: dag_ml_life_cycle.make_training scheduled__2024-03-19T13:59:39.140113+00:00 [running]> on host 1.0.0.127.in-addr.arpa
[2024-03-19 14:23:20,350] {taskinstance.py:1424} INFO - Exporting the following env vars:
AIRFLOW_CTX_DAG_OWNER=airflow
AIRFLOW_CTX_DAG_ID=dag_ml_life_cycle
AIRFLOW_CTX_TASK_ID=make_training
AIRFLOW_CTX_EXECUTION_DATE=2024-03-19T13:59:39.140113+00:00
AIRFLOW_CTX_DAG_RUN_ID=scheduled__2024-03-19T13:59:39.140113+00:00
[2024-03-19 14:23:20,351] {training.py:31} INFO - Get training data for xgboost model ...
[2024-03-19 14:23:24,525] {training.py:41} INFO - Training xgboost model.
[2024-03-19 14:23:24,535] {logging_mixin.py:109} WARNING - /Users/macbook/anaconda3/envs/airflow_env/lib/python3.9/site-packages/xgboost/sklearn.py:1395 UserWarning: `use_label_encoder` is deprecated in 1.7.0.
[2024-03-19 14:23:24,874] {training.py:89} INFO - Model saved at /Users/macbook/Desktop/airflow_tutorial/airflow/dags/lifecycle_ml_example/artifacts/model.pkl
[2024-03-19 14:23:24,874] {training.py:62} INFO - Saving xgboost model to artifacts/model.pkl ...
[2024-03-19 14:23:27,433] {logging_mixin.py:109} INFO - File: /Users/macbook/Desktop/airflow_tutorial/airflow/dags/lifecycle_ml_example/artifacts/model.pkl upload to artifacts/model.pkl.
[2024-03-19 14:23:27,434] {python.py:175} INFO - Done. Returned value was: True
[2024-03-19 14:23:27,448] {taskinstance.py:1267} INFO - Marking task as SUCCESS. dag_id=dag_ml_life_cycle, task_id=make_training, execution_date=20240319T135939, start_date=20240319T192320, end_date=20240319T192327
[2024-03-19 14:23:27,472] {local_task_job.py:154} INFO - Task exited with return code 0
[2024-03-19 14:23:27,491] {local_task_job.py:264} INFO - 1 downstream tasks scheduled from follow-on schedule check
