[2024-03-19 10:51:52,659] {taskinstance.py:1032} INFO - Dependencies all met for <TaskInstance: dag_ml_life_cycle.get_gold_data scheduled__2024-03-19T10:48:20.308325+00:00 [queued]>
[2024-03-19 10:51:52,672] {taskinstance.py:1032} INFO - Dependencies all met for <TaskInstance: dag_ml_life_cycle.get_gold_data scheduled__2024-03-19T10:48:20.308325+00:00 [queued]>
[2024-03-19 10:51:52,673] {taskinstance.py:1238} INFO - 
--------------------------------------------------------------------------------
[2024-03-19 10:51:52,673] {taskinstance.py:1239} INFO - Starting attempt 1 of 4
[2024-03-19 10:51:52,673] {taskinstance.py:1240} INFO - 
--------------------------------------------------------------------------------
[2024-03-19 10:51:52,683] {taskinstance.py:1259} INFO - Executing <Task(PythonOperator): get_gold_data> on 2024-03-19 10:48:20.308325+00:00
[2024-03-19 10:51:52,690] {standard_task_runner.py:52} INFO - Started process 45048 to run task
[2024-03-19 10:51:52,696] {standard_task_runner.py:76} INFO - Running: ['airflow', 'tasks', 'run', 'dag_ml_life_cycle', 'get_gold_data', 'scheduled__2024-03-19T10:48:20.308325+00:00', '--job-id', '584', '--raw', '--subdir', 'DAGS_FOLDER/lifecycle_ml_example/dags/dag_ml_life_cycle.py', '--cfg-path', '/var/folders/t4/c2kdpvnj6r793w3k056dkc640000gp/T/tmppb6f9xnl', '--error-file', '/var/folders/t4/c2kdpvnj6r793w3k056dkc640000gp/T/tmp00ysbwgs']
[2024-03-19 10:51:52,699] {standard_task_runner.py:77} INFO - Job 584: Subtask get_gold_data
[2024-03-19 10:51:52,757] {logging_mixin.py:109} INFO - Running <TaskInstance: dag_ml_life_cycle.get_gold_data scheduled__2024-03-19T10:48:20.308325+00:00 [running]> on host 1.0.0.127.in-addr.arpa
[2024-03-19 10:51:52,792] {taskinstance.py:1424} INFO - Exporting the following env vars:
AIRFLOW_CTX_DAG_OWNER=airflow
AIRFLOW_CTX_DAG_ID=dag_ml_life_cycle
AIRFLOW_CTX_TASK_ID=get_gold_data
AIRFLOW_CTX_EXECUTION_DATE=2024-03-19T10:48:20.308325+00:00
AIRFLOW_CTX_DAG_RUN_ID=scheduled__2024-03-19T10:48:20.308325+00:00
[2024-03-19 10:51:52,793] {data_preprocessing.py:34} INFO - Random error: 0.104705711051303
[2024-03-19 10:51:52,794] {data_preprocessing.py:38} INFO - Getting gold data
[2024-03-19 10:51:52,794] {data_preprocessing.py:42} INFO - Getting raw data from ml_lifecycle_airflow/in-vehicle-coupon-recommendation.csv ...
[2024-03-19 10:51:56,060] {data_preprocessing.py:89} INFO - Starting data preprocessing ...
[2024-03-19 10:51:56,244] {data_preprocessing.py:150} INFO - Data preprocessing complete

[2024-03-19 10:51:56,289] {data_preprocessing.py:168} INFO - Encoding features using hashing encoder ...
[2024-03-19 10:52:38,708] {data_preprocessing.py:168} INFO - Encoding features using hashing encoder ...
[2024-03-19 10:53:17,176] {data_preprocessing.py:63} INFO - Uploading preprocessed data to GCS ...
[2024-03-19 10:53:27,118] {python.py:175} INFO - Done. Returned value was: True
[2024-03-19 10:53:27,144] {taskinstance.py:1267} INFO - Marking task as SUCCESS. dag_id=dag_ml_life_cycle, task_id=get_gold_data, execution_date=20240319T104820, start_date=20240319T155152, end_date=20240319T155327
[2024-03-19 10:53:27,177] {local_task_job.py:154} INFO - Task exited with return code 0
[2024-03-19 10:53:27,203] {local_task_job.py:264} INFO - 0 downstream tasks scheduled from follow-on schedule check
