[2024-03-12 11:47:05,399] {taskinstance.py:1032} INFO - Dependencies all met for <TaskInstance: tutorial_juan_change_folder_v2.templated manual__2024-03-12T16:46:18.478626+00:00 [queued]>
[2024-03-12 11:47:05,403] {taskinstance.py:1032} INFO - Dependencies all met for <TaskInstance: tutorial_juan_change_folder_v2.templated manual__2024-03-12T16:46:18.478626+00:00 [queued]>
[2024-03-12 11:47:05,403] {taskinstance.py:1238} INFO - 
--------------------------------------------------------------------------------
[2024-03-12 11:47:05,403] {taskinstance.py:1239} INFO - Starting attempt 1 of 2
[2024-03-12 11:47:05,403] {taskinstance.py:1240} INFO - 
--------------------------------------------------------------------------------
[2024-03-12 11:47:05,409] {taskinstance.py:1259} INFO - Executing <Task(BashOperator): templated> on 2024-03-12 16:46:18.478626+00:00
[2024-03-12 11:47:05,412] {standard_task_runner.py:52} INFO - Started process 41947 to run task
[2024-03-12 11:47:05,417] {standard_task_runner.py:76} INFO - Running: ['airflow', 'tasks', 'run', 'tutorial_juan_change_folder_v2', 'templated', 'manual__2024-03-12T16:46:18.478626+00:00', '--job-id', '6', '--raw', '--subdir', 'DAGS_FOLDER/tutorial_0.py', '--cfg-path', '/var/folders/t4/c2kdpvnj6r793w3k056dkc640000gp/T/tmp3bjsqa99', '--error-file', '/var/folders/t4/c2kdpvnj6r793w3k056dkc640000gp/T/tmpf5n513bh']
[2024-03-12 11:47:05,419] {standard_task_runner.py:77} INFO - Job 6: Subtask templated
[2024-03-12 11:47:05,449] {logging_mixin.py:109} INFO - Running <TaskInstance: tutorial_juan_change_folder_v2.templated manual__2024-03-12T16:46:18.478626+00:00 [running]> on host 1.0.0.0.0.0.0.0.0.0.0.0.0.0.0.0.0.0.0.0.0.0.0.0.0.0.0.0.0.0.0.0.ip6.arpa
[2024-03-12 11:47:05,484] {taskinstance.py:1424} INFO - Exporting the following env vars:
AIRFLOW_CTX_DAG_EMAIL=airflow@example.com
AIRFLOW_CTX_DAG_OWNER=airflow
AIRFLOW_CTX_DAG_ID=tutorial_juan_change_folder_v2
AIRFLOW_CTX_TASK_ID=templated
AIRFLOW_CTX_EXECUTION_DATE=2024-03-12T16:46:18.478626+00:00
AIRFLOW_CTX_DAG_RUN_ID=manual__2024-03-12T16:46:18.478626+00:00
[2024-03-12 11:47:05,485] {subprocess.py:62} INFO - Tmp dir root location: 
 /var/folders/t4/c2kdpvnj6r793w3k056dkc640000gp/T
[2024-03-12 11:47:05,486] {subprocess.py:74} INFO - Running command: ['bash', '-c', '\n\n    echo "2024-03-12"\n    echo "2024-03-19"\n\n    echo "2024-03-12"\n    echo "2024-03-19"\n\n    echo "2024-03-12"\n    echo "2024-03-19"\n\n    echo "2024-03-12"\n    echo "2024-03-19"\n\n    echo "2024-03-12"\n    echo "2024-03-19"\n']
[2024-03-12 11:47:05,491] {subprocess.py:85} INFO - Output:
[2024-03-12 11:47:05,495] {subprocess.py:89} INFO - 2024-03-12
[2024-03-12 11:47:05,496] {subprocess.py:89} INFO - 2024-03-19
[2024-03-12 11:47:05,496] {subprocess.py:89} INFO - 2024-03-12
[2024-03-12 11:47:05,496] {subprocess.py:89} INFO - 2024-03-19
[2024-03-12 11:47:05,496] {subprocess.py:89} INFO - 2024-03-12
[2024-03-12 11:47:05,496] {subprocess.py:89} INFO - 2024-03-19
[2024-03-12 11:47:05,497] {subprocess.py:89} INFO - 2024-03-12
[2024-03-12 11:47:05,497] {subprocess.py:89} INFO - 2024-03-19
[2024-03-12 11:47:05,497] {subprocess.py:89} INFO - 2024-03-12
[2024-03-12 11:47:05,497] {subprocess.py:89} INFO - 2024-03-19
[2024-03-12 11:47:05,498] {subprocess.py:93} INFO - Command exited with return code 0
[2024-03-12 11:47:05,509] {taskinstance.py:1267} INFO - Marking task as SUCCESS. dag_id=tutorial_juan_change_folder_v2, task_id=templated, execution_date=20240312T164618, start_date=20240312T164705, end_date=20240312T164705
[2024-03-12 11:47:05,555] {local_task_job.py:154} INFO - Task exited with return code 0
[2024-03-12 11:47:05,570] {local_task_job.py:264} INFO - 0 downstream tasks scheduled from follow-on schedule check
