[2024-03-19 06:22:15,665] {taskinstance.py:1032} INFO - Dependencies all met for <TaskInstance: dag_ml_life_cycle.get_gold_data scheduled__2024-03-19T06:03:29.631268+00:00 [queued]>
[2024-03-19 06:22:15,807] {taskinstance.py:1032} INFO - Dependencies all met for <TaskInstance: dag_ml_life_cycle.get_gold_data scheduled__2024-03-19T06:03:29.631268+00:00 [queued]>
[2024-03-19 06:22:15,808] {taskinstance.py:1238} INFO - 
--------------------------------------------------------------------------------
[2024-03-19 06:22:15,808] {taskinstance.py:1239} INFO - Starting attempt 2 of 4
[2024-03-19 06:22:15,808] {taskinstance.py:1240} INFO - 
--------------------------------------------------------------------------------
[2024-03-19 06:22:15,829] {taskinstance.py:1259} INFO - Executing <Task(PythonOperator): get_gold_data> on 2024-03-19 06:03:29.631268+00:00
[2024-03-19 06:22:15,844] {standard_task_runner.py:52} INFO - Started process 21107 to run task
[2024-03-19 06:22:15,861] {standard_task_runner.py:76} INFO - Running: ['airflow', 'tasks', 'run', 'dag_ml_life_cycle', 'get_gold_data', 'scheduled__2024-03-19T06:03:29.631268+00:00', '--job-id', '391', '--raw', '--subdir', 'DAGS_FOLDER/lifecycle_ml_example/dags/dag_ml_life_cycle.py', '--cfg-path', '/var/folders/t4/c2kdpvnj6r793w3k056dkc640000gp/T/tmpj18puw9r', '--error-file', '/var/folders/t4/c2kdpvnj6r793w3k056dkc640000gp/T/tmpr66axxd0']
[2024-03-19 06:22:15,868] {standard_task_runner.py:77} INFO - Job 391: Subtask get_gold_data
[2024-03-19 06:22:15,997] {logging_mixin.py:109} INFO - Running <TaskInstance: dag_ml_life_cycle.get_gold_data scheduled__2024-03-19T06:03:29.631268+00:00 [running]> on host 1.0.0.127.in-addr.arpa
[2024-03-19 06:22:16,102] {taskinstance.py:1424} INFO - Exporting the following env vars:
AIRFLOW_CTX_DAG_OWNER=airflow
AIRFLOW_CTX_DAG_ID=dag_ml_life_cycle
AIRFLOW_CTX_TASK_ID=get_gold_data
AIRFLOW_CTX_EXECUTION_DATE=2024-03-19T06:03:29.631268+00:00
AIRFLOW_CTX_DAG_RUN_ID=scheduled__2024-03-19T06:03:29.631268+00:00
[2024-03-19 06:22:16,106] {data_preprocessing.py:34} INFO - Random error: 0.2643363378957029
[2024-03-19 06:22:16,107] {data_preprocessing.py:38} INFO - Getting gold data
[2024-03-19 06:22:16,109] {data_preprocessing.py:42} INFO - Getting raw data from ml_lifecycle_airflow/in-vehicle-coupon-recommendation.csv ...
[2024-03-19 06:22:22,786] {data_preprocessing.py:89} INFO - Starting data preprocessing ...
[2024-03-19 06:22:23,341] {data_preprocessing.py:150} INFO - Data preprocessing complete

[2024-03-19 06:22:23,470] {data_preprocessing.py:168} INFO - Encoding features using hashing encoder ...
[2024-03-19 06:24:39,076] {data_preprocessing.py:168} INFO - Encoding features using hashing encoder ...
[2024-03-19 06:26:54,857] {data_preprocessing.py:63} INFO - Uploading preprocessed data to GCS ...
[2024-03-19 06:27:18,112] {python.py:175} INFO - Done. Returned value was: True
[2024-03-19 06:27:18,170] {taskinstance.py:1267} INFO - Marking task as SUCCESS. dag_id=dag_ml_life_cycle, task_id=get_gold_data, execution_date=20240319T060329, start_date=20240319T112215, end_date=20240319T112718
[2024-03-19 06:27:18,244] {local_task_job.py:154} INFO - Task exited with return code 0
[2024-03-19 06:27:18,308] {local_task_job.py:264} INFO - 1 downstream tasks scheduled from follow-on schedule check
