[2024-03-19 09:40:30,906] {taskinstance.py:1032} INFO - Dependencies all met for <TaskInstance: dag_ml_life_cycle.get_gold_data scheduled__2024-03-19T08:35:57.901829+00:00 [queued]>
[2024-03-19 09:40:30,972] {taskinstance.py:1032} INFO - Dependencies all met for <TaskInstance: dag_ml_life_cycle.get_gold_data scheduled__2024-03-19T08:35:57.901829+00:00 [queued]>
[2024-03-19 09:40:30,972] {taskinstance.py:1238} INFO - 
--------------------------------------------------------------------------------
[2024-03-19 09:40:30,972] {taskinstance.py:1239} INFO - Starting attempt 2 of 4
[2024-03-19 09:40:30,972] {taskinstance.py:1240} INFO - 
--------------------------------------------------------------------------------
[2024-03-19 09:40:30,978] {taskinstance.py:1259} INFO - Executing <Task(PythonOperator): get_gold_data> on 2024-03-19 08:35:57.901829+00:00
[2024-03-19 09:40:30,984] {standard_task_runner.py:52} INFO - Started process 92998 to run task
[2024-03-19 09:40:30,989] {standard_task_runner.py:76} INFO - Running: ['airflow', 'tasks', 'run', 'dag_ml_life_cycle', 'get_gold_data', 'scheduled__2024-03-19T08:35:57.901829+00:00', '--job-id', '496', '--raw', '--subdir', 'DAGS_FOLDER/lifecycle_ml_example/dags/dag_ml_life_cycle.py', '--cfg-path', '/var/folders/t4/c2kdpvnj6r793w3k056dkc640000gp/T/tmpameh7511', '--error-file', '/var/folders/t4/c2kdpvnj6r793w3k056dkc640000gp/T/tmpjepue714']
[2024-03-19 09:40:30,992] {standard_task_runner.py:77} INFO - Job 496: Subtask get_gold_data
[2024-03-19 09:40:31,032] {logging_mixin.py:109} INFO - Running <TaskInstance: dag_ml_life_cycle.get_gold_data scheduled__2024-03-19T08:35:57.901829+00:00 [running]> on host 1.0.0.127.in-addr.arpa
[2024-03-19 09:40:31,064] {taskinstance.py:1424} INFO - Exporting the following env vars:
AIRFLOW_CTX_DAG_OWNER=airflow
AIRFLOW_CTX_DAG_ID=dag_ml_life_cycle
AIRFLOW_CTX_TASK_ID=get_gold_data
AIRFLOW_CTX_EXECUTION_DATE=2024-03-19T08:35:57.901829+00:00
AIRFLOW_CTX_DAG_RUN_ID=scheduled__2024-03-19T08:35:57.901829+00:00
[2024-03-19 09:40:31,066] {data_preprocessing.py:34} INFO - Random error: 0.10218884113751514
[2024-03-19 09:40:31,066] {data_preprocessing.py:38} INFO - Getting gold data
[2024-03-19 09:40:31,067] {data_preprocessing.py:42} INFO - Getting raw data from ml_lifecycle_airflow/in-vehicle-coupon-recommendation.csv ...
[2024-03-19 09:40:33,855] {data_preprocessing.py:89} INFO - Starting data preprocessing ...
[2024-03-19 09:40:33,981] {data_preprocessing.py:150} INFO - Data preprocessing complete

[2024-03-19 09:40:34,011] {data_preprocessing.py:168} INFO - Encoding features using hashing encoder ...
[2024-03-19 09:46:49,885] {local_task_job.py:191} WARNING - The recorded hostname 1.0.0.127.in-addr.arpa does not match this instance's hostname MacBook-Pro-2.local
[2024-03-19 09:46:49,912] {process_utils.py:120} INFO - Sending Signals.SIGTERM to group 92998. PIDs of all processes in the group: [93084, 93659, 93683, 93684, 93689, 94104, 94190, 92998]
[2024-03-19 09:46:49,912] {process_utils.py:75} INFO - Sending the signal Signals.SIGTERM to group 92998
[2024-03-19 09:46:49,913] {taskinstance.py:1408} ERROR - Received SIGTERM. Terminating subprocesses.
[2024-03-19 09:46:50,264] {taskinstance.py:1700} ERROR - Task failed with exception
Traceback (most recent call last):
  File "/Users/macbook/anaconda3/envs/airflow_env/lib/python3.9/site-packages/airflow/models/taskinstance.py", line 1329, in _run_raw_task
    self._execute_task_with_callbacks(context)
  File "/Users/macbook/anaconda3/envs/airflow_env/lib/python3.9/site-packages/airflow/models/taskinstance.py", line 1455, in _execute_task_with_callbacks
    result = self._execute_task(context, self.task)
  File "/Users/macbook/anaconda3/envs/airflow_env/lib/python3.9/site-packages/airflow/models/taskinstance.py", line 1511, in _execute_task
    result = execute_callable(context=context)
  File "/Users/macbook/anaconda3/envs/airflow_env/lib/python3.9/site-packages/airflow/operators/python.py", line 174, in execute
    return_value = self.execute_callable()
  File "/Users/macbook/anaconda3/envs/airflow_env/lib/python3.9/site-packages/airflow/operators/python.py", line 185, in execute_callable
    return self.python_callable(*self.op_args, **self.op_kwargs)
  File "/Users/macbook/Desktop/airflow_tutorial/airflow/dags/lifecycle_ml_example/src/features/data_preprocessing.py", line 59, in get_gold_data
    x_train_hashing = encode_features(x_train)
  File "/Users/macbook/Desktop/airflow_tutorial/airflow/dags/lifecycle_ml_example/src/features/data_preprocessing.py", line 175, in encode_features
    x_test_hashing = hashing_ros_enc.transform(x.reset_index(drop=True))
  File "/Users/macbook/anaconda3/envs/airflow_env/lib/python3.9/site-packages/sklearn/utils/_set_output.py", line 140, in wrapped
    data_to_wrap = f(self, X, *args, **kwargs)
  File "/Users/macbook/anaconda3/envs/airflow_env/lib/python3.9/site-packages/category_encoders/utils.py", line 488, in transform
    X = self._transform(X)
  File "/Users/macbook/anaconda3/envs/airflow_env/lib/python3.9/site-packages/category_encoders/hashing.py", line 194, in _transform
    process.start()
  File "/Users/macbook/anaconda3/envs/airflow_env/lib/python3.9/multiprocessing/process.py", line 121, in start
    self._popen = self._Popen(self)
  File "/Users/macbook/anaconda3/envs/airflow_env/lib/python3.9/multiprocessing/context.py", line 224, in _Popen
    return _default_context.get_context().Process._Popen(process_obj)
  File "/Users/macbook/anaconda3/envs/airflow_env/lib/python3.9/multiprocessing/context.py", line 284, in _Popen
    return Popen(process_obj)
  File "/Users/macbook/anaconda3/envs/airflow_env/lib/python3.9/multiprocessing/popen_spawn_posix.py", line 32, in __init__
    super().__init__(process_obj)
  File "/Users/macbook/anaconda3/envs/airflow_env/lib/python3.9/multiprocessing/popen_fork.py", line 19, in __init__
    self._launch(process_obj)
  File "/Users/macbook/anaconda3/envs/airflow_env/lib/python3.9/multiprocessing/popen_spawn_posix.py", line 62, in _launch
    f.write(fp.getbuffer())
  File "/Users/macbook/anaconda3/envs/airflow_env/lib/python3.9/site-packages/airflow/models/taskinstance.py", line 1410, in signal_handler
    raise AirflowException("Task received SIGTERM signal")
airflow.exceptions.AirflowException: Task received SIGTERM signal
[2024-03-19 09:46:50,273] {taskinstance.py:1267} INFO - Marking task as UP_FOR_RETRY. dag_id=dag_ml_life_cycle, task_id=get_gold_data, execution_date=20240319T083557, start_date=20240319T144030, end_date=20240319T144650
[2024-03-19 09:46:50,285] {standard_task_runner.py:89} ERROR - Failed to execute job 496 for task get_gold_data
Traceback (most recent call last):
  File "/Users/macbook/anaconda3/envs/airflow_env/lib/python3.9/site-packages/airflow/task/task_runner/standard_task_runner.py", line 85, in _start_by_fork
    args.func(args, dag=self.dag)
  File "/Users/macbook/anaconda3/envs/airflow_env/lib/python3.9/site-packages/airflow/cli/cli_parser.py", line 48, in command
    return func(*args, **kwargs)
  File "/Users/macbook/anaconda3/envs/airflow_env/lib/python3.9/site-packages/airflow/utils/cli.py", line 92, in wrapper
    return f(*args, **kwargs)
  File "/Users/macbook/anaconda3/envs/airflow_env/lib/python3.9/site-packages/airflow/cli/commands/task_command.py", line 298, in task_run
    _run_task_by_selected_method(args, dag, ti)
  File "/Users/macbook/anaconda3/envs/airflow_env/lib/python3.9/site-packages/airflow/cli/commands/task_command.py", line 107, in _run_task_by_selected_method
    _run_raw_task(args, ti)
  File "/Users/macbook/anaconda3/envs/airflow_env/lib/python3.9/site-packages/airflow/cli/commands/task_command.py", line 180, in _run_raw_task
    ti._run_raw_task(
  File "/Users/macbook/anaconda3/envs/airflow_env/lib/python3.9/site-packages/airflow/utils/session.py", line 70, in wrapper
    return func(*args, session=session, **kwargs)
  File "/Users/macbook/anaconda3/envs/airflow_env/lib/python3.9/site-packages/airflow/models/taskinstance.py", line 1329, in _run_raw_task
    self._execute_task_with_callbacks(context)
  File "/Users/macbook/anaconda3/envs/airflow_env/lib/python3.9/site-packages/airflow/models/taskinstance.py", line 1455, in _execute_task_with_callbacks
    result = self._execute_task(context, self.task)
  File "/Users/macbook/anaconda3/envs/airflow_env/lib/python3.9/site-packages/airflow/models/taskinstance.py", line 1511, in _execute_task
    result = execute_callable(context=context)
  File "/Users/macbook/anaconda3/envs/airflow_env/lib/python3.9/site-packages/airflow/operators/python.py", line 174, in execute
    return_value = self.execute_callable()
  File "/Users/macbook/anaconda3/envs/airflow_env/lib/python3.9/site-packages/airflow/operators/python.py", line 185, in execute_callable
    return self.python_callable(*self.op_args, **self.op_kwargs)
  File "/Users/macbook/Desktop/airflow_tutorial/airflow/dags/lifecycle_ml_example/src/features/data_preprocessing.py", line 59, in get_gold_data
    x_train_hashing = encode_features(x_train)
  File "/Users/macbook/Desktop/airflow_tutorial/airflow/dags/lifecycle_ml_example/src/features/data_preprocessing.py", line 175, in encode_features
    x_test_hashing = hashing_ros_enc.transform(x.reset_index(drop=True))
  File "/Users/macbook/anaconda3/envs/airflow_env/lib/python3.9/site-packages/sklearn/utils/_set_output.py", line 140, in wrapped
    data_to_wrap = f(self, X, *args, **kwargs)
  File "/Users/macbook/anaconda3/envs/airflow_env/lib/python3.9/site-packages/category_encoders/utils.py", line 488, in transform
    X = self._transform(X)
  File "/Users/macbook/anaconda3/envs/airflow_env/lib/python3.9/site-packages/category_encoders/hashing.py", line 194, in _transform
    process.start()
  File "/Users/macbook/anaconda3/envs/airflow_env/lib/python3.9/multiprocessing/process.py", line 121, in start
    self._popen = self._Popen(self)
  File "/Users/macbook/anaconda3/envs/airflow_env/lib/python3.9/multiprocessing/context.py", line 224, in _Popen
    return _default_context.get_context().Process._Popen(process_obj)
  File "/Users/macbook/anaconda3/envs/airflow_env/lib/python3.9/multiprocessing/context.py", line 284, in _Popen
    return Popen(process_obj)
  File "/Users/macbook/anaconda3/envs/airflow_env/lib/python3.9/multiprocessing/popen_spawn_posix.py", line 32, in __init__
    super().__init__(process_obj)
  File "/Users/macbook/anaconda3/envs/airflow_env/lib/python3.9/multiprocessing/popen_fork.py", line 19, in __init__
    self._launch(process_obj)
  File "/Users/macbook/anaconda3/envs/airflow_env/lib/python3.9/multiprocessing/popen_spawn_posix.py", line 62, in _launch
    f.write(fp.getbuffer())
  File "/Users/macbook/anaconda3/envs/airflow_env/lib/python3.9/site-packages/airflow/models/taskinstance.py", line 1410, in signal_handler
    raise AirflowException("Task received SIGTERM signal")
airflow.exceptions.AirflowException: Task received SIGTERM signal
[2024-03-19 09:46:50,329] {process_utils.py:70} INFO - Process psutil.Process(pid=93084, status='terminated', started='09:40:34') (93084) terminated with exit code None
[2024-03-19 09:46:50,330] {process_utils.py:70} INFO - Process psutil.Process(pid=93659, status='terminated', started='09:45:42') (93659) terminated with exit code None
[2024-03-19 09:46:50,330] {process_utils.py:70} INFO - Process psutil.Process(pid=93689, status='terminated', started='09:45:44') (93689) terminated with exit code None
[2024-03-19 09:46:50,330] {process_utils.py:70} INFO - Process psutil.Process(pid=94104, status='terminated', started='09:46:20') (94104) terminated with exit code None
[2024-03-19 09:46:50,331] {process_utils.py:70} INFO - Process psutil.Process(pid=93683, status='terminated', started='09:45:42') (93683) terminated with exit code None
[2024-03-19 09:46:50,331] {process_utils.py:70} INFO - Process psutil.Process(pid=92998, status='terminated', exitcode=1, started='09:40:30') (92998) terminated with exit code 1
[2024-03-19 09:46:50,331] {process_utils.py:70} INFO - Process psutil.Process(pid=93684, status='terminated', started='09:45:43') (93684) terminated with exit code None
[2024-03-19 09:46:50,332] {process_utils.py:70} INFO - Process psutil.Process(pid=94190, status='terminated', started='09:46:28') (94190) terminated with exit code None
