[2024-03-19 02:39:22,483] {taskinstance.py:1032} INFO - Dependencies all met for <TaskInstance: dag_ml_life_cycle.make_training scheduled__2024-03-18T23:08:39.086022+00:00 [queued]>
[2024-03-19 02:39:22,647] {taskinstance.py:1032} INFO - Dependencies all met for <TaskInstance: dag_ml_life_cycle.make_training scheduled__2024-03-18T23:08:39.086022+00:00 [queued]>
[2024-03-19 02:39:22,647] {taskinstance.py:1238} INFO - 
--------------------------------------------------------------------------------
[2024-03-19 02:39:22,647] {taskinstance.py:1239} INFO - Starting attempt 1 of 4
[2024-03-19 02:39:22,648] {taskinstance.py:1240} INFO - 
--------------------------------------------------------------------------------
[2024-03-19 02:39:22,672] {taskinstance.py:1259} INFO - Executing <Task(PythonOperator): make_training> on 2024-03-18 23:08:39.086022+00:00
[2024-03-19 02:39:22,690] {standard_task_runner.py:52} INFO - Started process 56014 to run task
[2024-03-19 02:39:22,712] {standard_task_runner.py:76} INFO - Running: ['airflow', 'tasks', 'run', 'dag_ml_life_cycle', 'make_training', 'scheduled__2024-03-18T23:08:39.086022+00:00', '--job-id', '328', '--raw', '--subdir', 'DAGS_FOLDER/lifecycle_ml_example/dags/dag_ml_life_cycle.py', '--cfg-path', '/var/folders/t4/c2kdpvnj6r793w3k056dkc640000gp/T/tmpyqgydaiv', '--error-file', '/var/folders/t4/c2kdpvnj6r793w3k056dkc640000gp/T/tmpfxpm2b1t']
[2024-03-19 02:39:22,721] {standard_task_runner.py:77} INFO - Job 328: Subtask make_training
[2024-03-19 02:39:22,884] {logging_mixin.py:109} INFO - Running <TaskInstance: dag_ml_life_cycle.make_training scheduled__2024-03-18T23:08:39.086022+00:00 [running]> on host 1.0.0.127.in-addr.arpa
[2024-03-19 02:39:23,003] {taskinstance.py:1424} INFO - Exporting the following env vars:
AIRFLOW_CTX_DAG_OWNER=airflow
AIRFLOW_CTX_DAG_ID=dag_ml_life_cycle
AIRFLOW_CTX_TASK_ID=make_training
AIRFLOW_CTX_EXECUTION_DATE=2024-03-18T23:08:39.086022+00:00
AIRFLOW_CTX_DAG_RUN_ID=scheduled__2024-03-18T23:08:39.086022+00:00
[2024-03-19 02:39:23,006] {training.py:31} INFO - Get training data for xgboost model ...
[2024-03-19 02:39:36,188] {training.py:41} INFO - Training xgboost model.
[2024-03-19 02:39:36,222] {logging_mixin.py:109} WARNING - /Users/macbook/anaconda3/envs/airflow_env/lib/python3.9/site-packages/xgboost/sklearn.py:1395 UserWarning: `use_label_encoder` is deprecated in 1.7.0.
[2024-03-19 02:39:38,594] {training.py:89} INFO - Model saved at /Users/macbook/Desktop/airflow_tutorial/airflow/dags/lifecycle_ml_example/artifacts/model.pkl
[2024-03-19 02:39:38,597] {training.py:62} INFO - Saving xgboost model to artifacts/model.pkl ...
[2024-03-19 02:39:45,549] {logging_mixin.py:109} INFO - File: /Users/macbook/Desktop/airflow_tutorial/airflow/dags/lifecycle_ml_example/artifacts/model.pkl upload to artifacts/model.pkl.
[2024-03-19 02:39:45,552] {python.py:175} INFO - Done. Returned value was: True
[2024-03-19 02:39:45,595] {taskinstance.py:1267} INFO - Marking task as SUCCESS. dag_id=dag_ml_life_cycle, task_id=make_training, execution_date=20240318T230839, start_date=20240319T073922, end_date=20240319T073945
[2024-03-19 02:39:45,641] {local_task_job.py:154} INFO - Task exited with return code 0
[2024-03-19 02:39:45,712] {local_task_job.py:264} INFO - 1 downstream tasks scheduled from follow-on schedule check
