[2024-03-18 11:58:19,405] {taskinstance.py:1032} INFO - Dependencies all met for <TaskInstance: dag_ml_life_cycle.get_gold_data scheduled__2024-03-18T12:01:23.641670+00:00 [queued]>
[2024-03-18 11:58:19,415] {taskinstance.py:1032} INFO - Dependencies all met for <TaskInstance: dag_ml_life_cycle.get_gold_data scheduled__2024-03-18T12:01:23.641670+00:00 [queued]>
[2024-03-18 11:58:19,415] {taskinstance.py:1238} INFO - 
--------------------------------------------------------------------------------
[2024-03-18 11:58:19,415] {taskinstance.py:1239} INFO - Starting attempt 3 of 4
[2024-03-18 11:58:19,415] {taskinstance.py:1240} INFO - 
--------------------------------------------------------------------------------
[2024-03-18 11:58:19,423] {taskinstance.py:1259} INFO - Executing <Task(PythonOperator): get_gold_data> on 2024-03-18 12:01:23.641670+00:00
[2024-03-18 11:58:19,429] {standard_task_runner.py:52} INFO - Started process 73892 to run task
[2024-03-18 11:58:19,434] {standard_task_runner.py:76} INFO - Running: ['airflow', 'tasks', 'run', 'dag_ml_life_cycle', 'get_gold_data', 'scheduled__2024-03-18T12:01:23.641670+00:00', '--job-id', '174', '--raw', '--subdir', 'DAGS_FOLDER/lifecycle_ml_example/dags/dag_ml_life_cycle.py', '--cfg-path', '/var/folders/t4/c2kdpvnj6r793w3k056dkc640000gp/T/tmp6l4edzi1', '--error-file', '/var/folders/t4/c2kdpvnj6r793w3k056dkc640000gp/T/tmpdex_5xm8']
[2024-03-18 11:58:19,437] {standard_task_runner.py:77} INFO - Job 174: Subtask get_gold_data
[2024-03-18 11:58:19,476] {logging_mixin.py:109} INFO - Running <TaskInstance: dag_ml_life_cycle.get_gold_data scheduled__2024-03-18T12:01:23.641670+00:00 [running]> on host 1.0.0.127.in-addr.arpa
[2024-03-18 11:58:19,501] {taskinstance.py:1424} INFO - Exporting the following env vars:
AIRFLOW_CTX_DAG_OWNER=airflow
AIRFLOW_CTX_DAG_ID=dag_ml_life_cycle
AIRFLOW_CTX_TASK_ID=get_gold_data
AIRFLOW_CTX_EXECUTION_DATE=2024-03-18T12:01:23.641670+00:00
AIRFLOW_CTX_DAG_RUN_ID=scheduled__2024-03-18T12:01:23.641670+00:00
[2024-03-18 11:58:19,502] {data_preprocessing.py:34} INFO - Random error: 0.09799068393789834
[2024-03-18 11:58:19,503] {data_preprocessing.py:38} INFO - Getting gold data
[2024-03-18 11:58:19,503] {data_preprocessing.py:42} INFO - Getting raw data from ml_lifecycle_airflow/in-vehicle-coupon-recommendation.csv ...
[2024-03-18 11:58:22,256] {data_preprocessing.py:89} INFO - Starting data preprocessing ...
[2024-03-18 11:58:22,384] {data_preprocessing.py:150} INFO - Data preprocessing complete

[2024-03-18 11:58:22,411] {data_preprocessing.py:168} INFO - Encoding features using hashing encoder ...
[2024-03-18 11:58:57,405] {data_preprocessing.py:168} INFO - Encoding features using hashing encoder ...
[2024-03-18 11:59:32,999] {data_preprocessing.py:63} INFO - Uploading preprocessed data to GCS ...
[2024-03-18 11:59:42,232] {python.py:175} INFO - Done. Returned value was: True
[2024-03-18 11:59:42,250] {taskinstance.py:1267} INFO - Marking task as SUCCESS. dag_id=dag_ml_life_cycle, task_id=get_gold_data, execution_date=20240318T120123, start_date=20240318T165819, end_date=20240318T165942
[2024-03-18 11:59:42,301] {local_task_job.py:154} INFO - Task exited with return code 0
[2024-03-18 11:59:42,329] {local_task_job.py:264} INFO - 1 downstream tasks scheduled from follow-on schedule check
