[2024-03-13 15:42:13,395] {taskinstance.py:1032} INFO - Dependencies all met for <TaskInstance: dag_ml_life_cycle.get_gold_data manual__2024-03-13T20:41:36.827716+00:00 [queued]>
[2024-03-13 15:42:13,454] {taskinstance.py:1032} INFO - Dependencies all met for <TaskInstance: dag_ml_life_cycle.get_gold_data manual__2024-03-13T20:41:36.827716+00:00 [queued]>
[2024-03-13 15:42:13,455] {taskinstance.py:1238} INFO - 
--------------------------------------------------------------------------------
[2024-03-13 15:42:13,455] {taskinstance.py:1239} INFO - Starting attempt 1 of 1
[2024-03-13 15:42:13,455] {taskinstance.py:1240} INFO - 
--------------------------------------------------------------------------------
[2024-03-13 15:42:13,462] {taskinstance.py:1259} INFO - Executing <Task(PythonOperator): get_gold_data> on 2024-03-13 20:41:36.827716+00:00
[2024-03-13 15:42:13,468] {standard_task_runner.py:52} INFO - Started process 86635 to run task
[2024-03-13 15:42:13,474] {standard_task_runner.py:76} INFO - Running: ['airflow', 'tasks', 'run', 'dag_ml_life_cycle', 'get_gold_data', 'manual__2024-03-13T20:41:36.827716+00:00', '--job-id', '7', '--raw', '--subdir', 'DAGS_FOLDER/lifecycle_ml_example/dags/dag_ml_life_cycle.py', '--cfg-path', '/var/folders/t4/c2kdpvnj6r793w3k056dkc640000gp/T/tmpou9vfhw3', '--error-file', '/var/folders/t4/c2kdpvnj6r793w3k056dkc640000gp/T/tmp24b4jqf_']
[2024-03-13 15:42:13,477] {standard_task_runner.py:77} INFO - Job 7: Subtask get_gold_data
[2024-03-13 15:42:13,514] {logging_mixin.py:109} INFO - Running <TaskInstance: dag_ml_life_cycle.get_gold_data manual__2024-03-13T20:41:36.827716+00:00 [running]> on host 1.0.0.0.0.0.0.0.0.0.0.0.0.0.0.0.0.0.0.0.0.0.0.0.0.0.0.0.0.0.0.0.ip6.arpa
[2024-03-13 15:42:13,541] {taskinstance.py:1424} INFO - Exporting the following env vars:
AIRFLOW_CTX_DAG_EMAIL=airflow@example.com
AIRFLOW_CTX_DAG_OWNER=airflow
AIRFLOW_CTX_DAG_ID=dag_ml_life_cycle
AIRFLOW_CTX_TASK_ID=get_gold_data
AIRFLOW_CTX_EXECUTION_DATE=2024-03-13T20:41:36.827716+00:00
AIRFLOW_CTX_DAG_RUN_ID=manual__2024-03-13T20:41:36.827716+00:00
[2024-03-13 15:42:13,542] {data_preprocessing.py:29} INFO - Getting gold data
[2024-03-13 15:42:13,543] {data_preprocessing.py:33} INFO - Getting raw data from ml_lifecycle_airflow/in-vehicle-coupon-recommendation.csv ...
[2024-03-13 15:42:16,774] {data_preprocessing.py:80} INFO - Starting data preprocessing ...
[2024-03-13 15:42:16,920] {data_preprocessing.py:141} INFO - Data preprocessing complete

[2024-03-13 15:42:16,955] {data_preprocessing.py:159} INFO - Encoding features using hashing encoder ...
[2024-03-13 15:42:55,053] {data_preprocessing.py:159} INFO - Encoding features using hashing encoder ...
[2024-03-13 15:43:34,754] {data_preprocessing.py:54} INFO - Uploading preprocessed data to GCS ...
[2024-03-13 15:43:44,963] {python.py:175} INFO - Done. Returned value was: True
[2024-03-13 15:43:44,983] {taskinstance.py:1267} INFO - Marking task as SUCCESS. dag_id=dag_ml_life_cycle, task_id=get_gold_data, execution_date=20240313T204136, start_date=20240313T204213, end_date=20240313T204344
[2024-03-13 15:43:45,036] {local_task_job.py:154} INFO - Task exited with return code 0
[2024-03-13 15:43:45,054] {local_task_job.py:264} INFO - 1 downstream tasks scheduled from follow-on schedule check
