[2024-03-12 11:47:08,238] {taskinstance.py:1032} INFO - Dependencies all met for <TaskInstance: tutorial_juan_change_folder_v2.sleep scheduled__2024-03-11T16:46:52.492616+00:00 [queued]>
[2024-03-12 11:47:08,243] {taskinstance.py:1032} INFO - Dependencies all met for <TaskInstance: tutorial_juan_change_folder_v2.sleep scheduled__2024-03-11T16:46:52.492616+00:00 [queued]>
[2024-03-12 11:47:08,243] {taskinstance.py:1238} INFO - 
--------------------------------------------------------------------------------
[2024-03-12 11:47:08,243] {taskinstance.py:1239} INFO - Starting attempt 1 of 4
[2024-03-12 11:47:08,243] {taskinstance.py:1240} INFO - 
--------------------------------------------------------------------------------
[2024-03-12 11:47:08,249] {taskinstance.py:1259} INFO - Executing <Task(BashOperator): sleep> on 2024-03-11 16:46:52.492616+00:00
[2024-03-12 11:47:08,252] {standard_task_runner.py:52} INFO - Started process 41980 to run task
[2024-03-12 11:47:08,257] {standard_task_runner.py:76} INFO - Running: ['airflow', 'tasks', 'run', 'tutorial_juan_change_folder_v2', 'sleep', 'scheduled__2024-03-11T16:46:52.492616+00:00', '--job-id', '7', '--raw', '--subdir', 'DAGS_FOLDER/tutorial_0.py', '--cfg-path', '/var/folders/t4/c2kdpvnj6r793w3k056dkc640000gp/T/tmp0gze6s3r', '--error-file', '/var/folders/t4/c2kdpvnj6r793w3k056dkc640000gp/T/tmpntai12y0']
[2024-03-12 11:47:08,259] {standard_task_runner.py:77} INFO - Job 7: Subtask sleep
[2024-03-12 11:47:08,296] {logging_mixin.py:109} INFO - Running <TaskInstance: tutorial_juan_change_folder_v2.sleep scheduled__2024-03-11T16:46:52.492616+00:00 [running]> on host 1.0.0.0.0.0.0.0.0.0.0.0.0.0.0.0.0.0.0.0.0.0.0.0.0.0.0.0.0.0.0.0.ip6.arpa
[2024-03-12 11:47:08,323] {taskinstance.py:1424} INFO - Exporting the following env vars:
AIRFLOW_CTX_DAG_EMAIL=airflow@example.com
AIRFLOW_CTX_DAG_OWNER=airflow
AIRFLOW_CTX_DAG_ID=tutorial_juan_change_folder_v2
AIRFLOW_CTX_TASK_ID=sleep
AIRFLOW_CTX_EXECUTION_DATE=2024-03-11T16:46:52.492616+00:00
AIRFLOW_CTX_DAG_RUN_ID=scheduled__2024-03-11T16:46:52.492616+00:00
[2024-03-12 11:47:08,324] {subprocess.py:62} INFO - Tmp dir root location: 
 /var/folders/t4/c2kdpvnj6r793w3k056dkc640000gp/T
[2024-03-12 11:47:08,324] {subprocess.py:74} INFO - Running command: ['bash', '-c', 'sleep 5']
[2024-03-12 11:47:08,330] {subprocess.py:85} INFO - Output:
[2024-03-12 11:47:13,340] {subprocess.py:93} INFO - Command exited with return code 0
[2024-03-12 11:47:13,356] {taskinstance.py:1267} INFO - Marking task as SUCCESS. dag_id=tutorial_juan_change_folder_v2, task_id=sleep, execution_date=20240311T164652, start_date=20240312T164708, end_date=20240312T164713
[2024-03-12 11:47:13,403] {local_task_job.py:154} INFO - Task exited with return code 0
[2024-03-12 11:47:13,416] {local_task_job.py:264} INFO - 0 downstream tasks scheduled from follow-on schedule check
