[2024-03-13 15:53:14,408] {taskinstance.py:1032} INFO - Dependencies all met for <TaskInstance: dag_ml_life_cycle.evaluate_model manual__2024-03-13T20:51:15.869652+00:00 [queued]>
[2024-03-13 15:53:14,468] {taskinstance.py:1032} INFO - Dependencies all met for <TaskInstance: dag_ml_life_cycle.evaluate_model manual__2024-03-13T20:51:15.869652+00:00 [queued]>
[2024-03-13 15:53:14,468] {taskinstance.py:1238} INFO - 
--------------------------------------------------------------------------------
[2024-03-13 15:53:14,468] {taskinstance.py:1239} INFO - Starting attempt 1 of 1
[2024-03-13 15:53:14,468] {taskinstance.py:1240} INFO - 
--------------------------------------------------------------------------------
[2024-03-13 15:53:14,474] {taskinstance.py:1259} INFO - Executing <Task(_PythonDecoratedOperator): evaluate_model> on 2024-03-13 20:51:15.869652+00:00
[2024-03-13 15:53:14,479] {standard_task_runner.py:52} INFO - Started process 96105 to run task
[2024-03-13 15:53:14,485] {standard_task_runner.py:76} INFO - Running: ['airflow', 'tasks', 'run', 'dag_ml_life_cycle', 'evaluate_model', 'manual__2024-03-13T20:51:15.869652+00:00', '--job-id', '15', '--raw', '--subdir', 'DAGS_FOLDER/lifecycle_ml_example/dags/dag_ml_life_cycle.py', '--cfg-path', '/var/folders/t4/c2kdpvnj6r793w3k056dkc640000gp/T/tmp2ijnm9bz', '--error-file', '/var/folders/t4/c2kdpvnj6r793w3k056dkc640000gp/T/tmpc40hzo8t']
[2024-03-13 15:53:14,487] {standard_task_runner.py:77} INFO - Job 15: Subtask evaluate_model
[2024-03-13 15:53:14,524] {logging_mixin.py:109} INFO - Running <TaskInstance: dag_ml_life_cycle.evaluate_model manual__2024-03-13T20:51:15.869652+00:00 [running]> on host 1.0.0.0.0.0.0.0.0.0.0.0.0.0.0.0.0.0.0.0.0.0.0.0.0.0.0.0.0.0.0.0.ip6.arpa
[2024-03-13 15:53:14,549] {taskinstance.py:1424} INFO - Exporting the following env vars:
AIRFLOW_CTX_DAG_EMAIL=airflow@example.com
AIRFLOW_CTX_DAG_OWNER=airflow
AIRFLOW_CTX_DAG_ID=dag_ml_life_cycle
AIRFLOW_CTX_TASK_ID=evaluate_model
AIRFLOW_CTX_EXECUTION_DATE=2024-03-13T20:51:15.869652+00:00
AIRFLOW_CTX_DAG_RUN_ID=manual__2024-03-13T20:51:15.869652+00:00
[2024-03-13 15:53:14,550] {dag_ml_life_cycle.py:67} INFO - Getting gold data from ml_lifecycle_airflow/in-vehicle-coupon-recommendation_gold.csv ...
[2024-03-13 15:53:23,268] {dag_ml_life_cycle.py:79} INFO - Downloading model from ml_lifecycle_airflow/artifacts/model.pkl ...
[2024-03-13 15:53:25,633] {logging_mixin.py:109} INFO - File artifacts/model.pkl downloaded in /tmp/model.pkl.
[2024-03-13 15:53:25,641] {training.py:111} INFO - Model loaded from /tmp/model.pkl
[2024-03-13 15:53:25,642] {dag_ml_life_cycle.py:86} INFO - Evaluating model ...
[2024-03-13 15:53:25,736] {logging_mixin.py:109} INFO - accuracy (test): 0.7425323817076395
[2024-03-13 15:53:25,737] {logging_mixin.py:109} INFO - precision (test): 0.7490297542043984
[2024-03-13 15:53:25,737] {logging_mixin.py:109} INFO - recall (test): 0.8158759981211836
[2024-03-13 15:53:25,738] {logging_mixin.py:109} INFO - roc-auc (train-proba): 0.9961175563723904
[2024-03-13 15:53:25,738] {logging_mixin.py:109} INFO - roc-auc (test-proba): 0.8127045016053429
[2024-03-13 15:53:25,739] {dag_ml_life_cycle.py:93} INFO - Uploading metrics to ml_lifecycle_airflow/in-vehicle-coupon-recommendation_gold.csv ...
[2024-03-13 15:53:27,824] {python.py:175} INFO - Done. Returned value was: None
[2024-03-13 15:53:27,832] {taskinstance.py:1267} INFO - Marking task as SUCCESS. dag_id=dag_ml_life_cycle, task_id=evaluate_model, execution_date=20240313T205115, start_date=20240313T205314, end_date=20240313T205327
[2024-03-13 15:53:27,877] {local_task_job.py:154} INFO - Task exited with return code 0
[2024-03-13 15:53:27,893] {local_task_job.py:264} INFO - 1 downstream tasks scheduled from follow-on schedule check
