[2024-03-18 17:00:13,465] {taskinstance.py:1032} INFO - Dependencies all met for <TaskInstance: dag_ml_life_cycle.get_gold_data scheduled__2024-03-18T16:45:47.382372+00:00 [queued]>
[2024-03-18 17:00:13,624] {taskinstance.py:1032} INFO - Dependencies all met for <TaskInstance: dag_ml_life_cycle.get_gold_data scheduled__2024-03-18T16:45:47.382372+00:00 [queued]>
[2024-03-18 17:00:13,624] {taskinstance.py:1238} INFO - 
--------------------------------------------------------------------------------
[2024-03-18 17:00:13,624] {taskinstance.py:1239} INFO - Starting attempt 2 of 4
[2024-03-18 17:00:13,624] {taskinstance.py:1240} INFO - 
--------------------------------------------------------------------------------
[2024-03-18 17:00:13,647] {taskinstance.py:1259} INFO - Executing <Task(PythonOperator): get_gold_data> on 2024-03-18 16:45:47.382372+00:00
[2024-03-18 17:00:13,663] {standard_task_runner.py:52} INFO - Started process 9056 to run task
[2024-03-18 17:00:13,682] {standard_task_runner.py:76} INFO - Running: ['airflow', 'tasks', 'run', 'dag_ml_life_cycle', 'get_gold_data', 'scheduled__2024-03-18T16:45:47.382372+00:00', '--job-id', '103', '--raw', '--subdir', 'DAGS_FOLDER/lifecycle_ml_example/dags/dag_ml_life_cycle.py', '--cfg-path', '/var/folders/t4/c2kdpvnj6r793w3k056dkc640000gp/T/tmpduw3gvli', '--error-file', '/var/folders/t4/c2kdpvnj6r793w3k056dkc640000gp/T/tmpbhxewevl']
[2024-03-18 17:00:13,689] {standard_task_runner.py:77} INFO - Job 103: Subtask get_gold_data
[2024-03-18 17:00:13,829] {logging_mixin.py:109} INFO - Running <TaskInstance: dag_ml_life_cycle.get_gold_data scheduled__2024-03-18T16:45:47.382372+00:00 [running]> on host 1.0.0.127.in-addr.arpa
[2024-03-18 17:00:13,925] {taskinstance.py:1424} INFO - Exporting the following env vars:
AIRFLOW_CTX_DAG_OWNER=airflow
AIRFLOW_CTX_DAG_ID=dag_ml_life_cycle
AIRFLOW_CTX_TASK_ID=get_gold_data
AIRFLOW_CTX_EXECUTION_DATE=2024-03-18T16:45:47.382372+00:00
AIRFLOW_CTX_DAG_RUN_ID=scheduled__2024-03-18T16:45:47.382372+00:00
[2024-03-18 17:00:13,931] {data_preprocessing.py:34} INFO - Random error: 0.007480396498337316
[2024-03-18 17:00:13,932] {data_preprocessing.py:38} INFO - Getting gold data
[2024-03-18 17:00:13,934] {data_preprocessing.py:42} INFO - Getting raw data from ml_lifecycle_airflow/in-vehicle-coupon-recommendation.csv ...
[2024-03-18 17:00:20,804] {data_preprocessing.py:89} INFO - Starting data preprocessing ...
[2024-03-18 17:00:21,410] {data_preprocessing.py:150} INFO - Data preprocessing complete

[2024-03-18 17:00:21,579] {data_preprocessing.py:168} INFO - Encoding features using hashing encoder ...
[2024-03-18 17:03:12,875] {data_preprocessing.py:168} INFO - Encoding features using hashing encoder ...
[2024-03-18 17:05:34,304] {data_preprocessing.py:63} INFO - Uploading preprocessed data to GCS ...
[2024-03-18 17:05:57,462] {python.py:175} INFO - Done. Returned value was: True
[2024-03-18 17:05:57,520] {taskinstance.py:1267} INFO - Marking task as SUCCESS. dag_id=dag_ml_life_cycle, task_id=get_gold_data, execution_date=20240318T164547, start_date=20240318T220013, end_date=20240318T220557
[2024-03-18 17:05:57,577] {local_task_job.py:154} INFO - Task exited with return code 0
[2024-03-18 17:05:57,640] {local_task_job.py:264} INFO - 1 downstream tasks scheduled from follow-on schedule check
