[2024-03-20 00:25:49,940] {taskinstance.py:1032} INFO - Dependencies all met for <TaskInstance: dag_ml_life_cycle.get_gold_data scheduled__2024-03-20T00:15:03.602397+00:00 [queued]>
[2024-03-20 00:25:50,014] {taskinstance.py:1032} INFO - Dependencies all met for <TaskInstance: dag_ml_life_cycle.get_gold_data scheduled__2024-03-20T00:15:03.602397+00:00 [queued]>
[2024-03-20 00:25:50,014] {taskinstance.py:1238} INFO - 
--------------------------------------------------------------------------------
[2024-03-20 00:25:50,014] {taskinstance.py:1239} INFO - Starting attempt 4 of 4
[2024-03-20 00:25:50,014] {taskinstance.py:1240} INFO - 
--------------------------------------------------------------------------------
[2024-03-20 00:25:50,023] {taskinstance.py:1259} INFO - Executing <Task(PythonOperator): get_gold_data> on 2024-03-20 00:15:03.602397+00:00
[2024-03-20 00:25:50,030] {standard_task_runner.py:52} INFO - Started process 49227 to run task
[2024-03-20 00:25:50,037] {standard_task_runner.py:76} INFO - Running: ['airflow', 'tasks', 'run', 'dag_ml_life_cycle', 'get_gold_data', 'scheduled__2024-03-20T00:15:03.602397+00:00', '--job-id', '1064', '--raw', '--subdir', 'DAGS_FOLDER/lifecycle_ml_example/dags/dag_ml_life_cycle.py', '--cfg-path', '/var/folders/t4/c2kdpvnj6r793w3k056dkc640000gp/T/tmpxxfvk6ti', '--error-file', '/var/folders/t4/c2kdpvnj6r793w3k056dkc640000gp/T/tmpvp3zp53e']
[2024-03-20 00:25:50,040] {standard_task_runner.py:77} INFO - Job 1064: Subtask get_gold_data
[2024-03-20 00:25:50,095] {logging_mixin.py:109} INFO - Running <TaskInstance: dag_ml_life_cycle.get_gold_data scheduled__2024-03-20T00:15:03.602397+00:00 [running]> on host 1.0.0.127.in-addr.arpa
[2024-03-20 00:25:50,133] {taskinstance.py:1424} INFO - Exporting the following env vars:
AIRFLOW_CTX_DAG_OWNER=airflow
AIRFLOW_CTX_DAG_ID=dag_ml_life_cycle
AIRFLOW_CTX_TASK_ID=get_gold_data
AIRFLOW_CTX_EXECUTION_DATE=2024-03-20T00:15:03.602397+00:00
AIRFLOW_CTX_DAG_RUN_ID=scheduled__2024-03-20T00:15:03.602397+00:00
[2024-03-20 00:25:50,134] {data_preprocessing.py:34} INFO - Random error: 0.29747140045193177
[2024-03-20 00:25:50,135] {data_preprocessing.py:38} INFO - Getting gold data
[2024-03-20 00:25:50,136] {data_preprocessing.py:42} INFO - Getting raw data from ml_lifecycle_airflow/in-vehicle-coupon-recommendation.csv ...
[2024-03-20 00:25:53,115] {data_preprocessing.py:89} INFO - Starting data preprocessing ...
[2024-03-20 00:25:53,326] {data_preprocessing.py:150} INFO - Data preprocessing complete

[2024-03-20 00:25:53,378] {data_preprocessing.py:168} INFO - Encoding features using hashing encoder ...
[2024-03-20 00:26:46,445] {data_preprocessing.py:168} INFO - Encoding features using hashing encoder ...
[2024-03-20 00:27:39,268] {data_preprocessing.py:63} INFO - Uploading preprocessed data to GCS ...
[2024-03-20 00:27:50,203] {python.py:175} INFO - Done. Returned value was: True
[2024-03-20 00:27:50,237] {taskinstance.py:1267} INFO - Marking task as SUCCESS. dag_id=dag_ml_life_cycle, task_id=get_gold_data, execution_date=20240320T001503, start_date=20240320T052549, end_date=20240320T052750
[2024-03-20 00:27:50,266] {local_task_job.py:154} INFO - Task exited with return code 0
[2024-03-20 00:27:50,293] {local_task_job.py:264} INFO - 1 downstream tasks scheduled from follow-on schedule check
