[2024-03-19 08:33:52,812] {taskinstance.py:1032} INFO - Dependencies all met for <TaskInstance: dag_ml_life_cycle.make_training scheduled__2024-03-19T08:15:57.901829+00:00 [queued]>
[2024-03-19 08:33:52,872] {taskinstance.py:1032} INFO - Dependencies all met for <TaskInstance: dag_ml_life_cycle.make_training scheduled__2024-03-19T08:15:57.901829+00:00 [queued]>
[2024-03-19 08:33:52,872] {taskinstance.py:1238} INFO - 
--------------------------------------------------------------------------------
[2024-03-19 08:33:52,872] {taskinstance.py:1239} INFO - Starting attempt 1 of 4
[2024-03-19 08:33:52,872] {taskinstance.py:1240} INFO - 
--------------------------------------------------------------------------------
[2024-03-19 08:33:52,880] {taskinstance.py:1259} INFO - Executing <Task(PythonOperator): make_training> on 2024-03-19 08:15:57.901829+00:00
[2024-03-19 08:33:52,886] {standard_task_runner.py:52} INFO - Started process 75975 to run task
[2024-03-19 08:33:52,892] {standard_task_runner.py:76} INFO - Running: ['airflow', 'tasks', 'run', 'dag_ml_life_cycle', 'make_training', 'scheduled__2024-03-19T08:15:57.901829+00:00', '--job-id', '461', '--raw', '--subdir', 'DAGS_FOLDER/lifecycle_ml_example/dags/dag_ml_life_cycle.py', '--cfg-path', '/var/folders/t4/c2kdpvnj6r793w3k056dkc640000gp/T/tmpupyi6zhi', '--error-file', '/var/folders/t4/c2kdpvnj6r793w3k056dkc640000gp/T/tmpqmi86uv_']
[2024-03-19 08:33:52,894] {standard_task_runner.py:77} INFO - Job 461: Subtask make_training
[2024-03-19 08:33:52,933] {logging_mixin.py:109} INFO - Running <TaskInstance: dag_ml_life_cycle.make_training scheduled__2024-03-19T08:15:57.901829+00:00 [running]> on host 1.0.0.127.in-addr.arpa
[2024-03-19 08:33:52,964] {taskinstance.py:1424} INFO - Exporting the following env vars:
AIRFLOW_CTX_DAG_OWNER=airflow
AIRFLOW_CTX_DAG_ID=dag_ml_life_cycle
AIRFLOW_CTX_TASK_ID=make_training
AIRFLOW_CTX_EXECUTION_DATE=2024-03-19T08:15:57.901829+00:00
AIRFLOW_CTX_DAG_RUN_ID=scheduled__2024-03-19T08:15:57.901829+00:00
[2024-03-19 08:33:52,965] {training.py:31} INFO - Get training data for xgboost model ...
[2024-03-19 08:33:56,599] {training.py:41} INFO - Training xgboost model.
[2024-03-19 08:33:56,608] {logging_mixin.py:109} WARNING - /Users/macbook/anaconda3/envs/airflow_env/lib/python3.9/site-packages/xgboost/sklearn.py:1395 UserWarning: `use_label_encoder` is deprecated in 1.7.0.
[2024-03-19 08:33:56,904] {training.py:89} INFO - Model saved at /Users/macbook/Desktop/airflow_tutorial/airflow/dags/lifecycle_ml_example/artifacts/model.pkl
[2024-03-19 08:33:56,905] {training.py:62} INFO - Saving xgboost model to artifacts/model.pkl ...
[2024-03-19 08:33:59,176] {logging_mixin.py:109} INFO - File: /Users/macbook/Desktop/airflow_tutorial/airflow/dags/lifecycle_ml_example/artifacts/model.pkl upload to artifacts/model.pkl.
[2024-03-19 08:33:59,177] {python.py:175} INFO - Done. Returned value was: True
[2024-03-19 08:33:59,189] {taskinstance.py:1267} INFO - Marking task as SUCCESS. dag_id=dag_ml_life_cycle, task_id=make_training, execution_date=20240319T081557, start_date=20240319T133352, end_date=20240319T133359
[2024-03-19 08:33:59,211] {local_task_job.py:154} INFO - Task exited with return code 0
[2024-03-19 08:33:59,231] {local_task_job.py:264} INFO - 1 downstream tasks scheduled from follow-on schedule check
