[2024-03-19 15:44:03,508] {taskinstance.py:1032} INFO - Dependencies all met for <TaskInstance: dag_ml_life_cycle.get_gold_data scheduled__2024-03-19T15:46:08.348952+00:00 [queued]>
[2024-03-19 15:44:03,517] {taskinstance.py:1032} INFO - Dependencies all met for <TaskInstance: dag_ml_life_cycle.get_gold_data scheduled__2024-03-19T15:46:08.348952+00:00 [queued]>
[2024-03-19 15:44:03,517] {taskinstance.py:1238} INFO - 
--------------------------------------------------------------------------------
[2024-03-19 15:44:03,517] {taskinstance.py:1239} INFO - Starting attempt 2 of 4
[2024-03-19 15:44:03,518] {taskinstance.py:1240} INFO - 
--------------------------------------------------------------------------------
[2024-03-19 15:44:03,525] {taskinstance.py:1259} INFO - Executing <Task(PythonOperator): get_gold_data> on 2024-03-19 15:46:08.348952+00:00
[2024-03-19 15:44:03,531] {standard_task_runner.py:52} INFO - Started process 62765 to run task
[2024-03-19 15:44:03,538] {standard_task_runner.py:76} INFO - Running: ['airflow', 'tasks', 'run', 'dag_ml_life_cycle', 'get_gold_data', 'scheduled__2024-03-19T15:46:08.348952+00:00', '--job-id', '824', '--raw', '--subdir', 'DAGS_FOLDER/lifecycle_ml_example/dags/dag_ml_life_cycle.py', '--cfg-path', '/var/folders/t4/c2kdpvnj6r793w3k056dkc640000gp/T/tmpd5fp5bt1', '--error-file', '/var/folders/t4/c2kdpvnj6r793w3k056dkc640000gp/T/tmpob231mcf']
[2024-03-19 15:44:03,540] {standard_task_runner.py:77} INFO - Job 824: Subtask get_gold_data
[2024-03-19 15:44:03,580] {logging_mixin.py:109} INFO - Running <TaskInstance: dag_ml_life_cycle.get_gold_data scheduled__2024-03-19T15:46:08.348952+00:00 [running]> on host 1.0.0.127.in-addr.arpa
[2024-03-19 15:44:03,607] {taskinstance.py:1424} INFO - Exporting the following env vars:
AIRFLOW_CTX_DAG_OWNER=airflow
AIRFLOW_CTX_DAG_ID=dag_ml_life_cycle
AIRFLOW_CTX_TASK_ID=get_gold_data
AIRFLOW_CTX_EXECUTION_DATE=2024-03-19T15:46:08.348952+00:00
AIRFLOW_CTX_DAG_RUN_ID=scheduled__2024-03-19T15:46:08.348952+00:00
[2024-03-19 15:44:03,608] {data_preprocessing.py:34} INFO - Random error: 0.16250595590602313
[2024-03-19 15:44:03,608] {data_preprocessing.py:38} INFO - Getting gold data
[2024-03-19 15:44:03,609] {data_preprocessing.py:42} INFO - Getting raw data from ml_lifecycle_airflow/in-vehicle-coupon-recommendation.csv ...
[2024-03-19 15:44:05,918] {data_preprocessing.py:89} INFO - Starting data preprocessing ...
[2024-03-19 15:44:06,052] {data_preprocessing.py:150} INFO - Data preprocessing complete

[2024-03-19 15:44:06,081] {data_preprocessing.py:168} INFO - Encoding features using hashing encoder ...
[2024-03-19 15:44:42,308] {data_preprocessing.py:168} INFO - Encoding features using hashing encoder ...
[2024-03-19 15:45:18,630] {data_preprocessing.py:63} INFO - Uploading preprocessed data to GCS ...
[2024-03-19 15:45:27,322] {python.py:175} INFO - Done. Returned value was: True
[2024-03-19 15:45:27,350] {taskinstance.py:1267} INFO - Marking task as SUCCESS. dag_id=dag_ml_life_cycle, task_id=get_gold_data, execution_date=20240319T154608, start_date=20240319T204403, end_date=20240319T204527
[2024-03-19 15:45:27,386] {local_task_job.py:154} INFO - Task exited with return code 0
[2024-03-19 15:45:27,414] {local_task_job.py:264} INFO - 1 downstream tasks scheduled from follow-on schedule check
