[2024-03-15 12:34:39,209] {taskinstance.py:1032} INFO - Dependencies all met for <TaskInstance: dag_ml_life_cycle.evaluate_model scheduled__2024-03-15T17:27:53.074210+00:00 [queued]>
[2024-03-15 12:34:39,267] {taskinstance.py:1032} INFO - Dependencies all met for <TaskInstance: dag_ml_life_cycle.evaluate_model scheduled__2024-03-15T17:27:53.074210+00:00 [queued]>
[2024-03-15 12:34:39,268] {taskinstance.py:1238} INFO - 
--------------------------------------------------------------------------------
[2024-03-15 12:34:39,268] {taskinstance.py:1239} INFO - Starting attempt 1 of 4
[2024-03-15 12:34:39,268] {taskinstance.py:1240} INFO - 
--------------------------------------------------------------------------------
[2024-03-15 12:34:39,276] {taskinstance.py:1259} INFO - Executing <Task(_PythonDecoratedOperator): evaluate_model> on 2024-03-15 17:27:53.074210+00:00
[2024-03-15 12:34:39,282] {standard_task_runner.py:52} INFO - Started process 6520 to run task
[2024-03-15 12:34:39,288] {standard_task_runner.py:76} INFO - Running: ['airflow', 'tasks', 'run', 'dag_ml_life_cycle', 'evaluate_model', 'scheduled__2024-03-15T17:27:53.074210+00:00', '--job-id', '48', '--raw', '--subdir', 'DAGS_FOLDER/lifecycle_ml_example/dags/dag_ml_life_cycle.py', '--cfg-path', '/var/folders/t4/c2kdpvnj6r793w3k056dkc640000gp/T/tmpl9z5ivfq', '--error-file', '/var/folders/t4/c2kdpvnj6r793w3k056dkc640000gp/T/tmpvg208ykh']
[2024-03-15 12:34:39,290] {standard_task_runner.py:77} INFO - Job 48: Subtask evaluate_model
[2024-03-15 12:34:39,332] {logging_mixin.py:109} INFO - Running <TaskInstance: dag_ml_life_cycle.evaluate_model scheduled__2024-03-15T17:27:53.074210+00:00 [running]> on host 1.0.0.0.0.0.0.0.0.0.0.0.0.0.0.0.0.0.0.0.0.0.0.0.0.0.0.0.0.0.0.0.ip6.arpa
[2024-03-15 12:34:39,360] {taskinstance.py:1424} INFO - Exporting the following env vars:
AIRFLOW_CTX_DAG_OWNER=airflow
AIRFLOW_CTX_DAG_ID=dag_ml_life_cycle
AIRFLOW_CTX_TASK_ID=evaluate_model
AIRFLOW_CTX_EXECUTION_DATE=2024-03-15T17:27:53.074210+00:00
AIRFLOW_CTX_DAG_RUN_ID=scheduled__2024-03-15T17:27:53.074210+00:00
[2024-03-15 12:34:39,361] {dag_ml_life_cycle.py:70} INFO - Getting gold data from ml_lifecycle_airflow/in-vehicle-coupon-recommendation_gold.csv ...
[2024-03-15 12:34:47,350] {dag_ml_life_cycle.py:82} INFO - Downloading model from ml_lifecycle_airflow/artifacts/model.pkl ...
[2024-03-15 12:34:49,641] {logging_mixin.py:109} INFO - File artifacts/model.pkl downloaded in /tmp/model.pkl.
[2024-03-15 12:34:49,650] {training.py:111} INFO - Model loaded from /tmp/model.pkl
[2024-03-15 12:34:49,650] {dag_ml_life_cycle.py:89} INFO - Evaluating model ...
[2024-03-15 12:34:49,739] {logging_mixin.py:109} INFO - accuracy (test): 0.7425323817076395
[2024-03-15 12:34:49,739] {logging_mixin.py:109} INFO - precision (test): 0.7490297542043984
[2024-03-15 12:34:49,740] {logging_mixin.py:109} INFO - recall (test): 0.8158759981211836
[2024-03-15 12:34:49,740] {logging_mixin.py:109} INFO - roc-auc (train-proba): 0.9961175563723904
[2024-03-15 12:34:49,740] {logging_mixin.py:109} INFO - roc-auc (test-proba): 0.8127045016053429
[2024-03-15 12:34:49,742] {dag_ml_life_cycle.py:96} INFO - Uploading metrics to ml_lifecycle_airflow/in-vehicle-coupon-recommendation_gold.csv ...
[2024-03-15 12:34:51,681] {python.py:175} INFO - Done. Returned value was: None
[2024-03-15 12:34:51,689] {taskinstance.py:1267} INFO - Marking task as SUCCESS. dag_id=dag_ml_life_cycle, task_id=evaluate_model, execution_date=20240315T172753, start_date=20240315T173439, end_date=20240315T173451
[2024-03-15 12:34:51,721] {local_task_job.py:154} INFO - Task exited with return code 0
[2024-03-15 12:34:51,737] {local_task_job.py:264} INFO - 1 downstream tasks scheduled from follow-on schedule check
