[2024-03-20 00:07:15,658] {taskinstance.py:1032} INFO - Dependencies all met for <TaskInstance: dag_ml_life_cycle.get_gold_data scheduled__2024-03-19T23:39:36.762484+00:00 [queued]>
[2024-03-20 00:07:15,726] {taskinstance.py:1032} INFO - Dependencies all met for <TaskInstance: dag_ml_life_cycle.get_gold_data scheduled__2024-03-19T23:39:36.762484+00:00 [queued]>
[2024-03-20 00:07:15,726] {taskinstance.py:1238} INFO - 
--------------------------------------------------------------------------------
[2024-03-20 00:07:15,726] {taskinstance.py:1239} INFO - Starting attempt 1 of 4
[2024-03-20 00:07:15,726] {taskinstance.py:1240} INFO - 
--------------------------------------------------------------------------------
[2024-03-20 00:07:15,735] {taskinstance.py:1259} INFO - Executing <Task(PythonOperator): get_gold_data> on 2024-03-19 23:39:36.762484+00:00
[2024-03-20 00:07:15,741] {standard_task_runner.py:52} INFO - Started process 20388 to run task
[2024-03-20 00:07:15,748] {standard_task_runner.py:76} INFO - Running: ['airflow', 'tasks', 'run', 'dag_ml_life_cycle', 'get_gold_data', 'scheduled__2024-03-19T23:39:36.762484+00:00', '--job-id', '1024', '--raw', '--subdir', 'DAGS_FOLDER/lifecycle_ml_example/dags/dag_ml_life_cycle.py', '--cfg-path', '/var/folders/t4/c2kdpvnj6r793w3k056dkc640000gp/T/tmp9_su5w7s', '--error-file', '/var/folders/t4/c2kdpvnj6r793w3k056dkc640000gp/T/tmp1w3684yx']
[2024-03-20 00:07:15,750] {standard_task_runner.py:77} INFO - Job 1024: Subtask get_gold_data
[2024-03-20 00:07:15,802] {logging_mixin.py:109} INFO - Running <TaskInstance: dag_ml_life_cycle.get_gold_data scheduled__2024-03-19T23:39:36.762484+00:00 [running]> on host 1.0.0.127.in-addr.arpa
[2024-03-20 00:07:15,845] {taskinstance.py:1424} INFO - Exporting the following env vars:
AIRFLOW_CTX_DAG_OWNER=airflow
AIRFLOW_CTX_DAG_ID=dag_ml_life_cycle
AIRFLOW_CTX_TASK_ID=get_gold_data
AIRFLOW_CTX_EXECUTION_DATE=2024-03-19T23:39:36.762484+00:00
AIRFLOW_CTX_DAG_RUN_ID=scheduled__2024-03-19T23:39:36.762484+00:00
[2024-03-20 00:07:15,846] {data_preprocessing.py:34} INFO - Random error: 0.25911439702410766
[2024-03-20 00:07:15,847] {data_preprocessing.py:38} INFO - Getting gold data
[2024-03-20 00:07:15,848] {data_preprocessing.py:42} INFO - Getting raw data from ml_lifecycle_airflow/in-vehicle-coupon-recommendation.csv ...
[2024-03-20 00:07:18,793] {data_preprocessing.py:89} INFO - Starting data preprocessing ...
[2024-03-20 00:07:18,999] {data_preprocessing.py:150} INFO - Data preprocessing complete

[2024-03-20 00:07:19,047] {data_preprocessing.py:168} INFO - Encoding features using hashing encoder ...
[2024-03-20 00:08:11,548] {data_preprocessing.py:168} INFO - Encoding features using hashing encoder ...
[2024-03-20 00:09:03,823] {data_preprocessing.py:63} INFO - Uploading preprocessed data to GCS ...
[2024-03-20 00:09:15,042] {python.py:175} INFO - Done. Returned value was: True
[2024-03-20 00:09:15,076] {taskinstance.py:1267} INFO - Marking task as SUCCESS. dag_id=dag_ml_life_cycle, task_id=get_gold_data, execution_date=20240319T233936, start_date=20240320T050715, end_date=20240320T050915
[2024-03-20 00:09:15,119] {local_task_job.py:154} INFO - Task exited with return code 0
[2024-03-20 00:09:15,147] {local_task_job.py:264} INFO - 1 downstream tasks scheduled from follow-on schedule check
