[2024-03-19 14:21:50,423] {taskinstance.py:1032} INFO - Dependencies all met for <TaskInstance: dag_ml_life_cycle.get_gold_data scheduled__2024-03-19T14:15:33.745537+00:00 [queued]>
[2024-03-19 14:21:50,483] {taskinstance.py:1032} INFO - Dependencies all met for <TaskInstance: dag_ml_life_cycle.get_gold_data scheduled__2024-03-19T14:15:33.745537+00:00 [queued]>
[2024-03-19 14:21:50,483] {taskinstance.py:1238} INFO - 
--------------------------------------------------------------------------------
[2024-03-19 14:21:50,484] {taskinstance.py:1239} INFO - Starting attempt 1 of 4
[2024-03-19 14:21:50,484] {taskinstance.py:1240} INFO - 
--------------------------------------------------------------------------------
[2024-03-19 14:21:50,491] {taskinstance.py:1259} INFO - Executing <Task(PythonOperator): get_gold_data> on 2024-03-19 14:15:33.745537+00:00
[2024-03-19 14:21:50,498] {standard_task_runner.py:52} INFO - Started process 33272 to run task
[2024-03-19 14:21:50,504] {standard_task_runner.py:76} INFO - Running: ['airflow', 'tasks', 'run', 'dag_ml_life_cycle', 'get_gold_data', 'scheduled__2024-03-19T14:15:33.745537+00:00', '--job-id', '722', '--raw', '--subdir', 'DAGS_FOLDER/lifecycle_ml_example/dags/dag_ml_life_cycle.py', '--cfg-path', '/var/folders/t4/c2kdpvnj6r793w3k056dkc640000gp/T/tmph5sn8bgv', '--error-file', '/var/folders/t4/c2kdpvnj6r793w3k056dkc640000gp/T/tmp5nu2dzmp']
[2024-03-19 14:21:50,507] {standard_task_runner.py:77} INFO - Job 722: Subtask get_gold_data
[2024-03-19 14:21:50,550] {logging_mixin.py:109} INFO - Running <TaskInstance: dag_ml_life_cycle.get_gold_data scheduled__2024-03-19T14:15:33.745537+00:00 [running]> on host 1.0.0.127.in-addr.arpa
[2024-03-19 14:21:50,580] {taskinstance.py:1424} INFO - Exporting the following env vars:
AIRFLOW_CTX_DAG_OWNER=airflow
AIRFLOW_CTX_DAG_ID=dag_ml_life_cycle
AIRFLOW_CTX_TASK_ID=get_gold_data
AIRFLOW_CTX_EXECUTION_DATE=2024-03-19T14:15:33.745537+00:00
AIRFLOW_CTX_DAG_RUN_ID=scheduled__2024-03-19T14:15:33.745537+00:00
[2024-03-19 14:21:50,581] {data_preprocessing.py:34} INFO - Random error: 0.2523005664111211
[2024-03-19 14:21:50,581] {data_preprocessing.py:38} INFO - Getting gold data
[2024-03-19 14:21:50,582] {data_preprocessing.py:42} INFO - Getting raw data from ml_lifecycle_airflow/in-vehicle-coupon-recommendation.csv ...
[2024-03-19 14:21:53,068] {data_preprocessing.py:89} INFO - Starting data preprocessing ...
[2024-03-19 14:21:53,220] {data_preprocessing.py:150} INFO - Data preprocessing complete

[2024-03-19 14:21:53,253] {data_preprocessing.py:168} INFO - Encoding features using hashing encoder ...
[2024-03-19 14:22:30,973] {data_preprocessing.py:168} INFO - Encoding features using hashing encoder ...
[2024-03-19 14:23:07,730] {data_preprocessing.py:63} INFO - Uploading preprocessed data to GCS ...
[2024-03-19 14:23:17,071] {python.py:175} INFO - Done. Returned value was: True
[2024-03-19 14:23:17,097] {taskinstance.py:1267} INFO - Marking task as SUCCESS. dag_id=dag_ml_life_cycle, task_id=get_gold_data, execution_date=20240319T141533, start_date=20240319T192150, end_date=20240319T192317
[2024-03-19 14:23:17,146] {local_task_job.py:154} INFO - Task exited with return code 0
[2024-03-19 14:23:17,166] {local_task_job.py:264} INFO - 1 downstream tasks scheduled from follow-on schedule check
