[2024-03-15 16:31:36,026] {taskinstance.py:1032} INFO - Dependencies all met for <TaskInstance: dag_ml_life_cycle.get_gold_data scheduled__2024-03-15T21:25:39.055353+00:00 [queued]>
[2024-03-15 16:31:36,089] {taskinstance.py:1032} INFO - Dependencies all met for <TaskInstance: dag_ml_life_cycle.get_gold_data scheduled__2024-03-15T21:25:39.055353+00:00 [queued]>
[2024-03-15 16:31:36,089] {taskinstance.py:1238} INFO - 
--------------------------------------------------------------------------------
[2024-03-15 16:31:36,090] {taskinstance.py:1239} INFO - Starting attempt 3 of 4
[2024-03-15 16:31:36,090] {taskinstance.py:1240} INFO - 
--------------------------------------------------------------------------------
[2024-03-15 16:31:36,098] {taskinstance.py:1259} INFO - Executing <Task(PythonOperator): get_gold_data> on 2024-03-15 21:25:39.055353+00:00
[2024-03-15 16:31:36,104] {standard_task_runner.py:52} INFO - Started process 24311 to run task
[2024-03-15 16:31:36,110] {standard_task_runner.py:76} INFO - Running: ['airflow', 'tasks', 'run', 'dag_ml_life_cycle', 'get_gold_data', 'scheduled__2024-03-15T21:25:39.055353+00:00', '--job-id', '60', '--raw', '--subdir', 'DAGS_FOLDER/lifecycle_ml_example/dags/dag_ml_life_cycle.py', '--cfg-path', '/var/folders/t4/c2kdpvnj6r793w3k056dkc640000gp/T/tmpgyuw4klw', '--error-file', '/var/folders/t4/c2kdpvnj6r793w3k056dkc640000gp/T/tmp2m2p_xjo']
[2024-03-15 16:31:36,113] {standard_task_runner.py:77} INFO - Job 60: Subtask get_gold_data
[2024-03-15 16:31:36,153] {logging_mixin.py:109} INFO - Running <TaskInstance: dag_ml_life_cycle.get_gold_data scheduled__2024-03-15T21:25:39.055353+00:00 [running]> on host 1.0.0.0.0.0.0.0.0.0.0.0.0.0.0.0.0.0.0.0.0.0.0.0.0.0.0.0.0.0.0.0.ip6.arpa
[2024-03-15 16:31:36,179] {taskinstance.py:1424} INFO - Exporting the following env vars:
AIRFLOW_CTX_DAG_OWNER=airflow
AIRFLOW_CTX_DAG_ID=dag_ml_life_cycle
AIRFLOW_CTX_TASK_ID=get_gold_data
AIRFLOW_CTX_EXECUTION_DATE=2024-03-15T21:25:39.055353+00:00
AIRFLOW_CTX_DAG_RUN_ID=scheduled__2024-03-15T21:25:39.055353+00:00
[2024-03-15 16:31:36,180] {data_preprocessing.py:33} INFO - Random error: 0.06687476588527086
[2024-03-15 16:31:36,181] {data_preprocessing.py:37} INFO - Getting gold data
[2024-03-15 16:31:36,181] {data_preprocessing.py:41} INFO - Getting raw data from ml_lifecycle_airflow/in-vehicle-coupon-recommendation.csv ...
[2024-03-15 16:31:39,416] {data_preprocessing.py:88} INFO - Starting data preprocessing ...
[2024-03-15 16:31:39,553] {data_preprocessing.py:149} INFO - Data preprocessing complete

[2024-03-15 16:31:39,581] {data_preprocessing.py:167} INFO - Encoding features using hashing encoder ...
[2024-03-15 16:32:15,253] {data_preprocessing.py:167} INFO - Encoding features using hashing encoder ...
[2024-03-15 16:32:50,200] {data_preprocessing.py:62} INFO - Uploading preprocessed data to GCS ...
[2024-03-15 16:33:00,784] {python.py:175} INFO - Done. Returned value was: True
[2024-03-15 16:33:00,803] {taskinstance.py:1267} INFO - Marking task as SUCCESS. dag_id=dag_ml_life_cycle, task_id=get_gold_data, execution_date=20240315T212539, start_date=20240315T213136, end_date=20240315T213300
[2024-03-15 16:33:00,856] {local_task_job.py:154} INFO - Task exited with return code 0
[2024-03-15 16:33:00,875] {local_task_job.py:264} INFO - 1 downstream tasks scheduled from follow-on schedule check
