[2024-03-19 18:31:34,100] {taskinstance.py:1032} INFO - Dependencies all met for <TaskInstance: dag_ml_life_cycle.get_gold_data scheduled__2024-03-19T18:01:08.348952+00:00 [queued]>
[2024-03-19 18:31:34,308] {taskinstance.py:1032} INFO - Dependencies all met for <TaskInstance: dag_ml_life_cycle.get_gold_data scheduled__2024-03-19T18:01:08.348952+00:00 [queued]>
[2024-03-19 18:31:34,308] {taskinstance.py:1238} INFO - 
--------------------------------------------------------------------------------
[2024-03-19 18:31:34,309] {taskinstance.py:1239} INFO - Starting attempt 1 of 4
[2024-03-19 18:31:34,309] {taskinstance.py:1240} INFO - 
--------------------------------------------------------------------------------
[2024-03-19 18:31:34,345] {taskinstance.py:1259} INFO - Executing <Task(PythonOperator): get_gold_data> on 2024-03-19 18:01:08.348952+00:00
[2024-03-19 18:31:34,370] {standard_task_runner.py:52} INFO - Started process 63900 to run task
[2024-03-19 18:31:34,405] {standard_task_runner.py:76} INFO - Running: ['airflow', 'tasks', 'run', 'dag_ml_life_cycle', 'get_gold_data', 'scheduled__2024-03-19T18:01:08.348952+00:00', '--job-id', '931', '--raw', '--subdir', 'DAGS_FOLDER/lifecycle_ml_example/dags/dag_ml_life_cycle.py', '--cfg-path', '/var/folders/t4/c2kdpvnj6r793w3k056dkc640000gp/T/tmpujk7g9rw', '--error-file', '/var/folders/t4/c2kdpvnj6r793w3k056dkc640000gp/T/tmp5bvfvwqc']
[2024-03-19 18:31:34,418] {standard_task_runner.py:77} INFO - Job 931: Subtask get_gold_data
[2024-03-19 18:31:34,627] {logging_mixin.py:109} INFO - Running <TaskInstance: dag_ml_life_cycle.get_gold_data scheduled__2024-03-19T18:01:08.348952+00:00 [running]> on host 1.0.0.127.in-addr.arpa
[2024-03-19 18:31:34,772] {taskinstance.py:1424} INFO - Exporting the following env vars:
AIRFLOW_CTX_DAG_OWNER=airflow
AIRFLOW_CTX_DAG_ID=dag_ml_life_cycle
AIRFLOW_CTX_TASK_ID=get_gold_data
AIRFLOW_CTX_EXECUTION_DATE=2024-03-19T18:01:08.348952+00:00
AIRFLOW_CTX_DAG_RUN_ID=scheduled__2024-03-19T18:01:08.348952+00:00
[2024-03-19 18:31:34,777] {data_preprocessing.py:34} INFO - Random error: 0.11039943894169923
[2024-03-19 18:31:34,780] {data_preprocessing.py:38} INFO - Getting gold data
[2024-03-19 18:31:34,782] {data_preprocessing.py:42} INFO - Getting raw data from ml_lifecycle_airflow/in-vehicle-coupon-recommendation.csv ...
[2024-03-19 18:31:49,039] {data_preprocessing.py:89} INFO - Starting data preprocessing ...
[2024-03-19 18:31:49,724] {data_preprocessing.py:150} INFO - Data preprocessing complete

[2024-03-19 18:31:49,888] {data_preprocessing.py:168} INFO - Encoding features using hashing encoder ...
[2024-03-19 18:34:42,967] {data_preprocessing.py:168} INFO - Encoding features using hashing encoder ...
[2024-03-19 18:37:34,270] {data_preprocessing.py:63} INFO - Uploading preprocessed data to GCS ...
[2024-03-19 18:38:05,028] {python.py:175} INFO - Done. Returned value was: True
[2024-03-19 18:38:05,097] {taskinstance.py:1267} INFO - Marking task as SUCCESS. dag_id=dag_ml_life_cycle, task_id=get_gold_data, execution_date=20240319T180108, start_date=20240319T233134, end_date=20240319T233805
[2024-03-19 18:38:05,175] {local_task_job.py:154} INFO - Task exited with return code 0
[2024-03-19 18:38:05,255] {local_task_job.py:264} INFO - 1 downstream tasks scheduled from follow-on schedule check
