[2024-03-18 21:27:55,154] {taskinstance.py:1032} INFO - Dependencies all met for <TaskInstance: dag_ml_life_cycle.get_gold_data scheduled__2024-03-18T21:03:53.063934+00:00 [queued]>
[2024-03-18 21:27:55,214] {taskinstance.py:1032} INFO - Dependencies all met for <TaskInstance: dag_ml_life_cycle.get_gold_data scheduled__2024-03-18T21:03:53.063934+00:00 [queued]>
[2024-03-18 21:27:55,214] {taskinstance.py:1238} INFO - 
--------------------------------------------------------------------------------
[2024-03-18 21:27:55,214] {taskinstance.py:1239} INFO - Starting attempt 1 of 4
[2024-03-18 21:27:55,214] {taskinstance.py:1240} INFO - 
--------------------------------------------------------------------------------
[2024-03-18 21:27:55,222] {taskinstance.py:1259} INFO - Executing <Task(PythonOperator): get_gold_data> on 2024-03-18 21:03:53.063934+00:00
[2024-03-18 21:27:55,228] {standard_task_runner.py:52} INFO - Started process 89455 to run task
[2024-03-18 21:27:55,234] {standard_task_runner.py:76} INFO - Running: ['airflow', 'tasks', 'run', 'dag_ml_life_cycle', 'get_gold_data', 'scheduled__2024-03-18T21:03:53.063934+00:00', '--job-id', '227', '--raw', '--subdir', 'DAGS_FOLDER/lifecycle_ml_example/dags/dag_ml_life_cycle.py', '--cfg-path', '/var/folders/t4/c2kdpvnj6r793w3k056dkc640000gp/T/tmpugrv8_2y', '--error-file', '/var/folders/t4/c2kdpvnj6r793w3k056dkc640000gp/T/tmp5sjmntrj']
[2024-03-18 21:27:55,236] {standard_task_runner.py:77} INFO - Job 227: Subtask get_gold_data
[2024-03-18 21:27:55,274] {logging_mixin.py:109} INFO - Running <TaskInstance: dag_ml_life_cycle.get_gold_data scheduled__2024-03-18T21:03:53.063934+00:00 [running]> on host 1.0.0.127.in-addr.arpa
[2024-03-18 21:27:55,303] {taskinstance.py:1424} INFO - Exporting the following env vars:
AIRFLOW_CTX_DAG_OWNER=airflow
AIRFLOW_CTX_DAG_ID=dag_ml_life_cycle
AIRFLOW_CTX_TASK_ID=get_gold_data
AIRFLOW_CTX_EXECUTION_DATE=2024-03-18T21:03:53.063934+00:00
AIRFLOW_CTX_DAG_RUN_ID=scheduled__2024-03-18T21:03:53.063934+00:00
[2024-03-18 21:27:55,304] {data_preprocessing.py:34} INFO - Random error: 0.1108604722621861
[2024-03-18 21:27:55,305] {data_preprocessing.py:38} INFO - Getting gold data
[2024-03-18 21:27:55,305] {data_preprocessing.py:42} INFO - Getting raw data from ml_lifecycle_airflow/in-vehicle-coupon-recommendation.csv ...
[2024-03-18 21:27:58,708] {data_preprocessing.py:89} INFO - Starting data preprocessing ...
[2024-03-18 21:27:59,369] {data_preprocessing.py:150} INFO - Data preprocessing complete

[2024-03-18 21:27:59,522] {data_preprocessing.py:168} INFO - Encoding features using hashing encoder ...
[2024-03-18 21:31:39,259] {data_preprocessing.py:168} INFO - Encoding features using hashing encoder ...
[2024-03-18 21:34:43,697] {data_preprocessing.py:63} INFO - Uploading preprocessed data to GCS ...
[2024-03-18 21:35:02,819] {python.py:175} INFO - Done. Returned value was: True
[2024-03-18 21:35:02,887] {taskinstance.py:1267} INFO - Marking task as SUCCESS. dag_id=dag_ml_life_cycle, task_id=get_gold_data, execution_date=20240318T210353, start_date=20240319T022755, end_date=20240319T023502
[2024-03-18 21:35:02,939] {local_task_job.py:154} INFO - Task exited with return code 0
[2024-03-18 21:35:03,015] {local_task_job.py:264} INFO - 1 downstream tasks scheduled from follow-on schedule check
