[2024-03-15 12:12:41,873] {taskinstance.py:1032} INFO - Dependencies all met for <TaskInstance: dag_ml_life_cycle.evaluate_model scheduled__2024-03-15T16:47:19.747128+00:00 [queued]>
[2024-03-15 12:12:41,935] {taskinstance.py:1032} INFO - Dependencies all met for <TaskInstance: dag_ml_life_cycle.evaluate_model scheduled__2024-03-15T16:47:19.747128+00:00 [queued]>
[2024-03-15 12:12:41,941] {taskinstance.py:1238} INFO - 
--------------------------------------------------------------------------------
[2024-03-15 12:12:41,942] {taskinstance.py:1239} INFO - Starting attempt 1 of 4
[2024-03-15 12:12:41,942] {taskinstance.py:1240} INFO - 
--------------------------------------------------------------------------------
[2024-03-15 12:12:41,965] {taskinstance.py:1259} INFO - Executing <Task(_PythonDecoratedOperator): evaluate_model> on 2024-03-15 16:47:19.747128+00:00
[2024-03-15 12:12:41,972] {standard_task_runner.py:52} INFO - Started process 86553 to run task
[2024-03-15 12:12:41,978] {standard_task_runner.py:76} INFO - Running: ['airflow', 'tasks', 'run', 'dag_ml_life_cycle', 'evaluate_model', 'scheduled__2024-03-15T16:47:19.747128+00:00', '--job-id', '32', '--raw', '--subdir', 'DAGS_FOLDER/lifecycle_ml_example/dags/dag_ml_life_cycle.py', '--cfg-path', '/var/folders/t4/c2kdpvnj6r793w3k056dkc640000gp/T/tmpuxperd1b', '--error-file', '/var/folders/t4/c2kdpvnj6r793w3k056dkc640000gp/T/tmpr5cqa84n']
[2024-03-15 12:12:41,980] {standard_task_runner.py:77} INFO - Job 32: Subtask evaluate_model
[2024-03-15 12:12:42,020] {logging_mixin.py:109} INFO - Running <TaskInstance: dag_ml_life_cycle.evaluate_model scheduled__2024-03-15T16:47:19.747128+00:00 [running]> on host 1.0.0.0.0.0.0.0.0.0.0.0.0.0.0.0.0.0.0.0.0.0.0.0.0.0.0.0.0.0.0.0.ip6.arpa
[2024-03-15 12:12:42,048] {taskinstance.py:1424} INFO - Exporting the following env vars:
AIRFLOW_CTX_DAG_OWNER=airflow
AIRFLOW_CTX_DAG_ID=dag_ml_life_cycle
AIRFLOW_CTX_TASK_ID=evaluate_model
AIRFLOW_CTX_EXECUTION_DATE=2024-03-15T16:47:19.747128+00:00
AIRFLOW_CTX_DAG_RUN_ID=scheduled__2024-03-15T16:47:19.747128+00:00
[2024-03-15 12:12:42,049] {dag_ml_life_cycle.py:70} INFO - Getting gold data from ml_lifecycle_airflow/in-vehicle-coupon-recommendation_gold.csv ...
[2024-03-15 12:12:50,052] {dag_ml_life_cycle.py:82} INFO - Downloading model from ml_lifecycle_airflow/artifacts/model.pkl ...
[2024-03-15 12:12:52,420] {logging_mixin.py:109} INFO - File artifacts/model.pkl downloaded in /tmp/model.pkl.
[2024-03-15 12:12:52,428] {training.py:111} INFO - Model loaded from /tmp/model.pkl
[2024-03-15 12:12:52,429] {dag_ml_life_cycle.py:89} INFO - Evaluating model ...
[2024-03-15 12:12:52,511] {logging_mixin.py:109} INFO - accuracy (test): 0.7425323817076395
[2024-03-15 12:12:52,511] {logging_mixin.py:109} INFO - precision (test): 0.7490297542043984
[2024-03-15 12:12:52,512] {logging_mixin.py:109} INFO - recall (test): 0.8158759981211836
[2024-03-15 12:12:52,512] {logging_mixin.py:109} INFO - roc-auc (train-proba): 0.9961175563723904
[2024-03-15 12:12:52,512] {logging_mixin.py:109} INFO - roc-auc (test-proba): 0.8127045016053429
[2024-03-15 12:12:52,514] {dag_ml_life_cycle.py:96} INFO - Uploading metrics to ml_lifecycle_airflow/in-vehicle-coupon-recommendation_gold.csv ...
[2024-03-15 12:12:54,454] {python.py:175} INFO - Done. Returned value was: None
[2024-03-15 12:12:54,466] {taskinstance.py:1267} INFO - Marking task as SUCCESS. dag_id=dag_ml_life_cycle, task_id=evaluate_model, execution_date=20240315T164719, start_date=20240315T171241, end_date=20240315T171254
[2024-03-15 12:12:54,505] {local_task_job.py:154} INFO - Task exited with return code 0
[2024-03-15 12:12:54,521] {local_task_job.py:264} INFO - 1 downstream tasks scheduled from follow-on schedule check
