[2024-03-12 11:47:14,822] {taskinstance.py:1032} INFO - Dependencies all met for <TaskInstance: tutorial_juan_change_folder_v2.templated scheduled__2024-03-11T16:46:52.492616+00:00 [queued]>
[2024-03-12 11:47:14,826] {taskinstance.py:1032} INFO - Dependencies all met for <TaskInstance: tutorial_juan_change_folder_v2.templated scheduled__2024-03-11T16:46:52.492616+00:00 [queued]>
[2024-03-12 11:47:14,826] {taskinstance.py:1238} INFO - 
--------------------------------------------------------------------------------
[2024-03-12 11:47:14,827] {taskinstance.py:1239} INFO - Starting attempt 1 of 2
[2024-03-12 11:47:14,827] {taskinstance.py:1240} INFO - 
--------------------------------------------------------------------------------
[2024-03-12 11:47:14,832] {taskinstance.py:1259} INFO - Executing <Task(BashOperator): templated> on 2024-03-11 16:46:52.492616+00:00
[2024-03-12 11:47:14,835] {standard_task_runner.py:52} INFO - Started process 42071 to run task
[2024-03-12 11:47:14,840] {standard_task_runner.py:76} INFO - Running: ['airflow', 'tasks', 'run', 'tutorial_juan_change_folder_v2', 'templated', 'scheduled__2024-03-11T16:46:52.492616+00:00', '--job-id', '8', '--raw', '--subdir', 'DAGS_FOLDER/tutorial_0.py', '--cfg-path', '/var/folders/t4/c2kdpvnj6r793w3k056dkc640000gp/T/tmphga5e0xk', '--error-file', '/var/folders/t4/c2kdpvnj6r793w3k056dkc640000gp/T/tmpyimny8ps']
[2024-03-12 11:47:14,842] {standard_task_runner.py:77} INFO - Job 8: Subtask templated
[2024-03-12 11:47:14,874] {logging_mixin.py:109} INFO - Running <TaskInstance: tutorial_juan_change_folder_v2.templated scheduled__2024-03-11T16:46:52.492616+00:00 [running]> on host 1.0.0.0.0.0.0.0.0.0.0.0.0.0.0.0.0.0.0.0.0.0.0.0.0.0.0.0.0.0.0.0.ip6.arpa
[2024-03-12 11:47:14,910] {taskinstance.py:1424} INFO - Exporting the following env vars:
AIRFLOW_CTX_DAG_EMAIL=airflow@example.com
AIRFLOW_CTX_DAG_OWNER=airflow
AIRFLOW_CTX_DAG_ID=tutorial_juan_change_folder_v2
AIRFLOW_CTX_TASK_ID=templated
AIRFLOW_CTX_EXECUTION_DATE=2024-03-11T16:46:52.492616+00:00
AIRFLOW_CTX_DAG_RUN_ID=scheduled__2024-03-11T16:46:52.492616+00:00
[2024-03-12 11:47:14,911] {subprocess.py:62} INFO - Tmp dir root location: 
 /var/folders/t4/c2kdpvnj6r793w3k056dkc640000gp/T
[2024-03-12 11:47:14,912] {subprocess.py:74} INFO - Running command: ['bash', '-c', '\n\n    echo "2024-03-11"\n    echo "2024-03-18"\n\n    echo "2024-03-11"\n    echo "2024-03-18"\n\n    echo "2024-03-11"\n    echo "2024-03-18"\n\n    echo "2024-03-11"\n    echo "2024-03-18"\n\n    echo "2024-03-11"\n    echo "2024-03-18"\n']
[2024-03-12 11:47:14,917] {subprocess.py:85} INFO - Output:
[2024-03-12 11:47:14,921] {subprocess.py:89} INFO - 2024-03-11
[2024-03-12 11:47:14,921] {subprocess.py:89} INFO - 2024-03-18
[2024-03-12 11:47:14,922] {subprocess.py:89} INFO - 2024-03-11
[2024-03-12 11:47:14,922] {subprocess.py:89} INFO - 2024-03-18
[2024-03-12 11:47:14,922] {subprocess.py:89} INFO - 2024-03-11
[2024-03-12 11:47:14,922] {subprocess.py:89} INFO - 2024-03-18
[2024-03-12 11:47:14,922] {subprocess.py:89} INFO - 2024-03-11
[2024-03-12 11:47:14,923] {subprocess.py:89} INFO - 2024-03-18
[2024-03-12 11:47:14,923] {subprocess.py:89} INFO - 2024-03-11
[2024-03-12 11:47:14,923] {subprocess.py:89} INFO - 2024-03-18
[2024-03-12 11:47:14,923] {subprocess.py:93} INFO - Command exited with return code 0
[2024-03-12 11:47:14,935] {taskinstance.py:1267} INFO - Marking task as SUCCESS. dag_id=tutorial_juan_change_folder_v2, task_id=templated, execution_date=20240311T164652, start_date=20240312T164714, end_date=20240312T164714
[2024-03-12 11:47:14,980] {local_task_job.py:154} INFO - Task exited with return code 0
[2024-03-12 11:47:14,993] {local_task_job.py:264} INFO - 0 downstream tasks scheduled from follow-on schedule check
