[2024-03-19 03:02:27,655] {taskinstance.py:1032} INFO - Dependencies all met for <TaskInstance: dag_ml_life_cycle.evaluate_model scheduled__2024-03-18T22:33:39.086022+00:00 [queued]>
[2024-03-19 03:02:27,823] {taskinstance.py:1032} INFO - Dependencies all met for <TaskInstance: dag_ml_life_cycle.evaluate_model scheduled__2024-03-18T22:33:39.086022+00:00 [queued]>
[2024-03-19 03:02:27,823] {taskinstance.py:1238} INFO - 
--------------------------------------------------------------------------------
[2024-03-19 03:02:27,823] {taskinstance.py:1239} INFO - Starting attempt 1 of 4
[2024-03-19 03:02:27,824] {taskinstance.py:1240} INFO - 
--------------------------------------------------------------------------------
[2024-03-19 03:02:27,848] {taskinstance.py:1259} INFO - Executing <Task(_PythonDecoratedOperator): evaluate_model> on 2024-03-18 22:33:39.086022+00:00
[2024-03-19 03:02:27,866] {standard_task_runner.py:52} INFO - Started process 72338 to run task
[2024-03-19 03:02:27,888] {standard_task_runner.py:76} INFO - Running: ['airflow', 'tasks', 'run', 'dag_ml_life_cycle', 'evaluate_model', 'scheduled__2024-03-18T22:33:39.086022+00:00', '--job-id', '339', '--raw', '--subdir', 'DAGS_FOLDER/lifecycle_ml_example/dags/dag_ml_life_cycle.py', '--cfg-path', '/var/folders/t4/c2kdpvnj6r793w3k056dkc640000gp/T/tmp0doi4z9w', '--error-file', '/var/folders/t4/c2kdpvnj6r793w3k056dkc640000gp/T/tmppe_r17wq']
[2024-03-19 03:02:27,896] {standard_task_runner.py:77} INFO - Job 339: Subtask evaluate_model
[2024-03-19 03:02:28,054] {logging_mixin.py:109} INFO - Running <TaskInstance: dag_ml_life_cycle.evaluate_model scheduled__2024-03-18T22:33:39.086022+00:00 [running]> on host 1.0.0.127.in-addr.arpa
[2024-03-19 03:02:28,174] {taskinstance.py:1424} INFO - Exporting the following env vars:
AIRFLOW_CTX_DAG_OWNER=airflow
AIRFLOW_CTX_DAG_ID=dag_ml_life_cycle
AIRFLOW_CTX_TASK_ID=evaluate_model
AIRFLOW_CTX_EXECUTION_DATE=2024-03-18T22:33:39.086022+00:00
AIRFLOW_CTX_DAG_RUN_ID=scheduled__2024-03-18T22:33:39.086022+00:00
[2024-03-19 03:02:28,178] {dag_ml_life_cycle.py:93} INFO - Getting gold data from ml_lifecycle_airflow/in-vehicle-coupon-recommendation_gold.csv ...
[2024-03-19 03:02:54,566] {dag_ml_life_cycle.py:105} INFO - Downloading model from ml_lifecycle_airflow/artifacts/model.pkl ...
[2024-03-19 03:03:01,377] {logging_mixin.py:109} INFO - File artifacts/model.pkl downloaded in /tmp/model.pkl.
[2024-03-19 03:03:01,402] {training.py:111} INFO - Model loaded from /tmp/model.pkl
[2024-03-19 03:03:01,406] {dag_ml_life_cycle.py:112} INFO - Evaluating model ...
[2024-03-19 03:03:01,755] {logging_mixin.py:109} INFO - accuracy (test): 0.7425323817076395
[2024-03-19 03:03:01,757] {logging_mixin.py:109} INFO - precision (test): 0.7490297542043984
[2024-03-19 03:03:01,758] {logging_mixin.py:109} INFO - recall (test): 0.8158759981211836
[2024-03-19 03:03:01,759] {logging_mixin.py:109} INFO - roc-auc (train-proba): 0.9961175563723904
[2024-03-19 03:03:01,760] {logging_mixin.py:109} INFO - roc-auc (test-proba): 0.8127045016053429
[2024-03-19 03:03:01,765] {dag_ml_life_cycle.py:119} INFO - Uploading metrics to ml_lifecycle_airflow/in-vehicle-coupon-recommendation_gold.csv ...
[2024-03-19 03:03:08,372] {python.py:175} INFO - Done. Returned value was: None
[2024-03-19 03:03:08,409] {taskinstance.py:1267} INFO - Marking task as SUCCESS. dag_id=dag_ml_life_cycle, task_id=evaluate_model, execution_date=20240318T223339, start_date=20240319T080227, end_date=20240319T080308
[2024-03-19 03:03:08,449] {local_task_job.py:211} WARNING - State of this instance has been externally set to success. Terminating instance.
[2024-03-19 03:03:08,497] {process_utils.py:120} INFO - Sending Signals.SIGTERM to group 72338. PIDs of all processes in the group: [72338]
[2024-03-19 03:03:08,498] {process_utils.py:75} INFO - Sending the signal Signals.SIGTERM to group 72338
