[2024-03-12 15:38:00,617] {taskinstance.py:1032} INFO - Dependencies all met for <TaskInstance: dag_ml_life_cycle.get_gold_data manual__2024-03-12T20:35:33.739537+00:00 [queued]>
[2024-03-12 15:38:00,684] {taskinstance.py:1032} INFO - Dependencies all met for <TaskInstance: dag_ml_life_cycle.get_gold_data manual__2024-03-12T20:35:33.739537+00:00 [queued]>
[2024-03-12 15:38:00,684] {taskinstance.py:1238} INFO - 
--------------------------------------------------------------------------------
[2024-03-12 15:38:00,684] {taskinstance.py:1239} INFO - Starting attempt 1 of 1
[2024-03-12 15:38:00,684] {taskinstance.py:1240} INFO - 
--------------------------------------------------------------------------------
[2024-03-12 15:38:00,692] {taskinstance.py:1259} INFO - Executing <Task(PythonOperator): get_gold_data> on 2024-03-12 20:35:33.739537+00:00
[2024-03-12 15:38:00,699] {standard_task_runner.py:52} INFO - Started process 8982 to run task
[2024-03-12 15:38:00,706] {standard_task_runner.py:76} INFO - Running: ['airflow', 'tasks', 'run', 'dag_ml_life_cycle', 'get_gold_data', 'manual__2024-03-12T20:35:33.739537+00:00', '--job-id', '6', '--raw', '--subdir', 'DAGS_FOLDER/lifecycle_ml_example/dags/dag_ml_life_cycle.py', '--cfg-path', '/var/folders/t4/c2kdpvnj6r793w3k056dkc640000gp/T/tmpofhxgkr4', '--error-file', '/var/folders/t4/c2kdpvnj6r793w3k056dkc640000gp/T/tmpd0a4ejg8']
[2024-03-12 15:38:00,708] {standard_task_runner.py:77} INFO - Job 6: Subtask get_gold_data
[2024-03-12 15:38:00,756] {logging_mixin.py:109} INFO - Running <TaskInstance: dag_ml_life_cycle.get_gold_data manual__2024-03-12T20:35:33.739537+00:00 [running]> on host 1.0.0.0.0.0.0.0.0.0.0.0.0.0.0.0.0.0.0.0.0.0.0.0.0.0.0.0.0.0.0.0.ip6.arpa
[2024-03-12 15:38:00,794] {taskinstance.py:1424} INFO - Exporting the following env vars:
AIRFLOW_CTX_DAG_EMAIL=airflow@example.com
AIRFLOW_CTX_DAG_OWNER=airflow
AIRFLOW_CTX_DAG_ID=dag_ml_life_cycle
AIRFLOW_CTX_TASK_ID=get_gold_data
AIRFLOW_CTX_EXECUTION_DATE=2024-03-12T20:35:33.739537+00:00
AIRFLOW_CTX_DAG_RUN_ID=manual__2024-03-12T20:35:33.739537+00:00
[2024-03-12 15:38:00,795] {data_preprocessing.py:29} INFO - Getting gold data
[2024-03-12 15:38:00,796] {data_preprocessing.py:33} INFO - Getting raw data from ml_lifecycle_airflow/in-vehicle-coupon-recommendation.csv ...
[2024-03-12 15:38:08,046] {data_preprocessing.py:80} INFO - Starting data preprocessing ...
[2024-03-12 15:38:08,259] {data_preprocessing.py:141} INFO - Data preprocessing complete

[2024-03-12 15:38:08,309] {data_preprocessing.py:159} INFO - Encoding features using hashing encoder ...
[2024-03-12 15:39:03,485] {data_preprocessing.py:159} INFO - Encoding features using hashing encoder ...
[2024-03-12 15:39:56,245] {data_preprocessing.py:54} INFO - Uploading preprocessed data to GCS ...
[2024-03-12 15:40:11,131] {python.py:175} INFO - Done. Returned value was: True
[2024-03-12 15:40:11,171] {taskinstance.py:1267} INFO - Marking task as SUCCESS. dag_id=dag_ml_life_cycle, task_id=get_gold_data, execution_date=20240312T203533, start_date=20240312T203800, end_date=20240312T204011
[2024-03-12 15:40:11,214] {local_task_job.py:154} INFO - Task exited with return code 0
[2024-03-12 15:40:11,233] {local_task_job.py:264} INFO - 1 downstream tasks scheduled from follow-on schedule check
