[2024-03-18 10:20:32,787] {taskinstance.py:1032} INFO - Dependencies all met for <TaskInstance: dag_ml_life_cycle.get_gold_data scheduled__2024-03-18T10:16:23.641670+00:00 [queued]>
[2024-03-18 10:20:32,797] {taskinstance.py:1032} INFO - Dependencies all met for <TaskInstance: dag_ml_life_cycle.get_gold_data scheduled__2024-03-18T10:16:23.641670+00:00 [queued]>
[2024-03-18 10:20:32,797] {taskinstance.py:1238} INFO - 
--------------------------------------------------------------------------------
[2024-03-18 10:20:32,797] {taskinstance.py:1239} INFO - Starting attempt 4 of 4
[2024-03-18 10:20:32,797] {taskinstance.py:1240} INFO - 
--------------------------------------------------------------------------------
[2024-03-18 10:20:32,805] {taskinstance.py:1259} INFO - Executing <Task(PythonOperator): get_gold_data> on 2024-03-18 10:16:23.641670+00:00
[2024-03-18 10:20:32,811] {standard_task_runner.py:52} INFO - Started process 93633 to run task
[2024-03-18 10:20:32,817] {standard_task_runner.py:76} INFO - Running: ['airflow', 'tasks', 'run', 'dag_ml_life_cycle', 'get_gold_data', 'scheduled__2024-03-18T10:16:23.641670+00:00', '--job-id', '84', '--raw', '--subdir', 'DAGS_FOLDER/lifecycle_ml_example/dags/dag_ml_life_cycle.py', '--cfg-path', '/var/folders/t4/c2kdpvnj6r793w3k056dkc640000gp/T/tmp091md7d_', '--error-file', '/var/folders/t4/c2kdpvnj6r793w3k056dkc640000gp/T/tmpfztlimng']
[2024-03-18 10:20:32,820] {standard_task_runner.py:77} INFO - Job 84: Subtask get_gold_data
[2024-03-18 10:20:32,860] {logging_mixin.py:109} INFO - Running <TaskInstance: dag_ml_life_cycle.get_gold_data scheduled__2024-03-18T10:16:23.641670+00:00 [running]> on host 1.0.0.127.in-addr.arpa
[2024-03-18 10:20:32,886] {taskinstance.py:1424} INFO - Exporting the following env vars:
AIRFLOW_CTX_DAG_OWNER=airflow
AIRFLOW_CTX_DAG_ID=dag_ml_life_cycle
AIRFLOW_CTX_TASK_ID=get_gold_data
AIRFLOW_CTX_EXECUTION_DATE=2024-03-18T10:16:23.641670+00:00
AIRFLOW_CTX_DAG_RUN_ID=scheduled__2024-03-18T10:16:23.641670+00:00
[2024-03-18 10:20:32,887] {data_preprocessing.py:34} INFO - Random error: 0.018997868420039365
[2024-03-18 10:20:32,888] {data_preprocessing.py:38} INFO - Getting gold data
[2024-03-18 10:20:32,888] {data_preprocessing.py:42} INFO - Getting raw data from ml_lifecycle_airflow/in-vehicle-coupon-recommendation.csv ...
[2024-03-18 10:20:35,402] {data_preprocessing.py:89} INFO - Starting data preprocessing ...
[2024-03-18 10:20:35,532] {data_preprocessing.py:150} INFO - Data preprocessing complete

[2024-03-18 10:20:35,561] {data_preprocessing.py:168} INFO - Encoding features using hashing encoder ...
[2024-03-18 10:21:10,558] {data_preprocessing.py:168} INFO - Encoding features using hashing encoder ...
[2024-03-18 10:21:46,989] {data_preprocessing.py:63} INFO - Uploading preprocessed data to GCS ...
[2024-03-18 10:21:56,064] {python.py:175} INFO - Done. Returned value was: True
[2024-03-18 10:21:56,084] {taskinstance.py:1267} INFO - Marking task as SUCCESS. dag_id=dag_ml_life_cycle, task_id=get_gold_data, execution_date=20240318T101623, start_date=20240318T152032, end_date=20240318T152156
[2024-03-18 10:21:56,104] {local_task_job.py:154} INFO - Task exited with return code 0
[2024-03-18 10:21:56,130] {local_task_job.py:264} INFO - 1 downstream tasks scheduled from follow-on schedule check
