[2024-03-15 12:21:01,203] {taskinstance.py:1032} INFO - Dependencies all met for <TaskInstance: dag_ml_life_cycle.get_gold_data scheduled__2024-03-15T17:07:55.975113+00:00 [queued]>
[2024-03-15 12:21:01,263] {taskinstance.py:1032} INFO - Dependencies all met for <TaskInstance: dag_ml_life_cycle.get_gold_data scheduled__2024-03-15T17:07:55.975113+00:00 [queued]>
[2024-03-15 12:21:01,263] {taskinstance.py:1238} INFO - 
--------------------------------------------------------------------------------
[2024-03-15 12:21:01,263] {taskinstance.py:1239} INFO - Starting attempt 2 of 4
[2024-03-15 12:21:01,263] {taskinstance.py:1240} INFO - 
--------------------------------------------------------------------------------
[2024-03-15 12:21:01,272] {taskinstance.py:1259} INFO - Executing <Task(PythonOperator): get_gold_data> on 2024-03-15 17:07:55.975113+00:00
[2024-03-15 12:21:01,278] {standard_task_runner.py:52} INFO - Started process 93549 to run task
[2024-03-15 12:21:01,285] {standard_task_runner.py:76} INFO - Running: ['airflow', 'tasks', 'run', 'dag_ml_life_cycle', 'get_gold_data', 'scheduled__2024-03-15T17:07:55.975113+00:00', '--job-id', '37', '--raw', '--subdir', 'DAGS_FOLDER/lifecycle_ml_example/dags/dag_ml_life_cycle.py', '--cfg-path', '/var/folders/t4/c2kdpvnj6r793w3k056dkc640000gp/T/tmpa_nemew6', '--error-file', '/var/folders/t4/c2kdpvnj6r793w3k056dkc640000gp/T/tmpei0tp_sl']
[2024-03-15 12:21:01,287] {standard_task_runner.py:77} INFO - Job 37: Subtask get_gold_data
[2024-03-15 12:21:01,329] {logging_mixin.py:109} INFO - Running <TaskInstance: dag_ml_life_cycle.get_gold_data scheduled__2024-03-15T17:07:55.975113+00:00 [running]> on host 1.0.0.0.0.0.0.0.0.0.0.0.0.0.0.0.0.0.0.0.0.0.0.0.0.0.0.0.0.0.0.0.ip6.arpa
[2024-03-15 12:21:01,357] {taskinstance.py:1424} INFO - Exporting the following env vars:
AIRFLOW_CTX_DAG_OWNER=airflow
AIRFLOW_CTX_DAG_ID=dag_ml_life_cycle
AIRFLOW_CTX_TASK_ID=get_gold_data
AIRFLOW_CTX_EXECUTION_DATE=2024-03-15T17:07:55.975113+00:00
AIRFLOW_CTX_DAG_RUN_ID=scheduled__2024-03-15T17:07:55.975113+00:00
[2024-03-15 12:21:01,375] {data_preprocessing.py:29} INFO - Getting gold data
[2024-03-15 12:21:01,376] {data_preprocessing.py:33} INFO - Getting raw data from ml_lifecycle_airflow/in-vehicle-coupon-recommendation.csv ...
[2024-03-15 12:21:04,464] {data_preprocessing.py:80} INFO - Starting data preprocessing ...
[2024-03-15 12:21:04,610] {data_preprocessing.py:141} INFO - Data preprocessing complete

[2024-03-15 12:21:04,639] {data_preprocessing.py:159} INFO - Encoding features using hashing encoder ...
[2024-03-15 12:21:39,424] {data_preprocessing.py:159} INFO - Encoding features using hashing encoder ...
[2024-03-15 12:22:13,982] {data_preprocessing.py:54} INFO - Uploading preprocessed data to GCS ...
[2024-03-15 12:22:22,299] {python.py:175} INFO - Done. Returned value was: True
[2024-03-15 12:22:22,325] {taskinstance.py:1267} INFO - Marking task as SUCCESS. dag_id=dag_ml_life_cycle, task_id=get_gold_data, execution_date=20240315T170755, start_date=20240315T172101, end_date=20240315T172222
[2024-03-15 12:22:22,366] {local_task_job.py:154} INFO - Task exited with return code 0
[2024-03-15 12:22:22,381] {local_task_job.py:264} INFO - 1 downstream tasks scheduled from follow-on schedule check
