[2024-03-18 19:19:35,084] {taskinstance.py:1032} INFO - Dependencies all met for <TaskInstance: dag_ml_life_cycle.get_gold_data scheduled__2024-03-18T18:20:47.382372+00:00 [queued]>
[2024-03-18 19:19:35,248] {taskinstance.py:1032} INFO - Dependencies all met for <TaskInstance: dag_ml_life_cycle.get_gold_data scheduled__2024-03-18T18:20:47.382372+00:00 [queued]>
[2024-03-18 19:19:35,249] {taskinstance.py:1238} INFO - 
--------------------------------------------------------------------------------
[2024-03-18 19:19:35,249] {taskinstance.py:1239} INFO - Starting attempt 2 of 4
[2024-03-18 19:19:35,249] {taskinstance.py:1240} INFO - 
--------------------------------------------------------------------------------
[2024-03-18 19:19:35,274] {taskinstance.py:1259} INFO - Executing <Task(PythonOperator): get_gold_data> on 2024-03-18 18:20:47.382372+00:00
[2024-03-18 19:19:35,293] {standard_task_runner.py:52} INFO - Started process 54280 to run task
[2024-03-18 19:19:35,315] {standard_task_runner.py:76} INFO - Running: ['airflow', 'tasks', 'run', 'dag_ml_life_cycle', 'get_gold_data', 'scheduled__2024-03-18T18:20:47.382372+00:00', '--job-id', '192', '--raw', '--subdir', 'DAGS_FOLDER/lifecycle_ml_example/dags/dag_ml_life_cycle.py', '--cfg-path', '/var/folders/t4/c2kdpvnj6r793w3k056dkc640000gp/T/tmphnfdr3sd', '--error-file', '/var/folders/t4/c2kdpvnj6r793w3k056dkc640000gp/T/tmpa50wkm5v']
[2024-03-18 19:19:35,324] {standard_task_runner.py:77} INFO - Job 192: Subtask get_gold_data
[2024-03-18 19:19:35,486] {logging_mixin.py:109} INFO - Running <TaskInstance: dag_ml_life_cycle.get_gold_data scheduled__2024-03-18T18:20:47.382372+00:00 [running]> on host 1.0.0.127.in-addr.arpa
[2024-03-18 19:19:35,599] {taskinstance.py:1424} INFO - Exporting the following env vars:
AIRFLOW_CTX_DAG_OWNER=airflow
AIRFLOW_CTX_DAG_ID=dag_ml_life_cycle
AIRFLOW_CTX_TASK_ID=get_gold_data
AIRFLOW_CTX_EXECUTION_DATE=2024-03-18T18:20:47.382372+00:00
AIRFLOW_CTX_DAG_RUN_ID=scheduled__2024-03-18T18:20:47.382372+00:00
[2024-03-18 19:19:35,604] {data_preprocessing.py:34} INFO - Random error: 0.18936746365873902
[2024-03-18 19:19:35,606] {data_preprocessing.py:38} INFO - Getting gold data
[2024-03-18 19:19:35,608] {data_preprocessing.py:42} INFO - Getting raw data from ml_lifecycle_airflow/in-vehicle-coupon-recommendation.csv ...
[2024-03-18 19:19:43,025] {data_preprocessing.py:89} INFO - Starting data preprocessing ...
[2024-03-18 19:19:43,694] {data_preprocessing.py:150} INFO - Data preprocessing complete

[2024-03-18 19:19:43,853] {data_preprocessing.py:168} INFO - Encoding features using hashing encoder ...
[2024-03-18 19:22:29,536] {data_preprocessing.py:168} INFO - Encoding features using hashing encoder ...
[2024-03-18 19:25:14,732] {data_preprocessing.py:63} INFO - Uploading preprocessed data to GCS ...
[2024-03-18 19:25:42,701] {python.py:175} INFO - Done. Returned value was: True
[2024-03-18 19:25:42,800] {taskinstance.py:1267} INFO - Marking task as SUCCESS. dag_id=dag_ml_life_cycle, task_id=get_gold_data, execution_date=20240318T182047, start_date=20240319T001935, end_date=20240319T002542
[2024-03-18 19:25:42,867] {local_task_job.py:154} INFO - Task exited with return code 0
[2024-03-18 19:25:42,946] {local_task_job.py:264} INFO - 1 downstream tasks scheduled from follow-on schedule check
