[2024-03-15 14:48:25,299] {taskinstance.py:1032} INFO - Dependencies all met for <TaskInstance: dag_ml_life_cycle.get_gold_data scheduled__2024-03-15T18:37:46.635091+00:00 [queued]>
[2024-03-15 14:48:25,465] {taskinstance.py:1032} INFO - Dependencies all met for <TaskInstance: dag_ml_life_cycle.get_gold_data scheduled__2024-03-15T18:37:46.635091+00:00 [queued]>
[2024-03-15 14:48:25,465] {taskinstance.py:1238} INFO - 
--------------------------------------------------------------------------------
[2024-03-15 14:48:25,466] {taskinstance.py:1239} INFO - Starting attempt 3 of 4
[2024-03-15 14:48:25,466] {taskinstance.py:1240} INFO - 
--------------------------------------------------------------------------------
[2024-03-15 14:48:25,491] {taskinstance.py:1259} INFO - Executing <Task(PythonOperator): get_gold_data> on 2024-03-15 18:37:46.635091+00:00
[2024-03-15 14:48:25,510] {standard_task_runner.py:52} INFO - Started process 39545 to run task
[2024-03-15 14:48:25,532] {standard_task_runner.py:76} INFO - Running: ['airflow', 'tasks', 'run', 'dag_ml_life_cycle', 'get_gold_data', 'scheduled__2024-03-15T18:37:46.635091+00:00', '--job-id', '68', '--raw', '--subdir', 'DAGS_FOLDER/lifecycle_ml_example/dags/dag_ml_life_cycle.py', '--cfg-path', '/var/folders/t4/c2kdpvnj6r793w3k056dkc640000gp/T/tmpts9phh3q', '--error-file', '/var/folders/t4/c2kdpvnj6r793w3k056dkc640000gp/T/tmpefm5l544']
[2024-03-15 14:48:25,541] {standard_task_runner.py:77} INFO - Job 68: Subtask get_gold_data
[2024-03-15 14:48:25,700] {logging_mixin.py:109} INFO - Running <TaskInstance: dag_ml_life_cycle.get_gold_data scheduled__2024-03-15T18:37:46.635091+00:00 [running]> on host 1.0.0.0.0.0.0.0.0.0.0.0.0.0.0.0.0.0.0.0.0.0.0.0.0.0.0.0.0.0.0.0.ip6.arpa
[2024-03-15 14:48:25,808] {taskinstance.py:1424} INFO - Exporting the following env vars:
AIRFLOW_CTX_DAG_OWNER=airflow
AIRFLOW_CTX_DAG_ID=dag_ml_life_cycle
AIRFLOW_CTX_TASK_ID=get_gold_data
AIRFLOW_CTX_EXECUTION_DATE=2024-03-15T18:37:46.635091+00:00
AIRFLOW_CTX_DAG_RUN_ID=scheduled__2024-03-15T18:37:46.635091+00:00
[2024-03-15 14:48:25,812] {data_preprocessing.py:29} INFO - Getting gold data
[2024-03-15 14:48:25,814] {data_preprocessing.py:33} INFO - Getting raw data from ml_lifecycle_airflow/in-vehicle-coupon-recommendation.csv ...
[2024-03-15 14:48:33,416] {data_preprocessing.py:80} INFO - Starting data preprocessing ...
[2024-03-15 14:48:34,072] {data_preprocessing.py:141} INFO - Data preprocessing complete

[2024-03-15 14:48:34,228] {data_preprocessing.py:159} INFO - Encoding features using hashing encoder ...
[2024-03-15 14:51:01,274] {data_preprocessing.py:159} INFO - Encoding features using hashing encoder ...
[2024-03-15 14:53:17,351] {data_preprocessing.py:54} INFO - Uploading preprocessed data to GCS ...
[2024-03-15 14:53:41,625] {python.py:175} INFO - Done. Returned value was: True
[2024-03-15 14:53:41,711] {taskinstance.py:1267} INFO - Marking task as SUCCESS. dag_id=dag_ml_life_cycle, task_id=get_gold_data, execution_date=20240315T183746, start_date=20240315T194825, end_date=20240315T195341
[2024-03-15 14:53:41,772] {local_task_job.py:154} INFO - Task exited with return code 0
[2024-03-15 14:53:41,825] {local_task_job.py:264} INFO - 1 downstream tasks scheduled from follow-on schedule check
