[2024-03-15 11:37:25,962] {taskinstance.py:1032} INFO - Dependencies all met for <TaskInstance: dag_ml_life_cycle.get_gold_data scheduled__2024-03-15T16:32:19.747128+00:00 [queued]>
[2024-03-15 11:37:26,020] {taskinstance.py:1032} INFO - Dependencies all met for <TaskInstance: dag_ml_life_cycle.get_gold_data scheduled__2024-03-15T16:32:19.747128+00:00 [queued]>
[2024-03-15 11:37:26,020] {taskinstance.py:1238} INFO - 
--------------------------------------------------------------------------------
[2024-03-15 11:37:26,020] {taskinstance.py:1239} INFO - Starting attempt 1 of 4
[2024-03-15 11:37:26,020] {taskinstance.py:1240} INFO - 
--------------------------------------------------------------------------------
[2024-03-15 11:37:26,028] {taskinstance.py:1259} INFO - Executing <Task(PythonOperator): get_gold_data> on 2024-03-15 16:32:19.747128+00:00
[2024-03-15 11:37:26,034] {standard_task_runner.py:52} INFO - Started process 63622 to run task
[2024-03-15 11:37:26,040] {standard_task_runner.py:76} INFO - Running: ['airflow', 'tasks', 'run', 'dag_ml_life_cycle', 'get_gold_data', 'scheduled__2024-03-15T16:32:19.747128+00:00', '--job-id', '14', '--raw', '--subdir', 'DAGS_FOLDER/lifecycle_ml_example/dags/dag_ml_life_cycle.py', '--cfg-path', '/var/folders/t4/c2kdpvnj6r793w3k056dkc640000gp/T/tmp4mp9dnia', '--error-file', '/var/folders/t4/c2kdpvnj6r793w3k056dkc640000gp/T/tmpb6l4fmlz']
[2024-03-15 11:37:26,042] {standard_task_runner.py:77} INFO - Job 14: Subtask get_gold_data
[2024-03-15 11:37:26,084] {logging_mixin.py:109} INFO - Running <TaskInstance: dag_ml_life_cycle.get_gold_data scheduled__2024-03-15T16:32:19.747128+00:00 [running]> on host 1.0.0.0.0.0.0.0.0.0.0.0.0.0.0.0.0.0.0.0.0.0.0.0.0.0.0.0.0.0.0.0.ip6.arpa
[2024-03-15 11:37:26,111] {taskinstance.py:1424} INFO - Exporting the following env vars:
AIRFLOW_CTX_DAG_OWNER=airflow
AIRFLOW_CTX_DAG_ID=dag_ml_life_cycle
AIRFLOW_CTX_TASK_ID=get_gold_data
AIRFLOW_CTX_EXECUTION_DATE=2024-03-15T16:32:19.747128+00:00
AIRFLOW_CTX_DAG_RUN_ID=scheduled__2024-03-15T16:32:19.747128+00:00
[2024-03-15 11:37:26,112] {data_preprocessing.py:29} INFO - Getting gold data
[2024-03-15 11:37:26,112] {data_preprocessing.py:33} INFO - Getting raw data from ml_lifecycle_airflow/in-vehicle-coupon-recommendation.csv ...
[2024-03-15 11:37:30,527] {data_preprocessing.py:80} INFO - Starting data preprocessing ...
[2024-03-15 11:37:30,663] {data_preprocessing.py:141} INFO - Data preprocessing complete

[2024-03-15 11:37:30,698] {data_preprocessing.py:159} INFO - Encoding features using hashing encoder ...
[2024-03-15 11:38:05,902] {data_preprocessing.py:159} INFO - Encoding features using hashing encoder ...
[2024-03-15 11:38:40,958] {data_preprocessing.py:54} INFO - Uploading preprocessed data to GCS ...
[2024-03-15 11:38:49,797] {python.py:175} INFO - Done. Returned value was: True
[2024-03-15 11:38:49,822] {taskinstance.py:1267} INFO - Marking task as SUCCESS. dag_id=dag_ml_life_cycle, task_id=get_gold_data, execution_date=20240315T163219, start_date=20240315T163725, end_date=20240315T163849
[2024-03-15 11:38:49,876] {local_task_job.py:154} INFO - Task exited with return code 0
[2024-03-15 11:38:49,895] {local_task_job.py:264} INFO - 1 downstream tasks scheduled from follow-on schedule check
