[2024-03-19 10:13:58,105] {taskinstance.py:1032} INFO - Dependencies all met for <TaskInstance: dag_ml_life_cycle.get_gold_data scheduled__2024-03-19T08:53:47.465166+00:00 [queued]>
[2024-03-19 10:13:58,171] {taskinstance.py:1032} INFO - Dependencies all met for <TaskInstance: dag_ml_life_cycle.get_gold_data scheduled__2024-03-19T08:53:47.465166+00:00 [queued]>
[2024-03-19 10:13:58,171] {taskinstance.py:1238} INFO - 
--------------------------------------------------------------------------------
[2024-03-19 10:13:58,171] {taskinstance.py:1239} INFO - Starting attempt 3 of 4
[2024-03-19 10:13:58,171] {taskinstance.py:1240} INFO - 
--------------------------------------------------------------------------------
[2024-03-19 10:13:58,180] {taskinstance.py:1259} INFO - Executing <Task(PythonOperator): get_gold_data> on 2024-03-19 08:53:47.465166+00:00
[2024-03-19 10:13:58,187] {standard_task_runner.py:52} INFO - Started process 99858 to run task
[2024-03-19 10:13:58,193] {standard_task_runner.py:76} INFO - Running: ['airflow', 'tasks', 'run', 'dag_ml_life_cycle', 'get_gold_data', 'scheduled__2024-03-19T08:53:47.465166+00:00', '--job-id', '519', '--raw', '--subdir', 'DAGS_FOLDER/lifecycle_ml_example/dags/dag_ml_life_cycle.py', '--cfg-path', '/var/folders/t4/c2kdpvnj6r793w3k056dkc640000gp/T/tmpxpkbsm09', '--error-file', '/var/folders/t4/c2kdpvnj6r793w3k056dkc640000gp/T/tmpdp3ke40r']
[2024-03-19 10:13:58,195] {standard_task_runner.py:77} INFO - Job 519: Subtask get_gold_data
[2024-03-19 10:13:58,237] {logging_mixin.py:109} INFO - Running <TaskInstance: dag_ml_life_cycle.get_gold_data scheduled__2024-03-19T08:53:47.465166+00:00 [running]> on host 1.0.0.127.in-addr.arpa
[2024-03-19 10:13:58,264] {taskinstance.py:1424} INFO - Exporting the following env vars:
AIRFLOW_CTX_DAG_OWNER=airflow
AIRFLOW_CTX_DAG_ID=dag_ml_life_cycle
AIRFLOW_CTX_TASK_ID=get_gold_data
AIRFLOW_CTX_EXECUTION_DATE=2024-03-19T08:53:47.465166+00:00
AIRFLOW_CTX_DAG_RUN_ID=scheduled__2024-03-19T08:53:47.465166+00:00
[2024-03-19 10:13:58,265] {data_preprocessing.py:34} INFO - Random error: 0.03537938559562959
[2024-03-19 10:13:58,266] {data_preprocessing.py:38} INFO - Getting gold data
[2024-03-19 10:13:58,266] {data_preprocessing.py:42} INFO - Getting raw data from ml_lifecycle_airflow/in-vehicle-coupon-recommendation.csv ...
[2024-03-19 10:14:01,794] {data_preprocessing.py:89} INFO - Starting data preprocessing ...
[2024-03-19 10:14:01,940] {data_preprocessing.py:150} INFO - Data preprocessing complete

[2024-03-19 10:14:01,972] {data_preprocessing.py:168} INFO - Encoding features using hashing encoder ...
[2024-03-19 10:14:40,223] {data_preprocessing.py:168} INFO - Encoding features using hashing encoder ...
[2024-03-19 10:15:18,690] {data_preprocessing.py:63} INFO - Uploading preprocessed data to GCS ...
[2024-03-19 10:15:20,580] {local_task_job.py:154} INFO - Task exited with return code Negsignal.SIGSEGV
[2024-03-19 10:15:20,589] {taskinstance.py:1267} INFO - Marking task as UP_FOR_RETRY. dag_id=dag_ml_life_cycle, task_id=get_gold_data, execution_date=20240319T085347, start_date=20240319T151358, end_date=20240319T151520
[2024-03-19 10:15:20,609] {local_task_job.py:264} INFO - 0 downstream tasks scheduled from follow-on schedule check
