[2024-03-19 10:31:03,287] {taskinstance.py:1032} INFO - Dependencies all met for <TaskInstance: dag_ml_life_cycle.evaluate_model scheduled__2024-03-19T09:20:57.901829+00:00 [queued]>
[2024-03-19 10:31:03,352] {taskinstance.py:1032} INFO - Dependencies all met for <TaskInstance: dag_ml_life_cycle.evaluate_model scheduled__2024-03-19T09:20:57.901829+00:00 [queued]>
[2024-03-19 10:31:03,352] {taskinstance.py:1238} INFO - 
--------------------------------------------------------------------------------
[2024-03-19 10:31:03,352] {taskinstance.py:1239} INFO - Starting attempt 1 of 4
[2024-03-19 10:31:03,352] {taskinstance.py:1240} INFO - 
--------------------------------------------------------------------------------
[2024-03-19 10:31:03,361] {taskinstance.py:1259} INFO - Executing <Task(_PythonDecoratedOperator): evaluate_model> on 2024-03-19 09:20:57.901829+00:00
[2024-03-19 10:31:03,367] {standard_task_runner.py:52} INFO - Started process 17433 to run task
[2024-03-19 10:31:03,374] {standard_task_runner.py:76} INFO - Running: ['airflow', 'tasks', 'run', 'dag_ml_life_cycle', 'evaluate_model', 'scheduled__2024-03-19T09:20:57.901829+00:00', '--job-id', '548', '--raw', '--subdir', 'DAGS_FOLDER/lifecycle_ml_example/dags/dag_ml_life_cycle.py', '--cfg-path', '/var/folders/t4/c2kdpvnj6r793w3k056dkc640000gp/T/tmpyks_syc5', '--error-file', '/var/folders/t4/c2kdpvnj6r793w3k056dkc640000gp/T/tmp75_tiiib']
[2024-03-19 10:31:03,376] {standard_task_runner.py:77} INFO - Job 548: Subtask evaluate_model
[2024-03-19 10:31:03,421] {logging_mixin.py:109} INFO - Running <TaskInstance: dag_ml_life_cycle.evaluate_model scheduled__2024-03-19T09:20:57.901829+00:00 [running]> on host 1.0.0.127.in-addr.arpa
[2024-03-19 10:31:03,450] {taskinstance.py:1424} INFO - Exporting the following env vars:
AIRFLOW_CTX_DAG_OWNER=airflow
AIRFLOW_CTX_DAG_ID=dag_ml_life_cycle
AIRFLOW_CTX_TASK_ID=evaluate_model
AIRFLOW_CTX_EXECUTION_DATE=2024-03-19T09:20:57.901829+00:00
AIRFLOW_CTX_DAG_RUN_ID=scheduled__2024-03-19T09:20:57.901829+00:00
[2024-03-19 10:31:03,451] {dag_ml_life_cycle.py:93} INFO - Getting gold data from ml_lifecycle_airflow/in-vehicle-coupon-recommendation_gold.csv ...
[2024-03-19 10:31:12,223] {dag_ml_life_cycle.py:105} INFO - Downloading model from ml_lifecycle_airflow/artifacts/model.pkl ...
[2024-03-19 10:31:13,932] {local_task_job.py:154} INFO - Task exited with return code Negsignal.SIGSEGV
[2024-03-19 10:31:13,939] {taskinstance.py:1267} INFO - Marking task as UP_FOR_RETRY. dag_id=dag_ml_life_cycle, task_id=evaluate_model, execution_date=20240319T092057, start_date=20240319T153103, end_date=20240319T153113
[2024-03-19 10:31:13,958] {local_task_job.py:264} INFO - 0 downstream tasks scheduled from follow-on schedule check
