[2024-03-19 17:21:46,519] {taskinstance.py:1032} INFO - Dependencies all met for <TaskInstance: dag_ml_life_cycle.get_gold_data scheduled__2024-03-19T17:16:08.348952+00:00 [queued]>
[2024-03-19 17:21:46,600] {taskinstance.py:1032} INFO - Dependencies all met for <TaskInstance: dag_ml_life_cycle.get_gold_data scheduled__2024-03-19T17:16:08.348952+00:00 [queued]>
[2024-03-19 17:21:46,600] {taskinstance.py:1238} INFO - 
--------------------------------------------------------------------------------
[2024-03-19 17:21:46,600] {taskinstance.py:1239} INFO - Starting attempt 2 of 4
[2024-03-19 17:21:46,600] {taskinstance.py:1240} INFO - 
--------------------------------------------------------------------------------
[2024-03-19 17:21:46,610] {taskinstance.py:1259} INFO - Executing <Task(PythonOperator): get_gold_data> on 2024-03-19 17:16:08.348952+00:00
[2024-03-19 17:21:46,617] {standard_task_runner.py:52} INFO - Started process 9102 to run task
[2024-03-19 17:21:46,626] {standard_task_runner.py:76} INFO - Running: ['airflow', 'tasks', 'run', 'dag_ml_life_cycle', 'get_gold_data', 'scheduled__2024-03-19T17:16:08.348952+00:00', '--job-id', '902', '--raw', '--subdir', 'DAGS_FOLDER/lifecycle_ml_example/dags/dag_ml_life_cycle.py', '--cfg-path', '/var/folders/t4/c2kdpvnj6r793w3k056dkc640000gp/T/tmp4nzk2pu4', '--error-file', '/var/folders/t4/c2kdpvnj6r793w3k056dkc640000gp/T/tmp4ezpm474']
[2024-03-19 17:21:46,629] {standard_task_runner.py:77} INFO - Job 902: Subtask get_gold_data
[2024-03-19 17:21:46,686] {logging_mixin.py:109} INFO - Running <TaskInstance: dag_ml_life_cycle.get_gold_data scheduled__2024-03-19T17:16:08.348952+00:00 [running]> on host MacBook-Pro-2.local
[2024-03-19 17:21:46,725] {taskinstance.py:1424} INFO - Exporting the following env vars:
AIRFLOW_CTX_DAG_OWNER=airflow
AIRFLOW_CTX_DAG_ID=dag_ml_life_cycle
AIRFLOW_CTX_TASK_ID=get_gold_data
AIRFLOW_CTX_EXECUTION_DATE=2024-03-19T17:16:08.348952+00:00
AIRFLOW_CTX_DAG_RUN_ID=scheduled__2024-03-19T17:16:08.348952+00:00
[2024-03-19 17:21:46,727] {data_preprocessing.py:34} INFO - Random error: 0.0999175927743613
[2024-03-19 17:21:46,727] {data_preprocessing.py:38} INFO - Getting gold data
[2024-03-19 17:21:46,728] {data_preprocessing.py:42} INFO - Getting raw data from ml_lifecycle_airflow/in-vehicle-coupon-recommendation.csv ...
[2024-03-19 17:21:51,504] {data_preprocessing.py:89} INFO - Starting data preprocessing ...
[2024-03-19 17:21:51,730] {data_preprocessing.py:150} INFO - Data preprocessing complete

[2024-03-19 17:21:51,784] {data_preprocessing.py:168} INFO - Encoding features using hashing encoder ...
[2024-03-19 17:22:50,727] {data_preprocessing.py:168} INFO - Encoding features using hashing encoder ...
[2024-03-19 17:23:27,482] {local_task_job.py:191} WARNING - The recorded hostname MacBook-Pro-2.local does not match this instance's hostname 1.0.0.127.in-addr.arpa
[2024-03-19 17:23:27,505] {process_utils.py:120} INFO - Sending Signals.SIGTERM to group 9102. PIDs of all processes in the group: [9250, 11403, 11452, 11484, 11509, 9102]
[2024-03-19 17:23:27,505] {process_utils.py:75} INFO - Sending the signal Signals.SIGTERM to group 9102
[2024-03-19 17:23:27,506] {taskinstance.py:1408} ERROR - Received SIGTERM. Terminating subprocesses.
[2024-03-19 17:23:27,531] {taskinstance.py:1700} ERROR - Task failed with exception
Traceback (most recent call last):
  File "/Users/macbook/anaconda3/envs/airflow_env/lib/python3.9/site-packages/airflow/models/taskinstance.py", line 1329, in _run_raw_task
    self._execute_task_with_callbacks(context)
  File "/Users/macbook/anaconda3/envs/airflow_env/lib/python3.9/site-packages/airflow/models/taskinstance.py", line 1455, in _execute_task_with_callbacks
    result = self._execute_task(context, self.task)
  File "/Users/macbook/anaconda3/envs/airflow_env/lib/python3.9/site-packages/airflow/models/taskinstance.py", line 1511, in _execute_task
    result = execute_callable(context=context)
  File "/Users/macbook/anaconda3/envs/airflow_env/lib/python3.9/site-packages/airflow/operators/python.py", line 174, in execute
    return_value = self.execute_callable()
  File "/Users/macbook/anaconda3/envs/airflow_env/lib/python3.9/site-packages/airflow/operators/python.py", line 185, in execute_callable
    return self.python_callable(*self.op_args, **self.op_kwargs)
  File "/Users/macbook/Desktop/airflow_tutorial/airflow/dags/lifecycle_ml_example/src/features/data_preprocessing.py", line 60, in get_gold_data
    x_test_hashing = encode_features(x_test)
  File "/Users/macbook/Desktop/airflow_tutorial/airflow/dags/lifecycle_ml_example/src/features/data_preprocessing.py", line 175, in encode_features
    x_test_hashing = hashing_ros_enc.transform(x.reset_index(drop=True))
  File "/Users/macbook/anaconda3/envs/airflow_env/lib/python3.9/site-packages/sklearn/utils/_set_output.py", line 140, in wrapped
    data_to_wrap = f(self, X, *args, **kwargs)
  File "/Users/macbook/anaconda3/envs/airflow_env/lib/python3.9/site-packages/category_encoders/utils.py", line 488, in transform
    X = self._transform(X)
  File "/Users/macbook/anaconda3/envs/airflow_env/lib/python3.9/site-packages/category_encoders/hashing.py", line 177, in _transform
    hashing_parts = multiprocessing.Manager().Queue()
  File "/Users/macbook/anaconda3/envs/airflow_env/lib/python3.9/multiprocessing/context.py", line 57, in Manager
    m.start()
  File "/Users/macbook/anaconda3/envs/airflow_env/lib/python3.9/multiprocessing/managers.py", line 558, in start
    self._address = reader.recv()
  File "/Users/macbook/anaconda3/envs/airflow_env/lib/python3.9/multiprocessing/connection.py", line 250, in recv
    buf = self._recv_bytes()
  File "/Users/macbook/anaconda3/envs/airflow_env/lib/python3.9/multiprocessing/connection.py", line 414, in _recv_bytes
    buf = self._recv(4)
  File "/Users/macbook/anaconda3/envs/airflow_env/lib/python3.9/multiprocessing/connection.py", line 379, in _recv
    chunk = read(handle, remaining)
  File "/Users/macbook/anaconda3/envs/airflow_env/lib/python3.9/site-packages/airflow/models/taskinstance.py", line 1410, in signal_handler
    raise AirflowException("Task received SIGTERM signal")
airflow.exceptions.AirflowException: Task received SIGTERM signal
[2024-03-19 17:23:27,548] {taskinstance.py:1267} INFO - Marking task as UP_FOR_RETRY. dag_id=dag_ml_life_cycle, task_id=get_gold_data, execution_date=20240319T171608, start_date=20240319T222146, end_date=20240319T222327
[2024-03-19 17:23:27,560] {standard_task_runner.py:89} ERROR - Failed to execute job 902 for task get_gold_data
Traceback (most recent call last):
  File "/Users/macbook/anaconda3/envs/airflow_env/lib/python3.9/site-packages/airflow/task/task_runner/standard_task_runner.py", line 85, in _start_by_fork
    args.func(args, dag=self.dag)
  File "/Users/macbook/anaconda3/envs/airflow_env/lib/python3.9/site-packages/airflow/cli/cli_parser.py", line 48, in command
    return func(*args, **kwargs)
  File "/Users/macbook/anaconda3/envs/airflow_env/lib/python3.9/site-packages/airflow/utils/cli.py", line 92, in wrapper
    return f(*args, **kwargs)
  File "/Users/macbook/anaconda3/envs/airflow_env/lib/python3.9/site-packages/airflow/cli/commands/task_command.py", line 298, in task_run
    _run_task_by_selected_method(args, dag, ti)
  File "/Users/macbook/anaconda3/envs/airflow_env/lib/python3.9/site-packages/airflow/cli/commands/task_command.py", line 107, in _run_task_by_selected_method
    _run_raw_task(args, ti)
  File "/Users/macbook/anaconda3/envs/airflow_env/lib/python3.9/site-packages/airflow/cli/commands/task_command.py", line 180, in _run_raw_task
    ti._run_raw_task(
  File "/Users/macbook/anaconda3/envs/airflow_env/lib/python3.9/site-packages/airflow/utils/session.py", line 70, in wrapper
    return func(*args, session=session, **kwargs)
  File "/Users/macbook/anaconda3/envs/airflow_env/lib/python3.9/site-packages/airflow/models/taskinstance.py", line 1329, in _run_raw_task
    self._execute_task_with_callbacks(context)
  File "/Users/macbook/anaconda3/envs/airflow_env/lib/python3.9/site-packages/airflow/models/taskinstance.py", line 1455, in _execute_task_with_callbacks
    result = self._execute_task(context, self.task)
  File "/Users/macbook/anaconda3/envs/airflow_env/lib/python3.9/site-packages/airflow/models/taskinstance.py", line 1511, in _execute_task
    result = execute_callable(context=context)
  File "/Users/macbook/anaconda3/envs/airflow_env/lib/python3.9/site-packages/airflow/operators/python.py", line 174, in execute
    return_value = self.execute_callable()
  File "/Users/macbook/anaconda3/envs/airflow_env/lib/python3.9/site-packages/airflow/operators/python.py", line 185, in execute_callable
    return self.python_callable(*self.op_args, **self.op_kwargs)
  File "/Users/macbook/Desktop/airflow_tutorial/airflow/dags/lifecycle_ml_example/src/features/data_preprocessing.py", line 60, in get_gold_data
    x_test_hashing = encode_features(x_test)
  File "/Users/macbook/Desktop/airflow_tutorial/airflow/dags/lifecycle_ml_example/src/features/data_preprocessing.py", line 175, in encode_features
    x_test_hashing = hashing_ros_enc.transform(x.reset_index(drop=True))
  File "/Users/macbook/anaconda3/envs/airflow_env/lib/python3.9/site-packages/sklearn/utils/_set_output.py", line 140, in wrapped
    data_to_wrap = f(self, X, *args, **kwargs)
  File "/Users/macbook/anaconda3/envs/airflow_env/lib/python3.9/site-packages/category_encoders/utils.py", line 488, in transform
    X = self._transform(X)
  File "/Users/macbook/anaconda3/envs/airflow_env/lib/python3.9/site-packages/category_encoders/hashing.py", line 177, in _transform
    hashing_parts = multiprocessing.Manager().Queue()
  File "/Users/macbook/anaconda3/envs/airflow_env/lib/python3.9/multiprocessing/context.py", line 57, in Manager
    m.start()
  File "/Users/macbook/anaconda3/envs/airflow_env/lib/python3.9/multiprocessing/managers.py", line 558, in start
    self._address = reader.recv()
  File "/Users/macbook/anaconda3/envs/airflow_env/lib/python3.9/multiprocessing/connection.py", line 250, in recv
    buf = self._recv_bytes()
  File "/Users/macbook/anaconda3/envs/airflow_env/lib/python3.9/multiprocessing/connection.py", line 414, in _recv_bytes
    buf = self._recv(4)
  File "/Users/macbook/anaconda3/envs/airflow_env/lib/python3.9/multiprocessing/connection.py", line 379, in _recv
    chunk = read(handle, remaining)
  File "/Users/macbook/anaconda3/envs/airflow_env/lib/python3.9/site-packages/airflow/models/taskinstance.py", line 1410, in signal_handler
    raise AirflowException("Task received SIGTERM signal")
airflow.exceptions.AirflowException: Task received SIGTERM signal
[2024-03-19 17:23:27,619] {process_utils.py:70} INFO - Process psutil.Process(pid=11403, status='terminated', started='17:23:21') (11403) terminated with exit code None
[2024-03-19 17:23:27,619] {process_utils.py:70} INFO - Process psutil.Process(pid=11509, status='terminated', started='17:23:26') (11509) terminated with exit code None
[2024-03-19 17:23:27,620] {process_utils.py:70} INFO - Process psutil.Process(pid=9250, status='terminated', started='17:21:51') (9250) terminated with exit code None
[2024-03-19 17:23:27,620] {process_utils.py:70} INFO - Process psutil.Process(pid=11452, status='terminated', started='17:23:23') (11452) terminated with exit code None
[2024-03-19 17:23:27,621] {process_utils.py:70} INFO - Process psutil.Process(pid=11484, status='terminated', started='17:23:24') (11484) terminated with exit code None
[2024-03-19 17:23:27,621] {process_utils.py:70} INFO - Process psutil.Process(pid=9102, status='terminated', exitcode=1, started='17:21:46') (9102) terminated with exit code 1
