[2024-03-20 00:11:05,925] {taskinstance.py:1032} INFO - Dependencies all met for <TaskInstance: dag_ml_life_cycle.make_training scheduled__2024-03-19T21:44:14.628703+00:00 [queued]>
[2024-03-20 00:11:05,995] {taskinstance.py:1032} INFO - Dependencies all met for <TaskInstance: dag_ml_life_cycle.make_training scheduled__2024-03-19T21:44:14.628703+00:00 [queued]>
[2024-03-20 00:11:05,995] {taskinstance.py:1238} INFO - 
--------------------------------------------------------------------------------
[2024-03-20 00:11:05,995] {taskinstance.py:1239} INFO - Starting attempt 1 of 4
[2024-03-20 00:11:05,995] {taskinstance.py:1240} INFO - 
--------------------------------------------------------------------------------
[2024-03-20 00:11:06,003] {taskinstance.py:1259} INFO - Executing <Task(PythonOperator): make_training> on 2024-03-19 21:44:14.628703+00:00
[2024-03-20 00:11:06,010] {standard_task_runner.py:52} INFO - Started process 26259 to run task
[2024-03-20 00:11:06,017] {standard_task_runner.py:76} INFO - Running: ['airflow', 'tasks', 'run', 'dag_ml_life_cycle', 'make_training', 'scheduled__2024-03-19T21:44:14.628703+00:00', '--job-id', '1029', '--raw', '--subdir', 'DAGS_FOLDER/lifecycle_ml_example/dags/dag_ml_life_cycle.py', '--cfg-path', '/var/folders/t4/c2kdpvnj6r793w3k056dkc640000gp/T/tmpmfe83mci', '--error-file', '/var/folders/t4/c2kdpvnj6r793w3k056dkc640000gp/T/tmpglap90tk']
[2024-03-20 00:11:06,020] {standard_task_runner.py:77} INFO - Job 1029: Subtask make_training
[2024-03-20 00:11:06,071] {logging_mixin.py:109} INFO - Running <TaskInstance: dag_ml_life_cycle.make_training scheduled__2024-03-19T21:44:14.628703+00:00 [running]> on host macbook-pro-2.local
[2024-03-20 00:11:06,133] {taskinstance.py:1424} INFO - Exporting the following env vars:
AIRFLOW_CTX_DAG_OWNER=airflow
AIRFLOW_CTX_DAG_ID=dag_ml_life_cycle
AIRFLOW_CTX_TASK_ID=make_training
AIRFLOW_CTX_EXECUTION_DATE=2024-03-19T21:44:14.628703+00:00
AIRFLOW_CTX_DAG_RUN_ID=scheduled__2024-03-19T21:44:14.628703+00:00
[2024-03-20 00:11:06,153] {training.py:31} INFO - Get training data for xgboost model ...
[2024-03-20 00:11:11,357] {training.py:41} INFO - Training xgboost model.
[2024-03-20 00:11:11,368] {logging_mixin.py:109} WARNING - /Users/macbook/anaconda3/envs/airflow_env/lib/python3.9/site-packages/xgboost/sklearn.py:1395 UserWarning: `use_label_encoder` is deprecated in 1.7.0.
[2024-03-20 00:11:11,865] {training.py:89} INFO - Model saved at /Users/macbook/Desktop/airflow_tutorial/airflow/dags/lifecycle_ml_example/artifacts/model.pkl
[2024-03-20 00:11:11,866] {training.py:62} INFO - Saving xgboost model to artifacts/model.pkl ...
[2024-03-20 00:11:15,267] {logging_mixin.py:109} INFO - File: /Users/macbook/Desktop/airflow_tutorial/airflow/dags/lifecycle_ml_example/artifacts/model.pkl upload to artifacts/model.pkl.
[2024-03-20 00:11:15,269] {python.py:175} INFO - Done. Returned value was: True
[2024-03-20 00:11:15,283] {taskinstance.py:1267} INFO - Marking task as SUCCESS. dag_id=dag_ml_life_cycle, task_id=make_training, execution_date=20240319T214414, start_date=20240320T051105, end_date=20240320T051115
[2024-03-20 00:11:15,328] {local_task_job.py:154} INFO - Task exited with return code 0
[2024-03-20 00:11:15,352] {local_task_job.py:264} INFO - 1 downstream tasks scheduled from follow-on schedule check
