[2024-03-15 12:19:50,042] {taskinstance.py:1032} INFO - Dependencies all met for <TaskInstance: dag_ml_life_cycle.evaluate_model scheduled__2024-03-15T17:12:55.975113+00:00 [queued]>
[2024-03-15 12:19:50,118] {taskinstance.py:1032} INFO - Dependencies all met for <TaskInstance: dag_ml_life_cycle.evaluate_model scheduled__2024-03-15T17:12:55.975113+00:00 [queued]>
[2024-03-15 12:19:50,118] {taskinstance.py:1238} INFO - 
--------------------------------------------------------------------------------
[2024-03-15 12:19:50,118] {taskinstance.py:1239} INFO - Starting attempt 1 of 4
[2024-03-15 12:19:50,118] {taskinstance.py:1240} INFO - 
--------------------------------------------------------------------------------
[2024-03-15 12:19:50,127] {taskinstance.py:1259} INFO - Executing <Task(_PythonDecoratedOperator): evaluate_model> on 2024-03-15 17:12:55.975113+00:00
[2024-03-15 12:19:50,135] {standard_task_runner.py:52} INFO - Started process 92462 to run task
[2024-03-15 12:19:50,141] {standard_task_runner.py:76} INFO - Running: ['airflow', 'tasks', 'run', 'dag_ml_life_cycle', 'evaluate_model', 'scheduled__2024-03-15T17:12:55.975113+00:00', '--job-id', '36', '--raw', '--subdir', 'DAGS_FOLDER/lifecycle_ml_example/dags/dag_ml_life_cycle.py', '--cfg-path', '/var/folders/t4/c2kdpvnj6r793w3k056dkc640000gp/T/tmplqs_yw8b', '--error-file', '/var/folders/t4/c2kdpvnj6r793w3k056dkc640000gp/T/tmp53_ie13r']
[2024-03-15 12:19:50,143] {standard_task_runner.py:77} INFO - Job 36: Subtask evaluate_model
[2024-03-15 12:19:50,185] {logging_mixin.py:109} INFO - Running <TaskInstance: dag_ml_life_cycle.evaluate_model scheduled__2024-03-15T17:12:55.975113+00:00 [running]> on host 1.0.0.0.0.0.0.0.0.0.0.0.0.0.0.0.0.0.0.0.0.0.0.0.0.0.0.0.0.0.0.0.ip6.arpa
[2024-03-15 12:19:50,214] {taskinstance.py:1424} INFO - Exporting the following env vars:
AIRFLOW_CTX_DAG_OWNER=airflow
AIRFLOW_CTX_DAG_ID=dag_ml_life_cycle
AIRFLOW_CTX_TASK_ID=evaluate_model
AIRFLOW_CTX_EXECUTION_DATE=2024-03-15T17:12:55.975113+00:00
AIRFLOW_CTX_DAG_RUN_ID=scheduled__2024-03-15T17:12:55.975113+00:00
[2024-03-15 12:19:50,215] {dag_ml_life_cycle.py:70} INFO - Getting gold data from ml_lifecycle_airflow/in-vehicle-coupon-recommendation_gold.csv ...
[2024-03-15 12:19:58,686] {dag_ml_life_cycle.py:82} INFO - Downloading model from ml_lifecycle_airflow/artifacts/model.pkl ...
[2024-03-15 12:20:01,047] {logging_mixin.py:109} INFO - File artifacts/model.pkl downloaded in /tmp/model.pkl.
[2024-03-15 12:20:01,057] {training.py:111} INFO - Model loaded from /tmp/model.pkl
[2024-03-15 12:20:01,058] {dag_ml_life_cycle.py:89} INFO - Evaluating model ...
[2024-03-15 12:20:01,141] {logging_mixin.py:109} INFO - accuracy (test): 0.7425323817076395
[2024-03-15 12:20:01,142] {logging_mixin.py:109} INFO - precision (test): 0.7490297542043984
[2024-03-15 12:20:01,142] {logging_mixin.py:109} INFO - recall (test): 0.8158759981211836
[2024-03-15 12:20:01,142] {logging_mixin.py:109} INFO - roc-auc (train-proba): 0.9961175563723904
[2024-03-15 12:20:01,143] {logging_mixin.py:109} INFO - roc-auc (test-proba): 0.8127045016053429
[2024-03-15 12:20:01,144] {dag_ml_life_cycle.py:96} INFO - Uploading metrics to ml_lifecycle_airflow/in-vehicle-coupon-recommendation_gold.csv ...
[2024-03-15 12:20:03,439] {python.py:175} INFO - Done. Returned value was: None
[2024-03-15 12:20:03,449] {taskinstance.py:1267} INFO - Marking task as SUCCESS. dag_id=dag_ml_life_cycle, task_id=evaluate_model, execution_date=20240315T171255, start_date=20240315T171950, end_date=20240315T172003
[2024-03-15 12:20:03,492] {local_task_job.py:154} INFO - Task exited with return code 0
[2024-03-15 12:20:03,506] {local_task_job.py:264} INFO - 1 downstream tasks scheduled from follow-on schedule check
