[2024-03-19 14:25:34,610] {taskinstance.py:1032} INFO - Dependencies all met for <TaskInstance: dag_ml_life_cycle.evaluate_model scheduled__2024-03-19T13:59:39.140113+00:00 [queued]>
[2024-03-19 14:25:34,693] {taskinstance.py:1032} INFO - Dependencies all met for <TaskInstance: dag_ml_life_cycle.evaluate_model scheduled__2024-03-19T13:59:39.140113+00:00 [queued]>
[2024-03-19 14:25:34,693] {taskinstance.py:1238} INFO - 
--------------------------------------------------------------------------------
[2024-03-19 14:25:34,693] {taskinstance.py:1239} INFO - Starting attempt 1 of 4
[2024-03-19 14:25:34,693] {taskinstance.py:1240} INFO - 
--------------------------------------------------------------------------------
[2024-03-19 14:25:34,701] {taskinstance.py:1259} INFO - Executing <Task(_PythonDecoratedOperator): evaluate_model> on 2024-03-19 13:59:39.140113+00:00
[2024-03-19 14:25:34,707] {standard_task_runner.py:52} INFO - Started process 39480 to run task
[2024-03-19 14:25:34,713] {standard_task_runner.py:76} INFO - Running: ['airflow', 'tasks', 'run', 'dag_ml_life_cycle', 'evaluate_model', 'scheduled__2024-03-19T13:59:39.140113+00:00', '--job-id', '728', '--raw', '--subdir', 'DAGS_FOLDER/lifecycle_ml_example/dags/dag_ml_life_cycle.py', '--cfg-path', '/var/folders/t4/c2kdpvnj6r793w3k056dkc640000gp/T/tmpwu1l6899', '--error-file', '/var/folders/t4/c2kdpvnj6r793w3k056dkc640000gp/T/tmp8u2bm2sf']
[2024-03-19 14:25:34,716] {standard_task_runner.py:77} INFO - Job 728: Subtask evaluate_model
[2024-03-19 14:25:34,762] {logging_mixin.py:109} INFO - Running <TaskInstance: dag_ml_life_cycle.evaluate_model scheduled__2024-03-19T13:59:39.140113+00:00 [running]> on host 1.0.0.127.in-addr.arpa
[2024-03-19 14:25:34,793] {taskinstance.py:1424} INFO - Exporting the following env vars:
AIRFLOW_CTX_DAG_OWNER=airflow
AIRFLOW_CTX_DAG_ID=dag_ml_life_cycle
AIRFLOW_CTX_TASK_ID=evaluate_model
AIRFLOW_CTX_EXECUTION_DATE=2024-03-19T13:59:39.140113+00:00
AIRFLOW_CTX_DAG_RUN_ID=scheduled__2024-03-19T13:59:39.140113+00:00
[2024-03-19 14:25:34,794] {dag_ml_life_cycle.py:93} INFO - Getting gold data from ml_lifecycle_airflow/in-vehicle-coupon-recommendation_gold.csv ...
[2024-03-19 14:25:43,050] {dag_ml_life_cycle.py:105} INFO - Downloading model from ml_lifecycle_airflow/artifacts/model.pkl ...
[2024-03-19 14:25:45,497] {logging_mixin.py:109} INFO - File artifacts/model.pkl downloaded in /tmp/model.pkl.
[2024-03-19 14:25:45,505] {training.py:111} INFO - Model loaded from /tmp/model.pkl
[2024-03-19 14:25:45,506] {dag_ml_life_cycle.py:112} INFO - Evaluating model ...
[2024-03-19 14:25:45,585] {logging_mixin.py:109} INFO - accuracy (test): 0.7425323817076395
[2024-03-19 14:25:45,586] {logging_mixin.py:109} INFO - precision (test): 0.7490297542043984
[2024-03-19 14:25:45,586] {logging_mixin.py:109} INFO - recall (test): 0.8158759981211836
[2024-03-19 14:25:45,586] {logging_mixin.py:109} INFO - roc-auc (train-proba): 0.9961175563723904
[2024-03-19 14:25:45,587] {logging_mixin.py:109} INFO - roc-auc (test-proba): 0.8127045016053429
[2024-03-19 14:25:45,588] {dag_ml_life_cycle.py:119} INFO - Uploading metrics to ml_lifecycle_airflow/in-vehicle-coupon-recommendation_gold.csv ...
[2024-03-19 14:25:47,614] {python.py:175} INFO - Done. Returned value was: None
[2024-03-19 14:25:47,627] {taskinstance.py:1267} INFO - Marking task as SUCCESS. dag_id=dag_ml_life_cycle, task_id=evaluate_model, execution_date=20240319T135939, start_date=20240319T192534, end_date=20240319T192547
[2024-03-19 14:25:47,670] {local_task_job.py:154} INFO - Task exited with return code 0
[2024-03-19 14:25:47,689] {local_task_job.py:264} INFO - 1 downstream tasks scheduled from follow-on schedule check
