[2024-03-20 00:19:01,255] {taskinstance.py:1032} INFO - Dependencies all met for <TaskInstance: dag_ml_life_cycle.get_gold_data scheduled__2024-03-20T00:10:03.602397+00:00 [queued]>
[2024-03-20 00:19:01,331] {taskinstance.py:1032} INFO - Dependencies all met for <TaskInstance: dag_ml_life_cycle.get_gold_data scheduled__2024-03-20T00:10:03.602397+00:00 [queued]>
[2024-03-20 00:19:01,331] {taskinstance.py:1238} INFO - 
--------------------------------------------------------------------------------
[2024-03-20 00:19:01,331] {taskinstance.py:1239} INFO - Starting attempt 2 of 4
[2024-03-20 00:19:01,331] {taskinstance.py:1240} INFO - 
--------------------------------------------------------------------------------
[2024-03-20 00:19:01,339] {taskinstance.py:1259} INFO - Executing <Task(PythonOperator): get_gold_data> on 2024-03-20 00:10:03.602397+00:00
[2024-03-20 00:19:01,346] {standard_task_runner.py:52} INFO - Started process 38611 to run task
[2024-03-20 00:19:01,353] {standard_task_runner.py:76} INFO - Running: ['airflow', 'tasks', 'run', 'dag_ml_life_cycle', 'get_gold_data', 'scheduled__2024-03-20T00:10:03.602397+00:00', '--job-id', '1054', '--raw', '--subdir', 'DAGS_FOLDER/lifecycle_ml_example/dags/dag_ml_life_cycle.py', '--cfg-path', '/var/folders/t4/c2kdpvnj6r793w3k056dkc640000gp/T/tmpfg62_xee', '--error-file', '/var/folders/t4/c2kdpvnj6r793w3k056dkc640000gp/T/tmp6wg08tvw']
[2024-03-20 00:19:01,356] {standard_task_runner.py:77} INFO - Job 1054: Subtask get_gold_data
[2024-03-20 00:19:01,407] {logging_mixin.py:109} INFO - Running <TaskInstance: dag_ml_life_cycle.get_gold_data scheduled__2024-03-20T00:10:03.602397+00:00 [running]> on host 1.0.0.0.0.0.0.0.0.0.0.0.0.0.0.0.0.0.0.0.0.0.0.0.0.0.0.0.0.0.0.0.ip6.arpa
[2024-03-20 00:19:01,444] {taskinstance.py:1424} INFO - Exporting the following env vars:
AIRFLOW_CTX_DAG_OWNER=airflow
AIRFLOW_CTX_DAG_ID=dag_ml_life_cycle
AIRFLOW_CTX_TASK_ID=get_gold_data
AIRFLOW_CTX_EXECUTION_DATE=2024-03-20T00:10:03.602397+00:00
AIRFLOW_CTX_DAG_RUN_ID=scheduled__2024-03-20T00:10:03.602397+00:00
[2024-03-20 00:19:01,445] {data_preprocessing.py:34} INFO - Random error: 0.14873381808110953
[2024-03-20 00:19:01,446] {data_preprocessing.py:38} INFO - Getting gold data
[2024-03-20 00:19:01,446] {data_preprocessing.py:42} INFO - Getting raw data from ml_lifecycle_airflow/in-vehicle-coupon-recommendation.csv ...
[2024-03-20 00:19:04,415] {data_preprocessing.py:89} INFO - Starting data preprocessing ...
[2024-03-20 00:19:04,620] {data_preprocessing.py:150} INFO - Data preprocessing complete

[2024-03-20 00:19:04,668] {data_preprocessing.py:168} INFO - Encoding features using hashing encoder ...
[2024-03-20 00:19:59,270] {data_preprocessing.py:168} INFO - Encoding features using hashing encoder ...
[2024-03-20 00:20:57,599] {data_preprocessing.py:63} INFO - Uploading preprocessed data to GCS ...
[2024-03-20 00:21:09,686] {python.py:175} INFO - Done. Returned value was: True
[2024-03-20 00:21:09,727] {taskinstance.py:1267} INFO - Marking task as SUCCESS. dag_id=dag_ml_life_cycle, task_id=get_gold_data, execution_date=20240320T001003, start_date=20240320T051901, end_date=20240320T052109
[2024-03-20 00:21:09,775] {local_task_job.py:154} INFO - Task exited with return code 0
[2024-03-20 00:21:09,821] {local_task_job.py:264} INFO - 1 downstream tasks scheduled from follow-on schedule check
