[2024-03-19 06:00:08,068] {taskinstance.py:1032} INFO - Dependencies all met for <TaskInstance: dag_ml_life_cycle.get_gold_data scheduled__2024-03-19T05:23:41.887662+00:00 [queued]>
[2024-03-19 06:00:08,213] {taskinstance.py:1032} INFO - Dependencies all met for <TaskInstance: dag_ml_life_cycle.get_gold_data scheduled__2024-03-19T05:23:41.887662+00:00 [queued]>
[2024-03-19 06:00:08,214] {taskinstance.py:1238} INFO - 
--------------------------------------------------------------------------------
[2024-03-19 06:00:08,214] {taskinstance.py:1239} INFO - Starting attempt 2 of 4
[2024-03-19 06:00:08,214] {taskinstance.py:1240} INFO - 
--------------------------------------------------------------------------------
[2024-03-19 06:00:08,234] {taskinstance.py:1259} INFO - Executing <Task(PythonOperator): get_gold_data> on 2024-03-19 05:23:41.887662+00:00
[2024-03-19 06:00:08,250] {standard_task_runner.py:52} INFO - Started process 4615 to run task
[2024-03-19 06:00:08,268] {standard_task_runner.py:76} INFO - Running: ['airflow', 'tasks', 'run', 'dag_ml_life_cycle', 'get_gold_data', 'scheduled__2024-03-19T05:23:41.887662+00:00', '--job-id', '376', '--raw', '--subdir', 'DAGS_FOLDER/lifecycle_ml_example/dags/dag_ml_life_cycle.py', '--cfg-path', '/var/folders/t4/c2kdpvnj6r793w3k056dkc640000gp/T/tmpro6y2gr1', '--error-file', '/var/folders/t4/c2kdpvnj6r793w3k056dkc640000gp/T/tmp9h2bsapp']
[2024-03-19 06:00:08,274] {standard_task_runner.py:77} INFO - Job 376: Subtask get_gold_data
[2024-03-19 06:00:08,408] {logging_mixin.py:109} INFO - Running <TaskInstance: dag_ml_life_cycle.get_gold_data scheduled__2024-03-19T05:23:41.887662+00:00 [running]> on host 1.0.0.127.in-addr.arpa
[2024-03-19 06:00:08,498] {taskinstance.py:1424} INFO - Exporting the following env vars:
AIRFLOW_CTX_DAG_OWNER=airflow
AIRFLOW_CTX_DAG_ID=dag_ml_life_cycle
AIRFLOW_CTX_TASK_ID=get_gold_data
AIRFLOW_CTX_EXECUTION_DATE=2024-03-19T05:23:41.887662+00:00
AIRFLOW_CTX_DAG_RUN_ID=scheduled__2024-03-19T05:23:41.887662+00:00
[2024-03-19 06:00:08,502] {data_preprocessing.py:34} INFO - Random error: 0.27210938288827513
[2024-03-19 06:00:08,503] {data_preprocessing.py:38} INFO - Getting gold data
[2024-03-19 06:00:08,505] {data_preprocessing.py:42} INFO - Getting raw data from ml_lifecycle_airflow/in-vehicle-coupon-recommendation.csv ...
[2024-03-19 06:00:14,970] {data_preprocessing.py:89} INFO - Starting data preprocessing ...
[2024-03-19 06:00:15,513] {data_preprocessing.py:150} INFO - Data preprocessing complete

[2024-03-19 06:00:15,641] {data_preprocessing.py:168} INFO - Encoding features using hashing encoder ...
[2024-03-19 06:02:31,938] {data_preprocessing.py:168} INFO - Encoding features using hashing encoder ...
[2024-03-19 06:04:48,005] {data_preprocessing.py:63} INFO - Uploading preprocessed data to GCS ...
[2024-03-19 06:05:11,109] {python.py:175} INFO - Done. Returned value was: True
[2024-03-19 06:05:11,195] {taskinstance.py:1267} INFO - Marking task as SUCCESS. dag_id=dag_ml_life_cycle, task_id=get_gold_data, execution_date=20240319T052341, start_date=20240319T110008, end_date=20240319T110511
[2024-03-19 06:05:11,247] {local_task_job.py:154} INFO - Task exited with return code 0
[2024-03-19 06:05:11,310] {local_task_job.py:264} INFO - 1 downstream tasks scheduled from follow-on schedule check
