[2024-03-19 05:12:49,589] {taskinstance.py:1032} INFO - Dependencies all met for <TaskInstance: dag_ml_life_cycle.evaluate_model scheduled__2024-03-19T02:11:38.721442+00:00 [queued]>
[2024-03-19 05:12:49,752] {taskinstance.py:1032} INFO - Dependencies all met for <TaskInstance: dag_ml_life_cycle.evaluate_model scheduled__2024-03-19T02:11:38.721442+00:00 [queued]>
[2024-03-19 05:12:49,753] {taskinstance.py:1238} INFO - 
--------------------------------------------------------------------------------
[2024-03-19 05:12:49,753] {taskinstance.py:1239} INFO - Starting attempt 1 of 4
[2024-03-19 05:12:49,753] {taskinstance.py:1240} INFO - 
--------------------------------------------------------------------------------
[2024-03-19 05:12:49,779] {taskinstance.py:1259} INFO - Executing <Task(_PythonDecoratedOperator): evaluate_model> on 2024-03-19 02:11:38.721442+00:00
[2024-03-19 05:12:49,798] {standard_task_runner.py:52} INFO - Started process 94339 to run task
[2024-03-19 05:12:49,819] {standard_task_runner.py:76} INFO - Running: ['airflow', 'tasks', 'run', 'dag_ml_life_cycle', 'evaluate_model', 'scheduled__2024-03-19T02:11:38.721442+00:00', '--job-id', '361', '--raw', '--subdir', 'DAGS_FOLDER/lifecycle_ml_example/dags/dag_ml_life_cycle.py', '--cfg-path', '/var/folders/t4/c2kdpvnj6r793w3k056dkc640000gp/T/tmpb4f84j6d', '--error-file', '/var/folders/t4/c2kdpvnj6r793w3k056dkc640000gp/T/tmp0i64uwr4']
[2024-03-19 05:12:49,828] {standard_task_runner.py:77} INFO - Job 361: Subtask evaluate_model
[2024-03-19 05:12:49,986] {logging_mixin.py:109} INFO - Running <TaskInstance: dag_ml_life_cycle.evaluate_model scheduled__2024-03-19T02:11:38.721442+00:00 [running]> on host 1.0.0.127.in-addr.arpa
[2024-03-19 05:12:50,104] {taskinstance.py:1424} INFO - Exporting the following env vars:
AIRFLOW_CTX_DAG_OWNER=airflow
AIRFLOW_CTX_DAG_ID=dag_ml_life_cycle
AIRFLOW_CTX_TASK_ID=evaluate_model
AIRFLOW_CTX_EXECUTION_DATE=2024-03-19T02:11:38.721442+00:00
AIRFLOW_CTX_DAG_RUN_ID=scheduled__2024-03-19T02:11:38.721442+00:00
[2024-03-19 05:12:50,108] {dag_ml_life_cycle.py:93} INFO - Getting gold data from ml_lifecycle_airflow/in-vehicle-coupon-recommendation_gold.csv ...
[2024-03-19 05:13:15,879] {dag_ml_life_cycle.py:105} INFO - Downloading model from ml_lifecycle_airflow/artifacts/model.pkl ...
[2024-03-19 05:13:22,499] {logging_mixin.py:109} INFO - File artifacts/model.pkl downloaded in /tmp/model.pkl.
[2024-03-19 05:13:22,524] {training.py:111} INFO - Model loaded from /tmp/model.pkl
[2024-03-19 05:13:22,528] {dag_ml_life_cycle.py:112} INFO - Evaluating model ...
[2024-03-19 05:13:22,899] {logging_mixin.py:109} INFO - accuracy (test): 0.7425323817076395
[2024-03-19 05:13:22,901] {logging_mixin.py:109} INFO - precision (test): 0.7490297542043984
[2024-03-19 05:13:22,902] {logging_mixin.py:109} INFO - recall (test): 0.8158759981211836
[2024-03-19 05:13:22,903] {logging_mixin.py:109} INFO - roc-auc (train-proba): 0.9961175563723904
[2024-03-19 05:13:22,904] {logging_mixin.py:109} INFO - roc-auc (test-proba): 0.8127045016053429
[2024-03-19 05:13:22,909] {dag_ml_life_cycle.py:119} INFO - Uploading metrics to ml_lifecycle_airflow/in-vehicle-coupon-recommendation_gold.csv ...
[2024-03-19 05:13:29,410] {python.py:175} INFO - Done. Returned value was: None
[2024-03-19 05:13:29,446] {taskinstance.py:1267} INFO - Marking task as SUCCESS. dag_id=dag_ml_life_cycle, task_id=evaluate_model, execution_date=20240319T021138, start_date=20240319T101249, end_date=20240319T101329
[2024-03-19 05:13:29,517] {local_task_job.py:154} INFO - Task exited with return code 0
[2024-03-19 05:13:29,572] {local_task_job.py:264} INFO - 1 downstream tasks scheduled from follow-on schedule check
