[2024-03-12 11:46:57,134] {taskinstance.py:1032} INFO - Dependencies all met for <TaskInstance: tutorial_juan_change_folder_v2.print_date scheduled__2024-03-11T16:46:52.492616+00:00 [queued]>
[2024-03-12 11:46:57,138] {taskinstance.py:1032} INFO - Dependencies all met for <TaskInstance: tutorial_juan_change_folder_v2.print_date scheduled__2024-03-11T16:46:52.492616+00:00 [queued]>
[2024-03-12 11:46:57,139] {taskinstance.py:1238} INFO - 
--------------------------------------------------------------------------------
[2024-03-12 11:46:57,139] {taskinstance.py:1239} INFO - Starting attempt 1 of 2
[2024-03-12 11:46:57,139] {taskinstance.py:1240} INFO - 
--------------------------------------------------------------------------------
[2024-03-12 11:46:57,144] {taskinstance.py:1259} INFO - Executing <Task(BashOperator): print_date> on 2024-03-11 16:46:52.492616+00:00
[2024-03-12 11:46:57,147] {standard_task_runner.py:52} INFO - Started process 41829 to run task
[2024-03-12 11:46:57,152] {standard_task_runner.py:76} INFO - Running: ['airflow', 'tasks', 'run', 'tutorial_juan_change_folder_v2', 'print_date', 'scheduled__2024-03-11T16:46:52.492616+00:00', '--job-id', '4', '--raw', '--subdir', 'DAGS_FOLDER/tutorial_0.py', '--cfg-path', '/var/folders/t4/c2kdpvnj6r793w3k056dkc640000gp/T/tmptg84oxff', '--error-file', '/var/folders/t4/c2kdpvnj6r793w3k056dkc640000gp/T/tmpb2v_nc5b']
[2024-03-12 11:46:57,154] {standard_task_runner.py:77} INFO - Job 4: Subtask print_date
[2024-03-12 11:46:57,193] {logging_mixin.py:109} INFO - Running <TaskInstance: tutorial_juan_change_folder_v2.print_date scheduled__2024-03-11T16:46:52.492616+00:00 [running]> on host 1.0.0.0.0.0.0.0.0.0.0.0.0.0.0.0.0.0.0.0.0.0.0.0.0.0.0.0.0.0.0.0.ip6.arpa
[2024-03-12 11:46:57,225] {taskinstance.py:1424} INFO - Exporting the following env vars:
AIRFLOW_CTX_DAG_EMAIL=airflow@example.com
AIRFLOW_CTX_DAG_OWNER=airflow
AIRFLOW_CTX_DAG_ID=tutorial_juan_change_folder_v2
AIRFLOW_CTX_TASK_ID=print_date
AIRFLOW_CTX_EXECUTION_DATE=2024-03-11T16:46:52.492616+00:00
AIRFLOW_CTX_DAG_RUN_ID=scheduled__2024-03-11T16:46:52.492616+00:00
[2024-03-12 11:46:57,226] {subprocess.py:62} INFO - Tmp dir root location: 
 /var/folders/t4/c2kdpvnj6r793w3k056dkc640000gp/T
[2024-03-12 11:46:57,227] {subprocess.py:74} INFO - Running command: ['bash', '-c', 'date']
[2024-03-12 11:46:57,239] {subprocess.py:85} INFO - Output:
[2024-03-12 11:46:57,256] {subprocess.py:89} INFO - Tue Mar 12 11:46:57 -05 2024
[2024-03-12 11:46:57,257] {subprocess.py:93} INFO - Command exited with return code 0
[2024-03-12 11:46:57,287] {taskinstance.py:1267} INFO - Marking task as SUCCESS. dag_id=tutorial_juan_change_folder_v2, task_id=print_date, execution_date=20240311T164652, start_date=20240312T164657, end_date=20240312T164657
[2024-03-12 11:46:57,333] {local_task_job.py:154} INFO - Task exited with return code 0
[2024-03-12 11:46:57,349] {local_task_job.py:264} INFO - 2 downstream tasks scheduled from follow-on schedule check
