[2024-03-18 12:11:34,593] {taskinstance.py:1032} INFO - Dependencies all met for <TaskInstance: dag_ml_life_cycle.get_gold_data scheduled__2024-03-18T12:26:23.641670+00:00 [queued]>
[2024-03-18 12:11:34,602] {taskinstance.py:1032} INFO - Dependencies all met for <TaskInstance: dag_ml_life_cycle.get_gold_data scheduled__2024-03-18T12:26:23.641670+00:00 [queued]>
[2024-03-18 12:11:34,602] {taskinstance.py:1238} INFO - 
--------------------------------------------------------------------------------
[2024-03-18 12:11:34,602] {taskinstance.py:1239} INFO - Starting attempt 3 of 4
[2024-03-18 12:11:34,602] {taskinstance.py:1240} INFO - 
--------------------------------------------------------------------------------
[2024-03-18 12:11:34,609] {taskinstance.py:1259} INFO - Executing <Task(PythonOperator): get_gold_data> on 2024-03-18 12:26:23.641670+00:00
[2024-03-18 12:11:34,614] {standard_task_runner.py:52} INFO - Started process 86817 to run task
[2024-03-18 12:11:34,620] {standard_task_runner.py:76} INFO - Running: ['airflow', 'tasks', 'run', 'dag_ml_life_cycle', 'get_gold_data', 'scheduled__2024-03-18T12:26:23.641670+00:00', '--job-id', '199', '--raw', '--subdir', 'DAGS_FOLDER/lifecycle_ml_example/dags/dag_ml_life_cycle.py', '--cfg-path', '/var/folders/t4/c2kdpvnj6r793w3k056dkc640000gp/T/tmpmjxgyj5k', '--error-file', '/var/folders/t4/c2kdpvnj6r793w3k056dkc640000gp/T/tmpu55p9pv_']
[2024-03-18 12:11:34,622] {standard_task_runner.py:77} INFO - Job 199: Subtask get_gold_data
[2024-03-18 12:11:34,660] {logging_mixin.py:109} INFO - Running <TaskInstance: dag_ml_life_cycle.get_gold_data scheduled__2024-03-18T12:26:23.641670+00:00 [running]> on host 1.0.0.127.in-addr.arpa
[2024-03-18 12:11:34,685] {taskinstance.py:1424} INFO - Exporting the following env vars:
AIRFLOW_CTX_DAG_OWNER=airflow
AIRFLOW_CTX_DAG_ID=dag_ml_life_cycle
AIRFLOW_CTX_TASK_ID=get_gold_data
AIRFLOW_CTX_EXECUTION_DATE=2024-03-18T12:26:23.641670+00:00
AIRFLOW_CTX_DAG_RUN_ID=scheduled__2024-03-18T12:26:23.641670+00:00
[2024-03-18 12:11:34,686] {data_preprocessing.py:34} INFO - Random error: 0.1408257948090893
[2024-03-18 12:11:34,687] {data_preprocessing.py:38} INFO - Getting gold data
[2024-03-18 12:11:34,687] {data_preprocessing.py:42} INFO - Getting raw data from ml_lifecycle_airflow/in-vehicle-coupon-recommendation.csv ...
[2024-03-18 12:11:37,003] {data_preprocessing.py:89} INFO - Starting data preprocessing ...
[2024-03-18 12:11:37,130] {data_preprocessing.py:150} INFO - Data preprocessing complete

[2024-03-18 12:11:37,158] {data_preprocessing.py:168} INFO - Encoding features using hashing encoder ...
[2024-03-18 12:12:14,374] {data_preprocessing.py:168} INFO - Encoding features using hashing encoder ...
[2024-03-18 12:12:55,792] {data_preprocessing.py:63} INFO - Uploading preprocessed data to GCS ...
[2024-03-18 12:13:05,878] {python.py:175} INFO - Done. Returned value was: True
[2024-03-18 12:13:05,907] {taskinstance.py:1267} INFO - Marking task as SUCCESS. dag_id=dag_ml_life_cycle, task_id=get_gold_data, execution_date=20240318T122623, start_date=20240318T171134, end_date=20240318T171305
[2024-03-18 12:13:05,943] {local_task_job.py:154} INFO - Task exited with return code 0
[2024-03-18 12:13:05,971] {local_task_job.py:264} INFO - 1 downstream tasks scheduled from follow-on schedule check
