[2024-03-15 12:22:59,715] {taskinstance.py:1032} INFO - Dependencies all met for <TaskInstance: dag_ml_life_cycle.get_gold_data scheduled__2024-03-15T17:17:53.074210+00:00 [queued]>
[2024-03-15 12:22:59,779] {taskinstance.py:1032} INFO - Dependencies all met for <TaskInstance: dag_ml_life_cycle.get_gold_data scheduled__2024-03-15T17:17:53.074210+00:00 [queued]>
[2024-03-15 12:22:59,779] {taskinstance.py:1238} INFO - 
--------------------------------------------------------------------------------
[2024-03-15 12:22:59,779] {taskinstance.py:1239} INFO - Starting attempt 1 of 4
[2024-03-15 12:22:59,779] {taskinstance.py:1240} INFO - 
--------------------------------------------------------------------------------
[2024-03-15 12:22:59,787] {taskinstance.py:1259} INFO - Executing <Task(PythonOperator): get_gold_data> on 2024-03-15 17:17:53.074210+00:00
[2024-03-15 12:22:59,793] {standard_task_runner.py:52} INFO - Started process 95633 to run task
[2024-03-15 12:22:59,800] {standard_task_runner.py:76} INFO - Running: ['airflow', 'tasks', 'run', 'dag_ml_life_cycle', 'get_gold_data', 'scheduled__2024-03-15T17:17:53.074210+00:00', '--job-id', '40', '--raw', '--subdir', 'DAGS_FOLDER/lifecycle_ml_example/dags/dag_ml_life_cycle.py', '--cfg-path', '/var/folders/t4/c2kdpvnj6r793w3k056dkc640000gp/T/tmpw_o5ichu', '--error-file', '/var/folders/t4/c2kdpvnj6r793w3k056dkc640000gp/T/tmphz94i1ly']
[2024-03-15 12:22:59,802] {standard_task_runner.py:77} INFO - Job 40: Subtask get_gold_data
[2024-03-15 12:22:59,844] {logging_mixin.py:109} INFO - Running <TaskInstance: dag_ml_life_cycle.get_gold_data scheduled__2024-03-15T17:17:53.074210+00:00 [running]> on host 1.0.0.0.0.0.0.0.0.0.0.0.0.0.0.0.0.0.0.0.0.0.0.0.0.0.0.0.0.0.0.0.ip6.arpa
[2024-03-15 12:22:59,871] {taskinstance.py:1424} INFO - Exporting the following env vars:
AIRFLOW_CTX_DAG_OWNER=airflow
AIRFLOW_CTX_DAG_ID=dag_ml_life_cycle
AIRFLOW_CTX_TASK_ID=get_gold_data
AIRFLOW_CTX_EXECUTION_DATE=2024-03-15T17:17:53.074210+00:00
AIRFLOW_CTX_DAG_RUN_ID=scheduled__2024-03-15T17:17:53.074210+00:00
[2024-03-15 12:22:59,872] {data_preprocessing.py:29} INFO - Getting gold data
[2024-03-15 12:22:59,872] {data_preprocessing.py:33} INFO - Getting raw data from ml_lifecycle_airflow/in-vehicle-coupon-recommendation.csv ...
[2024-03-15 12:23:02,967] {data_preprocessing.py:80} INFO - Starting data preprocessing ...
[2024-03-15 12:23:03,117] {data_preprocessing.py:141} INFO - Data preprocessing complete

[2024-03-15 12:23:03,147] {data_preprocessing.py:159} INFO - Encoding features using hashing encoder ...
[2024-03-15 12:23:37,488] {data_preprocessing.py:159} INFO - Encoding features using hashing encoder ...
[2024-03-15 12:24:11,922] {data_preprocessing.py:54} INFO - Uploading preprocessed data to GCS ...
[2024-03-15 12:24:20,889] {python.py:175} INFO - Done. Returned value was: True
[2024-03-15 12:24:20,917] {taskinstance.py:1267} INFO - Marking task as SUCCESS. dag_id=dag_ml_life_cycle, task_id=get_gold_data, execution_date=20240315T171753, start_date=20240315T172259, end_date=20240315T172420
[2024-03-15 12:24:20,956] {local_task_job.py:154} INFO - Task exited with return code 0
[2024-03-15 12:24:20,976] {local_task_job.py:264} INFO - 1 downstream tasks scheduled from follow-on schedule check
