[2024-03-19 16:42:46,505] {taskinstance.py:1032} INFO - Dependencies all met for <TaskInstance: dag_ml_life_cycle.get_gold_data scheduled__2024-03-19T16:36:08.348952+00:00 [queued]>
[2024-03-19 16:42:46,569] {taskinstance.py:1032} INFO - Dependencies all met for <TaskInstance: dag_ml_life_cycle.get_gold_data scheduled__2024-03-19T16:36:08.348952+00:00 [queued]>
[2024-03-19 16:42:46,569] {taskinstance.py:1238} INFO - 
--------------------------------------------------------------------------------
[2024-03-19 16:42:46,569] {taskinstance.py:1239} INFO - Starting attempt 3 of 4
[2024-03-19 16:42:46,569] {taskinstance.py:1240} INFO - 
--------------------------------------------------------------------------------
[2024-03-19 16:42:46,577] {taskinstance.py:1259} INFO - Executing <Task(PythonOperator): get_gold_data> on 2024-03-19 16:36:08.348952+00:00
[2024-03-19 16:42:46,583] {standard_task_runner.py:52} INFO - Started process 50358 to run task
[2024-03-19 16:42:46,590] {standard_task_runner.py:76} INFO - Running: ['airflow', 'tasks', 'run', 'dag_ml_life_cycle', 'get_gold_data', 'scheduled__2024-03-19T16:36:08.348952+00:00', '--job-id', '870', '--raw', '--subdir', 'DAGS_FOLDER/lifecycle_ml_example/dags/dag_ml_life_cycle.py', '--cfg-path', '/var/folders/t4/c2kdpvnj6r793w3k056dkc640000gp/T/tmpl07m3wjw', '--error-file', '/var/folders/t4/c2kdpvnj6r793w3k056dkc640000gp/T/tmpe2s19jwe']
[2024-03-19 16:42:46,592] {standard_task_runner.py:77} INFO - Job 870: Subtask get_gold_data
[2024-03-19 16:42:46,633] {logging_mixin.py:109} INFO - Running <TaskInstance: dag_ml_life_cycle.get_gold_data scheduled__2024-03-19T16:36:08.348952+00:00 [running]> on host 1.0.0.127.in-addr.arpa
[2024-03-19 16:42:46,658] {taskinstance.py:1424} INFO - Exporting the following env vars:
AIRFLOW_CTX_DAG_OWNER=airflow
AIRFLOW_CTX_DAG_ID=dag_ml_life_cycle
AIRFLOW_CTX_TASK_ID=get_gold_data
AIRFLOW_CTX_EXECUTION_DATE=2024-03-19T16:36:08.348952+00:00
AIRFLOW_CTX_DAG_RUN_ID=scheduled__2024-03-19T16:36:08.348952+00:00
[2024-03-19 16:42:46,659] {data_preprocessing.py:34} INFO - Random error: 0.28014138522580345
[2024-03-19 16:42:46,660] {data_preprocessing.py:38} INFO - Getting gold data
[2024-03-19 16:42:46,660] {data_preprocessing.py:42} INFO - Getting raw data from ml_lifecycle_airflow/in-vehicle-coupon-recommendation.csv ...
[2024-03-19 16:42:51,342] {data_preprocessing.py:89} INFO - Starting data preprocessing ...
[2024-03-19 16:42:51,475] {data_preprocessing.py:150} INFO - Data preprocessing complete

[2024-03-19 16:42:51,507] {data_preprocessing.py:168} INFO - Encoding features using hashing encoder ...
[2024-03-19 16:43:27,111] {data_preprocessing.py:168} INFO - Encoding features using hashing encoder ...
[2024-03-19 16:44:05,490] {data_preprocessing.py:63} INFO - Uploading preprocessed data to GCS ...
[2024-03-19 16:44:14,912] {python.py:175} INFO - Done. Returned value was: True
[2024-03-19 16:44:14,933] {taskinstance.py:1267} INFO - Marking task as SUCCESS. dag_id=dag_ml_life_cycle, task_id=get_gold_data, execution_date=20240319T163608, start_date=20240319T214246, end_date=20240319T214414
[2024-03-19 16:44:14,967] {local_task_job.py:154} INFO - Task exited with return code 0
[2024-03-19 16:44:14,989] {local_task_job.py:264} INFO - 1 downstream tasks scheduled from follow-on schedule check
