[2024-03-18 17:20:35,605] {taskinstance.py:1032} INFO - Dependencies all met for <TaskInstance: dag_ml_life_cycle.get_gold_data scheduled__2024-03-18T17:08:59.185144+00:00 [queued]>
[2024-03-18 17:20:35,668] {taskinstance.py:1032} INFO - Dependencies all met for <TaskInstance: dag_ml_life_cycle.get_gold_data scheduled__2024-03-18T17:08:59.185144+00:00 [queued]>
[2024-03-18 17:20:35,668] {taskinstance.py:1238} INFO - 
--------------------------------------------------------------------------------
[2024-03-18 17:20:35,668] {taskinstance.py:1239} INFO - Starting attempt 4 of 4
[2024-03-18 17:20:35,668] {taskinstance.py:1240} INFO - 
--------------------------------------------------------------------------------
[2024-03-18 17:20:35,677] {taskinstance.py:1259} INFO - Executing <Task(PythonOperator): get_gold_data> on 2024-03-18 17:08:59.185144+00:00
[2024-03-18 17:20:35,683] {standard_task_runner.py:52} INFO - Started process 27372 to run task
[2024-03-18 17:20:35,690] {standard_task_runner.py:76} INFO - Running: ['airflow', 'tasks', 'run', 'dag_ml_life_cycle', 'get_gold_data', 'scheduled__2024-03-18T17:08:59.185144+00:00', '--job-id', '136', '--raw', '--subdir', 'DAGS_FOLDER/lifecycle_ml_example/dags/dag_ml_life_cycle.py', '--cfg-path', '/var/folders/t4/c2kdpvnj6r793w3k056dkc640000gp/T/tmpkvccdsd7', '--error-file', '/var/folders/t4/c2kdpvnj6r793w3k056dkc640000gp/T/tmp_a6p6lbb']
[2024-03-18 17:20:35,692] {standard_task_runner.py:77} INFO - Job 136: Subtask get_gold_data
[2024-03-18 17:20:35,733] {logging_mixin.py:109} INFO - Running <TaskInstance: dag_ml_life_cycle.get_gold_data scheduled__2024-03-18T17:08:59.185144+00:00 [running]> on host 1.0.0.127.in-addr.arpa
[2024-03-18 17:20:35,759] {taskinstance.py:1424} INFO - Exporting the following env vars:
AIRFLOW_CTX_DAG_OWNER=airflow
AIRFLOW_CTX_DAG_ID=dag_ml_life_cycle
AIRFLOW_CTX_TASK_ID=get_gold_data
AIRFLOW_CTX_EXECUTION_DATE=2024-03-18T17:08:59.185144+00:00
AIRFLOW_CTX_DAG_RUN_ID=scheduled__2024-03-18T17:08:59.185144+00:00
[2024-03-18 17:20:35,760] {data_preprocessing.py:34} INFO - Random error: 0.1672696586218534
[2024-03-18 17:20:35,761] {data_preprocessing.py:38} INFO - Getting gold data
[2024-03-18 17:20:35,761] {data_preprocessing.py:42} INFO - Getting raw data from ml_lifecycle_airflow/in-vehicle-coupon-recommendation.csv ...
[2024-03-18 17:20:38,252] {data_preprocessing.py:89} INFO - Starting data preprocessing ...
[2024-03-18 17:20:38,379] {data_preprocessing.py:150} INFO - Data preprocessing complete

[2024-03-18 17:20:38,406] {data_preprocessing.py:168} INFO - Encoding features using hashing encoder ...
[2024-03-18 17:21:12,022] {data_preprocessing.py:168} INFO - Encoding features using hashing encoder ...
[2024-03-18 17:21:45,523] {data_preprocessing.py:63} INFO - Uploading preprocessed data to GCS ...
[2024-03-18 17:21:53,984] {python.py:175} INFO - Done. Returned value was: True
[2024-03-18 17:21:54,013] {taskinstance.py:1267} INFO - Marking task as SUCCESS. dag_id=dag_ml_life_cycle, task_id=get_gold_data, execution_date=20240318T170859, start_date=20240318T222035, end_date=20240318T222154
[2024-03-18 17:21:54,057] {local_task_job.py:154} INFO - Task exited with return code 0
[2024-03-18 17:21:54,079] {local_task_job.py:264} INFO - 1 downstream tasks scheduled from follow-on schedule check
