[2024-03-15 11:44:02,941] {taskinstance.py:1032} INFO - Dependencies all met for <TaskInstance: dag_ml_life_cycle.make_training scheduled__2024-03-15T16:37:19.747128+00:00 [queued]>
[2024-03-15 11:44:03,009] {taskinstance.py:1032} INFO - Dependencies all met for <TaskInstance: dag_ml_life_cycle.make_training scheduled__2024-03-15T16:37:19.747128+00:00 [queued]>
[2024-03-15 11:44:03,009] {taskinstance.py:1238} INFO - 
--------------------------------------------------------------------------------
[2024-03-15 11:44:03,009] {taskinstance.py:1239} INFO - Starting attempt 1 of 4
[2024-03-15 11:44:03,009] {taskinstance.py:1240} INFO - 
--------------------------------------------------------------------------------
[2024-03-15 11:44:03,018] {taskinstance.py:1259} INFO - Executing <Task(PythonOperator): make_training> on 2024-03-15 16:37:19.747128+00:00
[2024-03-15 11:44:03,024] {standard_task_runner.py:52} INFO - Started process 69395 to run task
[2024-03-15 11:44:03,031] {standard_task_runner.py:76} INFO - Running: ['airflow', 'tasks', 'run', 'dag_ml_life_cycle', 'make_training', 'scheduled__2024-03-15T16:37:19.747128+00:00', '--job-id', '18', '--raw', '--subdir', 'DAGS_FOLDER/lifecycle_ml_example/dags/dag_ml_life_cycle.py', '--cfg-path', '/var/folders/t4/c2kdpvnj6r793w3k056dkc640000gp/T/tmpptqb606j', '--error-file', '/var/folders/t4/c2kdpvnj6r793w3k056dkc640000gp/T/tmp0e_6lr47']
[2024-03-15 11:44:03,033] {standard_task_runner.py:77} INFO - Job 18: Subtask make_training
[2024-03-15 11:44:03,077] {logging_mixin.py:109} INFO - Running <TaskInstance: dag_ml_life_cycle.make_training scheduled__2024-03-15T16:37:19.747128+00:00 [running]> on host 1.0.0.0.0.0.0.0.0.0.0.0.0.0.0.0.0.0.0.0.0.0.0.0.0.0.0.0.0.0.0.0.ip6.arpa
[2024-03-15 11:44:03,106] {taskinstance.py:1424} INFO - Exporting the following env vars:
AIRFLOW_CTX_DAG_OWNER=airflow
AIRFLOW_CTX_DAG_ID=dag_ml_life_cycle
AIRFLOW_CTX_TASK_ID=make_training
AIRFLOW_CTX_EXECUTION_DATE=2024-03-15T16:37:19.747128+00:00
AIRFLOW_CTX_DAG_RUN_ID=scheduled__2024-03-15T16:37:19.747128+00:00
[2024-03-15 11:44:03,107] {training.py:31} INFO - Get training data for xgboost model ...
[2024-03-15 11:44:07,565] {training.py:41} INFO - Training xgboost model.
[2024-03-15 11:44:07,574] {logging_mixin.py:109} WARNING - /Users/macbook/anaconda3/envs/airflow_env/lib/python3.9/site-packages/xgboost/sklearn.py:1395 UserWarning: `use_label_encoder` is deprecated in 1.7.0.
[2024-03-15 11:44:07,945] {training.py:89} INFO - Model saved at /Users/macbook/Desktop/airflow_tutorial/airflow/dags/lifecycle_ml_example/artifacts/model.pkl
[2024-03-15 11:44:07,946] {training.py:62} INFO - Saving xgboost model to artifacts/model.pkl ...
[2024-03-15 11:44:10,498] {logging_mixin.py:109} INFO - File: /Users/macbook/Desktop/airflow_tutorial/airflow/dags/lifecycle_ml_example/artifacts/model.pkl upload to artifacts/model.pkl.
[2024-03-15 11:44:10,500] {python.py:175} INFO - Done. Returned value was: True
[2024-03-15 11:44:10,512] {taskinstance.py:1267} INFO - Marking task as SUCCESS. dag_id=dag_ml_life_cycle, task_id=make_training, execution_date=20240315T163719, start_date=20240315T164402, end_date=20240315T164410
[2024-03-15 11:44:10,556] {local_task_job.py:154} INFO - Task exited with return code 0
[2024-03-15 11:44:10,572] {local_task_job.py:264} INFO - 1 downstream tasks scheduled from follow-on schedule check
