[2024-03-15 13:34:37,550] {taskinstance.py:1032} INFO - Dependencies all met for <TaskInstance: dag_ml_life_cycle.get_gold_data scheduled__2024-03-15T17:54:15.309036+00:00 [queued]>
[2024-03-15 13:34:37,709] {taskinstance.py:1032} INFO - Dependencies all met for <TaskInstance: dag_ml_life_cycle.get_gold_data scheduled__2024-03-15T17:54:15.309036+00:00 [queued]>
[2024-03-15 13:34:37,709] {taskinstance.py:1238} INFO - 
--------------------------------------------------------------------------------
[2024-03-15 13:34:37,710] {taskinstance.py:1239} INFO - Starting attempt 1 of 4
[2024-03-15 13:34:37,710] {taskinstance.py:1240} INFO - 
--------------------------------------------------------------------------------
[2024-03-15 13:34:37,734] {taskinstance.py:1259} INFO - Executing <Task(PythonOperator): get_gold_data> on 2024-03-15 17:54:15.309036+00:00
[2024-03-15 13:34:37,752] {standard_task_runner.py:52} INFO - Started process 25101 to run task
[2024-03-15 13:34:37,774] {standard_task_runner.py:76} INFO - Running: ['airflow', 'tasks', 'run', 'dag_ml_life_cycle', 'get_gold_data', 'scheduled__2024-03-15T17:54:15.309036+00:00', '--job-id', '59', '--raw', '--subdir', 'DAGS_FOLDER/lifecycle_ml_example/dags/dag_ml_life_cycle.py', '--cfg-path', '/var/folders/t4/c2kdpvnj6r793w3k056dkc640000gp/T/tmpxh83e7rr', '--error-file', '/var/folders/t4/c2kdpvnj6r793w3k056dkc640000gp/T/tmpgb896w5l']
[2024-03-15 13:34:37,782] {standard_task_runner.py:77} INFO - Job 59: Subtask get_gold_data
[2024-03-15 13:34:37,947] {logging_mixin.py:109} INFO - Running <TaskInstance: dag_ml_life_cycle.get_gold_data scheduled__2024-03-15T17:54:15.309036+00:00 [running]> on host 1.0.0.0.0.0.0.0.0.0.0.0.0.0.0.0.0.0.0.0.0.0.0.0.0.0.0.0.0.0.0.0.ip6.arpa
[2024-03-15 13:34:38,063] {taskinstance.py:1424} INFO - Exporting the following env vars:
AIRFLOW_CTX_DAG_OWNER=airflow
AIRFLOW_CTX_DAG_ID=dag_ml_life_cycle
AIRFLOW_CTX_TASK_ID=get_gold_data
AIRFLOW_CTX_EXECUTION_DATE=2024-03-15T17:54:15.309036+00:00
AIRFLOW_CTX_DAG_RUN_ID=scheduled__2024-03-15T17:54:15.309036+00:00
[2024-03-15 13:34:38,066] {data_preprocessing.py:29} INFO - Getting gold data
[2024-03-15 13:34:38,069] {data_preprocessing.py:33} INFO - Getting raw data from ml_lifecycle_airflow/in-vehicle-coupon-recommendation.csv ...
[2024-03-15 13:34:46,003] {data_preprocessing.py:80} INFO - Starting data preprocessing ...
[2024-03-15 13:34:46,669] {data_preprocessing.py:141} INFO - Data preprocessing complete

[2024-03-15 13:34:46,821] {data_preprocessing.py:159} INFO - Encoding features using hashing encoder ...
[2024-03-15 13:37:32,535] {data_preprocessing.py:159} INFO - Encoding features using hashing encoder ...
[2024-03-15 13:39:57,678] {data_preprocessing.py:54} INFO - Uploading preprocessed data to GCS ...
[2024-03-15 13:40:21,402] {python.py:175} INFO - Done. Returned value was: True
[2024-03-15 13:40:21,458] {taskinstance.py:1267} INFO - Marking task as SUCCESS. dag_id=dag_ml_life_cycle, task_id=get_gold_data, execution_date=20240315T175415, start_date=20240315T183437, end_date=20240315T184021
[2024-03-15 13:40:21,530] {local_task_job.py:154} INFO - Task exited with return code 0
[2024-03-15 13:40:21,582] {local_task_job.py:264} INFO - 1 downstream tasks scheduled from follow-on schedule check
