[2024-03-19 19:58:22,560] {processor.py:163} INFO - Started process (PID=92809) to work on /Users/macbook/Desktop/airflow_tutorial/airflow/dags/lifecycle_ml_example/dags/dag_ml_life_cycle.py
[2024-03-19 19:58:22,561] {processor.py:642} INFO - Processing file /Users/macbook/Desktop/airflow_tutorial/airflow/dags/lifecycle_ml_example/dags/dag_ml_life_cycle.py for tasks to queue
[2024-03-19 19:58:22,562] {logging_mixin.py:109} INFO - [2024-03-19 19:58:22,562] {dagbag.py:500} INFO - Filling up the DagBag from /Users/macbook/Desktop/airflow_tutorial/airflow/dags/lifecycle_ml_example/dags/dag_ml_life_cycle.py
[2024-03-19 19:58:26,772] {processor.py:654} INFO - DAG(s) dict_keys(['dag_ml_life_cycle']) retrieved from /Users/macbook/Desktop/airflow_tutorial/airflow/dags/lifecycle_ml_example/dags/dag_ml_life_cycle.py
[2024-03-19 19:58:27,744] {logging_mixin.py:109} INFO - [2024-03-19 19:58:27,744] {dag.py:2396} INFO - Sync 1 DAGs
[2024-03-19 19:58:27,791] {processor.py:171} INFO - Processing /Users/macbook/Desktop/airflow_tutorial/airflow/dags/lifecycle_ml_example/dags/dag_ml_life_cycle.py took 5.232 seconds
[2024-03-19 20:25:09,215] {processor.py:163} INFO - Started process (PID=8744) to work on /Users/macbook/Desktop/airflow_tutorial/airflow/dags/lifecycle_ml_example/dags/dag_ml_life_cycle.py
[2024-03-19 20:25:09,217] {processor.py:642} INFO - Processing file /Users/macbook/Desktop/airflow_tutorial/airflow/dags/lifecycle_ml_example/dags/dag_ml_life_cycle.py for tasks to queue
[2024-03-19 20:25:09,218] {logging_mixin.py:109} INFO - [2024-03-19 20:25:09,218] {dagbag.py:500} INFO - Filling up the DagBag from /Users/macbook/Desktop/airflow_tutorial/airflow/dags/lifecycle_ml_example/dags/dag_ml_life_cycle.py
[2024-03-19 20:25:13,951] {processor.py:654} INFO - DAG(s) dict_keys(['dag_ml_life_cycle']) retrieved from /Users/macbook/Desktop/airflow_tutorial/airflow/dags/lifecycle_ml_example/dags/dag_ml_life_cycle.py
[2024-03-19 20:25:14,980] {logging_mixin.py:109} INFO - [2024-03-19 20:25:14,979] {dag.py:2396} INFO - Sync 1 DAGs
[2024-03-19 20:25:15,030] {processor.py:171} INFO - Processing /Users/macbook/Desktop/airflow_tutorial/airflow/dags/lifecycle_ml_example/dags/dag_ml_life_cycle.py took 5.816 seconds
[2024-03-19 20:25:20,835] {processor.py:163} INFO - Started process (PID=9001) to work on /Users/macbook/Desktop/airflow_tutorial/airflow/dags/lifecycle_ml_example/dags/dag_ml_life_cycle.py
[2024-03-19 20:25:20,836] {processor.py:642} INFO - Processing file /Users/macbook/Desktop/airflow_tutorial/airflow/dags/lifecycle_ml_example/dags/dag_ml_life_cycle.py for tasks to queue
[2024-03-19 20:25:20,837] {logging_mixin.py:109} INFO - [2024-03-19 20:25:20,837] {dagbag.py:500} INFO - Filling up the DagBag from /Users/macbook/Desktop/airflow_tutorial/airflow/dags/lifecycle_ml_example/dags/dag_ml_life_cycle.py
[2024-03-19 20:25:25,990] {processor.py:654} INFO - DAG(s) dict_keys(['dag_ml_life_cycle']) retrieved from /Users/macbook/Desktop/airflow_tutorial/airflow/dags/lifecycle_ml_example/dags/dag_ml_life_cycle.py
[2024-03-19 20:25:25,998] {logging_mixin.py:109} INFO - [2024-03-19 20:25:25,997] {dag.py:1121} INFO - Executing dag callback function: <function callback_subdag_clear at 0x7fa26bac8ca0>
[2024-03-19 20:25:26,185] {logging_mixin.py:109} WARNING - /Users/macbook/anaconda3/envs/airflow_env/lib/python3.9/site-packages/airflow/utils/context.py:152 AirflowContextDeprecationWarning: Accessing 'execution_date' from the template is deprecated and will be removed in a future version. Please use 'data_interval_start' or 'logical_date' instead.
[2024-03-19 20:25:26,186] {logging_mixin.py:109} INFO - [2024-03-19 20:25:26,186] {dagbag.py:500} INFO - Filling up the DagBag from /Users/macbook/Desktop/airflow_tutorial/airflow/dags
[2024-03-19 20:25:26,491] {logging_mixin.py:109} INFO - [2024-03-19 20:25:26,491] {example_kubernetes_executor.py:38} WARNING - The example_kubernetes_executor example DAG requires the kubernetes provider. Please install it with: pip install apache-airflow[cncf.kubernetes]
[2024-03-19 20:25:26,550] {logging_mixin.py:109} INFO - [2024-03-19 20:25:26,545] {dag.py:1130} ERROR - failed to invoke dag state update callback
Traceback (most recent call last):
  File "/Users/macbook/anaconda3/envs/airflow_env/lib/python3.9/site-packages/airflow/models/dag.py", line 1128, in handle_callback
    callback(context)
  File "/Users/macbook/Desktop/airflow_tutorial/airflow/dags/lifecycle_ml_example/dags/dag_ml_life_cycle.py", line 28, in callback_subdag_clear
    sdag.clear(
AttributeError: 'NoneType' object has no attribute 'clear'
[2024-03-19 20:25:26,568] {logging_mixin.py:109} INFO - [2024-03-19 20:25:26,567] {dag.py:2396} INFO - Sync 1 DAGs
[2024-03-19 20:25:26,599] {logging_mixin.py:109} INFO - [2024-03-19 20:25:26,599] {dag.py:2935} INFO - Setting next_dagrun for dag_ml_life_cycle to 2024-03-19T20:15:25.899674+00:00
[2024-03-19 20:25:26,619] {processor.py:171} INFO - Processing /Users/macbook/Desktop/airflow_tutorial/airflow/dags/lifecycle_ml_example/dags/dag_ml_life_cycle.py took 5.785 seconds
[2024-03-19 21:28:40,816] {processor.py:163} INFO - Started process (PID=63895) to work on /Users/macbook/Desktop/airflow_tutorial/airflow/dags/lifecycle_ml_example/dags/dag_ml_life_cycle.py
[2024-03-19 21:28:40,819] {processor.py:642} INFO - Processing file /Users/macbook/Desktop/airflow_tutorial/airflow/dags/lifecycle_ml_example/dags/dag_ml_life_cycle.py for tasks to queue
[2024-03-19 21:28:40,820] {logging_mixin.py:109} INFO - [2024-03-19 21:28:40,820] {dagbag.py:500} INFO - Filling up the DagBag from /Users/macbook/Desktop/airflow_tutorial/airflow/dags/lifecycle_ml_example/dags/dag_ml_life_cycle.py
[2024-03-19 21:28:47,050] {processor.py:654} INFO - DAG(s) dict_keys(['dag_ml_life_cycle']) retrieved from /Users/macbook/Desktop/airflow_tutorial/airflow/dags/lifecycle_ml_example/dags/dag_ml_life_cycle.py
[2024-03-19 21:28:48,203] {logging_mixin.py:109} INFO - [2024-03-19 21:28:48,202] {dag.py:2396} INFO - Sync 1 DAGs
[2024-03-19 21:28:48,234] {logging_mixin.py:109} INFO - [2024-03-19 21:28:48,234] {dag.py:2935} INFO - Setting next_dagrun for dag_ml_life_cycle to 2024-03-19T21:18:46.939312+00:00
[2024-03-19 21:28:48,260] {processor.py:171} INFO - Processing /Users/macbook/Desktop/airflow_tutorial/airflow/dags/lifecycle_ml_example/dags/dag_ml_life_cycle.py took 7.446 seconds
[2024-03-19 21:34:08,732] {processor.py:163} INFO - Started process (PID=71733) to work on /Users/macbook/Desktop/airflow_tutorial/airflow/dags/lifecycle_ml_example/dags/dag_ml_life_cycle.py
[2024-03-19 21:34:08,735] {processor.py:642} INFO - Processing file /Users/macbook/Desktop/airflow_tutorial/airflow/dags/lifecycle_ml_example/dags/dag_ml_life_cycle.py for tasks to queue
[2024-03-19 21:34:08,737] {logging_mixin.py:109} INFO - [2024-03-19 21:34:08,736] {dagbag.py:500} INFO - Filling up the DagBag from /Users/macbook/Desktop/airflow_tutorial/airflow/dags/lifecycle_ml_example/dags/dag_ml_life_cycle.py
[2024-03-19 21:34:14,753] {processor.py:654} INFO - DAG(s) dict_keys(['dag_ml_life_cycle']) retrieved from /Users/macbook/Desktop/airflow_tutorial/airflow/dags/lifecycle_ml_example/dags/dag_ml_life_cycle.py
[2024-03-19 21:34:15,919] {logging_mixin.py:109} INFO - [2024-03-19 21:34:15,919] {dag.py:2396} INFO - Sync 1 DAGs
[2024-03-19 21:34:15,951] {logging_mixin.py:109} INFO - [2024-03-19 21:34:15,951] {dag.py:2935} INFO - Setting next_dagrun for dag_ml_life_cycle to 2024-03-19T21:24:14.628703+00:00
[2024-03-19 21:34:15,978] {processor.py:171} INFO - Processing /Users/macbook/Desktop/airflow_tutorial/airflow/dags/lifecycle_ml_example/dags/dag_ml_life_cycle.py took 7.247 seconds
[2024-03-19 21:34:52,819] {processor.py:163} INFO - Started process (PID=72647) to work on /Users/macbook/Desktop/airflow_tutorial/airflow/dags/lifecycle_ml_example/dags/dag_ml_life_cycle.py
[2024-03-19 21:34:52,820] {processor.py:642} INFO - Processing file /Users/macbook/Desktop/airflow_tutorial/airflow/dags/lifecycle_ml_example/dags/dag_ml_life_cycle.py for tasks to queue
[2024-03-19 21:34:52,822] {logging_mixin.py:109} INFO - [2024-03-19 21:34:52,821] {dagbag.py:500} INFO - Filling up the DagBag from /Users/macbook/Desktop/airflow_tutorial/airflow/dags/lifecycle_ml_example/dags/dag_ml_life_cycle.py
[2024-03-19 21:34:58,813] {processor.py:654} INFO - DAG(s) dict_keys(['dag_ml_life_cycle']) retrieved from /Users/macbook/Desktop/airflow_tutorial/airflow/dags/lifecycle_ml_example/dags/dag_ml_life_cycle.py
[2024-03-19 21:34:58,824] {logging_mixin.py:109} INFO - [2024-03-19 21:34:58,823] {dag.py:1121} INFO - Executing dag callback function: <function callback_subdag_clear at 0x7ff4c0408ca0>
[2024-03-19 21:34:58,998] {logging_mixin.py:109} WARNING - /Users/macbook/anaconda3/envs/airflow_env/lib/python3.9/site-packages/airflow/utils/context.py:152 AirflowContextDeprecationWarning: Accessing 'execution_date' from the template is deprecated and will be removed in a future version. Please use 'data_interval_start' or 'logical_date' instead.
[2024-03-19 21:34:58,999] {logging_mixin.py:109} INFO - [2024-03-19 21:34:58,999] {dagbag.py:500} INFO - Filling up the DagBag from /Users/macbook/Desktop/airflow_tutorial/airflow/dags
[2024-03-19 21:34:59,334] {logging_mixin.py:109} INFO - [2024-03-19 21:34:59,334] {example_kubernetes_executor.py:38} WARNING - The example_kubernetes_executor example DAG requires the kubernetes provider. Please install it with: pip install apache-airflow[cncf.kubernetes]
[2024-03-19 21:34:59,403] {logging_mixin.py:109} INFO - [2024-03-19 21:34:59,398] {dag.py:1130} ERROR - failed to invoke dag state update callback
Traceback (most recent call last):
  File "/Users/macbook/anaconda3/envs/airflow_env/lib/python3.9/site-packages/airflow/models/dag.py", line 1128, in handle_callback
    callback(context)
  File "/Users/macbook/Desktop/airflow_tutorial/airflow/dags/lifecycle_ml_example/dags/dag_ml_life_cycle.py", line 28, in callback_subdag_clear
    sdag.clear(
AttributeError: 'NoneType' object has no attribute 'clear'
[2024-03-19 21:35:00,498] {logging_mixin.py:109} INFO - [2024-03-19 21:35:00,498] {dag.py:2396} INFO - Sync 1 DAGs
[2024-03-19 21:35:00,534] {logging_mixin.py:109} INFO - [2024-03-19 21:35:00,533] {dag.py:2935} INFO - Setting next_dagrun for dag_ml_life_cycle to 2024-03-19T21:29:14.628703+00:00
[2024-03-19 21:35:00,566] {processor.py:171} INFO - Processing /Users/macbook/Desktop/airflow_tutorial/airflow/dags/lifecycle_ml_example/dags/dag_ml_life_cycle.py took 7.749 seconds
[2024-03-19 21:35:07,011] {processor.py:163} INFO - Started process (PID=72938) to work on /Users/macbook/Desktop/airflow_tutorial/airflow/dags/lifecycle_ml_example/dags/dag_ml_life_cycle.py
[2024-03-19 21:35:07,013] {processor.py:642} INFO - Processing file /Users/macbook/Desktop/airflow_tutorial/airflow/dags/lifecycle_ml_example/dags/dag_ml_life_cycle.py for tasks to queue
[2024-03-19 21:35:07,014] {logging_mixin.py:109} INFO - [2024-03-19 21:35:07,014] {dagbag.py:500} INFO - Filling up the DagBag from /Users/macbook/Desktop/airflow_tutorial/airflow/dags/lifecycle_ml_example/dags/dag_ml_life_cycle.py
[2024-03-19 21:35:12,227] {processor.py:654} INFO - DAG(s) dict_keys(['dag_ml_life_cycle']) retrieved from /Users/macbook/Desktop/airflow_tutorial/airflow/dags/lifecycle_ml_example/dags/dag_ml_life_cycle.py
[2024-03-19 21:35:12,236] {logging_mixin.py:109} INFO - [2024-03-19 21:35:12,236] {dag.py:1121} INFO - Executing dag callback function: <function callback_subdag_clear at 0x7f9398208ca0>
[2024-03-19 21:35:12,351] {logging_mixin.py:109} WARNING - /Users/macbook/anaconda3/envs/airflow_env/lib/python3.9/site-packages/airflow/utils/context.py:152 AirflowContextDeprecationWarning: Accessing 'execution_date' from the template is deprecated and will be removed in a future version. Please use 'data_interval_start' or 'logical_date' instead.
[2024-03-19 21:35:12,352] {logging_mixin.py:109} INFO - [2024-03-19 21:35:12,352] {dagbag.py:500} INFO - Filling up the DagBag from /Users/macbook/Desktop/airflow_tutorial/airflow/dags
[2024-03-19 21:35:12,694] {logging_mixin.py:109} INFO - [2024-03-19 21:35:12,694] {example_kubernetes_executor.py:38} WARNING - The example_kubernetes_executor example DAG requires the kubernetes provider. Please install it with: pip install apache-airflow[cncf.kubernetes]
[2024-03-19 21:35:12,762] {logging_mixin.py:109} INFO - [2024-03-19 21:35:12,759] {dag.py:1130} ERROR - failed to invoke dag state update callback
Traceback (most recent call last):
  File "/Users/macbook/anaconda3/envs/airflow_env/lib/python3.9/site-packages/airflow/models/dag.py", line 1128, in handle_callback
    callback(context)
  File "/Users/macbook/Desktop/airflow_tutorial/airflow/dags/lifecycle_ml_example/dags/dag_ml_life_cycle.py", line 28, in callback_subdag_clear
    sdag.clear(
AttributeError: 'NoneType' object has no attribute 'clear'
[2024-03-19 21:35:12,784] {logging_mixin.py:109} INFO - [2024-03-19 21:35:12,783] {dag.py:2396} INFO - Sync 1 DAGs
[2024-03-19 21:35:12,820] {logging_mixin.py:109} INFO - [2024-03-19 21:35:12,820] {dag.py:2935} INFO - Setting next_dagrun for dag_ml_life_cycle to 2024-03-19T21:34:14.628703+00:00
[2024-03-19 21:35:12,845] {processor.py:171} INFO - Processing /Users/macbook/Desktop/airflow_tutorial/airflow/dags/lifecycle_ml_example/dags/dag_ml_life_cycle.py took 5.836 seconds
[2024-03-19 21:35:18,367] {processor.py:163} INFO - Started process (PID=73191) to work on /Users/macbook/Desktop/airflow_tutorial/airflow/dags/lifecycle_ml_example/dags/dag_ml_life_cycle.py
[2024-03-19 21:35:18,368] {processor.py:642} INFO - Processing file /Users/macbook/Desktop/airflow_tutorial/airflow/dags/lifecycle_ml_example/dags/dag_ml_life_cycle.py for tasks to queue
[2024-03-19 21:35:18,370] {logging_mixin.py:109} INFO - [2024-03-19 21:35:18,369] {dagbag.py:500} INFO - Filling up the DagBag from /Users/macbook/Desktop/airflow_tutorial/airflow/dags/lifecycle_ml_example/dags/dag_ml_life_cycle.py
[2024-03-19 21:35:23,494] {processor.py:654} INFO - DAG(s) dict_keys(['dag_ml_life_cycle']) retrieved from /Users/macbook/Desktop/airflow_tutorial/airflow/dags/lifecycle_ml_example/dags/dag_ml_life_cycle.py
[2024-03-19 21:35:23,503] {logging_mixin.py:109} INFO - [2024-03-19 21:35:23,503] {dag.py:1121} INFO - Executing dag callback function: <function callback_subdag_clear at 0x7fd1eb9caca0>
[2024-03-19 21:35:23,619] {logging_mixin.py:109} WARNING - /Users/macbook/anaconda3/envs/airflow_env/lib/python3.9/site-packages/airflow/utils/context.py:152 AirflowContextDeprecationWarning: Accessing 'execution_date' from the template is deprecated and will be removed in a future version. Please use 'data_interval_start' or 'logical_date' instead.
[2024-03-19 21:35:23,620] {logging_mixin.py:109} INFO - [2024-03-19 21:35:23,620] {dagbag.py:500} INFO - Filling up the DagBag from /Users/macbook/Desktop/airflow_tutorial/airflow/dags
[2024-03-19 21:35:23,943] {logging_mixin.py:109} INFO - [2024-03-19 21:35:23,943] {example_kubernetes_executor.py:38} WARNING - The example_kubernetes_executor example DAG requires the kubernetes provider. Please install it with: pip install apache-airflow[cncf.kubernetes]
[2024-03-19 21:35:24,014] {logging_mixin.py:109} INFO - [2024-03-19 21:35:24,010] {dag.py:1130} ERROR - failed to invoke dag state update callback
Traceback (most recent call last):
  File "/Users/macbook/anaconda3/envs/airflow_env/lib/python3.9/site-packages/airflow/models/dag.py", line 1128, in handle_callback
    callback(context)
  File "/Users/macbook/Desktop/airflow_tutorial/airflow/dags/lifecycle_ml_example/dags/dag_ml_life_cycle.py", line 28, in callback_subdag_clear
    sdag.clear(
AttributeError: 'NoneType' object has no attribute 'clear'
[2024-03-19 21:35:24,034] {logging_mixin.py:109} INFO - [2024-03-19 21:35:24,034] {dag.py:2396} INFO - Sync 1 DAGs
[2024-03-19 21:35:24,070] {logging_mixin.py:109} INFO - [2024-03-19 21:35:24,069] {dag.py:2935} INFO - Setting next_dagrun for dag_ml_life_cycle to 2024-03-19T21:34:14.628703+00:00
[2024-03-19 21:35:24,092] {processor.py:171} INFO - Processing /Users/macbook/Desktop/airflow_tutorial/airflow/dags/lifecycle_ml_example/dags/dag_ml_life_cycle.py took 5.727 seconds
[2024-03-19 21:35:34,975] {processor.py:163} INFO - Started process (PID=73579) to work on /Users/macbook/Desktop/airflow_tutorial/airflow/dags/lifecycle_ml_example/dags/dag_ml_life_cycle.py
[2024-03-19 21:35:34,977] {processor.py:642} INFO - Processing file /Users/macbook/Desktop/airflow_tutorial/airflow/dags/lifecycle_ml_example/dags/dag_ml_life_cycle.py for tasks to queue
[2024-03-19 21:35:34,978] {logging_mixin.py:109} INFO - [2024-03-19 21:35:34,978] {dagbag.py:500} INFO - Filling up the DagBag from /Users/macbook/Desktop/airflow_tutorial/airflow/dags/lifecycle_ml_example/dags/dag_ml_life_cycle.py
[2024-03-19 21:35:40,692] {processor.py:654} INFO - DAG(s) dict_keys(['dag_ml_life_cycle']) retrieved from /Users/macbook/Desktop/airflow_tutorial/airflow/dags/lifecycle_ml_example/dags/dag_ml_life_cycle.py
[2024-03-19 21:35:40,702] {logging_mixin.py:109} INFO - [2024-03-19 21:35:40,702] {dag.py:1121} INFO - Executing dag callback function: <function callback_subdag_clear at 0x7f8a55a08ca0>
[2024-03-19 21:35:40,867] {logging_mixin.py:109} WARNING - /Users/macbook/anaconda3/envs/airflow_env/lib/python3.9/site-packages/airflow/utils/context.py:152 AirflowContextDeprecationWarning: Accessing 'execution_date' from the template is deprecated and will be removed in a future version. Please use 'data_interval_start' or 'logical_date' instead.
[2024-03-19 21:35:40,869] {logging_mixin.py:109} INFO - [2024-03-19 21:35:40,868] {dagbag.py:500} INFO - Filling up the DagBag from /Users/macbook/Desktop/airflow_tutorial/airflow/dags
[2024-03-19 21:35:41,267] {logging_mixin.py:109} INFO - [2024-03-19 21:35:41,266] {example_kubernetes_executor.py:38} WARNING - The example_kubernetes_executor example DAG requires the kubernetes provider. Please install it with: pip install apache-airflow[cncf.kubernetes]
[2024-03-19 21:35:41,339] {logging_mixin.py:109} INFO - [2024-03-19 21:35:41,333] {dag.py:1130} ERROR - failed to invoke dag state update callback
Traceback (most recent call last):
  File "/Users/macbook/anaconda3/envs/airflow_env/lib/python3.9/site-packages/airflow/models/dag.py", line 1128, in handle_callback
    callback(context)
  File "/Users/macbook/Desktop/airflow_tutorial/airflow/dags/lifecycle_ml_example/dags/dag_ml_life_cycle.py", line 28, in callback_subdag_clear
    sdag.clear(
AttributeError: 'NoneType' object has no attribute 'clear'
[2024-03-19 21:35:42,502] {logging_mixin.py:109} INFO - [2024-03-19 21:35:42,501] {dag.py:2396} INFO - Sync 1 DAGs
[2024-03-19 21:35:42,529] {logging_mixin.py:109} INFO - [2024-03-19 21:35:42,529] {dag.py:2935} INFO - Setting next_dagrun for dag_ml_life_cycle to 2024-03-19T21:34:14.628703+00:00
[2024-03-19 21:35:42,556] {processor.py:171} INFO - Processing /Users/macbook/Desktop/airflow_tutorial/airflow/dags/lifecycle_ml_example/dags/dag_ml_life_cycle.py took 7.582 seconds
[2024-03-19 21:35:48,401] {processor.py:163} INFO - Started process (PID=73846) to work on /Users/macbook/Desktop/airflow_tutorial/airflow/dags/lifecycle_ml_example/dags/dag_ml_life_cycle.py
[2024-03-19 21:35:48,403] {processor.py:642} INFO - Processing file /Users/macbook/Desktop/airflow_tutorial/airflow/dags/lifecycle_ml_example/dags/dag_ml_life_cycle.py for tasks to queue
[2024-03-19 21:35:48,404] {logging_mixin.py:109} INFO - [2024-03-19 21:35:48,404] {dagbag.py:500} INFO - Filling up the DagBag from /Users/macbook/Desktop/airflow_tutorial/airflow/dags/lifecycle_ml_example/dags/dag_ml_life_cycle.py
[2024-03-19 21:35:54,706] {processor.py:654} INFO - DAG(s) dict_keys(['dag_ml_life_cycle']) retrieved from /Users/macbook/Desktop/airflow_tutorial/airflow/dags/lifecycle_ml_example/dags/dag_ml_life_cycle.py
[2024-03-19 21:35:54,716] {logging_mixin.py:109} INFO - [2024-03-19 21:35:54,715] {dag.py:1121} INFO - Executing dag callback function: <function callback_subdag_clear at 0x7f94f2acaca0>
[2024-03-19 21:35:54,886] {logging_mixin.py:109} WARNING - /Users/macbook/anaconda3/envs/airflow_env/lib/python3.9/site-packages/airflow/utils/context.py:152 AirflowContextDeprecationWarning: Accessing 'execution_date' from the template is deprecated and will be removed in a future version. Please use 'data_interval_start' or 'logical_date' instead.
[2024-03-19 21:35:54,888] {logging_mixin.py:109} INFO - [2024-03-19 21:35:54,887] {dagbag.py:500} INFO - Filling up the DagBag from /Users/macbook/Desktop/airflow_tutorial/airflow/dags
[2024-03-19 21:35:55,309] {logging_mixin.py:109} INFO - [2024-03-19 21:35:55,309] {example_kubernetes_executor.py:38} WARNING - The example_kubernetes_executor example DAG requires the kubernetes provider. Please install it with: pip install apache-airflow[cncf.kubernetes]
[2024-03-19 21:35:55,381] {logging_mixin.py:109} INFO - [2024-03-19 21:35:55,376] {dag.py:1130} ERROR - failed to invoke dag state update callback
Traceback (most recent call last):
  File "/Users/macbook/anaconda3/envs/airflow_env/lib/python3.9/site-packages/airflow/models/dag.py", line 1128, in handle_callback
    callback(context)
  File "/Users/macbook/Desktop/airflow_tutorial/airflow/dags/lifecycle_ml_example/dags/dag_ml_life_cycle.py", line 28, in callback_subdag_clear
    sdag.clear(
AttributeError: 'NoneType' object has no attribute 'clear'
[2024-03-19 21:35:55,404] {logging_mixin.py:109} INFO - [2024-03-19 21:35:55,403] {dag.py:2396} INFO - Sync 1 DAGs
[2024-03-19 21:35:55,440] {logging_mixin.py:109} INFO - [2024-03-19 21:35:55,440] {dag.py:2935} INFO - Setting next_dagrun for dag_ml_life_cycle to 2024-03-19T21:34:14.628703+00:00
[2024-03-19 21:35:55,463] {processor.py:171} INFO - Processing /Users/macbook/Desktop/airflow_tutorial/airflow/dags/lifecycle_ml_example/dags/dag_ml_life_cycle.py took 7.063 seconds
[2024-03-19 22:14:13,918] {processor.py:163} INFO - Started process (PID=81135) to work on /Users/macbook/Desktop/airflow_tutorial/airflow/dags/lifecycle_ml_example/dags/dag_ml_life_cycle.py
[2024-03-19 22:14:13,919] {processor.py:642} INFO - Processing file /Users/macbook/Desktop/airflow_tutorial/airflow/dags/lifecycle_ml_example/dags/dag_ml_life_cycle.py for tasks to queue
[2024-03-19 22:14:13,919] {logging_mixin.py:109} INFO - [2024-03-19 22:14:13,919] {dagbag.py:500} INFO - Filling up the DagBag from /Users/macbook/Desktop/airflow_tutorial/airflow/dags/lifecycle_ml_example/dags/dag_ml_life_cycle.py
[2024-03-19 22:14:14,994] {processor.py:654} INFO - DAG(s) dict_keys(['dag_ml_life_cycle']) retrieved from /Users/macbook/Desktop/airflow_tutorial/airflow/dags/lifecycle_ml_example/dags/dag_ml_life_cycle.py
[2024-03-19 22:14:15,202] {logging_mixin.py:109} INFO - [2024-03-19 22:14:15,201] {dag.py:2396} INFO - Sync 1 DAGs
[2024-03-19 22:14:15,208] {logging_mixin.py:109} INFO - [2024-03-19 22:14:15,208] {dag.py:2935} INFO - Setting next_dagrun for dag_ml_life_cycle to 2024-03-19T22:04:14.974843+00:00
[2024-03-19 22:14:15,213] {processor.py:171} INFO - Processing /Users/macbook/Desktop/airflow_tutorial/airflow/dags/lifecycle_ml_example/dags/dag_ml_life_cycle.py took 1.296 seconds
[2024-03-19 22:14:16,590] {processor.py:163} INFO - Started process (PID=81208) to work on /Users/macbook/Desktop/airflow_tutorial/airflow/dags/lifecycle_ml_example/dags/dag_ml_life_cycle.py
[2024-03-19 22:14:16,591] {processor.py:642} INFO - Processing file /Users/macbook/Desktop/airflow_tutorial/airflow/dags/lifecycle_ml_example/dags/dag_ml_life_cycle.py for tasks to queue
[2024-03-19 22:14:16,591] {logging_mixin.py:109} INFO - [2024-03-19 22:14:16,591] {dagbag.py:500} INFO - Filling up the DagBag from /Users/macbook/Desktop/airflow_tutorial/airflow/dags/lifecycle_ml_example/dags/dag_ml_life_cycle.py
[2024-03-19 22:14:20,911] {processor.py:654} INFO - DAG(s) dict_keys(['dag_ml_life_cycle']) retrieved from /Users/macbook/Desktop/airflow_tutorial/airflow/dags/lifecycle_ml_example/dags/dag_ml_life_cycle.py
[2024-03-19 22:14:20,921] {logging_mixin.py:109} INFO - [2024-03-19 22:14:20,920] {dag.py:1121} INFO - Executing dag callback function: <function callback_subdag_clear at 0x7f894c2c9ca0>
[2024-03-19 22:14:21,044] {logging_mixin.py:109} WARNING - /Users/macbook/anaconda3/envs/airflow_env/lib/python3.9/site-packages/airflow/utils/context.py:152 AirflowContextDeprecationWarning: Accessing 'execution_date' from the template is deprecated and will be removed in a future version. Please use 'data_interval_start' or 'logical_date' instead.
[2024-03-19 22:14:21,046] {logging_mixin.py:109} INFO - [2024-03-19 22:14:21,045] {dagbag.py:500} INFO - Filling up the DagBag from /Users/macbook/Desktop/airflow_tutorial/airflow/dags
[2024-03-19 22:14:21,372] {logging_mixin.py:109} INFO - [2024-03-19 22:14:21,371] {example_kubernetes_executor.py:38} WARNING - The example_kubernetes_executor example DAG requires the kubernetes provider. Please install it with: pip install apache-airflow[cncf.kubernetes]
[2024-03-19 22:14:21,449] {logging_mixin.py:109} INFO - [2024-03-19 22:14:21,444] {dag.py:1130} ERROR - failed to invoke dag state update callback
Traceback (most recent call last):
  File "/Users/macbook/anaconda3/envs/airflow_env/lib/python3.9/site-packages/airflow/models/dag.py", line 1128, in handle_callback
    callback(context)
  File "/Users/macbook/Desktop/airflow_tutorial/airflow/dags/lifecycle_ml_example/dags/dag_ml_life_cycle.py", line 28, in callback_subdag_clear
    sdag.clear(
AttributeError: 'NoneType' object has no attribute 'clear'
[2024-03-19 22:14:21,471] {logging_mixin.py:109} INFO - [2024-03-19 22:14:21,470] {dag.py:2396} INFO - Sync 1 DAGs
[2024-03-19 22:14:21,507] {logging_mixin.py:109} INFO - [2024-03-19 22:14:21,507] {dag.py:2935} INFO - Setting next_dagrun for dag_ml_life_cycle to 2024-03-19T22:09:14.974843+00:00
[2024-03-19 22:14:21,530] {processor.py:171} INFO - Processing /Users/macbook/Desktop/airflow_tutorial/airflow/dags/lifecycle_ml_example/dags/dag_ml_life_cycle.py took 4.941 seconds
[2024-03-19 22:40:29,599] {processor.py:163} INFO - Started process (PID=94151) to work on /Users/macbook/Desktop/airflow_tutorial/airflow/dags/lifecycle_ml_example/dags/dag_ml_life_cycle.py
[2024-03-19 22:40:29,602] {processor.py:642} INFO - Processing file /Users/macbook/Desktop/airflow_tutorial/airflow/dags/lifecycle_ml_example/dags/dag_ml_life_cycle.py for tasks to queue
[2024-03-19 22:40:29,603] {logging_mixin.py:109} INFO - [2024-03-19 22:40:29,603] {dagbag.py:500} INFO - Filling up the DagBag from /Users/macbook/Desktop/airflow_tutorial/airflow/dags/lifecycle_ml_example/dags/dag_ml_life_cycle.py
[2024-03-19 22:56:51,150] {processor.py:654} INFO - DAG(s) dict_keys(['dag_ml_life_cycle']) retrieved from /Users/macbook/Desktop/airflow_tutorial/airflow/dags/lifecycle_ml_example/dags/dag_ml_life_cycle.py
[2024-03-19 22:56:51,409] {logging_mixin.py:109} INFO - [2024-03-19 22:56:51,409] {dag.py:2396} INFO - Sync 1 DAGs
[2024-03-19 22:56:51,416] {logging_mixin.py:109} INFO - [2024-03-19 22:56:51,416] {dag.py:2935} INFO - Setting next_dagrun for dag_ml_life_cycle to 2024-03-19T22:46:51.127237+00:00
[2024-03-19 22:56:51,426] {processor.py:171} INFO - Processing /Users/macbook/Desktop/airflow_tutorial/airflow/dags/lifecycle_ml_example/dags/dag_ml_life_cycle.py took 5.411 seconds
[2024-03-19 23:49:31,274] {processor.py:163} INFO - Started process (PID=11637) to work on /Users/macbook/Desktop/airflow_tutorial/airflow/dags/lifecycle_ml_example/dags/dag_ml_life_cycle.py
[2024-03-19 23:49:31,277] {processor.py:642} INFO - Processing file /Users/macbook/Desktop/airflow_tutorial/airflow/dags/lifecycle_ml_example/dags/dag_ml_life_cycle.py for tasks to queue
[2024-03-19 23:49:31,278] {logging_mixin.py:109} INFO - [2024-03-19 23:49:31,278] {dagbag.py:500} INFO - Filling up the DagBag from /Users/macbook/Desktop/airflow_tutorial/airflow/dags/lifecycle_ml_example/dags/dag_ml_life_cycle.py
[2024-03-19 23:49:36,862] {processor.py:654} INFO - DAG(s) dict_keys(['dag_ml_life_cycle']) retrieved from /Users/macbook/Desktop/airflow_tutorial/airflow/dags/lifecycle_ml_example/dags/dag_ml_life_cycle.py
[2024-03-19 23:49:37,792] {logging_mixin.py:109} INFO - [2024-03-19 23:49:37,792] {dag.py:2396} INFO - Sync 1 DAGs
[2024-03-19 23:49:37,823] {logging_mixin.py:109} INFO - [2024-03-19 23:49:37,823] {dag.py:2935} INFO - Setting next_dagrun for dag_ml_life_cycle to 2024-03-19T23:39:36.762484+00:00
[2024-03-19 23:49:37,850] {processor.py:171} INFO - Processing /Users/macbook/Desktop/airflow_tutorial/airflow/dags/lifecycle_ml_example/dags/dag_ml_life_cycle.py took 6.578 seconds
[2024-03-19 23:49:44,118] {processor.py:163} INFO - Started process (PID=11897) to work on /Users/macbook/Desktop/airflow_tutorial/airflow/dags/lifecycle_ml_example/dags/dag_ml_life_cycle.py
[2024-03-19 23:49:44,120] {processor.py:642} INFO - Processing file /Users/macbook/Desktop/airflow_tutorial/airflow/dags/lifecycle_ml_example/dags/dag_ml_life_cycle.py for tasks to queue
[2024-03-19 23:49:44,122] {logging_mixin.py:109} INFO - [2024-03-19 23:49:44,122] {dagbag.py:500} INFO - Filling up the DagBag from /Users/macbook/Desktop/airflow_tutorial/airflow/dags/lifecycle_ml_example/dags/dag_ml_life_cycle.py
[2024-03-19 23:49:49,490] {processor.py:654} INFO - DAG(s) dict_keys(['dag_ml_life_cycle']) retrieved from /Users/macbook/Desktop/airflow_tutorial/airflow/dags/lifecycle_ml_example/dags/dag_ml_life_cycle.py
[2024-03-19 23:49:49,500] {logging_mixin.py:109} INFO - [2024-03-19 23:49:49,499] {dag.py:1121} INFO - Executing dag callback function: <function callback_subdag_clear at 0x7fa69b909ca0>
[2024-03-19 23:49:49,657] {logging_mixin.py:109} WARNING - /Users/macbook/anaconda3/envs/airflow_env/lib/python3.9/site-packages/airflow/utils/context.py:152 AirflowContextDeprecationWarning: Accessing 'execution_date' from the template is deprecated and will be removed in a future version. Please use 'data_interval_start' or 'logical_date' instead.
[2024-03-19 23:49:49,659] {logging_mixin.py:109} INFO - [2024-03-19 23:49:49,658] {dagbag.py:500} INFO - Filling up the DagBag from /Users/macbook/Desktop/airflow_tutorial/airflow/dags
[2024-03-19 23:49:50,047] {logging_mixin.py:109} INFO - [2024-03-19 23:49:50,046] {example_kubernetes_executor.py:38} WARNING - The example_kubernetes_executor example DAG requires the kubernetes provider. Please install it with: pip install apache-airflow[cncf.kubernetes]
[2024-03-19 23:49:50,125] {logging_mixin.py:109} INFO - [2024-03-19 23:49:50,120] {dag.py:1130} ERROR - failed to invoke dag state update callback
Traceback (most recent call last):
  File "/Users/macbook/anaconda3/envs/airflow_env/lib/python3.9/site-packages/airflow/models/dag.py", line 1128, in handle_callback
    callback(context)
  File "/Users/macbook/Desktop/airflow_tutorial/airflow/dags/lifecycle_ml_example/dags/dag_ml_life_cycle.py", line 28, in callback_subdag_clear
    sdag.clear(
AttributeError: 'NoneType' object has no attribute 'clear'
[2024-03-19 23:49:50,148] {logging_mixin.py:109} INFO - [2024-03-19 23:49:50,147] {dag.py:2396} INFO - Sync 1 DAGs
[2024-03-19 23:49:50,185] {logging_mixin.py:109} INFO - [2024-03-19 23:49:50,185] {dag.py:2935} INFO - Setting next_dagrun for dag_ml_life_cycle to 2024-03-19T23:44:36.762484+00:00
[2024-03-19 23:49:50,209] {processor.py:171} INFO - Processing /Users/macbook/Desktop/airflow_tutorial/airflow/dags/lifecycle_ml_example/dags/dag_ml_life_cycle.py took 6.093 seconds
[2024-03-20 00:05:01,926] {processor.py:163} INFO - Started process (PID=16979) to work on /Users/macbook/Desktop/airflow_tutorial/airflow/dags/lifecycle_ml_example/dags/dag_ml_life_cycle.py
[2024-03-20 00:05:01,928] {processor.py:642} INFO - Processing file /Users/macbook/Desktop/airflow_tutorial/airflow/dags/lifecycle_ml_example/dags/dag_ml_life_cycle.py for tasks to queue
[2024-03-20 00:05:01,928] {logging_mixin.py:109} INFO - [2024-03-20 00:05:01,928] {dagbag.py:500} INFO - Filling up the DagBag from /Users/macbook/Desktop/airflow_tutorial/airflow/dags/lifecycle_ml_example/dags/dag_ml_life_cycle.py
[2024-03-20 00:05:03,633] {processor.py:654} INFO - DAG(s) dict_keys(['dag_ml_life_cycle']) retrieved from /Users/macbook/Desktop/airflow_tutorial/airflow/dags/lifecycle_ml_example/dags/dag_ml_life_cycle.py
[2024-03-20 00:05:03,636] {logging_mixin.py:109} INFO - [2024-03-20 00:05:03,636] {dag.py:1121} INFO - Executing dag callback function: <function callback_subdag_clear at 0x7f9cbbac9ca0>
[2024-03-20 00:05:03,674] {logging_mixin.py:109} WARNING - /Users/macbook/anaconda3/envs/airflow_env/lib/python3.9/site-packages/airflow/utils/context.py:152 AirflowContextDeprecationWarning: Accessing 'execution_date' from the template is deprecated and will be removed in a future version. Please use 'data_interval_start' or 'logical_date' instead.
[2024-03-20 00:05:03,674] {logging_mixin.py:109} INFO - [2024-03-20 00:05:03,674] {dagbag.py:500} INFO - Filling up the DagBag from /Users/macbook/Desktop/airflow_tutorial/airflow/dags
[2024-03-20 00:05:03,783] {logging_mixin.py:109} INFO - [2024-03-20 00:05:03,783] {example_kubernetes_executor.py:38} WARNING - The example_kubernetes_executor example DAG requires the kubernetes provider. Please install it with: pip install apache-airflow[cncf.kubernetes]
[2024-03-20 00:05:03,808] {logging_mixin.py:109} INFO - [2024-03-20 00:05:03,805] {dag.py:1130} ERROR - failed to invoke dag state update callback
Traceback (most recent call last):
  File "/Users/macbook/anaconda3/envs/airflow_env/lib/python3.9/site-packages/airflow/models/dag.py", line 1128, in handle_callback
    callback(context)
  File "/Users/macbook/Desktop/airflow_tutorial/airflow/dags/lifecycle_ml_example/dags/dag_ml_life_cycle.py", line 28, in callback_subdag_clear
    sdag.clear(
AttributeError: 'NoneType' object has no attribute 'clear'
[2024-03-20 00:05:04,245] {logging_mixin.py:109} INFO - [2024-03-20 00:05:04,245] {dag.py:2396} INFO - Sync 1 DAGs
[2024-03-20 00:05:04,259] {logging_mixin.py:109} INFO - [2024-03-20 00:05:04,259] {dag.py:2935} INFO - Setting next_dagrun for dag_ml_life_cycle to 2024-03-19T23:55:03.602397+00:00
[2024-03-20 00:05:04,268] {processor.py:171} INFO - Processing /Users/macbook/Desktop/airflow_tutorial/airflow/dags/lifecycle_ml_example/dags/dag_ml_life_cycle.py took 2.342 seconds
[2024-03-20 00:09:31,640] {processor.py:163} INFO - Started process (PID=23904) to work on /Users/macbook/Desktop/airflow_tutorial/airflow/dags/lifecycle_ml_example/dags/dag_ml_life_cycle.py
[2024-03-20 00:09:31,641] {processor.py:642} INFO - Processing file /Users/macbook/Desktop/airflow_tutorial/airflow/dags/lifecycle_ml_example/dags/dag_ml_life_cycle.py for tasks to queue
[2024-03-20 00:09:31,641] {logging_mixin.py:109} INFO - [2024-03-20 00:09:31,641] {dagbag.py:500} INFO - Filling up the DagBag from /Users/macbook/Desktop/airflow_tutorial/airflow/dags/lifecycle_ml_example/dags/dag_ml_life_cycle.py
[2024-03-20 00:09:33,293] {processor.py:654} INFO - DAG(s) dict_keys(['dag_ml_life_cycle']) retrieved from /Users/macbook/Desktop/airflow_tutorial/airflow/dags/lifecycle_ml_example/dags/dag_ml_life_cycle.py
[2024-03-20 00:09:33,296] {logging_mixin.py:109} INFO - [2024-03-20 00:09:33,296] {dag.py:1121} INFO - Executing dag callback function: <function callback_subdag_clear at 0x7f843d50aca0>
[2024-03-20 00:09:33,332] {logging_mixin.py:109} WARNING - /Users/macbook/anaconda3/envs/airflow_env/lib/python3.9/site-packages/airflow/utils/context.py:152 AirflowContextDeprecationWarning: Accessing 'execution_date' from the template is deprecated and will be removed in a future version. Please use 'data_interval_start' or 'logical_date' instead.
[2024-03-20 00:09:33,333] {logging_mixin.py:109} INFO - [2024-03-20 00:09:33,333] {dagbag.py:500} INFO - Filling up the DagBag from /Users/macbook/Desktop/airflow_tutorial/airflow/dags
[2024-03-20 00:09:33,431] {logging_mixin.py:109} INFO - [2024-03-20 00:09:33,431] {example_kubernetes_executor.py:38} WARNING - The example_kubernetes_executor example DAG requires the kubernetes provider. Please install it with: pip install apache-airflow[cncf.kubernetes]
[2024-03-20 00:09:33,455] {logging_mixin.py:109} INFO - [2024-03-20 00:09:33,454] {dag.py:1130} ERROR - failed to invoke dag state update callback
Traceback (most recent call last):
  File "/Users/macbook/anaconda3/envs/airflow_env/lib/python3.9/site-packages/airflow/models/dag.py", line 1128, in handle_callback
    callback(context)
  File "/Users/macbook/Desktop/airflow_tutorial/airflow/dags/lifecycle_ml_example/dags/dag_ml_life_cycle.py", line 28, in callback_subdag_clear
    sdag.clear(
AttributeError: 'NoneType' object has no attribute 'clear'
[2024-03-20 00:09:33,765] {logging_mixin.py:109} INFO - [2024-03-20 00:09:33,764] {dag.py:2396} INFO - Sync 1 DAGs
[2024-03-20 00:09:33,773] {logging_mixin.py:109} INFO - [2024-03-20 00:09:33,773] {dag.py:2935} INFO - Setting next_dagrun for dag_ml_life_cycle to 2024-03-20T00:00:03.602397+00:00
[2024-03-20 00:09:33,784] {processor.py:171} INFO - Processing /Users/macbook/Desktop/airflow_tutorial/airflow/dags/lifecycle_ml_example/dags/dag_ml_life_cycle.py took 2.145 seconds
[2024-03-20 00:11:51,833] {processor.py:163} INFO - Started process (PID=27728) to work on /Users/macbook/Desktop/airflow_tutorial/airflow/dags/lifecycle_ml_example/dags/dag_ml_life_cycle.py
[2024-03-20 00:11:51,834] {processor.py:642} INFO - Processing file /Users/macbook/Desktop/airflow_tutorial/airflow/dags/lifecycle_ml_example/dags/dag_ml_life_cycle.py for tasks to queue
[2024-03-20 00:11:51,834] {logging_mixin.py:109} INFO - [2024-03-20 00:11:51,834] {dagbag.py:500} INFO - Filling up the DagBag from /Users/macbook/Desktop/airflow_tutorial/airflow/dags/lifecycle_ml_example/dags/dag_ml_life_cycle.py
[2024-03-20 00:11:53,673] {processor.py:654} INFO - DAG(s) dict_keys(['dag_ml_life_cycle']) retrieved from /Users/macbook/Desktop/airflow_tutorial/airflow/dags/lifecycle_ml_example/dags/dag_ml_life_cycle.py
[2024-03-20 00:11:53,677] {logging_mixin.py:109} INFO - [2024-03-20 00:11:53,676] {dag.py:1121} INFO - Executing dag callback function: <function callback_subdag_clear at 0x7fa4d88c9ca0>
[2024-03-20 00:11:53,725] {logging_mixin.py:109} WARNING - /Users/macbook/anaconda3/envs/airflow_env/lib/python3.9/site-packages/airflow/utils/context.py:152 AirflowContextDeprecationWarning: Accessing 'execution_date' from the template is deprecated and will be removed in a future version. Please use 'data_interval_start' or 'logical_date' instead.
[2024-03-20 00:11:53,727] {logging_mixin.py:109} INFO - [2024-03-20 00:11:53,726] {dagbag.py:500} INFO - Filling up the DagBag from /Users/macbook/Desktop/airflow_tutorial/airflow/dags
[2024-03-20 00:11:53,914] {logging_mixin.py:109} INFO - [2024-03-20 00:11:53,914] {example_kubernetes_executor.py:38} WARNING - The example_kubernetes_executor example DAG requires the kubernetes provider. Please install it with: pip install apache-airflow[cncf.kubernetes]
[2024-03-20 00:11:53,941] {logging_mixin.py:109} INFO - [2024-03-20 00:11:53,940] {dag.py:1130} ERROR - failed to invoke dag state update callback
Traceback (most recent call last):
  File "/Users/macbook/anaconda3/envs/airflow_env/lib/python3.9/site-packages/airflow/models/dag.py", line 1128, in handle_callback
    callback(context)
  File "/Users/macbook/Desktop/airflow_tutorial/airflow/dags/lifecycle_ml_example/dags/dag_ml_life_cycle.py", line 28, in callback_subdag_clear
    sdag.clear(
AttributeError: 'NoneType' object has no attribute 'clear'
[2024-03-20 00:11:54,411] {logging_mixin.py:109} INFO - [2024-03-20 00:11:54,411] {dag.py:2396} INFO - Sync 1 DAGs
[2024-03-20 00:11:54,421] {logging_mixin.py:109} INFO - [2024-03-20 00:11:54,421] {dag.py:2935} INFO - Setting next_dagrun for dag_ml_life_cycle to 2024-03-20T00:05:03.602397+00:00
[2024-03-20 00:11:54,430] {processor.py:171} INFO - Processing /Users/macbook/Desktop/airflow_tutorial/airflow/dags/lifecycle_ml_example/dags/dag_ml_life_cycle.py took 2.598 seconds
[2024-03-20 00:15:01,411] {processor.py:163} INFO - Started process (PID=32761) to work on /Users/macbook/Desktop/airflow_tutorial/airflow/dags/lifecycle_ml_example/dags/dag_ml_life_cycle.py
[2024-03-20 00:15:01,427] {processor.py:642} INFO - Processing file /Users/macbook/Desktop/airflow_tutorial/airflow/dags/lifecycle_ml_example/dags/dag_ml_life_cycle.py for tasks to queue
[2024-03-20 00:15:01,427] {logging_mixin.py:109} INFO - [2024-03-20 00:15:01,427] {dagbag.py:500} INFO - Filling up the DagBag from /Users/macbook/Desktop/airflow_tutorial/airflow/dags/lifecycle_ml_example/dags/dag_ml_life_cycle.py
[2024-03-20 00:15:03,489] {processor.py:654} INFO - DAG(s) dict_keys(['dag_ml_life_cycle']) retrieved from /Users/macbook/Desktop/airflow_tutorial/airflow/dags/lifecycle_ml_example/dags/dag_ml_life_cycle.py
[2024-03-20 00:15:03,839] {logging_mixin.py:109} INFO - [2024-03-20 00:15:03,839] {dag.py:2396} INFO - Sync 1 DAGs
[2024-03-20 00:15:03,849] {logging_mixin.py:109} INFO - [2024-03-20 00:15:03,849] {dag.py:2935} INFO - Setting next_dagrun for dag_ml_life_cycle to 2024-03-20T00:10:03.602397+00:00
[2024-03-20 00:15:03,858] {processor.py:171} INFO - Processing /Users/macbook/Desktop/airflow_tutorial/airflow/dags/lifecycle_ml_example/dags/dag_ml_life_cycle.py took 2.448 seconds
[2024-03-20 00:15:05,937] {processor.py:163} INFO - Started process (PID=32871) to work on /Users/macbook/Desktop/airflow_tutorial/airflow/dags/lifecycle_ml_example/dags/dag_ml_life_cycle.py
[2024-03-20 00:15:05,938] {processor.py:642} INFO - Processing file /Users/macbook/Desktop/airflow_tutorial/airflow/dags/lifecycle_ml_example/dags/dag_ml_life_cycle.py for tasks to queue
[2024-03-20 00:15:05,939] {logging_mixin.py:109} INFO - [2024-03-20 00:15:05,938] {dagbag.py:500} INFO - Filling up the DagBag from /Users/macbook/Desktop/airflow_tutorial/airflow/dags/lifecycle_ml_example/dags/dag_ml_life_cycle.py
[2024-03-20 00:15:07,724] {processor.py:654} INFO - DAG(s) dict_keys(['dag_ml_life_cycle']) retrieved from /Users/macbook/Desktop/airflow_tutorial/airflow/dags/lifecycle_ml_example/dags/dag_ml_life_cycle.py
[2024-03-20 00:15:07,728] {logging_mixin.py:109} INFO - [2024-03-20 00:15:07,728] {dag.py:1121} INFO - Executing dag callback function: <function callback_subdag_clear at 0x7f892b8c9ca0>
[2024-03-20 00:15:07,772] {logging_mixin.py:109} WARNING - /Users/macbook/anaconda3/envs/airflow_env/lib/python3.9/site-packages/airflow/utils/context.py:152 AirflowContextDeprecationWarning: Accessing 'execution_date' from the template is deprecated and will be removed in a future version. Please use 'data_interval_start' or 'logical_date' instead.
[2024-03-20 00:15:07,772] {logging_mixin.py:109} INFO - [2024-03-20 00:15:07,772] {dagbag.py:500} INFO - Filling up the DagBag from /Users/macbook/Desktop/airflow_tutorial/airflow/dags
[2024-03-20 00:15:07,878] {logging_mixin.py:109} INFO - [2024-03-20 00:15:07,878] {example_kubernetes_executor.py:38} WARNING - The example_kubernetes_executor example DAG requires the kubernetes provider. Please install it with: pip install apache-airflow[cncf.kubernetes]
[2024-03-20 00:15:07,903] {logging_mixin.py:109} INFO - [2024-03-20 00:15:07,902] {dag.py:1130} ERROR - failed to invoke dag state update callback
Traceback (most recent call last):
  File "/Users/macbook/anaconda3/envs/airflow_env/lib/python3.9/site-packages/airflow/models/dag.py", line 1128, in handle_callback
    callback(context)
  File "/Users/macbook/Desktop/airflow_tutorial/airflow/dags/lifecycle_ml_example/dags/dag_ml_life_cycle.py", line 28, in callback_subdag_clear
    sdag.clear(
AttributeError: 'NoneType' object has no attribute 'clear'
[2024-03-20 00:15:07,910] {logging_mixin.py:109} INFO - [2024-03-20 00:15:07,910] {dag.py:2396} INFO - Sync 1 DAGs
[2024-03-20 00:15:07,922] {logging_mixin.py:109} INFO - [2024-03-20 00:15:07,922] {dag.py:2935} INFO - Setting next_dagrun for dag_ml_life_cycle to 2024-03-20T00:15:03.602397+00:00
[2024-03-20 00:15:07,933] {processor.py:171} INFO - Processing /Users/macbook/Desktop/airflow_tutorial/airflow/dags/lifecycle_ml_example/dags/dag_ml_life_cycle.py took 1.997 seconds
[2024-03-20 00:15:25,970] {processor.py:163} INFO - Started process (PID=33337) to work on /Users/macbook/Desktop/airflow_tutorial/airflow/dags/lifecycle_ml_example/dags/dag_ml_life_cycle.py
[2024-03-20 00:15:25,970] {processor.py:642} INFO - Processing file /Users/macbook/Desktop/airflow_tutorial/airflow/dags/lifecycle_ml_example/dags/dag_ml_life_cycle.py for tasks to queue
[2024-03-20 00:15:25,971] {logging_mixin.py:109} INFO - [2024-03-20 00:15:25,971] {dagbag.py:500} INFO - Filling up the DagBag from /Users/macbook/Desktop/airflow_tutorial/airflow/dags/lifecycle_ml_example/dags/dag_ml_life_cycle.py
[2024-03-20 00:15:27,614] {processor.py:654} INFO - DAG(s) dict_keys(['dag_ml_life_cycle']) retrieved from /Users/macbook/Desktop/airflow_tutorial/airflow/dags/lifecycle_ml_example/dags/dag_ml_life_cycle.py
[2024-03-20 00:15:27,617] {logging_mixin.py:109} INFO - [2024-03-20 00:15:27,617] {dag.py:1121} INFO - Executing dag callback function: <function callback_subdag_clear at 0x7f8469309ca0>
[2024-03-20 00:15:27,655] {logging_mixin.py:109} WARNING - /Users/macbook/anaconda3/envs/airflow_env/lib/python3.9/site-packages/airflow/utils/context.py:152 AirflowContextDeprecationWarning: Accessing 'execution_date' from the template is deprecated and will be removed in a future version. Please use 'data_interval_start' or 'logical_date' instead.
[2024-03-20 00:15:27,655] {logging_mixin.py:109} INFO - [2024-03-20 00:15:27,655] {dagbag.py:500} INFO - Filling up the DagBag from /Users/macbook/Desktop/airflow_tutorial/airflow/dags
[2024-03-20 00:15:27,755] {logging_mixin.py:109} INFO - [2024-03-20 00:15:27,755] {example_kubernetes_executor.py:38} WARNING - The example_kubernetes_executor example DAG requires the kubernetes provider. Please install it with: pip install apache-airflow[cncf.kubernetes]
[2024-03-20 00:15:27,777] {logging_mixin.py:109} INFO - [2024-03-20 00:15:27,776] {dag.py:1130} ERROR - failed to invoke dag state update callback
Traceback (most recent call last):
  File "/Users/macbook/anaconda3/envs/airflow_env/lib/python3.9/site-packages/airflow/models/dag.py", line 1128, in handle_callback
    callback(context)
  File "/Users/macbook/Desktop/airflow_tutorial/airflow/dags/lifecycle_ml_example/dags/dag_ml_life_cycle.py", line 28, in callback_subdag_clear
    sdag.clear(
AttributeError: 'NoneType' object has no attribute 'clear'
[2024-03-20 00:15:27,784] {logging_mixin.py:109} INFO - [2024-03-20 00:15:27,783] {dag.py:2396} INFO - Sync 1 DAGs
[2024-03-20 00:15:27,795] {logging_mixin.py:109} INFO - [2024-03-20 00:15:27,795] {dag.py:2935} INFO - Setting next_dagrun for dag_ml_life_cycle to 2024-03-20T00:25:03.602397+00:00
[2024-03-20 00:15:27,803] {processor.py:171} INFO - Processing /Users/macbook/Desktop/airflow_tutorial/airflow/dags/lifecycle_ml_example/dags/dag_ml_life_cycle.py took 1.833 seconds
[2024-03-20 00:15:31,370] {processor.py:163} INFO - Started process (PID=33487) to work on /Users/macbook/Desktop/airflow_tutorial/airflow/dags/lifecycle_ml_example/dags/dag_ml_life_cycle.py
[2024-03-20 00:15:31,371] {processor.py:642} INFO - Processing file /Users/macbook/Desktop/airflow_tutorial/airflow/dags/lifecycle_ml_example/dags/dag_ml_life_cycle.py for tasks to queue
[2024-03-20 00:15:31,371] {logging_mixin.py:109} INFO - [2024-03-20 00:15:31,371] {dagbag.py:500} INFO - Filling up the DagBag from /Users/macbook/Desktop/airflow_tutorial/airflow/dags/lifecycle_ml_example/dags/dag_ml_life_cycle.py
[2024-03-20 00:15:33,065] {processor.py:654} INFO - DAG(s) dict_keys(['dag_ml_life_cycle']) retrieved from /Users/macbook/Desktop/airflow_tutorial/airflow/dags/lifecycle_ml_example/dags/dag_ml_life_cycle.py
[2024-03-20 00:15:33,068] {logging_mixin.py:109} INFO - [2024-03-20 00:15:33,068] {dag.py:1121} INFO - Executing dag callback function: <function callback_subdag_clear at 0x7fc1e4b08ca0>
[2024-03-20 00:15:33,110] {logging_mixin.py:109} WARNING - /Users/macbook/anaconda3/envs/airflow_env/lib/python3.9/site-packages/airflow/utils/context.py:152 AirflowContextDeprecationWarning: Accessing 'execution_date' from the template is deprecated and will be removed in a future version. Please use 'data_interval_start' or 'logical_date' instead.
[2024-03-20 00:15:33,111] {logging_mixin.py:109} INFO - [2024-03-20 00:15:33,111] {dagbag.py:500} INFO - Filling up the DagBag from /Users/macbook/Desktop/airflow_tutorial/airflow/dags
[2024-03-20 00:15:33,228] {logging_mixin.py:109} INFO - [2024-03-20 00:15:33,228] {example_kubernetes_executor.py:38} WARNING - The example_kubernetes_executor example DAG requires the kubernetes provider. Please install it with: pip install apache-airflow[cncf.kubernetes]
[2024-03-20 00:15:33,249] {logging_mixin.py:109} INFO - [2024-03-20 00:15:33,248] {dag.py:1130} ERROR - failed to invoke dag state update callback
Traceback (most recent call last):
  File "/Users/macbook/anaconda3/envs/airflow_env/lib/python3.9/site-packages/airflow/models/dag.py", line 1128, in handle_callback
    callback(context)
  File "/Users/macbook/Desktop/airflow_tutorial/airflow/dags/lifecycle_ml_example/dags/dag_ml_life_cycle.py", line 28, in callback_subdag_clear
    sdag.clear(
AttributeError: 'NoneType' object has no attribute 'clear'
[2024-03-20 00:15:33,257] {logging_mixin.py:109} INFO - [2024-03-20 00:15:33,257] {dag.py:2396} INFO - Sync 1 DAGs
[2024-03-20 00:15:33,269] {logging_mixin.py:109} INFO - [2024-03-20 00:15:33,269] {dag.py:2935} INFO - Setting next_dagrun for dag_ml_life_cycle to 2024-03-20T00:30:03.602397+00:00
[2024-03-20 00:15:33,279] {processor.py:171} INFO - Processing /Users/macbook/Desktop/airflow_tutorial/airflow/dags/lifecycle_ml_example/dags/dag_ml_life_cycle.py took 1.910 seconds
[2024-03-20 00:17:00,309] {processor.py:163} INFO - Started process (PID=35646) to work on /Users/macbook/Desktop/airflow_tutorial/airflow/dags/lifecycle_ml_example/dags/dag_ml_life_cycle.py
[2024-03-20 00:17:00,309] {processor.py:642} INFO - Processing file /Users/macbook/Desktop/airflow_tutorial/airflow/dags/lifecycle_ml_example/dags/dag_ml_life_cycle.py for tasks to queue
[2024-03-20 00:17:00,309] {logging_mixin.py:109} INFO - [2024-03-20 00:17:00,309] {dagbag.py:500} INFO - Filling up the DagBag from /Users/macbook/Desktop/airflow_tutorial/airflow/dags/lifecycle_ml_example/dags/dag_ml_life_cycle.py
[2024-03-20 00:17:01,976] {processor.py:654} INFO - DAG(s) dict_keys(['dag_ml_life_cycle']) retrieved from /Users/macbook/Desktop/airflow_tutorial/airflow/dags/lifecycle_ml_example/dags/dag_ml_life_cycle.py
[2024-03-20 00:17:01,979] {logging_mixin.py:109} INFO - [2024-03-20 00:17:01,979] {dag.py:1121} INFO - Executing dag callback function: <function callback_subdag_clear at 0x7f9cd6c08ca0>
[2024-03-20 00:17:02,018] {logging_mixin.py:109} WARNING - /Users/macbook/anaconda3/envs/airflow_env/lib/python3.9/site-packages/airflow/utils/context.py:152 AirflowContextDeprecationWarning: Accessing 'execution_date' from the template is deprecated and will be removed in a future version. Please use 'data_interval_start' or 'logical_date' instead.
[2024-03-20 00:17:02,018] {logging_mixin.py:109} INFO - [2024-03-20 00:17:02,018] {dagbag.py:500} INFO - Filling up the DagBag from /Users/macbook/Desktop/airflow_tutorial/airflow/dags
[2024-03-20 00:17:02,119] {logging_mixin.py:109} INFO - [2024-03-20 00:17:02,119] {example_kubernetes_executor.py:38} WARNING - The example_kubernetes_executor example DAG requires the kubernetes provider. Please install it with: pip install apache-airflow[cncf.kubernetes]
[2024-03-20 00:17:02,141] {logging_mixin.py:109} INFO - [2024-03-20 00:17:02,140] {dag.py:1130} ERROR - failed to invoke dag state update callback
Traceback (most recent call last):
  File "/Users/macbook/anaconda3/envs/airflow_env/lib/python3.9/site-packages/airflow/models/dag.py", line 1128, in handle_callback
    callback(context)
  File "/Users/macbook/Desktop/airflow_tutorial/airflow/dags/lifecycle_ml_example/dags/dag_ml_life_cycle.py", line 28, in callback_subdag_clear
    sdag.clear(
AttributeError: 'NoneType' object has no attribute 'clear'
[2024-03-20 00:17:02,468] {logging_mixin.py:109} INFO - [2024-03-20 00:17:02,467] {dag.py:2396} INFO - Sync 1 DAGs
[2024-03-20 00:17:02,477] {logging_mixin.py:109} INFO - [2024-03-20 00:17:02,477] {dag.py:2935} INFO - Setting next_dagrun for dag_ml_life_cycle to 2024-03-20T01:10:03.602397+00:00
[2024-03-20 00:17:02,486] {processor.py:171} INFO - Processing /Users/macbook/Desktop/airflow_tutorial/airflow/dags/lifecycle_ml_example/dags/dag_ml_life_cycle.py took 2.178 seconds
[2024-03-20 00:18:12,819] {processor.py:163} INFO - Started process (PID=37384) to work on /Users/macbook/Desktop/airflow_tutorial/airflow/dags/lifecycle_ml_example/dags/dag_ml_life_cycle.py
[2024-03-20 00:18:12,837] {processor.py:642} INFO - Processing file /Users/macbook/Desktop/airflow_tutorial/airflow/dags/lifecycle_ml_example/dags/dag_ml_life_cycle.py for tasks to queue
[2024-03-20 00:18:12,837] {logging_mixin.py:109} INFO - [2024-03-20 00:18:12,837] {dagbag.py:500} INFO - Filling up the DagBag from /Users/macbook/Desktop/airflow_tutorial/airflow/dags/lifecycle_ml_example/dags/dag_ml_life_cycle.py
[2024-03-20 00:18:14,473] {processor.py:654} INFO - DAG(s) dict_keys(['dag_ml_life_cycle']) retrieved from /Users/macbook/Desktop/airflow_tutorial/airflow/dags/lifecycle_ml_example/dags/dag_ml_life_cycle.py
[2024-03-20 00:18:14,476] {logging_mixin.py:109} INFO - [2024-03-20 00:18:14,476] {dag.py:1121} INFO - Executing dag callback function: <function callback_subdag_clear at 0x7f7f4d209ca0>
[2024-03-20 00:18:14,512] {logging_mixin.py:109} WARNING - /Users/macbook/anaconda3/envs/airflow_env/lib/python3.9/site-packages/airflow/utils/context.py:152 AirflowContextDeprecationWarning: Accessing 'execution_date' from the template is deprecated and will be removed in a future version. Please use 'data_interval_start' or 'logical_date' instead.
[2024-03-20 00:18:14,513] {logging_mixin.py:109} INFO - [2024-03-20 00:18:14,513] {dagbag.py:500} INFO - Filling up the DagBag from /Users/macbook/Desktop/airflow_tutorial/airflow/dags
[2024-03-20 00:18:14,613] {logging_mixin.py:109} INFO - [2024-03-20 00:18:14,613] {example_kubernetes_executor.py:38} WARNING - The example_kubernetes_executor example DAG requires the kubernetes provider. Please install it with: pip install apache-airflow[cncf.kubernetes]
[2024-03-20 00:18:14,635] {logging_mixin.py:109} INFO - [2024-03-20 00:18:14,634] {dag.py:1130} ERROR - failed to invoke dag state update callback
Traceback (most recent call last):
  File "/Users/macbook/anaconda3/envs/airflow_env/lib/python3.9/site-packages/airflow/models/dag.py", line 1128, in handle_callback
    callback(context)
  File "/Users/macbook/Desktop/airflow_tutorial/airflow/dags/lifecycle_ml_example/dags/dag_ml_life_cycle.py", line 28, in callback_subdag_clear
    sdag.clear(
AttributeError: 'NoneType' object has no attribute 'clear'
[2024-03-20 00:18:14,941] {logging_mixin.py:109} INFO - [2024-03-20 00:18:14,941] {dag.py:2396} INFO - Sync 1 DAGs
[2024-03-20 00:18:14,949] {logging_mixin.py:109} INFO - [2024-03-20 00:18:14,949] {dag.py:2935} INFO - Setting next_dagrun for dag_ml_life_cycle to 2024-03-20T01:15:03.602397+00:00
[2024-03-20 00:18:14,958] {processor.py:171} INFO - Processing /Users/macbook/Desktop/airflow_tutorial/airflow/dags/lifecycle_ml_example/dags/dag_ml_life_cycle.py took 2.140 seconds
[2024-03-20 00:21:14,763] {processor.py:163} INFO - Started process (PID=41883) to work on /Users/macbook/Desktop/airflow_tutorial/airflow/dags/lifecycle_ml_example/dags/dag_ml_life_cycle.py
[2024-03-20 00:21:14,764] {processor.py:642} INFO - Processing file /Users/macbook/Desktop/airflow_tutorial/airflow/dags/lifecycle_ml_example/dags/dag_ml_life_cycle.py for tasks to queue
[2024-03-20 00:21:14,764] {logging_mixin.py:109} INFO - [2024-03-20 00:21:14,764] {dagbag.py:500} INFO - Filling up the DagBag from /Users/macbook/Desktop/airflow_tutorial/airflow/dags/lifecycle_ml_example/dags/dag_ml_life_cycle.py
[2024-03-20 00:21:16,682] {processor.py:654} INFO - DAG(s) dict_keys(['dag_ml_life_cycle']) retrieved from /Users/macbook/Desktop/airflow_tutorial/airflow/dags/lifecycle_ml_example/dags/dag_ml_life_cycle.py
[2024-03-20 00:21:17,073] {logging_mixin.py:109} INFO - [2024-03-20 00:21:17,073] {dag.py:2396} INFO - Sync 1 DAGs
[2024-03-20 00:21:17,091] {processor.py:171} INFO - Processing /Users/macbook/Desktop/airflow_tutorial/airflow/dags/lifecycle_ml_example/dags/dag_ml_life_cycle.py took 2.329 seconds
[2024-03-20 00:22:11,353] {processor.py:163} INFO - Started process (PID=43541) to work on /Users/macbook/Desktop/airflow_tutorial/airflow/dags/lifecycle_ml_example/dags/dag_ml_life_cycle.py
[2024-03-20 00:22:11,354] {processor.py:642} INFO - Processing file /Users/macbook/Desktop/airflow_tutorial/airflow/dags/lifecycle_ml_example/dags/dag_ml_life_cycle.py for tasks to queue
[2024-03-20 00:22:11,354] {logging_mixin.py:109} INFO - [2024-03-20 00:22:11,354] {dagbag.py:500} INFO - Filling up the DagBag from /Users/macbook/Desktop/airflow_tutorial/airflow/dags/lifecycle_ml_example/dags/dag_ml_life_cycle.py
[2024-03-20 00:22:13,089] {processor.py:654} INFO - DAG(s) dict_keys(['dag_ml_life_cycle']) retrieved from /Users/macbook/Desktop/airflow_tutorial/airflow/dags/lifecycle_ml_example/dags/dag_ml_life_cycle.py
[2024-03-20 00:22:13,093] {logging_mixin.py:109} INFO - [2024-03-20 00:22:13,093] {dag.py:1121} INFO - Executing dag callback function: <function callback_subdag_clear at 0x7fad4e9c9ca0>
[2024-03-20 00:22:13,131] {logging_mixin.py:109} WARNING - /Users/macbook/anaconda3/envs/airflow_env/lib/python3.9/site-packages/airflow/utils/context.py:152 AirflowContextDeprecationWarning: Accessing 'execution_date' from the template is deprecated and will be removed in a future version. Please use 'data_interval_start' or 'logical_date' instead.
[2024-03-20 00:22:13,131] {logging_mixin.py:109} INFO - [2024-03-20 00:22:13,131] {dagbag.py:500} INFO - Filling up the DagBag from /Users/macbook/Desktop/airflow_tutorial/airflow/dags
[2024-03-20 00:22:13,242] {logging_mixin.py:109} INFO - [2024-03-20 00:22:13,242] {example_kubernetes_executor.py:38} WARNING - The example_kubernetes_executor example DAG requires the kubernetes provider. Please install it with: pip install apache-airflow[cncf.kubernetes]
[2024-03-20 00:22:13,271] {logging_mixin.py:109} INFO - [2024-03-20 00:22:13,269] {dag.py:1130} ERROR - failed to invoke dag state update callback
Traceback (most recent call last):
  File "/Users/macbook/anaconda3/envs/airflow_env/lib/python3.9/site-packages/airflow/models/dag.py", line 1128, in handle_callback
    callback(context)
  File "/Users/macbook/Desktop/airflow_tutorial/airflow/dags/lifecycle_ml_example/dags/dag_ml_life_cycle.py", line 28, in callback_subdag_clear
    sdag.clear(
AttributeError: 'NoneType' object has no attribute 'clear'
[2024-03-20 00:22:13,590] {logging_mixin.py:109} INFO - [2024-03-20 00:22:13,589] {dag.py:2396} INFO - Sync 1 DAGs
[2024-03-20 00:22:13,599] {logging_mixin.py:109} INFO - [2024-03-20 00:22:13,599] {dag.py:2935} INFO - Setting next_dagrun for dag_ml_life_cycle to 2024-03-20T01:20:03.602397+00:00
[2024-03-20 00:22:13,608] {processor.py:171} INFO - Processing /Users/macbook/Desktop/airflow_tutorial/airflow/dags/lifecycle_ml_example/dags/dag_ml_life_cycle.py took 2.255 seconds
[2024-03-20 00:22:17,083] {processor.py:163} INFO - Started process (PID=43687) to work on /Users/macbook/Desktop/airflow_tutorial/airflow/dags/lifecycle_ml_example/dags/dag_ml_life_cycle.py
[2024-03-20 00:22:17,083] {processor.py:642} INFO - Processing file /Users/macbook/Desktop/airflow_tutorial/airflow/dags/lifecycle_ml_example/dags/dag_ml_life_cycle.py for tasks to queue
[2024-03-20 00:22:17,084] {logging_mixin.py:109} INFO - [2024-03-20 00:22:17,084] {dagbag.py:500} INFO - Filling up the DagBag from /Users/macbook/Desktop/airflow_tutorial/airflow/dags/lifecycle_ml_example/dags/dag_ml_life_cycle.py
[2024-03-20 00:22:18,807] {processor.py:654} INFO - DAG(s) dict_keys(['dag_ml_life_cycle']) retrieved from /Users/macbook/Desktop/airflow_tutorial/airflow/dags/lifecycle_ml_example/dags/dag_ml_life_cycle.py
[2024-03-20 00:22:18,814] {logging_mixin.py:109} INFO - [2024-03-20 00:22:18,814] {dag.py:1121} INFO - Executing dag callback function: <function callback_subdag_clear at 0x7f96e36caca0>
[2024-03-20 00:22:18,873] {logging_mixin.py:109} WARNING - /Users/macbook/anaconda3/envs/airflow_env/lib/python3.9/site-packages/airflow/utils/context.py:152 AirflowContextDeprecationWarning: Accessing 'execution_date' from the template is deprecated and will be removed in a future version. Please use 'data_interval_start' or 'logical_date' instead.
[2024-03-20 00:22:18,873] {logging_mixin.py:109} INFO - [2024-03-20 00:22:18,873] {dagbag.py:500} INFO - Filling up the DagBag from /Users/macbook/Desktop/airflow_tutorial/airflow/dags
[2024-03-20 00:22:18,973] {logging_mixin.py:109} INFO - [2024-03-20 00:22:18,973] {example_kubernetes_executor.py:38} WARNING - The example_kubernetes_executor example DAG requires the kubernetes provider. Please install it with: pip install apache-airflow[cncf.kubernetes]
[2024-03-20 00:22:18,995] {logging_mixin.py:109} INFO - [2024-03-20 00:22:18,994] {dag.py:1130} ERROR - failed to invoke dag state update callback
Traceback (most recent call last):
  File "/Users/macbook/anaconda3/envs/airflow_env/lib/python3.9/site-packages/airflow/models/dag.py", line 1128, in handle_callback
    callback(context)
  File "/Users/macbook/Desktop/airflow_tutorial/airflow/dags/lifecycle_ml_example/dags/dag_ml_life_cycle.py", line 28, in callback_subdag_clear
    sdag.clear(
AttributeError: 'NoneType' object has no attribute 'clear'
[2024-03-20 00:22:19,002] {logging_mixin.py:109} INFO - [2024-03-20 00:22:19,002] {dag.py:2396} INFO - Sync 1 DAGs
[2024-03-20 00:22:19,014] {logging_mixin.py:109} INFO - [2024-03-20 00:22:19,014] {dag.py:2935} INFO - Setting next_dagrun for dag_ml_life_cycle to 2024-03-20T01:25:03.602397+00:00
[2024-03-20 00:22:19,022] {processor.py:171} INFO - Processing /Users/macbook/Desktop/airflow_tutorial/airflow/dags/lifecycle_ml_example/dags/dag_ml_life_cycle.py took 1.940 seconds
[2024-03-20 00:27:54,089] {processor.py:163} INFO - Started process (PID=52336) to work on /Users/macbook/Desktop/airflow_tutorial/airflow/dags/lifecycle_ml_example/dags/dag_ml_life_cycle.py
[2024-03-20 00:27:54,089] {processor.py:642} INFO - Processing file /Users/macbook/Desktop/airflow_tutorial/airflow/dags/lifecycle_ml_example/dags/dag_ml_life_cycle.py for tasks to queue
[2024-03-20 00:27:54,090] {logging_mixin.py:109} INFO - [2024-03-20 00:27:54,089] {dagbag.py:500} INFO - Filling up the DagBag from /Users/macbook/Desktop/airflow_tutorial/airflow/dags/lifecycle_ml_example/dags/dag_ml_life_cycle.py
[2024-03-20 00:27:55,716] {processor.py:654} INFO - DAG(s) dict_keys(['dag_ml_life_cycle']) retrieved from /Users/macbook/Desktop/airflow_tutorial/airflow/dags/lifecycle_ml_example/dags/dag_ml_life_cycle.py
[2024-03-20 00:27:56,027] {logging_mixin.py:109} INFO - [2024-03-20 00:27:56,027] {dag.py:2396} INFO - Sync 1 DAGs
[2024-03-20 00:27:56,037] {logging_mixin.py:109} INFO - [2024-03-20 00:27:56,037] {dag.py:2935} INFO - Setting next_dagrun for dag_ml_life_cycle to 2024-03-20T01:30:03.602397+00:00
[2024-03-20 00:27:56,046] {processor.py:171} INFO - Processing /Users/macbook/Desktop/airflow_tutorial/airflow/dags/lifecycle_ml_example/dags/dag_ml_life_cycle.py took 1.958 seconds
[2024-03-20 00:31:00,039] {processor.py:163} INFO - Started process (PID=57221) to work on /Users/macbook/Desktop/airflow_tutorial/airflow/dags/lifecycle_ml_example/dags/dag_ml_life_cycle.py
[2024-03-20 00:31:00,040] {processor.py:642} INFO - Processing file /Users/macbook/Desktop/airflow_tutorial/airflow/dags/lifecycle_ml_example/dags/dag_ml_life_cycle.py for tasks to queue
[2024-03-20 00:31:00,040] {logging_mixin.py:109} INFO - [2024-03-20 00:31:00,040] {dagbag.py:500} INFO - Filling up the DagBag from /Users/macbook/Desktop/airflow_tutorial/airflow/dags/lifecycle_ml_example/dags/dag_ml_life_cycle.py
[2024-03-20 00:31:01,696] {processor.py:654} INFO - DAG(s) dict_keys(['dag_ml_life_cycle']) retrieved from /Users/macbook/Desktop/airflow_tutorial/airflow/dags/lifecycle_ml_example/dags/dag_ml_life_cycle.py
[2024-03-20 00:31:02,003] {logging_mixin.py:109} INFO - [2024-03-20 00:31:02,003] {dag.py:2396} INFO - Sync 1 DAGs
[2024-03-20 00:31:02,013] {logging_mixin.py:109} INFO - [2024-03-20 00:31:02,013] {dag.py:2935} INFO - Setting next_dagrun for dag_ml_life_cycle to 2024-03-20T01:35:03.602397+00:00
[2024-03-20 00:31:02,023] {processor.py:171} INFO - Processing /Users/macbook/Desktop/airflow_tutorial/airflow/dags/lifecycle_ml_example/dags/dag_ml_life_cycle.py took 1.984 seconds
[2024-03-20 04:25:31,742] {processor.py:163} INFO - Started process (PID=61021) to work on /Users/macbook/Desktop/airflow_tutorial/airflow/dags/lifecycle_ml_example/dags/dag_ml_life_cycle.py
[2024-03-20 04:25:31,743] {processor.py:642} INFO - Processing file /Users/macbook/Desktop/airflow_tutorial/airflow/dags/lifecycle_ml_example/dags/dag_ml_life_cycle.py for tasks to queue
[2024-03-20 04:25:31,743] {logging_mixin.py:109} INFO - [2024-03-20 04:25:31,743] {dagbag.py:500} INFO - Filling up the DagBag from /Users/macbook/Desktop/airflow_tutorial/airflow/dags/lifecycle_ml_example/dags/dag_ml_life_cycle.py
[2024-03-20 04:25:33,432] {processor.py:654} INFO - DAG(s) dict_keys(['dag_ml_life_cycle']) retrieved from /Users/macbook/Desktop/airflow_tutorial/airflow/dags/lifecycle_ml_example/dags/dag_ml_life_cycle.py
[2024-03-20 04:25:33,435] {logging_mixin.py:109} INFO - [2024-03-20 04:25:33,434] {dag.py:1121} INFO - Executing dag callback function: <function callback_subdag_clear at 0x7fd7e26c7ca0>
[2024-03-20 04:25:33,472] {logging_mixin.py:109} WARNING - /Users/macbook/anaconda3/envs/airflow_env/lib/python3.9/site-packages/airflow/utils/context.py:152 AirflowContextDeprecationWarning: Accessing 'execution_date' from the template is deprecated and will be removed in a future version. Please use 'data_interval_start' or 'logical_date' instead.
[2024-03-20 04:25:33,473] {logging_mixin.py:109} INFO - [2024-03-20 04:25:33,473] {dagbag.py:500} INFO - Filling up the DagBag from /Users/macbook/Desktop/airflow_tutorial/airflow/dags
[2024-03-20 04:25:33,572] {logging_mixin.py:109} INFO - [2024-03-20 04:25:33,572] {example_kubernetes_executor.py:38} WARNING - The example_kubernetes_executor example DAG requires the kubernetes provider. Please install it with: pip install apache-airflow[cncf.kubernetes]
[2024-03-20 04:25:33,593] {logging_mixin.py:109} INFO - [2024-03-20 04:25:33,592] {dag.py:1130} ERROR - failed to invoke dag state update callback
Traceback (most recent call last):
  File "/Users/macbook/anaconda3/envs/airflow_env/lib/python3.9/site-packages/airflow/models/dag.py", line 1128, in handle_callback
    callback(context)
  File "/Users/macbook/Desktop/airflow_tutorial/airflow/dags/lifecycle_ml_example/dags/dag_ml_life_cycle.py", line 28, in callback_subdag_clear
    sdag.clear(
AttributeError: 'NoneType' object has no attribute 'clear'
[2024-03-20 04:25:33,891] {logging_mixin.py:109} INFO - [2024-03-20 04:25:33,891] {dag.py:2396} INFO - Sync 1 DAGs
[2024-03-20 04:25:33,900] {logging_mixin.py:109} INFO - [2024-03-20 04:25:33,899] {dag.py:2935} INFO - Setting next_dagrun for dag_ml_life_cycle to 2024-03-20T04:15:33.398894+00:00
[2024-03-20 04:25:33,910] {processor.py:171} INFO - Processing /Users/macbook/Desktop/airflow_tutorial/airflow/dags/lifecycle_ml_example/dags/dag_ml_life_cycle.py took 2.168 seconds
[2024-03-20 07:37:04,726] {processor.py:163} INFO - Started process (PID=73489) to work on /Users/macbook/Desktop/airflow_tutorial/airflow/dags/lifecycle_ml_example/dags/dag_ml_life_cycle.py
[2024-03-20 07:37:04,727] {processor.py:642} INFO - Processing file /Users/macbook/Desktop/airflow_tutorial/airflow/dags/lifecycle_ml_example/dags/dag_ml_life_cycle.py for tasks to queue
[2024-03-20 07:37:04,728] {logging_mixin.py:109} INFO - [2024-03-20 07:37:04,728] {dagbag.py:500} INFO - Filling up the DagBag from /Users/macbook/Desktop/airflow_tutorial/airflow/dags/lifecycle_ml_example/dags/dag_ml_life_cycle.py
[2024-03-20 07:37:05,897] {processor.py:654} INFO - DAG(s) dict_keys(['dag_ml_life_cycle']) retrieved from /Users/macbook/Desktop/airflow_tutorial/airflow/dags/lifecycle_ml_example/dags/dag_ml_life_cycle.py
[2024-03-20 07:37:06,252] {logging_mixin.py:109} INFO - [2024-03-20 07:37:06,251] {dag.py:2396} INFO - Sync 1 DAGs
[2024-03-20 07:37:06,268] {processor.py:171} INFO - Processing /Users/macbook/Desktop/airflow_tutorial/airflow/dags/lifecycle_ml_example/dags/dag_ml_life_cycle.py took 1.543 seconds
[2024-03-20 07:45:44,577] {processor.py:163} INFO - Started process (PID=87882) to work on /Users/macbook/Desktop/airflow_tutorial/airflow/dags/lifecycle_ml_example/dags/dag_ml_life_cycle.py
[2024-03-20 07:45:44,577] {processor.py:642} INFO - Processing file /Users/macbook/Desktop/airflow_tutorial/airflow/dags/lifecycle_ml_example/dags/dag_ml_life_cycle.py for tasks to queue
[2024-03-20 07:45:44,577] {logging_mixin.py:109} INFO - [2024-03-20 07:45:44,577] {dagbag.py:500} INFO - Filling up the DagBag from /Users/macbook/Desktop/airflow_tutorial/airflow/dags/lifecycle_ml_example/dags/dag_ml_life_cycle.py
[2024-03-20 07:45:45,690] {processor.py:654} INFO - DAG(s) dict_keys(['dag_ml_life_cycle']) retrieved from /Users/macbook/Desktop/airflow_tutorial/airflow/dags/lifecycle_ml_example/dags/dag_ml_life_cycle.py
[2024-03-20 07:45:45,949] {logging_mixin.py:109} INFO - [2024-03-20 07:45:45,949] {dag.py:2396} INFO - Sync 1 DAGs
[2024-03-20 07:45:45,960] {processor.py:171} INFO - Processing /Users/macbook/Desktop/airflow_tutorial/airflow/dags/lifecycle_ml_example/dags/dag_ml_life_cycle.py took 1.384 seconds
[2024-03-20 07:48:57,336] {processor.py:163} INFO - Started process (PID=93616) to work on /Users/macbook/Desktop/airflow_tutorial/airflow/dags/lifecycle_ml_example/dags/dag_ml_life_cycle.py
[2024-03-20 07:48:57,337] {processor.py:642} INFO - Processing file /Users/macbook/Desktop/airflow_tutorial/airflow/dags/lifecycle_ml_example/dags/dag_ml_life_cycle.py for tasks to queue
[2024-03-20 07:48:57,337] {logging_mixin.py:109} INFO - [2024-03-20 07:48:57,337] {dagbag.py:500} INFO - Filling up the DagBag from /Users/macbook/Desktop/airflow_tutorial/airflow/dags/lifecycle_ml_example/dags/dag_ml_life_cycle.py
[2024-03-20 07:48:58,545] {processor.py:654} INFO - DAG(s) dict_keys(['dag_ml_life_cycle']) retrieved from /Users/macbook/Desktop/airflow_tutorial/airflow/dags/lifecycle_ml_example/dags/dag_ml_life_cycle.py
[2024-03-20 07:48:58,908] {logging_mixin.py:109} INFO - [2024-03-20 07:48:58,908] {dag.py:2396} INFO - Sync 1 DAGs
[2024-03-20 07:48:58,918] {logging_mixin.py:109} INFO - [2024-03-20 07:48:58,918] {dag.py:2935} INFO - Setting next_dagrun for dag_ml_life_cycle to 2024-03-20T07:38:58.518118+00:00
[2024-03-20 07:48:58,926] {processor.py:171} INFO - Processing /Users/macbook/Desktop/airflow_tutorial/airflow/dags/lifecycle_ml_example/dags/dag_ml_life_cycle.py took 1.590 seconds
[2024-03-20 07:51:07,009] {processor.py:163} INFO - Started process (PID=97676) to work on /Users/macbook/Desktop/airflow_tutorial/airflow/dags/lifecycle_ml_example/dags/dag_ml_life_cycle.py
[2024-03-20 07:51:07,011] {processor.py:642} INFO - Processing file /Users/macbook/Desktop/airflow_tutorial/airflow/dags/lifecycle_ml_example/dags/dag_ml_life_cycle.py for tasks to queue
[2024-03-20 07:51:07,011] {logging_mixin.py:109} INFO - [2024-03-20 07:51:07,011] {dagbag.py:500} INFO - Filling up the DagBag from /Users/macbook/Desktop/airflow_tutorial/airflow/dags/lifecycle_ml_example/dags/dag_ml_life_cycle.py
[2024-03-20 07:51:08,207] {processor.py:654} INFO - DAG(s) dict_keys(['dag_ml_life_cycle']) retrieved from /Users/macbook/Desktop/airflow_tutorial/airflow/dags/lifecycle_ml_example/dags/dag_ml_life_cycle.py
[2024-03-20 07:51:08,561] {logging_mixin.py:109} INFO - [2024-03-20 07:51:08,560] {dag.py:2396} INFO - Sync 1 DAGs
[2024-03-20 07:51:08,567] {logging_mixin.py:109} INFO - [2024-03-20 07:51:08,567] {dag.py:2935} INFO - Setting next_dagrun for dag_ml_life_cycle to 2024-03-20T07:43:58.518118+00:00
[2024-03-20 07:51:08,572] {processor.py:171} INFO - Processing /Users/macbook/Desktop/airflow_tutorial/airflow/dags/lifecycle_ml_example/dags/dag_ml_life_cycle.py took 1.563 seconds
[2024-03-20 07:51:34,172] {processor.py:163} INFO - Started process (PID=98536) to work on /Users/macbook/Desktop/airflow_tutorial/airflow/dags/lifecycle_ml_example/dags/dag_ml_life_cycle.py
[2024-03-20 07:51:34,172] {processor.py:642} INFO - Processing file /Users/macbook/Desktop/airflow_tutorial/airflow/dags/lifecycle_ml_example/dags/dag_ml_life_cycle.py for tasks to queue
[2024-03-20 07:51:34,172] {logging_mixin.py:109} INFO - [2024-03-20 07:51:34,172] {dagbag.py:500} INFO - Filling up the DagBag from /Users/macbook/Desktop/airflow_tutorial/airflow/dags/lifecycle_ml_example/dags/dag_ml_life_cycle.py
[2024-03-20 07:51:35,373] {processor.py:654} INFO - DAG(s) dict_keys(['dag_ml_life_cycle']) retrieved from /Users/macbook/Desktop/airflow_tutorial/airflow/dags/lifecycle_ml_example/dags/dag_ml_life_cycle.py
[2024-03-20 07:51:35,375] {logging_mixin.py:109} INFO - [2024-03-20 07:51:35,375] {dag.py:1121} INFO - Executing dag callback function: <function callback_subdag_clear at 0x7f9fb65c7ca0>
[2024-03-20 07:51:35,399] {logging_mixin.py:109} WARNING - /Users/macbook/anaconda3/envs/airflow_env/lib/python3.9/site-packages/airflow/utils/context.py:152 AirflowContextDeprecationWarning: Accessing 'execution_date' from the template is deprecated and will be removed in a future version. Please use 'data_interval_start' or 'logical_date' instead.
[2024-03-20 07:51:35,399] {logging_mixin.py:109} INFO - [2024-03-20 07:51:35,399] {dagbag.py:500} INFO - Filling up the DagBag from /Users/macbook/Desktop/airflow_tutorial/airflow/dags
[2024-03-20 07:51:35,464] {logging_mixin.py:109} INFO - [2024-03-20 07:51:35,464] {example_kubernetes_executor.py:38} WARNING - The example_kubernetes_executor example DAG requires the kubernetes provider. Please install it with: pip install apache-airflow[cncf.kubernetes]
[2024-03-20 07:51:35,480] {logging_mixin.py:109} INFO - [2024-03-20 07:51:35,478] {dag.py:1130} ERROR - failed to invoke dag state update callback
Traceback (most recent call last):
  File "/Users/macbook/anaconda3/envs/airflow_env/lib/python3.9/site-packages/airflow/models/dag.py", line 1128, in handle_callback
    callback(context)
  File "/Users/macbook/Desktop/airflow_tutorial/airflow/dags/lifecycle_ml_example/dags/dag_ml_life_cycle.py", line 28, in callback_subdag_clear
    sdag.clear(
AttributeError: 'NoneType' object has no attribute 'clear'
[2024-03-20 07:51:35,485] {logging_mixin.py:109} INFO - [2024-03-20 07:51:35,485] {dag.py:2396} INFO - Sync 1 DAGs
[2024-03-20 07:51:35,492] {logging_mixin.py:109} INFO - [2024-03-20 07:51:35,492] {dag.py:2935} INFO - Setting next_dagrun for dag_ml_life_cycle to 2024-03-20T07:48:58.518118+00:00
[2024-03-20 07:51:35,496] {processor.py:171} INFO - Processing /Users/macbook/Desktop/airflow_tutorial/airflow/dags/lifecycle_ml_example/dags/dag_ml_life_cycle.py took 1.325 seconds
[2024-03-20 07:51:36,838] {processor.py:163} INFO - Started process (PID=98599) to work on /Users/macbook/Desktop/airflow_tutorial/airflow/dags/lifecycle_ml_example/dags/dag_ml_life_cycle.py
[2024-03-20 07:51:36,838] {processor.py:642} INFO - Processing file /Users/macbook/Desktop/airflow_tutorial/airflow/dags/lifecycle_ml_example/dags/dag_ml_life_cycle.py for tasks to queue
[2024-03-20 07:51:36,838] {logging_mixin.py:109} INFO - [2024-03-20 07:51:36,838] {dagbag.py:500} INFO - Filling up the DagBag from /Users/macbook/Desktop/airflow_tutorial/airflow/dags/lifecycle_ml_example/dags/dag_ml_life_cycle.py
[2024-03-20 07:51:38,026] {processor.py:654} INFO - DAG(s) dict_keys(['dag_ml_life_cycle']) retrieved from /Users/macbook/Desktop/airflow_tutorial/airflow/dags/lifecycle_ml_example/dags/dag_ml_life_cycle.py
[2024-03-20 07:51:38,028] {logging_mixin.py:109} INFO - [2024-03-20 07:51:38,028] {dag.py:1121} INFO - Executing dag callback function: <function callback_subdag_clear at 0x7fb26e008ca0>
[2024-03-20 07:51:38,053] {logging_mixin.py:109} WARNING - /Users/macbook/anaconda3/envs/airflow_env/lib/python3.9/site-packages/airflow/utils/context.py:152 AirflowContextDeprecationWarning: Accessing 'execution_date' from the template is deprecated and will be removed in a future version. Please use 'data_interval_start' or 'logical_date' instead.
[2024-03-20 07:51:38,053] {logging_mixin.py:109} INFO - [2024-03-20 07:51:38,053] {dagbag.py:500} INFO - Filling up the DagBag from /Users/macbook/Desktop/airflow_tutorial/airflow/dags
[2024-03-20 07:51:38,123] {logging_mixin.py:109} INFO - [2024-03-20 07:51:38,123] {example_kubernetes_executor.py:38} WARNING - The example_kubernetes_executor example DAG requires the kubernetes provider. Please install it with: pip install apache-airflow[cncf.kubernetes]
[2024-03-20 07:51:38,137] {logging_mixin.py:109} INFO - [2024-03-20 07:51:38,136] {dag.py:1130} ERROR - failed to invoke dag state update callback
Traceback (most recent call last):
  File "/Users/macbook/anaconda3/envs/airflow_env/lib/python3.9/site-packages/airflow/models/dag.py", line 1128, in handle_callback
    callback(context)
  File "/Users/macbook/Desktop/airflow_tutorial/airflow/dags/lifecycle_ml_example/dags/dag_ml_life_cycle.py", line 28, in callback_subdag_clear
    sdag.clear(
AttributeError: 'NoneType' object has no attribute 'clear'
[2024-03-20 07:51:38,141] {logging_mixin.py:109} INFO - [2024-03-20 07:51:38,141] {dag.py:2396} INFO - Sync 1 DAGs
[2024-03-20 07:51:38,149] {logging_mixin.py:109} INFO - [2024-03-20 07:51:38,149] {dag.py:2935} INFO - Setting next_dagrun for dag_ml_life_cycle to 2024-03-20T07:48:58.518118+00:00
[2024-03-20 07:51:38,154] {processor.py:171} INFO - Processing /Users/macbook/Desktop/airflow_tutorial/airflow/dags/lifecycle_ml_example/dags/dag_ml_life_cycle.py took 1.316 seconds
[2024-03-20 07:51:39,451] {processor.py:163} INFO - Started process (PID=98675) to work on /Users/macbook/Desktop/airflow_tutorial/airflow/dags/lifecycle_ml_example/dags/dag_ml_life_cycle.py
[2024-03-20 07:51:39,451] {processor.py:642} INFO - Processing file /Users/macbook/Desktop/airflow_tutorial/airflow/dags/lifecycle_ml_example/dags/dag_ml_life_cycle.py for tasks to queue
[2024-03-20 07:51:39,451] {logging_mixin.py:109} INFO - [2024-03-20 07:51:39,451] {dagbag.py:500} INFO - Filling up the DagBag from /Users/macbook/Desktop/airflow_tutorial/airflow/dags/lifecycle_ml_example/dags/dag_ml_life_cycle.py
[2024-03-20 07:51:40,598] {processor.py:654} INFO - DAG(s) dict_keys(['dag_ml_life_cycle']) retrieved from /Users/macbook/Desktop/airflow_tutorial/airflow/dags/lifecycle_ml_example/dags/dag_ml_life_cycle.py
[2024-03-20 07:51:40,600] {logging_mixin.py:109} INFO - [2024-03-20 07:51:40,600] {dag.py:1121} INFO - Executing dag callback function: <function callback_subdag_clear at 0x7fc4f34c9ca0>
[2024-03-20 07:51:40,624] {logging_mixin.py:109} WARNING - /Users/macbook/anaconda3/envs/airflow_env/lib/python3.9/site-packages/airflow/utils/context.py:152 AirflowContextDeprecationWarning: Accessing 'execution_date' from the template is deprecated and will be removed in a future version. Please use 'data_interval_start' or 'logical_date' instead.
[2024-03-20 07:51:40,625] {logging_mixin.py:109} INFO - [2024-03-20 07:51:40,624] {dagbag.py:500} INFO - Filling up the DagBag from /Users/macbook/Desktop/airflow_tutorial/airflow/dags
[2024-03-20 07:51:40,685] {logging_mixin.py:109} INFO - [2024-03-20 07:51:40,685] {example_kubernetes_executor.py:38} WARNING - The example_kubernetes_executor example DAG requires the kubernetes provider. Please install it with: pip install apache-airflow[cncf.kubernetes]
[2024-03-20 07:51:40,704] {logging_mixin.py:109} INFO - [2024-03-20 07:51:40,703] {dag.py:1130} ERROR - failed to invoke dag state update callback
Traceback (most recent call last):
  File "/Users/macbook/anaconda3/envs/airflow_env/lib/python3.9/site-packages/airflow/models/dag.py", line 1128, in handle_callback
    callback(context)
  File "/Users/macbook/Desktop/airflow_tutorial/airflow/dags/lifecycle_ml_example/dags/dag_ml_life_cycle.py", line 28, in callback_subdag_clear
    sdag.clear(
AttributeError: 'NoneType' object has no attribute 'clear'
[2024-03-20 07:51:40,948] {logging_mixin.py:109} INFO - [2024-03-20 07:51:40,947] {dag.py:2396} INFO - Sync 1 DAGs
[2024-03-20 07:51:40,954] {logging_mixin.py:109} INFO - [2024-03-20 07:51:40,954] {dag.py:2935} INFO - Setting next_dagrun for dag_ml_life_cycle to 2024-03-20T07:53:58.518118+00:00
[2024-03-20 07:51:40,960] {processor.py:171} INFO - Processing /Users/macbook/Desktop/airflow_tutorial/airflow/dags/lifecycle_ml_example/dags/dag_ml_life_cycle.py took 1.510 seconds
[2024-03-20 07:51:42,416] {processor.py:163} INFO - Started process (PID=98741) to work on /Users/macbook/Desktop/airflow_tutorial/airflow/dags/lifecycle_ml_example/dags/dag_ml_life_cycle.py
[2024-03-20 07:51:42,416] {processor.py:642} INFO - Processing file /Users/macbook/Desktop/airflow_tutorial/airflow/dags/lifecycle_ml_example/dags/dag_ml_life_cycle.py for tasks to queue
[2024-03-20 07:51:42,416] {logging_mixin.py:109} INFO - [2024-03-20 07:51:42,416] {dagbag.py:500} INFO - Filling up the DagBag from /Users/macbook/Desktop/airflow_tutorial/airflow/dags/lifecycle_ml_example/dags/dag_ml_life_cycle.py
[2024-03-20 07:51:43,525] {processor.py:654} INFO - DAG(s) dict_keys(['dag_ml_life_cycle']) retrieved from /Users/macbook/Desktop/airflow_tutorial/airflow/dags/lifecycle_ml_example/dags/dag_ml_life_cycle.py
[2024-03-20 07:51:43,526] {logging_mixin.py:109} INFO - [2024-03-20 07:51:43,526] {dag.py:1121} INFO - Executing dag callback function: <function callback_subdag_clear at 0x7faf9c9c9ca0>
[2024-03-20 07:51:43,555] {logging_mixin.py:109} WARNING - /Users/macbook/anaconda3/envs/airflow_env/lib/python3.9/site-packages/airflow/utils/context.py:152 AirflowContextDeprecationWarning: Accessing 'execution_date' from the template is deprecated and will be removed in a future version. Please use 'data_interval_start' or 'logical_date' instead.
[2024-03-20 07:51:43,555] {logging_mixin.py:109} INFO - [2024-03-20 07:51:43,555] {dagbag.py:500} INFO - Filling up the DagBag from /Users/macbook/Desktop/airflow_tutorial/airflow/dags
[2024-03-20 07:51:43,624] {logging_mixin.py:109} INFO - [2024-03-20 07:51:43,623] {example_kubernetes_executor.py:38} WARNING - The example_kubernetes_executor example DAG requires the kubernetes provider. Please install it with: pip install apache-airflow[cncf.kubernetes]
[2024-03-20 07:51:43,636] {logging_mixin.py:109} INFO - [2024-03-20 07:51:43,636] {dag.py:1130} ERROR - failed to invoke dag state update callback
Traceback (most recent call last):
  File "/Users/macbook/anaconda3/envs/airflow_env/lib/python3.9/site-packages/airflow/models/dag.py", line 1128, in handle_callback
    callback(context)
  File "/Users/macbook/Desktop/airflow_tutorial/airflow/dags/lifecycle_ml_example/dags/dag_ml_life_cycle.py", line 28, in callback_subdag_clear
    sdag.clear(
AttributeError: 'NoneType' object has no attribute 'clear'
[2024-03-20 07:51:43,641] {logging_mixin.py:109} INFO - [2024-03-20 07:51:43,640] {dag.py:2396} INFO - Sync 1 DAGs
[2024-03-20 07:51:43,648] {logging_mixin.py:109} INFO - [2024-03-20 07:51:43,648] {dag.py:2935} INFO - Setting next_dagrun for dag_ml_life_cycle to 2024-03-20T07:53:58.518118+00:00
[2024-03-20 07:51:43,652] {processor.py:171} INFO - Processing /Users/macbook/Desktop/airflow_tutorial/airflow/dags/lifecycle_ml_example/dags/dag_ml_life_cycle.py took 1.237 seconds
[2024-03-20 07:51:46,071] {processor.py:163} INFO - Started process (PID=98838) to work on /Users/macbook/Desktop/airflow_tutorial/airflow/dags/lifecycle_ml_example/dags/dag_ml_life_cycle.py
[2024-03-20 07:51:46,071] {processor.py:642} INFO - Processing file /Users/macbook/Desktop/airflow_tutorial/airflow/dags/lifecycle_ml_example/dags/dag_ml_life_cycle.py for tasks to queue
[2024-03-20 07:51:46,072] {logging_mixin.py:109} INFO - [2024-03-20 07:51:46,072] {dagbag.py:500} INFO - Filling up the DagBag from /Users/macbook/Desktop/airflow_tutorial/airflow/dags/lifecycle_ml_example/dags/dag_ml_life_cycle.py
[2024-03-20 07:51:47,255] {processor.py:654} INFO - DAG(s) dict_keys(['dag_ml_life_cycle']) retrieved from /Users/macbook/Desktop/airflow_tutorial/airflow/dags/lifecycle_ml_example/dags/dag_ml_life_cycle.py
[2024-03-20 07:51:47,257] {logging_mixin.py:109} INFO - [2024-03-20 07:51:47,257] {dag.py:1121} INFO - Executing dag callback function: <function callback_subdag_clear at 0x7fa31c4ccca0>
[2024-03-20 07:51:47,279] {logging_mixin.py:109} WARNING - /Users/macbook/anaconda3/envs/airflow_env/lib/python3.9/site-packages/airflow/utils/context.py:152 AirflowContextDeprecationWarning: Accessing 'execution_date' from the template is deprecated and will be removed in a future version. Please use 'data_interval_start' or 'logical_date' instead.
[2024-03-20 07:51:47,279] {logging_mixin.py:109} INFO - [2024-03-20 07:51:47,279] {dagbag.py:500} INFO - Filling up the DagBag from /Users/macbook/Desktop/airflow_tutorial/airflow/dags
[2024-03-20 07:51:47,338] {logging_mixin.py:109} INFO - [2024-03-20 07:51:47,338] {example_kubernetes_executor.py:38} WARNING - The example_kubernetes_executor example DAG requires the kubernetes provider. Please install it with: pip install apache-airflow[cncf.kubernetes]
[2024-03-20 07:51:47,354] {logging_mixin.py:109} INFO - [2024-03-20 07:51:47,354] {dag.py:1130} ERROR - failed to invoke dag state update callback
Traceback (most recent call last):
  File "/Users/macbook/anaconda3/envs/airflow_env/lib/python3.9/site-packages/airflow/models/dag.py", line 1128, in handle_callback
    callback(context)
  File "/Users/macbook/Desktop/airflow_tutorial/airflow/dags/lifecycle_ml_example/dags/dag_ml_life_cycle.py", line 28, in callback_subdag_clear
    sdag.clear(
AttributeError: 'NoneType' object has no attribute 'clear'
[2024-03-20 07:51:47,359] {logging_mixin.py:109} INFO - [2024-03-20 07:51:47,359] {dag.py:2396} INFO - Sync 1 DAGs
[2024-03-20 07:51:47,366] {logging_mixin.py:109} INFO - [2024-03-20 07:51:47,366] {dag.py:2935} INFO - Setting next_dagrun for dag_ml_life_cycle to 2024-03-20T07:58:58.518118+00:00
[2024-03-20 07:51:47,371] {processor.py:171} INFO - Processing /Users/macbook/Desktop/airflow_tutorial/airflow/dags/lifecycle_ml_example/dags/dag_ml_life_cycle.py took 1.300 seconds
[2024-03-20 07:51:48,618] {processor.py:163} INFO - Started process (PID=98911) to work on /Users/macbook/Desktop/airflow_tutorial/airflow/dags/lifecycle_ml_example/dags/dag_ml_life_cycle.py
[2024-03-20 07:51:48,618] {processor.py:642} INFO - Processing file /Users/macbook/Desktop/airflow_tutorial/airflow/dags/lifecycle_ml_example/dags/dag_ml_life_cycle.py for tasks to queue
[2024-03-20 07:51:48,618] {logging_mixin.py:109} INFO - [2024-03-20 07:51:48,618] {dagbag.py:500} INFO - Filling up the DagBag from /Users/macbook/Desktop/airflow_tutorial/airflow/dags/lifecycle_ml_example/dags/dag_ml_life_cycle.py
[2024-03-20 07:51:49,704] {processor.py:654} INFO - DAG(s) dict_keys(['dag_ml_life_cycle']) retrieved from /Users/macbook/Desktop/airflow_tutorial/airflow/dags/lifecycle_ml_example/dags/dag_ml_life_cycle.py
[2024-03-20 07:51:49,707] {logging_mixin.py:109} INFO - [2024-03-20 07:51:49,707] {dag.py:1121} INFO - Executing dag callback function: <function callback_subdag_clear at 0x7f92f9ccbca0>
[2024-03-20 07:51:49,734] {logging_mixin.py:109} WARNING - /Users/macbook/anaconda3/envs/airflow_env/lib/python3.9/site-packages/airflow/utils/context.py:152 AirflowContextDeprecationWarning: Accessing 'execution_date' from the template is deprecated and will be removed in a future version. Please use 'data_interval_start' or 'logical_date' instead.
[2024-03-20 07:51:49,735] {logging_mixin.py:109} INFO - [2024-03-20 07:51:49,735] {dagbag.py:500} INFO - Filling up the DagBag from /Users/macbook/Desktop/airflow_tutorial/airflow/dags
[2024-03-20 07:51:49,810] {logging_mixin.py:109} INFO - [2024-03-20 07:51:49,810] {example_kubernetes_executor.py:38} WARNING - The example_kubernetes_executor example DAG requires the kubernetes provider. Please install it with: pip install apache-airflow[cncf.kubernetes]
[2024-03-20 07:51:49,824] {logging_mixin.py:109} INFO - [2024-03-20 07:51:49,823] {dag.py:1130} ERROR - failed to invoke dag state update callback
Traceback (most recent call last):
  File "/Users/macbook/anaconda3/envs/airflow_env/lib/python3.9/site-packages/airflow/models/dag.py", line 1128, in handle_callback
    callback(context)
  File "/Users/macbook/Desktop/airflow_tutorial/airflow/dags/lifecycle_ml_example/dags/dag_ml_life_cycle.py", line 28, in callback_subdag_clear
    sdag.clear(
AttributeError: 'NoneType' object has no attribute 'clear'
[2024-03-20 07:51:49,828] {logging_mixin.py:109} INFO - [2024-03-20 07:51:49,828] {dag.py:2396} INFO - Sync 1 DAGs
[2024-03-20 07:51:49,835] {logging_mixin.py:109} INFO - [2024-03-20 07:51:49,835] {dag.py:2935} INFO - Setting next_dagrun for dag_ml_life_cycle to 2024-03-20T08:03:58.518118+00:00
[2024-03-20 07:51:49,840] {processor.py:171} INFO - Processing /Users/macbook/Desktop/airflow_tutorial/airflow/dags/lifecycle_ml_example/dags/dag_ml_life_cycle.py took 1.223 seconds
[2024-03-20 07:51:51,260] {processor.py:163} INFO - Started process (PID=98969) to work on /Users/macbook/Desktop/airflow_tutorial/airflow/dags/lifecycle_ml_example/dags/dag_ml_life_cycle.py
[2024-03-20 07:51:51,261] {processor.py:642} INFO - Processing file /Users/macbook/Desktop/airflow_tutorial/airflow/dags/lifecycle_ml_example/dags/dag_ml_life_cycle.py for tasks to queue
[2024-03-20 07:51:51,261] {logging_mixin.py:109} INFO - [2024-03-20 07:51:51,261] {dagbag.py:500} INFO - Filling up the DagBag from /Users/macbook/Desktop/airflow_tutorial/airflow/dags/lifecycle_ml_example/dags/dag_ml_life_cycle.py
[2024-03-20 07:51:52,516] {processor.py:654} INFO - DAG(s) dict_keys(['dag_ml_life_cycle']) retrieved from /Users/macbook/Desktop/airflow_tutorial/airflow/dags/lifecycle_ml_example/dags/dag_ml_life_cycle.py
[2024-03-20 07:51:52,518] {logging_mixin.py:109} INFO - [2024-03-20 07:51:52,518] {dag.py:1121} INFO - Executing dag callback function: <function callback_subdag_clear at 0x7ff6982c7ca0>
[2024-03-20 07:51:52,546] {logging_mixin.py:109} WARNING - /Users/macbook/anaconda3/envs/airflow_env/lib/python3.9/site-packages/airflow/utils/context.py:152 AirflowContextDeprecationWarning: Accessing 'execution_date' from the template is deprecated and will be removed in a future version. Please use 'data_interval_start' or 'logical_date' instead.
[2024-03-20 07:51:52,549] {logging_mixin.py:109} INFO - [2024-03-20 07:51:52,549] {dagbag.py:500} INFO - Filling up the DagBag from /Users/macbook/Desktop/airflow_tutorial/airflow/dags
[2024-03-20 07:51:52,630] {logging_mixin.py:109} INFO - [2024-03-20 07:51:52,630] {example_kubernetes_executor.py:38} WARNING - The example_kubernetes_executor example DAG requires the kubernetes provider. Please install it with: pip install apache-airflow[cncf.kubernetes]
[2024-03-20 07:51:52,643] {logging_mixin.py:109} INFO - [2024-03-20 07:51:52,643] {dag.py:1130} ERROR - failed to invoke dag state update callback
Traceback (most recent call last):
  File "/Users/macbook/anaconda3/envs/airflow_env/lib/python3.9/site-packages/airflow/models/dag.py", line 1128, in handle_callback
    callback(context)
  File "/Users/macbook/Desktop/airflow_tutorial/airflow/dags/lifecycle_ml_example/dags/dag_ml_life_cycle.py", line 28, in callback_subdag_clear
    sdag.clear(
AttributeError: 'NoneType' object has no attribute 'clear'
[2024-03-20 07:51:52,648] {logging_mixin.py:109} INFO - [2024-03-20 07:51:52,648] {dag.py:2396} INFO - Sync 1 DAGs
[2024-03-20 07:51:52,664] {logging_mixin.py:109} INFO - [2024-03-20 07:51:52,663] {dag.py:2935} INFO - Setting next_dagrun for dag_ml_life_cycle to 2024-03-20T08:08:58.518118+00:00
[2024-03-20 07:51:52,671] {processor.py:171} INFO - Processing /Users/macbook/Desktop/airflow_tutorial/airflow/dags/lifecycle_ml_example/dags/dag_ml_life_cycle.py took 1.413 seconds
[2024-03-20 07:55:19,011] {processor.py:163} INFO - Started process (PID=5113) to work on /Users/macbook/Desktop/airflow_tutorial/airflow/dags/lifecycle_ml_example/dags/dag_ml_life_cycle.py
[2024-03-20 07:55:19,012] {processor.py:642} INFO - Processing file /Users/macbook/Desktop/airflow_tutorial/airflow/dags/lifecycle_ml_example/dags/dag_ml_life_cycle.py for tasks to queue
[2024-03-20 07:55:19,012] {logging_mixin.py:109} INFO - [2024-03-20 07:55:19,012] {dagbag.py:500} INFO - Filling up the DagBag from /Users/macbook/Desktop/airflow_tutorial/airflow/dags/lifecycle_ml_example/dags/dag_ml_life_cycle.py
[2024-03-20 07:55:20,165] {processor.py:654} INFO - DAG(s) dict_keys(['dag_ml_life_cycle']) retrieved from /Users/macbook/Desktop/airflow_tutorial/airflow/dags/lifecycle_ml_example/dags/dag_ml_life_cycle.py
[2024-03-20 07:55:20,542] {logging_mixin.py:109} INFO - [2024-03-20 07:55:20,542] {dag.py:2396} INFO - Sync 1 DAGs
[2024-03-20 07:55:20,549] {logging_mixin.py:109} INFO - [2024-03-20 07:55:20,549] {dag.py:2935} INFO - Setting next_dagrun for dag_ml_life_cycle to 2024-03-20T08:23:58.518118+00:00
[2024-03-20 07:55:20,556] {processor.py:171} INFO - Processing /Users/macbook/Desktop/airflow_tutorial/airflow/dags/lifecycle_ml_example/dags/dag_ml_life_cycle.py took 1.546 seconds
[2024-03-20 07:57:42,135] {processor.py:163} INFO - Started process (PID=9322) to work on /Users/macbook/Desktop/airflow_tutorial/airflow/dags/lifecycle_ml_example/dags/dag_ml_life_cycle.py
[2024-03-20 07:57:42,135] {processor.py:642} INFO - Processing file /Users/macbook/Desktop/airflow_tutorial/airflow/dags/lifecycle_ml_example/dags/dag_ml_life_cycle.py for tasks to queue
[2024-03-20 07:57:42,135] {logging_mixin.py:109} INFO - [2024-03-20 07:57:42,135] {dagbag.py:500} INFO - Filling up the DagBag from /Users/macbook/Desktop/airflow_tutorial/airflow/dags/lifecycle_ml_example/dags/dag_ml_life_cycle.py
[2024-03-20 07:57:43,312] {processor.py:654} INFO - DAG(s) dict_keys(['dag_ml_life_cycle']) retrieved from /Users/macbook/Desktop/airflow_tutorial/airflow/dags/lifecycle_ml_example/dags/dag_ml_life_cycle.py
[2024-03-20 07:57:43,546] {logging_mixin.py:109} INFO - [2024-03-20 07:57:43,546] {dag.py:2396} INFO - Sync 1 DAGs
[2024-03-20 07:57:43,553] {logging_mixin.py:109} INFO - [2024-03-20 07:57:43,553] {dag.py:2935} INFO - Setting next_dagrun for dag_ml_life_cycle to 2024-03-20T08:33:58.518118+00:00
[2024-03-20 07:57:43,560] {processor.py:171} INFO - Processing /Users/macbook/Desktop/airflow_tutorial/airflow/dags/lifecycle_ml_example/dags/dag_ml_life_cycle.py took 1.426 seconds
[2024-03-20 08:00:49,679] {processor.py:163} INFO - Started process (PID=14356) to work on /Users/macbook/Desktop/airflow_tutorial/airflow/dags/lifecycle_ml_example/dags/dag_ml_life_cycle.py
[2024-03-20 08:00:49,679] {processor.py:642} INFO - Processing file /Users/macbook/Desktop/airflow_tutorial/airflow/dags/lifecycle_ml_example/dags/dag_ml_life_cycle.py for tasks to queue
[2024-03-20 08:00:49,680] {logging_mixin.py:109} INFO - [2024-03-20 08:00:49,680] {dagbag.py:500} INFO - Filling up the DagBag from /Users/macbook/Desktop/airflow_tutorial/airflow/dags/lifecycle_ml_example/dags/dag_ml_life_cycle.py
[2024-03-20 08:00:50,885] {processor.py:654} INFO - DAG(s) dict_keys(['dag_ml_life_cycle']) retrieved from /Users/macbook/Desktop/airflow_tutorial/airflow/dags/lifecycle_ml_example/dags/dag_ml_life_cycle.py
[2024-03-20 08:00:51,114] {logging_mixin.py:109} INFO - [2024-03-20 08:00:51,113] {dag.py:2396} INFO - Sync 1 DAGs
[2024-03-20 08:00:51,129] {processor.py:171} INFO - Processing /Users/macbook/Desktop/airflow_tutorial/airflow/dags/lifecycle_ml_example/dags/dag_ml_life_cycle.py took 1.450 seconds
[2024-03-20 08:04:04,920] {processor.py:163} INFO - Started process (PID=19592) to work on /Users/macbook/Desktop/airflow_tutorial/airflow/dags/lifecycle_ml_example/dags/dag_ml_life_cycle.py
[2024-03-20 08:04:04,920] {processor.py:642} INFO - Processing file /Users/macbook/Desktop/airflow_tutorial/airflow/dags/lifecycle_ml_example/dags/dag_ml_life_cycle.py for tasks to queue
[2024-03-20 08:04:04,921] {logging_mixin.py:109} INFO - [2024-03-20 08:04:04,921] {dagbag.py:500} INFO - Filling up the DagBag from /Users/macbook/Desktop/airflow_tutorial/airflow/dags/lifecycle_ml_example/dags/dag_ml_life_cycle.py
[2024-03-20 08:04:06,117] {processor.py:654} INFO - DAG(s) dict_keys(['dag_ml_life_cycle']) retrieved from /Users/macbook/Desktop/airflow_tutorial/airflow/dags/lifecycle_ml_example/dags/dag_ml_life_cycle.py
[2024-03-20 08:04:06,364] {logging_mixin.py:109} INFO - [2024-03-20 08:04:06,364] {dag.py:2396} INFO - Sync 1 DAGs
[2024-03-20 08:04:06,378] {processor.py:171} INFO - Processing /Users/macbook/Desktop/airflow_tutorial/airflow/dags/lifecycle_ml_example/dags/dag_ml_life_cycle.py took 1.459 seconds
[2024-03-20 08:06:19,114] {processor.py:163} INFO - Started process (PID=23510) to work on /Users/macbook/Desktop/airflow_tutorial/airflow/dags/lifecycle_ml_example/dags/dag_ml_life_cycle.py
[2024-03-20 08:06:19,114] {processor.py:642} INFO - Processing file /Users/macbook/Desktop/airflow_tutorial/airflow/dags/lifecycle_ml_example/dags/dag_ml_life_cycle.py for tasks to queue
[2024-03-20 08:06:19,114] {logging_mixin.py:109} INFO - [2024-03-20 08:06:19,114] {dagbag.py:500} INFO - Filling up the DagBag from /Users/macbook/Desktop/airflow_tutorial/airflow/dags/lifecycle_ml_example/dags/dag_ml_life_cycle.py
[2024-03-20 08:06:20,314] {processor.py:654} INFO - DAG(s) dict_keys(['dag_ml_life_cycle']) retrieved from /Users/macbook/Desktop/airflow_tutorial/airflow/dags/lifecycle_ml_example/dags/dag_ml_life_cycle.py
[2024-03-20 08:06:20,549] {logging_mixin.py:109} INFO - [2024-03-20 08:06:20,549] {dag.py:2396} INFO - Sync 1 DAGs
[2024-03-20 08:06:20,563] {processor.py:171} INFO - Processing /Users/macbook/Desktop/airflow_tutorial/airflow/dags/lifecycle_ml_example/dags/dag_ml_life_cycle.py took 1.449 seconds
[2024-03-20 08:07:39,154] {processor.py:163} INFO - Started process (PID=25943) to work on /Users/macbook/Desktop/airflow_tutorial/airflow/dags/lifecycle_ml_example/dags/dag_ml_life_cycle.py
[2024-03-20 08:07:39,154] {processor.py:642} INFO - Processing file /Users/macbook/Desktop/airflow_tutorial/airflow/dags/lifecycle_ml_example/dags/dag_ml_life_cycle.py for tasks to queue
[2024-03-20 08:07:39,155] {logging_mixin.py:109} INFO - [2024-03-20 08:07:39,155] {dagbag.py:500} INFO - Filling up the DagBag from /Users/macbook/Desktop/airflow_tutorial/airflow/dags/lifecycle_ml_example/dags/dag_ml_life_cycle.py
[2024-03-20 08:07:40,390] {processor.py:654} INFO - DAG(s) dict_keys(['dag_ml_life_cycle']) retrieved from /Users/macbook/Desktop/airflow_tutorial/airflow/dags/lifecycle_ml_example/dags/dag_ml_life_cycle.py
[2024-03-20 08:07:40,636] {logging_mixin.py:109} INFO - [2024-03-20 08:07:40,636] {dag.py:2396} INFO - Sync 1 DAGs
[2024-03-20 08:07:40,643] {logging_mixin.py:109} INFO - [2024-03-20 08:07:40,643] {dag.py:2935} INFO - Setting next_dagrun for dag_ml_life_cycle to 2024-03-20T08:58:58.518118+00:00
[2024-03-20 08:07:40,651] {processor.py:171} INFO - Processing /Users/macbook/Desktop/airflow_tutorial/airflow/dags/lifecycle_ml_example/dags/dag_ml_life_cycle.py took 1.498 seconds
