[2024-03-18 19:40:21,244] {taskinstance.py:1032} INFO - Dependencies all met for <TaskInstance: dag_ml_life_cycle.get_gold_data scheduled__2024-03-18T18:30:47.382372+00:00 [queued]>
[2024-03-18 19:40:21,407] {taskinstance.py:1032} INFO - Dependencies all met for <TaskInstance: dag_ml_life_cycle.get_gold_data scheduled__2024-03-18T18:30:47.382372+00:00 [queued]>
[2024-03-18 19:40:21,407] {taskinstance.py:1238} INFO - 
--------------------------------------------------------------------------------
[2024-03-18 19:40:21,408] {taskinstance.py:1239} INFO - Starting attempt 1 of 4
[2024-03-18 19:40:21,408] {taskinstance.py:1240} INFO - 
--------------------------------------------------------------------------------
[2024-03-18 19:40:21,432] {taskinstance.py:1259} INFO - Executing <Task(PythonOperator): get_gold_data> on 2024-03-18 18:30:47.382372+00:00
[2024-03-18 19:40:21,450] {standard_task_runner.py:52} INFO - Started process 68627 to run task
[2024-03-18 19:40:21,472] {standard_task_runner.py:76} INFO - Running: ['airflow', 'tasks', 'run', 'dag_ml_life_cycle', 'get_gold_data', 'scheduled__2024-03-18T18:30:47.382372+00:00', '--job-id', '199', '--raw', '--subdir', 'DAGS_FOLDER/lifecycle_ml_example/dags/dag_ml_life_cycle.py', '--cfg-path', '/var/folders/t4/c2kdpvnj6r793w3k056dkc640000gp/T/tmpgc7lo6t6', '--error-file', '/var/folders/t4/c2kdpvnj6r793w3k056dkc640000gp/T/tmpe_r1ydcl']
[2024-03-18 19:40:21,480] {standard_task_runner.py:77} INFO - Job 199: Subtask get_gold_data
[2024-03-18 19:40:21,641] {logging_mixin.py:109} INFO - Running <TaskInstance: dag_ml_life_cycle.get_gold_data scheduled__2024-03-18T18:30:47.382372+00:00 [running]> on host 1.0.0.127.in-addr.arpa
[2024-03-18 19:40:21,768] {taskinstance.py:1424} INFO - Exporting the following env vars:
AIRFLOW_CTX_DAG_OWNER=airflow
AIRFLOW_CTX_DAG_ID=dag_ml_life_cycle
AIRFLOW_CTX_TASK_ID=get_gold_data
AIRFLOW_CTX_EXECUTION_DATE=2024-03-18T18:30:47.382372+00:00
AIRFLOW_CTX_DAG_RUN_ID=scheduled__2024-03-18T18:30:47.382372+00:00
[2024-03-18 19:40:21,772] {data_preprocessing.py:34} INFO - Random error: 0.12254175006180656
[2024-03-18 19:40:21,774] {data_preprocessing.py:38} INFO - Getting gold data
[2024-03-18 19:40:21,776] {data_preprocessing.py:42} INFO - Getting raw data from ml_lifecycle_airflow/in-vehicle-coupon-recommendation.csv ...
[2024-03-18 19:41:15,018] {data_preprocessing.py:89} INFO - Starting data preprocessing ...
[2024-03-18 19:41:15,154] {data_preprocessing.py:150} INFO - Data preprocessing complete

[2024-03-18 19:41:15,184] {data_preprocessing.py:168} INFO - Encoding features using hashing encoder ...
[2024-03-18 20:10:24,042] {data_preprocessing.py:168} INFO - Encoding features using hashing encoder ...
[2024-03-18 20:12:45,058] {data_preprocessing.py:63} INFO - Uploading preprocessed data to GCS ...
[2024-03-18 20:13:13,102] {python.py:175} INFO - Done. Returned value was: True
[2024-03-18 20:13:13,171] {taskinstance.py:1267} INFO - Marking task as SUCCESS. dag_id=dag_ml_life_cycle, task_id=get_gold_data, execution_date=20240318T183047, start_date=20240319T004021, end_date=20240319T011313
[2024-03-18 20:13:13,218] {local_task_job.py:154} INFO - Task exited with return code 0
[2024-03-18 20:13:13,295] {local_task_job.py:264} INFO - 1 downstream tasks scheduled from follow-on schedule check
