[2024-03-19 21:06:24,386] {processor.py:163} INFO - Started process (PID=56863) to work on /Users/macbook/Desktop/airflow_tutorial/airflow/dags/tutorial_0.py
[2024-03-19 21:06:24,387] {processor.py:642} INFO - Processing file /Users/macbook/Desktop/airflow_tutorial/airflow/dags/tutorial_0.py for tasks to queue
[2024-03-19 21:06:24,388] {logging_mixin.py:109} INFO - [2024-03-19 21:06:24,388] {dagbag.py:500} INFO - Filling up the DagBag from /Users/macbook/Desktop/airflow_tutorial/airflow/dags/tutorial_0.py
[2024-03-19 21:06:24,480] {processor.py:654} INFO - DAG(s) dict_keys(['tutorial_juan_change_folder_v2']) retrieved from /Users/macbook/Desktop/airflow_tutorial/airflow/dags/tutorial_0.py
[2024-03-19 21:06:24,526] {logging_mixin.py:109} INFO - [2024-03-19 21:06:24,526] {dag.py:2396} INFO - Sync 1 DAGs
[2024-03-19 21:06:24,551] {logging_mixin.py:109} INFO - [2024-03-19 21:06:24,550] {dag.py:2935} INFO - Setting next_dagrun for tutorial_juan_change_folder_v2 to 2024-03-19T02:06:24.550561+00:00
[2024-03-19 21:06:24,568] {processor.py:171} INFO - Processing /Users/macbook/Desktop/airflow_tutorial/airflow/dags/tutorial_0.py took 0.184 seconds
[2024-03-19 21:34:47,086] {processor.py:163} INFO - Started process (PID=72536) to work on /Users/macbook/Desktop/airflow_tutorial/airflow/dags/tutorial_0.py
[2024-03-19 21:34:47,090] {processor.py:642} INFO - Processing file /Users/macbook/Desktop/airflow_tutorial/airflow/dags/tutorial_0.py for tasks to queue
[2024-03-19 21:34:47,091] {logging_mixin.py:109} INFO - [2024-03-19 21:34:47,091] {dagbag.py:500} INFO - Filling up the DagBag from /Users/macbook/Desktop/airflow_tutorial/airflow/dags/tutorial_0.py
[2024-03-19 21:34:47,197] {processor.py:654} INFO - DAG(s) dict_keys(['tutorial_juan_change_folder_v2']) retrieved from /Users/macbook/Desktop/airflow_tutorial/airflow/dags/tutorial_0.py
[2024-03-19 21:34:47,250] {logging_mixin.py:109} INFO - [2024-03-19 21:34:47,249] {dag.py:2396} INFO - Sync 1 DAGs
[2024-03-19 21:34:47,281] {logging_mixin.py:109} INFO - [2024-03-19 21:34:47,281] {dag.py:2935} INFO - Setting next_dagrun for tutorial_juan_change_folder_v2 to 2024-03-19T02:34:47.280823+00:00
[2024-03-19 21:34:47,303] {processor.py:171} INFO - Processing /Users/macbook/Desktop/airflow_tutorial/airflow/dags/tutorial_0.py took 0.219 seconds
[2024-03-19 22:33:00,498] {processor.py:163} INFO - Started process (PID=84708) to work on /Users/macbook/Desktop/airflow_tutorial/airflow/dags/tutorial_0.py
[2024-03-19 22:33:00,499] {processor.py:642} INFO - Processing file /Users/macbook/Desktop/airflow_tutorial/airflow/dags/tutorial_0.py for tasks to queue
[2024-03-19 22:33:00,500] {logging_mixin.py:109} INFO - [2024-03-19 22:33:00,500] {dagbag.py:500} INFO - Filling up the DagBag from /Users/macbook/Desktop/airflow_tutorial/airflow/dags/tutorial_0.py
[2024-03-19 22:33:00,527] {processor.py:654} INFO - DAG(s) dict_keys(['tutorial_juan_change_folder_v2']) retrieved from /Users/macbook/Desktop/airflow_tutorial/airflow/dags/tutorial_0.py
[2024-03-19 22:33:00,541] {logging_mixin.py:109} INFO - [2024-03-19 22:33:00,541] {dag.py:2396} INFO - Sync 1 DAGs
[2024-03-19 22:33:00,550] {logging_mixin.py:109} INFO - [2024-03-19 22:33:00,550] {dag.py:2935} INFO - Setting next_dagrun for tutorial_juan_change_folder_v2 to 2024-03-19T03:33:00.550031+00:00
[2024-03-19 22:33:00,557] {processor.py:171} INFO - Processing /Users/macbook/Desktop/airflow_tutorial/airflow/dags/tutorial_0.py took 0.060 seconds
[2024-03-20 00:04:59,984] {processor.py:163} INFO - Started process (PID=16937) to work on /Users/macbook/Desktop/airflow_tutorial/airflow/dags/tutorial_0.py
[2024-03-20 00:04:59,986] {processor.py:642} INFO - Processing file /Users/macbook/Desktop/airflow_tutorial/airflow/dags/tutorial_0.py for tasks to queue
[2024-03-20 00:04:59,986] {logging_mixin.py:109} INFO - [2024-03-20 00:04:59,986] {dagbag.py:500} INFO - Filling up the DagBag from /Users/macbook/Desktop/airflow_tutorial/airflow/dags/tutorial_0.py
[2024-03-20 00:05:00,024] {processor.py:654} INFO - DAG(s) dict_keys(['tutorial_juan_change_folder_v2']) retrieved from /Users/macbook/Desktop/airflow_tutorial/airflow/dags/tutorial_0.py
[2024-03-20 00:05:00,043] {logging_mixin.py:109} INFO - [2024-03-20 00:05:00,042] {dag.py:2396} INFO - Sync 1 DAGs
[2024-03-20 00:05:00,053] {logging_mixin.py:109} INFO - [2024-03-20 00:05:00,053] {dag.py:2935} INFO - Setting next_dagrun for tutorial_juan_change_folder_v2 to 2024-03-19T05:05:00.053650+00:00
[2024-03-20 00:05:00,061] {processor.py:171} INFO - Processing /Users/macbook/Desktop/airflow_tutorial/airflow/dags/tutorial_0.py took 0.077 seconds
[2024-03-20 00:15:18,160] {processor.py:163} INFO - Started process (PID=33164) to work on /Users/macbook/Desktop/airflow_tutorial/airflow/dags/tutorial_0.py
[2024-03-20 00:15:18,160] {processor.py:642} INFO - Processing file /Users/macbook/Desktop/airflow_tutorial/airflow/dags/tutorial_0.py for tasks to queue
[2024-03-20 00:15:18,161] {logging_mixin.py:109} INFO - [2024-03-20 00:15:18,161] {dagbag.py:500} INFO - Filling up the DagBag from /Users/macbook/Desktop/airflow_tutorial/airflow/dags/tutorial_0.py
[2024-03-20 00:15:18,196] {processor.py:654} INFO - DAG(s) dict_keys(['tutorial_juan_change_folder_v2']) retrieved from /Users/macbook/Desktop/airflow_tutorial/airflow/dags/tutorial_0.py
[2024-03-20 00:15:18,214] {logging_mixin.py:109} INFO - [2024-03-20 00:15:18,214] {dag.py:2396} INFO - Sync 1 DAGs
[2024-03-20 00:15:18,224] {logging_mixin.py:109} INFO - [2024-03-20 00:15:18,224] {dag.py:2935} INFO - Setting next_dagrun for tutorial_juan_change_folder_v2 to 2024-03-19T05:15:18.223922+00:00
[2024-03-20 00:15:18,231] {processor.py:171} INFO - Processing /Users/macbook/Desktop/airflow_tutorial/airflow/dags/tutorial_0.py took 0.072 seconds
[2024-03-20 00:21:41,880] {processor.py:163} INFO - Started process (PID=42632) to work on /Users/macbook/Desktop/airflow_tutorial/airflow/dags/tutorial_0.py
[2024-03-20 00:21:41,880] {processor.py:642} INFO - Processing file /Users/macbook/Desktop/airflow_tutorial/airflow/dags/tutorial_0.py for tasks to queue
[2024-03-20 00:21:41,881] {logging_mixin.py:109} INFO - [2024-03-20 00:21:41,880] {dagbag.py:500} INFO - Filling up the DagBag from /Users/macbook/Desktop/airflow_tutorial/airflow/dags/tutorial_0.py
[2024-03-20 00:21:41,914] {processor.py:654} INFO - DAG(s) dict_keys(['tutorial_juan_change_folder_v2']) retrieved from /Users/macbook/Desktop/airflow_tutorial/airflow/dags/tutorial_0.py
[2024-03-20 00:21:41,932] {logging_mixin.py:109} INFO - [2024-03-20 00:21:41,932] {dag.py:2396} INFO - Sync 1 DAGs
[2024-03-20 00:21:41,942] {logging_mixin.py:109} INFO - [2024-03-20 00:21:41,942] {dag.py:2935} INFO - Setting next_dagrun for tutorial_juan_change_folder_v2 to 2024-03-19T05:21:41.942525+00:00
[2024-03-20 00:21:41,950] {processor.py:171} INFO - Processing /Users/macbook/Desktop/airflow_tutorial/airflow/dags/tutorial_0.py took 0.071 seconds
[2024-03-20 00:28:15,228] {processor.py:163} INFO - Started process (PID=52937) to work on /Users/macbook/Desktop/airflow_tutorial/airflow/dags/tutorial_0.py
[2024-03-20 00:28:15,229] {processor.py:642} INFO - Processing file /Users/macbook/Desktop/airflow_tutorial/airflow/dags/tutorial_0.py for tasks to queue
[2024-03-20 00:28:15,229] {logging_mixin.py:109} INFO - [2024-03-20 00:28:15,229] {dagbag.py:500} INFO - Filling up the DagBag from /Users/macbook/Desktop/airflow_tutorial/airflow/dags/tutorial_0.py
[2024-03-20 00:28:15,262] {processor.py:654} INFO - DAG(s) dict_keys(['tutorial_juan_change_folder_v2']) retrieved from /Users/macbook/Desktop/airflow_tutorial/airflow/dags/tutorial_0.py
[2024-03-20 00:28:15,279] {logging_mixin.py:109} INFO - [2024-03-20 00:28:15,279] {dag.py:2396} INFO - Sync 1 DAGs
[2024-03-20 00:28:15,289] {logging_mixin.py:109} INFO - [2024-03-20 00:28:15,289] {dag.py:2935} INFO - Setting next_dagrun for tutorial_juan_change_folder_v2 to 2024-03-19T05:28:15.289095+00:00
[2024-03-20 00:28:15,296] {processor.py:171} INFO - Processing /Users/macbook/Desktop/airflow_tutorial/airflow/dags/tutorial_0.py took 0.068 seconds
[2024-03-20 00:31:21,119] {processor.py:163} INFO - Started process (PID=57822) to work on /Users/macbook/Desktop/airflow_tutorial/airflow/dags/tutorial_0.py
[2024-03-20 00:31:21,119] {processor.py:642} INFO - Processing file /Users/macbook/Desktop/airflow_tutorial/airflow/dags/tutorial_0.py for tasks to queue
[2024-03-20 00:31:21,120] {logging_mixin.py:109} INFO - [2024-03-20 00:31:21,120] {dagbag.py:500} INFO - Filling up the DagBag from /Users/macbook/Desktop/airflow_tutorial/airflow/dags/tutorial_0.py
[2024-03-20 00:31:21,154] {processor.py:654} INFO - DAG(s) dict_keys(['tutorial_juan_change_folder_v2']) retrieved from /Users/macbook/Desktop/airflow_tutorial/airflow/dags/tutorial_0.py
[2024-03-20 00:31:21,172] {logging_mixin.py:109} INFO - [2024-03-20 00:31:21,171] {dag.py:2396} INFO - Sync 1 DAGs
[2024-03-20 00:31:21,182] {logging_mixin.py:109} INFO - [2024-03-20 00:31:21,182] {dag.py:2935} INFO - Setting next_dagrun for tutorial_juan_change_folder_v2 to 2024-03-19T05:31:21.182085+00:00
[2024-03-20 00:31:21,190] {processor.py:171} INFO - Processing /Users/macbook/Desktop/airflow_tutorial/airflow/dags/tutorial_0.py took 0.072 seconds
[2024-03-20 07:51:32,886] {processor.py:163} INFO - Started process (PID=98519) to work on /Users/macbook/Desktop/airflow_tutorial/airflow/dags/tutorial_0.py
[2024-03-20 07:51:32,888] {processor.py:642} INFO - Processing file /Users/macbook/Desktop/airflow_tutorial/airflow/dags/tutorial_0.py for tasks to queue
[2024-03-20 07:51:32,888] {logging_mixin.py:109} INFO - [2024-03-20 07:51:32,888] {dagbag.py:500} INFO - Filling up the DagBag from /Users/macbook/Desktop/airflow_tutorial/airflow/dags/tutorial_0.py
[2024-03-20 07:51:32,910] {processor.py:654} INFO - DAG(s) dict_keys(['tutorial_juan_change_folder_v2']) retrieved from /Users/macbook/Desktop/airflow_tutorial/airflow/dags/tutorial_0.py
[2024-03-20 07:51:32,922] {logging_mixin.py:109} INFO - [2024-03-20 07:51:32,922] {dag.py:2396} INFO - Sync 1 DAGs
[2024-03-20 07:51:32,930] {logging_mixin.py:109} INFO - [2024-03-20 07:51:32,930] {dag.py:2935} INFO - Setting next_dagrun for tutorial_juan_change_folder_v2 to 2024-03-19T12:51:32.930164+00:00
[2024-03-20 07:51:32,934] {processor.py:171} INFO - Processing /Users/macbook/Desktop/airflow_tutorial/airflow/dags/tutorial_0.py took 0.049 seconds
[2024-03-20 07:55:50,159] {processor.py:163} INFO - Started process (PID=6187) to work on /Users/macbook/Desktop/airflow_tutorial/airflow/dags/tutorial_0.py
[2024-03-20 07:55:50,160] {processor.py:642} INFO - Processing file /Users/macbook/Desktop/airflow_tutorial/airflow/dags/tutorial_0.py for tasks to queue
[2024-03-20 07:55:50,161] {logging_mixin.py:109} INFO - [2024-03-20 07:55:50,161] {dagbag.py:500} INFO - Filling up the DagBag from /Users/macbook/Desktop/airflow_tutorial/airflow/dags/tutorial_0.py
[2024-03-20 07:55:50,185] {processor.py:654} INFO - DAG(s) dict_keys(['tutorial_juan_change_folder_v2']) retrieved from /Users/macbook/Desktop/airflow_tutorial/airflow/dags/tutorial_0.py
[2024-03-20 07:55:50,198] {logging_mixin.py:109} INFO - [2024-03-20 07:55:50,198] {dag.py:2396} INFO - Sync 1 DAGs
[2024-03-20 07:55:50,205] {logging_mixin.py:109} INFO - [2024-03-20 07:55:50,205] {dag.py:2935} INFO - Setting next_dagrun for tutorial_juan_change_folder_v2 to 2024-03-19T12:55:50.205646+00:00
[2024-03-20 07:55:50,211] {processor.py:171} INFO - Processing /Users/macbook/Desktop/airflow_tutorial/airflow/dags/tutorial_0.py took 0.052 seconds
[2024-03-20 07:57:55,636] {processor.py:163} INFO - Started process (PID=9750) to work on /Users/macbook/Desktop/airflow_tutorial/airflow/dags/tutorial_0.py
[2024-03-20 07:57:55,637] {processor.py:642} INFO - Processing file /Users/macbook/Desktop/airflow_tutorial/airflow/dags/tutorial_0.py for tasks to queue
[2024-03-20 07:57:55,637] {logging_mixin.py:109} INFO - [2024-03-20 07:57:55,637] {dagbag.py:500} INFO - Filling up the DagBag from /Users/macbook/Desktop/airflow_tutorial/airflow/dags/tutorial_0.py
[2024-03-20 07:57:55,660] {processor.py:654} INFO - DAG(s) dict_keys(['tutorial_juan_change_folder_v2']) retrieved from /Users/macbook/Desktop/airflow_tutorial/airflow/dags/tutorial_0.py
[2024-03-20 07:57:55,673] {logging_mixin.py:109} INFO - [2024-03-20 07:57:55,673] {dag.py:2396} INFO - Sync 1 DAGs
[2024-03-20 07:57:55,679] {logging_mixin.py:109} INFO - [2024-03-20 07:57:55,679] {dag.py:2935} INFO - Setting next_dagrun for tutorial_juan_change_folder_v2 to 2024-03-19T12:57:55.679459+00:00
[2024-03-20 07:57:55,684] {processor.py:171} INFO - Processing /Users/macbook/Desktop/airflow_tutorial/airflow/dags/tutorial_0.py took 0.048 seconds
[2024-03-20 08:08:03,873] {processor.py:163} INFO - Started process (PID=26741) to work on /Users/macbook/Desktop/airflow_tutorial/airflow/dags/tutorial_0.py
[2024-03-20 08:08:03,874] {processor.py:642} INFO - Processing file /Users/macbook/Desktop/airflow_tutorial/airflow/dags/tutorial_0.py for tasks to queue
[2024-03-20 08:08:03,874] {logging_mixin.py:109} INFO - [2024-03-20 08:08:03,874] {dagbag.py:500} INFO - Filling up the DagBag from /Users/macbook/Desktop/airflow_tutorial/airflow/dags/tutorial_0.py
[2024-03-20 08:08:03,900] {processor.py:654} INFO - DAG(s) dict_keys(['tutorial_juan_change_folder_v2']) retrieved from /Users/macbook/Desktop/airflow_tutorial/airflow/dags/tutorial_0.py
[2024-03-20 08:08:03,913] {logging_mixin.py:109} INFO - [2024-03-20 08:08:03,913] {dag.py:2396} INFO - Sync 1 DAGs
[2024-03-20 08:08:03,920] {logging_mixin.py:109} INFO - [2024-03-20 08:08:03,920] {dag.py:2935} INFO - Setting next_dagrun for tutorial_juan_change_folder_v2 to 2024-03-19T13:08:03.920602+00:00
[2024-03-20 08:08:03,926] {processor.py:171} INFO - Processing /Users/macbook/Desktop/airflow_tutorial/airflow/dags/tutorial_0.py took 0.053 seconds
