[2024-03-19 10:15:29,801] {taskinstance.py:1032} INFO - Dependencies all met for <TaskInstance: dag_ml_life_cycle.get_gold_data scheduled__2024-03-19T09:05:57.901829+00:00 [queued]>
[2024-03-19 10:15:29,872] {taskinstance.py:1032} INFO - Dependencies all met for <TaskInstance: dag_ml_life_cycle.get_gold_data scheduled__2024-03-19T09:05:57.901829+00:00 [queued]>
[2024-03-19 10:15:29,872] {taskinstance.py:1238} INFO - 
--------------------------------------------------------------------------------
[2024-03-19 10:15:29,872] {taskinstance.py:1239} INFO - Starting attempt 3 of 4
[2024-03-19 10:15:29,872] {taskinstance.py:1240} INFO - 
--------------------------------------------------------------------------------
[2024-03-19 10:15:29,880] {taskinstance.py:1259} INFO - Executing <Task(PythonOperator): get_gold_data> on 2024-03-19 09:05:57.901829+00:00
[2024-03-19 10:15:29,886] {standard_task_runner.py:52} INFO - Started process 1723 to run task
[2024-03-19 10:15:29,892] {standard_task_runner.py:76} INFO - Running: ['airflow', 'tasks', 'run', 'dag_ml_life_cycle', 'get_gold_data', 'scheduled__2024-03-19T09:05:57.901829+00:00', '--job-id', '522', '--raw', '--subdir', 'DAGS_FOLDER/lifecycle_ml_example/dags/dag_ml_life_cycle.py', '--cfg-path', '/var/folders/t4/c2kdpvnj6r793w3k056dkc640000gp/T/tmpozs_gj76', '--error-file', '/var/folders/t4/c2kdpvnj6r793w3k056dkc640000gp/T/tmpoc7iawya']
[2024-03-19 10:15:29,894] {standard_task_runner.py:77} INFO - Job 522: Subtask get_gold_data
[2024-03-19 10:15:29,934] {logging_mixin.py:109} INFO - Running <TaskInstance: dag_ml_life_cycle.get_gold_data scheduled__2024-03-19T09:05:57.901829+00:00 [running]> on host 1.0.0.127.in-addr.arpa
[2024-03-19 10:15:29,962] {taskinstance.py:1424} INFO - Exporting the following env vars:
AIRFLOW_CTX_DAG_OWNER=airflow
AIRFLOW_CTX_DAG_ID=dag_ml_life_cycle
AIRFLOW_CTX_TASK_ID=get_gold_data
AIRFLOW_CTX_EXECUTION_DATE=2024-03-19T09:05:57.901829+00:00
AIRFLOW_CTX_DAG_RUN_ID=scheduled__2024-03-19T09:05:57.901829+00:00
[2024-03-19 10:15:29,963] {data_preprocessing.py:34} INFO - Random error: 0.07595903334445786
[2024-03-19 10:15:29,963] {data_preprocessing.py:38} INFO - Getting gold data
[2024-03-19 10:15:29,964] {data_preprocessing.py:42} INFO - Getting raw data from ml_lifecycle_airflow/in-vehicle-coupon-recommendation.csv ...
[2024-03-19 10:15:33,204] {data_preprocessing.py:89} INFO - Starting data preprocessing ...
[2024-03-19 10:15:33,349] {data_preprocessing.py:150} INFO - Data preprocessing complete

[2024-03-19 10:15:33,382] {data_preprocessing.py:168} INFO - Encoding features using hashing encoder ...
[2024-03-19 10:16:10,960] {data_preprocessing.py:168} INFO - Encoding features using hashing encoder ...
[2024-03-19 10:16:49,099] {data_preprocessing.py:63} INFO - Uploading preprocessed data to GCS ...
[2024-03-19 10:16:57,890] {python.py:175} INFO - Done. Returned value was: True
[2024-03-19 10:16:57,917] {taskinstance.py:1267} INFO - Marking task as SUCCESS. dag_id=dag_ml_life_cycle, task_id=get_gold_data, execution_date=20240319T090557, start_date=20240319T151529, end_date=20240319T151657
[2024-03-19 10:16:57,950] {local_task_job.py:154} INFO - Task exited with return code 0
[2024-03-19 10:16:57,972] {local_task_job.py:264} INFO - 1 downstream tasks scheduled from follow-on schedule check
