[2024-03-12 10:34:10,367] {taskinstance.py:1032} INFO - Dependencies all met for <TaskInstance: tutorial_juan_change_folder.sleep manual__2024-03-12T15:34:05.152286+00:00 [queued]>
[2024-03-12 10:34:10,371] {taskinstance.py:1032} INFO - Dependencies all met for <TaskInstance: tutorial_juan_change_folder.sleep manual__2024-03-12T15:34:05.152286+00:00 [queued]>
[2024-03-12 10:34:10,371] {taskinstance.py:1238} INFO - 
--------------------------------------------------------------------------------
[2024-03-12 10:34:10,371] {taskinstance.py:1239} INFO - Starting attempt 1 of 4
[2024-03-12 10:34:10,371] {taskinstance.py:1240} INFO - 
--------------------------------------------------------------------------------
[2024-03-12 10:34:10,378] {taskinstance.py:1259} INFO - Executing <Task(BashOperator): sleep> on 2024-03-12 15:34:05.152286+00:00
[2024-03-12 10:34:10,380] {standard_task_runner.py:52} INFO - Started process 90367 to run task
[2024-03-12 10:34:10,385] {standard_task_runner.py:76} INFO - Running: ['airflow', 'tasks', 'run', 'tutorial_juan_change_folder', 'sleep', 'manual__2024-03-12T15:34:05.152286+00:00', '--job-id', '7', '--raw', '--subdir', 'DAGS_FOLDER/tutorial_0.py', '--cfg-path', '/var/folders/t4/c2kdpvnj6r793w3k056dkc640000gp/T/tmp891j9b6d', '--error-file', '/var/folders/t4/c2kdpvnj6r793w3k056dkc640000gp/T/tmpqdsyfxxp']
[2024-03-12 10:34:10,387] {standard_task_runner.py:77} INFO - Job 7: Subtask sleep
[2024-03-12 10:34:10,419] {logging_mixin.py:109} INFO - Running <TaskInstance: tutorial_juan_change_folder.sleep manual__2024-03-12T15:34:05.152286+00:00 [running]> on host 1.0.0.0.0.0.0.0.0.0.0.0.0.0.0.0.0.0.0.0.0.0.0.0.0.0.0.0.0.0.0.0.ip6.arpa
[2024-03-12 10:34:10,443] {taskinstance.py:1424} INFO - Exporting the following env vars:
AIRFLOW_CTX_DAG_EMAIL=airflow@example.com
AIRFLOW_CTX_DAG_OWNER=airflow
AIRFLOW_CTX_DAG_ID=tutorial_juan_change_folder
AIRFLOW_CTX_TASK_ID=sleep
AIRFLOW_CTX_EXECUTION_DATE=2024-03-12T15:34:05.152286+00:00
AIRFLOW_CTX_DAG_RUN_ID=manual__2024-03-12T15:34:05.152286+00:00
[2024-03-12 10:34:10,443] {subprocess.py:62} INFO - Tmp dir root location: 
 /var/folders/t4/c2kdpvnj6r793w3k056dkc640000gp/T
[2024-03-12 10:34:10,444] {subprocess.py:74} INFO - Running command: ['bash', '-c', 'sleep 5']
[2024-03-12 10:34:10,449] {subprocess.py:85} INFO - Output:
[2024-03-12 10:34:15,456] {subprocess.py:93} INFO - Command exited with return code 0
[2024-03-12 10:34:15,472] {taskinstance.py:1267} INFO - Marking task as SUCCESS. dag_id=tutorial_juan_change_folder, task_id=sleep, execution_date=20240312T153405, start_date=20240312T153410, end_date=20240312T153415
[2024-03-12 10:34:15,489] {local_task_job.py:154} INFO - Task exited with return code 0
[2024-03-12 10:34:15,499] {local_task_job.py:264} INFO - 0 downstream tasks scheduled from follow-on schedule check
