[2024-03-18 11:56:04,403] {taskinstance.py:1032} INFO - Dependencies all met for <TaskInstance: dag_ml_life_cycle.get_gold_data scheduled__2024-03-18T11:56:23.641670+00:00 [queued]>
[2024-03-18 11:56:04,413] {taskinstance.py:1032} INFO - Dependencies all met for <TaskInstance: dag_ml_life_cycle.get_gold_data scheduled__2024-03-18T11:56:23.641670+00:00 [queued]>
[2024-03-18 11:56:04,413] {taskinstance.py:1238} INFO - 
--------------------------------------------------------------------------------
[2024-03-18 11:56:04,413] {taskinstance.py:1239} INFO - Starting attempt 2 of 4
[2024-03-18 11:56:04,413] {taskinstance.py:1240} INFO - 
--------------------------------------------------------------------------------
[2024-03-18 11:56:04,421] {taskinstance.py:1259} INFO - Executing <Task(PythonOperator): get_gold_data> on 2024-03-18 11:56:23.641670+00:00
[2024-03-18 11:56:04,426] {standard_task_runner.py:52} INFO - Started process 71603 to run task
[2024-03-18 11:56:04,432] {standard_task_runner.py:76} INFO - Running: ['airflow', 'tasks', 'run', 'dag_ml_life_cycle', 'get_gold_data', 'scheduled__2024-03-18T11:56:23.641670+00:00', '--job-id', '169', '--raw', '--subdir', 'DAGS_FOLDER/lifecycle_ml_example/dags/dag_ml_life_cycle.py', '--cfg-path', '/var/folders/t4/c2kdpvnj6r793w3k056dkc640000gp/T/tmpib1sy1cw', '--error-file', '/var/folders/t4/c2kdpvnj6r793w3k056dkc640000gp/T/tmpugej33bq']
[2024-03-18 11:56:04,435] {standard_task_runner.py:77} INFO - Job 169: Subtask get_gold_data
[2024-03-18 11:56:04,477] {logging_mixin.py:109} INFO - Running <TaskInstance: dag_ml_life_cycle.get_gold_data scheduled__2024-03-18T11:56:23.641670+00:00 [running]> on host 1.0.0.127.in-addr.arpa
[2024-03-18 11:56:04,505] {taskinstance.py:1424} INFO - Exporting the following env vars:
AIRFLOW_CTX_DAG_OWNER=airflow
AIRFLOW_CTX_DAG_ID=dag_ml_life_cycle
AIRFLOW_CTX_TASK_ID=get_gold_data
AIRFLOW_CTX_EXECUTION_DATE=2024-03-18T11:56:23.641670+00:00
AIRFLOW_CTX_DAG_RUN_ID=scheduled__2024-03-18T11:56:23.641670+00:00
[2024-03-18 11:56:04,506] {data_preprocessing.py:34} INFO - Random error: 0.07950668389649451
[2024-03-18 11:56:04,507] {data_preprocessing.py:38} INFO - Getting gold data
[2024-03-18 11:56:04,507] {data_preprocessing.py:42} INFO - Getting raw data from ml_lifecycle_airflow/in-vehicle-coupon-recommendation.csv ...
[2024-03-18 11:56:07,790] {data_preprocessing.py:89} INFO - Starting data preprocessing ...
[2024-03-18 11:56:07,915] {data_preprocessing.py:150} INFO - Data preprocessing complete

[2024-03-18 11:56:07,944] {data_preprocessing.py:168} INFO - Encoding features using hashing encoder ...
[2024-03-18 11:56:43,351] {data_preprocessing.py:168} INFO - Encoding features using hashing encoder ...
[2024-03-18 11:57:19,384] {data_preprocessing.py:63} INFO - Uploading preprocessed data to GCS ...
[2024-03-18 11:57:29,234] {python.py:175} INFO - Done. Returned value was: True
[2024-03-18 11:57:29,250] {taskinstance.py:1267} INFO - Marking task as SUCCESS. dag_id=dag_ml_life_cycle, task_id=get_gold_data, execution_date=20240318T115623, start_date=20240318T165604, end_date=20240318T165729
[2024-03-18 11:57:29,292] {local_task_job.py:154} INFO - Task exited with return code 0
[2024-03-18 11:57:29,319] {local_task_job.py:264} INFO - 1 downstream tasks scheduled from follow-on schedule check
