[2024-03-19 20:14:36,431] {taskinstance.py:1032} INFO - Dependencies all met for <TaskInstance: dag_ml_life_cycle.get_gold_data scheduled__2024-03-19T18:46:08.348952+00:00 [queued]>
[2024-03-19 20:14:36,486] {taskinstance.py:1032} INFO - Dependencies all met for <TaskInstance: dag_ml_life_cycle.get_gold_data scheduled__2024-03-19T18:46:08.348952+00:00 [queued]>
[2024-03-19 20:14:36,486] {taskinstance.py:1238} INFO - 
--------------------------------------------------------------------------------
[2024-03-19 20:14:36,486] {taskinstance.py:1239} INFO - Starting attempt 1 of 4
[2024-03-19 20:14:36,486] {taskinstance.py:1240} INFO - 
--------------------------------------------------------------------------------
[2024-03-19 20:14:36,492] {taskinstance.py:1259} INFO - Executing <Task(PythonOperator): get_gold_data> on 2024-03-19 18:46:08.348952+00:00
[2024-03-19 20:14:36,498] {standard_task_runner.py:52} INFO - Started process 94374 to run task
[2024-03-19 20:14:36,503] {standard_task_runner.py:76} INFO - Running: ['airflow', 'tasks', 'run', 'dag_ml_life_cycle', 'get_gold_data', 'scheduled__2024-03-19T18:46:08.348952+00:00', '--job-id', '950', '--raw', '--subdir', 'DAGS_FOLDER/lifecycle_ml_example/dags/dag_ml_life_cycle.py', '--cfg-path', '/var/folders/t4/c2kdpvnj6r793w3k056dkc640000gp/T/tmp7_ezbv5x', '--error-file', '/var/folders/t4/c2kdpvnj6r793w3k056dkc640000gp/T/tmp76fwiza5']
[2024-03-19 20:14:36,505] {standard_task_runner.py:77} INFO - Job 950: Subtask get_gold_data
[2024-03-19 20:14:36,543] {logging_mixin.py:109} INFO - Running <TaskInstance: dag_ml_life_cycle.get_gold_data scheduled__2024-03-19T18:46:08.348952+00:00 [running]> on host 1.0.0.127.in-addr.arpa
[2024-03-19 20:14:36,573] {taskinstance.py:1424} INFO - Exporting the following env vars:
AIRFLOW_CTX_DAG_OWNER=airflow
AIRFLOW_CTX_DAG_ID=dag_ml_life_cycle
AIRFLOW_CTX_TASK_ID=get_gold_data
AIRFLOW_CTX_EXECUTION_DATE=2024-03-19T18:46:08.348952+00:00
AIRFLOW_CTX_DAG_RUN_ID=scheduled__2024-03-19T18:46:08.348952+00:00
[2024-03-19 20:14:36,574] {data_preprocessing.py:34} INFO - Random error: 0.2151503808612798
[2024-03-19 20:14:36,574] {data_preprocessing.py:38} INFO - Getting gold data
[2024-03-19 20:14:36,575] {data_preprocessing.py:42} INFO - Getting raw data from ml_lifecycle_airflow/in-vehicle-coupon-recommendation.csv ...
[2024-03-19 20:14:39,549] {data_preprocessing.py:89} INFO - Starting data preprocessing ...
[2024-03-19 20:14:39,679] {data_preprocessing.py:150} INFO - Data preprocessing complete

[2024-03-19 20:14:39,709] {data_preprocessing.py:168} INFO - Encoding features using hashing encoder ...
[2024-03-19 20:17:21,628] {data_preprocessing.py:168} INFO - Encoding features using hashing encoder ...
[2024-03-19 20:20:34,916] {data_preprocessing.py:63} INFO - Uploading preprocessed data to GCS ...
[2024-03-19 20:21:06,712] {python.py:175} INFO - Done. Returned value was: True
[2024-03-19 20:21:06,877] {taskinstance.py:1267} INFO - Marking task as SUCCESS. dag_id=dag_ml_life_cycle, task_id=get_gold_data, execution_date=20240319T184608, start_date=20240320T011436, end_date=20240320T012106
[2024-03-19 20:21:06,972] {local_task_job.py:154} INFO - Task exited with return code 0
[2024-03-19 20:21:07,101] {local_task_job.py:264} INFO - 1 downstream tasks scheduled from follow-on schedule check
