[2024-03-15 15:18:47,834] {taskinstance.py:1032} INFO - Dependencies all met for <TaskInstance: dag_ml_life_cycle.get_gold_data scheduled__2024-03-15T20:13:36.551596+00:00 [queued]>
[2024-03-15 15:18:47,897] {taskinstance.py:1032} INFO - Dependencies all met for <TaskInstance: dag_ml_life_cycle.get_gold_data scheduled__2024-03-15T20:13:36.551596+00:00 [queued]>
[2024-03-15 15:18:47,897] {taskinstance.py:1238} INFO - 
--------------------------------------------------------------------------------
[2024-03-15 15:18:47,897] {taskinstance.py:1239} INFO - Starting attempt 1 of 4
[2024-03-15 15:18:47,897] {taskinstance.py:1240} INFO - 
--------------------------------------------------------------------------------
[2024-03-15 15:18:47,905] {taskinstance.py:1259} INFO - Executing <Task(PythonOperator): get_gold_data> on 2024-03-15 20:13:36.551596+00:00
[2024-03-15 15:18:47,911] {standard_task_runner.py:52} INFO - Started process 64068 to run task
[2024-03-15 15:18:47,917] {standard_task_runner.py:76} INFO - Running: ['airflow', 'tasks', 'run', 'dag_ml_life_cycle', 'get_gold_data', 'scheduled__2024-03-15T20:13:36.551596+00:00', '--job-id', '3', '--raw', '--subdir', 'DAGS_FOLDER/lifecycle_ml_example/dags/dag_ml_life_cycle.py', '--cfg-path', '/var/folders/t4/c2kdpvnj6r793w3k056dkc640000gp/T/tmphkx13t44', '--error-file', '/var/folders/t4/c2kdpvnj6r793w3k056dkc640000gp/T/tmp2vrsq91x']
[2024-03-15 15:18:47,920] {standard_task_runner.py:77} INFO - Job 3: Subtask get_gold_data
[2024-03-15 15:18:47,957] {logging_mixin.py:109} INFO - Running <TaskInstance: dag_ml_life_cycle.get_gold_data scheduled__2024-03-15T20:13:36.551596+00:00 [running]> on host MacBook-Pro-2.local
[2024-03-15 15:18:47,984] {taskinstance.py:1424} INFO - Exporting the following env vars:
AIRFLOW_CTX_DAG_OWNER=airflow
AIRFLOW_CTX_DAG_ID=dag_ml_life_cycle
AIRFLOW_CTX_TASK_ID=get_gold_data
AIRFLOW_CTX_EXECUTION_DATE=2024-03-15T20:13:36.551596+00:00
AIRFLOW_CTX_DAG_RUN_ID=scheduled__2024-03-15T20:13:36.551596+00:00
[2024-03-15 15:18:47,985] {data_preprocessing.py:36} INFO - Getting gold data
[2024-03-15 15:18:47,986] {data_preprocessing.py:40} INFO - Getting raw data from ml_lifecycle_airflow/in-vehicle-coupon-recommendation.csv ...
[2024-03-15 15:18:51,029] {data_preprocessing.py:87} INFO - Starting data preprocessing ...
[2024-03-15 15:18:51,181] {data_preprocessing.py:148} INFO - Data preprocessing complete

[2024-03-15 15:18:51,217] {data_preprocessing.py:166} INFO - Encoding features using hashing encoder ...
[2024-03-15 15:19:28,792] {data_preprocessing.py:166} INFO - Encoding features using hashing encoder ...
[2024-03-15 15:20:06,102] {data_preprocessing.py:61} INFO - Uploading preprocessed data to GCS ...
[2024-03-15 15:20:15,615] {python.py:175} INFO - Done. Returned value was: True
[2024-03-15 15:20:15,642] {taskinstance.py:1267} INFO - Marking task as SUCCESS. dag_id=dag_ml_life_cycle, task_id=get_gold_data, execution_date=20240315T201336, start_date=20240315T201847, end_date=20240315T202015
[2024-03-15 15:20:15,674] {local_task_job.py:154} INFO - Task exited with return code 0
[2024-03-15 15:20:15,692] {local_task_job.py:264} INFO - 1 downstream tasks scheduled from follow-on schedule check
