[2024-03-19 21:51:19,791] {processor.py:163} INFO - Started process (PID=74215) to work on /Users/macbook/anaconda3/envs/airflow_env/lib/python3.9/site-packages/airflow/example_dags/plugins/workday.py
[2024-03-19 21:51:19,791] {processor.py:642} INFO - Processing file /Users/macbook/anaconda3/envs/airflow_env/lib/python3.9/site-packages/airflow/example_dags/plugins/workday.py for tasks to queue
[2024-03-19 21:51:19,792] {logging_mixin.py:109} INFO - [2024-03-19 21:51:19,792] {dagbag.py:500} INFO - Filling up the DagBag from /Users/macbook/anaconda3/envs/airflow_env/lib/python3.9/site-packages/airflow/example_dags/plugins/workday.py
[2024-03-19 21:51:19,811] {processor.py:656} WARNING - No viable dags retrieved from /Users/macbook/anaconda3/envs/airflow_env/lib/python3.9/site-packages/airflow/example_dags/plugins/workday.py
[2024-03-19 21:51:19,813] {processor.py:171} INFO - Processing /Users/macbook/anaconda3/envs/airflow_env/lib/python3.9/site-packages/airflow/example_dags/plugins/workday.py took 0.022 seconds
[2024-03-20 00:11:49,660] {processor.py:163} INFO - Started process (PID=27677) to work on /Users/macbook/anaconda3/envs/airflow_env/lib/python3.9/site-packages/airflow/example_dags/plugins/workday.py
[2024-03-20 00:11:49,661] {processor.py:642} INFO - Processing file /Users/macbook/anaconda3/envs/airflow_env/lib/python3.9/site-packages/airflow/example_dags/plugins/workday.py for tasks to queue
[2024-03-20 00:11:49,662] {logging_mixin.py:109} INFO - [2024-03-20 00:11:49,661] {dagbag.py:500} INFO - Filling up the DagBag from /Users/macbook/anaconda3/envs/airflow_env/lib/python3.9/site-packages/airflow/example_dags/plugins/workday.py
[2024-03-20 00:11:49,696] {processor.py:656} WARNING - No viable dags retrieved from /Users/macbook/anaconda3/envs/airflow_env/lib/python3.9/site-packages/airflow/example_dags/plugins/workday.py
[2024-03-20 00:11:49,698] {processor.py:171} INFO - Processing /Users/macbook/anaconda3/envs/airflow_env/lib/python3.9/site-packages/airflow/example_dags/plugins/workday.py took 0.039 seconds
[2024-03-20 00:15:29,612] {processor.py:163} INFO - Started process (PID=33438) to work on /Users/macbook/anaconda3/envs/airflow_env/lib/python3.9/site-packages/airflow/example_dags/plugins/workday.py
[2024-03-20 00:15:29,613] {processor.py:642} INFO - Processing file /Users/macbook/anaconda3/envs/airflow_env/lib/python3.9/site-packages/airflow/example_dags/plugins/workday.py for tasks to queue
[2024-03-20 00:15:29,613] {logging_mixin.py:109} INFO - [2024-03-20 00:15:29,613] {dagbag.py:500} INFO - Filling up the DagBag from /Users/macbook/anaconda3/envs/airflow_env/lib/python3.9/site-packages/airflow/example_dags/plugins/workday.py
[2024-03-20 00:15:29,639] {processor.py:656} WARNING - No viable dags retrieved from /Users/macbook/anaconda3/envs/airflow_env/lib/python3.9/site-packages/airflow/example_dags/plugins/workday.py
[2024-03-20 00:15:29,641] {processor.py:171} INFO - Processing /Users/macbook/anaconda3/envs/airflow_env/lib/python3.9/site-packages/airflow/example_dags/plugins/workday.py took 0.029 seconds
[2024-03-20 00:22:15,439] {processor.py:163} INFO - Started process (PID=43639) to work on /Users/macbook/anaconda3/envs/airflow_env/lib/python3.9/site-packages/airflow/example_dags/plugins/workday.py
[2024-03-20 00:22:15,440] {processor.py:642} INFO - Processing file /Users/macbook/anaconda3/envs/airflow_env/lib/python3.9/site-packages/airflow/example_dags/plugins/workday.py for tasks to queue
[2024-03-20 00:22:15,440] {logging_mixin.py:109} INFO - [2024-03-20 00:22:15,440] {dagbag.py:500} INFO - Filling up the DagBag from /Users/macbook/anaconda3/envs/airflow_env/lib/python3.9/site-packages/airflow/example_dags/plugins/workday.py
[2024-03-20 00:22:15,466] {processor.py:656} WARNING - No viable dags retrieved from /Users/macbook/anaconda3/envs/airflow_env/lib/python3.9/site-packages/airflow/example_dags/plugins/workday.py
[2024-03-20 00:22:15,468] {processor.py:171} INFO - Processing /Users/macbook/anaconda3/envs/airflow_env/lib/python3.9/site-packages/airflow/example_dags/plugins/workday.py took 0.029 seconds
[2024-03-20 00:28:44,059] {processor.py:163} INFO - Started process (PID=53808) to work on /Users/macbook/anaconda3/envs/airflow_env/lib/python3.9/site-packages/airflow/example_dags/plugins/workday.py
[2024-03-20 00:28:44,059] {processor.py:642} INFO - Processing file /Users/macbook/anaconda3/envs/airflow_env/lib/python3.9/site-packages/airflow/example_dags/plugins/workday.py for tasks to queue
[2024-03-20 00:28:44,060] {logging_mixin.py:109} INFO - [2024-03-20 00:28:44,060] {dagbag.py:500} INFO - Filling up the DagBag from /Users/macbook/anaconda3/envs/airflow_env/lib/python3.9/site-packages/airflow/example_dags/plugins/workday.py
[2024-03-20 00:28:44,086] {processor.py:656} WARNING - No viable dags retrieved from /Users/macbook/anaconda3/envs/airflow_env/lib/python3.9/site-packages/airflow/example_dags/plugins/workday.py
[2024-03-20 00:28:44,088] {processor.py:171} INFO - Processing /Users/macbook/anaconda3/envs/airflow_env/lib/python3.9/site-packages/airflow/example_dags/plugins/workday.py took 0.029 seconds
[2024-03-20 00:31:49,462] {processor.py:163} INFO - Started process (PID=58690) to work on /Users/macbook/anaconda3/envs/airflow_env/lib/python3.9/site-packages/airflow/example_dags/plugins/workday.py
[2024-03-20 00:31:49,463] {processor.py:642} INFO - Processing file /Users/macbook/anaconda3/envs/airflow_env/lib/python3.9/site-packages/airflow/example_dags/plugins/workday.py for tasks to queue
[2024-03-20 00:31:49,463] {logging_mixin.py:109} INFO - [2024-03-20 00:31:49,463] {dagbag.py:500} INFO - Filling up the DagBag from /Users/macbook/anaconda3/envs/airflow_env/lib/python3.9/site-packages/airflow/example_dags/plugins/workday.py
[2024-03-20 00:31:49,490] {processor.py:656} WARNING - No viable dags retrieved from /Users/macbook/anaconda3/envs/airflow_env/lib/python3.9/site-packages/airflow/example_dags/plugins/workday.py
[2024-03-20 00:31:49,492] {processor.py:171} INFO - Processing /Users/macbook/anaconda3/envs/airflow_env/lib/python3.9/site-packages/airflow/example_dags/plugins/workday.py took 0.030 seconds
[2024-03-20 07:51:53,907] {processor.py:163} INFO - Started process (PID=99045) to work on /Users/macbook/anaconda3/envs/airflow_env/lib/python3.9/site-packages/airflow/example_dags/plugins/workday.py
[2024-03-20 07:51:53,907] {processor.py:642} INFO - Processing file /Users/macbook/anaconda3/envs/airflow_env/lib/python3.9/site-packages/airflow/example_dags/plugins/workday.py for tasks to queue
[2024-03-20 07:51:53,908] {logging_mixin.py:109} INFO - [2024-03-20 07:51:53,907] {dagbag.py:500} INFO - Filling up the DagBag from /Users/macbook/anaconda3/envs/airflow_env/lib/python3.9/site-packages/airflow/example_dags/plugins/workday.py
[2024-03-20 07:51:53,927] {processor.py:656} WARNING - No viable dags retrieved from /Users/macbook/anaconda3/envs/airflow_env/lib/python3.9/site-packages/airflow/example_dags/plugins/workday.py
[2024-03-20 07:51:53,928] {processor.py:171} INFO - Processing /Users/macbook/anaconda3/envs/airflow_env/lib/python3.9/site-packages/airflow/example_dags/plugins/workday.py took 0.022 seconds
[2024-03-20 07:58:16,860] {processor.py:163} INFO - Started process (PID=10475) to work on /Users/macbook/anaconda3/envs/airflow_env/lib/python3.9/site-packages/airflow/example_dags/plugins/workday.py
[2024-03-20 07:58:16,861] {processor.py:642} INFO - Processing file /Users/macbook/anaconda3/envs/airflow_env/lib/python3.9/site-packages/airflow/example_dags/plugins/workday.py for tasks to queue
[2024-03-20 07:58:16,862] {logging_mixin.py:109} INFO - [2024-03-20 07:58:16,862] {dagbag.py:500} INFO - Filling up the DagBag from /Users/macbook/anaconda3/envs/airflow_env/lib/python3.9/site-packages/airflow/example_dags/plugins/workday.py
[2024-03-20 07:58:16,880] {processor.py:656} WARNING - No viable dags retrieved from /Users/macbook/anaconda3/envs/airflow_env/lib/python3.9/site-packages/airflow/example_dags/plugins/workday.py
[2024-03-20 07:58:16,881] {processor.py:171} INFO - Processing /Users/macbook/anaconda3/envs/airflow_env/lib/python3.9/site-packages/airflow/example_dags/plugins/workday.py took 0.022 seconds
[2024-03-20 08:08:10,650] {processor.py:163} INFO - Started process (PID=26913) to work on /Users/macbook/anaconda3/envs/airflow_env/lib/python3.9/site-packages/airflow/example_dags/plugins/workday.py
[2024-03-20 08:08:10,650] {processor.py:642} INFO - Processing file /Users/macbook/anaconda3/envs/airflow_env/lib/python3.9/site-packages/airflow/example_dags/plugins/workday.py for tasks to queue
[2024-03-20 08:08:10,650] {logging_mixin.py:109} INFO - [2024-03-20 08:08:10,650] {dagbag.py:500} INFO - Filling up the DagBag from /Users/macbook/anaconda3/envs/airflow_env/lib/python3.9/site-packages/airflow/example_dags/plugins/workday.py
[2024-03-20 08:08:10,667] {processor.py:656} WARNING - No viable dags retrieved from /Users/macbook/anaconda3/envs/airflow_env/lib/python3.9/site-packages/airflow/example_dags/plugins/workday.py
[2024-03-20 08:08:10,668] {processor.py:171} INFO - Processing /Users/macbook/anaconda3/envs/airflow_env/lib/python3.9/site-packages/airflow/example_dags/plugins/workday.py took 0.019 seconds
