[2024-03-15 12:03:08,065] {taskinstance.py:1032} INFO - Dependencies all met for <TaskInstance: dag_ml_life_cycle.get_gold_data scheduled__2024-03-15T16:58:01.210334+00:00 [queued]>
[2024-03-15 12:03:08,149] {taskinstance.py:1032} INFO - Dependencies all met for <TaskInstance: dag_ml_life_cycle.get_gold_data scheduled__2024-03-15T16:58:01.210334+00:00 [queued]>
[2024-03-15 12:03:08,149] {taskinstance.py:1238} INFO - 
--------------------------------------------------------------------------------
[2024-03-15 12:03:08,149] {taskinstance.py:1239} INFO - Starting attempt 1 of 4
[2024-03-15 12:03:08,149] {taskinstance.py:1240} INFO - 
--------------------------------------------------------------------------------
[2024-03-15 12:03:08,157] {taskinstance.py:1259} INFO - Executing <Task(PythonOperator): get_gold_data> on 2024-03-15 16:58:01.210334+00:00
[2024-03-15 12:03:08,163] {standard_task_runner.py:52} INFO - Started process 77895 to run task
[2024-03-15 12:03:08,169] {standard_task_runner.py:76} INFO - Running: ['airflow', 'tasks', 'run', 'dag_ml_life_cycle', 'get_gold_data', 'scheduled__2024-03-15T16:58:01.210334+00:00', '--job-id', '24', '--raw', '--subdir', 'DAGS_FOLDER/lifecycle_ml_example/dags/dag_ml_life_cycle.py', '--cfg-path', '/var/folders/t4/c2kdpvnj6r793w3k056dkc640000gp/T/tmpefd9wvmv', '--error-file', '/var/folders/t4/c2kdpvnj6r793w3k056dkc640000gp/T/tmpc1aadcwg']
[2024-03-15 12:03:08,172] {standard_task_runner.py:77} INFO - Job 24: Subtask get_gold_data
[2024-03-15 12:03:08,221] {logging_mixin.py:109} INFO - Running <TaskInstance: dag_ml_life_cycle.get_gold_data scheduled__2024-03-15T16:58:01.210334+00:00 [running]> on host 1.0.0.0.0.0.0.0.0.0.0.0.0.0.0.0.0.0.0.0.0.0.0.0.0.0.0.0.0.0.0.0.ip6.arpa
[2024-03-15 12:03:08,255] {taskinstance.py:1424} INFO - Exporting the following env vars:
AIRFLOW_CTX_DAG_OWNER=airflow
AIRFLOW_CTX_DAG_ID=dag_ml_life_cycle
AIRFLOW_CTX_TASK_ID=get_gold_data
AIRFLOW_CTX_EXECUTION_DATE=2024-03-15T16:58:01.210334+00:00
AIRFLOW_CTX_DAG_RUN_ID=scheduled__2024-03-15T16:58:01.210334+00:00
[2024-03-15 12:03:08,256] {data_preprocessing.py:29} INFO - Getting gold data
[2024-03-15 12:03:08,257] {data_preprocessing.py:33} INFO - Getting raw data from ml_lifecycle_airflow/in-vehicle-coupon-recommendation.csv ...
[2024-03-15 12:03:10,845] {data_preprocessing.py:80} INFO - Starting data preprocessing ...
[2024-03-15 12:03:10,989] {data_preprocessing.py:141} INFO - Data preprocessing complete

[2024-03-15 12:03:11,023] {data_preprocessing.py:159} INFO - Encoding features using hashing encoder ...
[2024-03-15 12:03:49,237] {data_preprocessing.py:159} INFO - Encoding features using hashing encoder ...
[2024-03-15 12:04:26,634] {data_preprocessing.py:54} INFO - Uploading preprocessed data to GCS ...
[2024-03-15 12:04:35,741] {python.py:175} INFO - Done. Returned value was: True
[2024-03-15 12:04:35,759] {taskinstance.py:1267} INFO - Marking task as SUCCESS. dag_id=dag_ml_life_cycle, task_id=get_gold_data, execution_date=20240315T165801, start_date=20240315T170308, end_date=20240315T170435
[2024-03-15 12:04:35,808] {local_task_job.py:154} INFO - Task exited with return code 0
[2024-03-15 12:04:35,824] {local_task_job.py:264} INFO - 1 downstream tasks scheduled from follow-on schedule check
