[2024-03-19 06:13:42,717] {taskinstance.py:1032} INFO - Dependencies all met for <TaskInstance: dag_ml_life_cycle.get_gold_data scheduled__2024-03-19T05:49:47.234851+00:00 [queued]>
[2024-03-19 06:13:42,889] {taskinstance.py:1032} INFO - Dependencies all met for <TaskInstance: dag_ml_life_cycle.get_gold_data scheduled__2024-03-19T05:49:47.234851+00:00 [queued]>
[2024-03-19 06:13:42,889] {taskinstance.py:1238} INFO - 
--------------------------------------------------------------------------------
[2024-03-19 06:13:42,890] {taskinstance.py:1239} INFO - Starting attempt 2 of 4
[2024-03-19 06:13:42,890] {taskinstance.py:1240} INFO - 
--------------------------------------------------------------------------------
[2024-03-19 06:13:42,915] {taskinstance.py:1259} INFO - Executing <Task(PythonOperator): get_gold_data> on 2024-03-19 05:49:47.234851+00:00
[2024-03-19 06:13:42,935] {standard_task_runner.py:52} INFO - Started process 14684 to run task
[2024-03-19 06:13:42,958] {standard_task_runner.py:76} INFO - Running: ['airflow', 'tasks', 'run', 'dag_ml_life_cycle', 'get_gold_data', 'scheduled__2024-03-19T05:49:47.234851+00:00', '--job-id', '383', '--raw', '--subdir', 'DAGS_FOLDER/lifecycle_ml_example/dags/dag_ml_life_cycle.py', '--cfg-path', '/var/folders/t4/c2kdpvnj6r793w3k056dkc640000gp/T/tmpp1mbzzau', '--error-file', '/var/folders/t4/c2kdpvnj6r793w3k056dkc640000gp/T/tmp6n7iig7a']
[2024-03-19 06:13:42,967] {standard_task_runner.py:77} INFO - Job 383: Subtask get_gold_data
[2024-03-19 06:13:43,135] {logging_mixin.py:109} INFO - Running <TaskInstance: dag_ml_life_cycle.get_gold_data scheduled__2024-03-19T05:49:47.234851+00:00 [running]> on host 1.0.0.127.in-addr.arpa
[2024-03-19 06:13:43,255] {taskinstance.py:1424} INFO - Exporting the following env vars:
AIRFLOW_CTX_DAG_OWNER=airflow
AIRFLOW_CTX_DAG_ID=dag_ml_life_cycle
AIRFLOW_CTX_TASK_ID=get_gold_data
AIRFLOW_CTX_EXECUTION_DATE=2024-03-19T05:49:47.234851+00:00
AIRFLOW_CTX_DAG_RUN_ID=scheduled__2024-03-19T05:49:47.234851+00:00
[2024-03-19 06:13:43,259] {data_preprocessing.py:34} INFO - Random error: 0.1533449223608555
[2024-03-19 06:13:43,262] {data_preprocessing.py:38} INFO - Getting gold data
[2024-03-19 06:13:43,264] {data_preprocessing.py:42} INFO - Getting raw data from ml_lifecycle_airflow/in-vehicle-coupon-recommendation.csv ...
[2024-03-19 06:13:51,024] {data_preprocessing.py:89} INFO - Starting data preprocessing ...
[2024-03-19 06:13:51,677] {data_preprocessing.py:150} INFO - Data preprocessing complete

[2024-03-19 06:13:51,830] {data_preprocessing.py:168} INFO - Encoding features using hashing encoder ...
[2024-03-19 06:16:35,900] {data_preprocessing.py:168} INFO - Encoding features using hashing encoder ...
[2024-03-19 06:18:55,384] {data_preprocessing.py:63} INFO - Uploading preprocessed data to GCS ...
[2024-03-19 06:19:18,312] {python.py:175} INFO - Done. Returned value was: True
[2024-03-19 06:19:18,372] {taskinstance.py:1267} INFO - Marking task as SUCCESS. dag_id=dag_ml_life_cycle, task_id=get_gold_data, execution_date=20240319T054947, start_date=20240319T111342, end_date=20240319T111918
[2024-03-19 06:19:18,452] {local_task_job.py:154} INFO - Task exited with return code 0
[2024-03-19 06:19:18,514] {local_task_job.py:264} INFO - 1 downstream tasks scheduled from follow-on schedule check
