[2024-03-19 14:05:34,899] {taskinstance.py:1032} INFO - Dependencies all met for <TaskInstance: dag_ml_life_cycle.get_gold_data scheduled__2024-03-19T13:50:33.745537+00:00 [queued]>
[2024-03-19 14:05:34,959] {taskinstance.py:1032} INFO - Dependencies all met for <TaskInstance: dag_ml_life_cycle.get_gold_data scheduled__2024-03-19T13:50:33.745537+00:00 [queued]>
[2024-03-19 14:05:34,959] {taskinstance.py:1238} INFO - 
--------------------------------------------------------------------------------
[2024-03-19 14:05:34,959] {taskinstance.py:1239} INFO - Starting attempt 1 of 4
[2024-03-19 14:05:34,959] {taskinstance.py:1240} INFO - 
--------------------------------------------------------------------------------
[2024-03-19 14:05:34,967] {taskinstance.py:1259} INFO - Executing <Task(PythonOperator): get_gold_data> on 2024-03-19 13:50:33.745537+00:00
[2024-03-19 14:05:34,973] {standard_task_runner.py:52} INFO - Started process 7723 to run task
[2024-03-19 14:05:34,979] {standard_task_runner.py:76} INFO - Running: ['airflow', 'tasks', 'run', 'dag_ml_life_cycle', 'get_gold_data', 'scheduled__2024-03-19T13:50:33.745537+00:00', '--job-id', '695', '--raw', '--subdir', 'DAGS_FOLDER/lifecycle_ml_example/dags/dag_ml_life_cycle.py', '--cfg-path', '/var/folders/t4/c2kdpvnj6r793w3k056dkc640000gp/T/tmpdx6kpcqw', '--error-file', '/var/folders/t4/c2kdpvnj6r793w3k056dkc640000gp/T/tmptyj6ugp1']
[2024-03-19 14:05:34,981] {standard_task_runner.py:77} INFO - Job 695: Subtask get_gold_data
[2024-03-19 14:05:35,021] {logging_mixin.py:109} INFO - Running <TaskInstance: dag_ml_life_cycle.get_gold_data scheduled__2024-03-19T13:50:33.745537+00:00 [running]> on host 1.0.0.127.in-addr.arpa
[2024-03-19 14:05:35,051] {taskinstance.py:1424} INFO - Exporting the following env vars:
AIRFLOW_CTX_DAG_OWNER=airflow
AIRFLOW_CTX_DAG_ID=dag_ml_life_cycle
AIRFLOW_CTX_TASK_ID=get_gold_data
AIRFLOW_CTX_EXECUTION_DATE=2024-03-19T13:50:33.745537+00:00
AIRFLOW_CTX_DAG_RUN_ID=scheduled__2024-03-19T13:50:33.745537+00:00
[2024-03-19 14:05:35,053] {data_preprocessing.py:34} INFO - Random error: 0.22077972069658292
[2024-03-19 14:05:35,053] {data_preprocessing.py:38} INFO - Getting gold data
[2024-03-19 14:05:35,054] {data_preprocessing.py:42} INFO - Getting raw data from ml_lifecycle_airflow/in-vehicle-coupon-recommendation.csv ...
[2024-03-19 14:05:37,664] {data_preprocessing.py:89} INFO - Starting data preprocessing ...
[2024-03-19 14:05:37,797] {data_preprocessing.py:150} INFO - Data preprocessing complete

[2024-03-19 14:05:37,828] {data_preprocessing.py:168} INFO - Encoding features using hashing encoder ...
[2024-03-19 14:06:17,601] {data_preprocessing.py:168} INFO - Encoding features using hashing encoder ...
[2024-03-19 14:07:12,068] {data_preprocessing.py:63} INFO - Uploading preprocessed data to GCS ...
[2024-03-19 14:07:24,520] {python.py:175} INFO - Done. Returned value was: True
[2024-03-19 14:07:24,545] {taskinstance.py:1267} INFO - Marking task as SUCCESS. dag_id=dag_ml_life_cycle, task_id=get_gold_data, execution_date=20240319T135033, start_date=20240319T190534, end_date=20240319T190724
[2024-03-19 14:07:24,608] {local_task_job.py:154} INFO - Task exited with return code 0
[2024-03-19 14:07:24,639] {local_task_job.py:264} INFO - 1 downstream tasks scheduled from follow-on schedule check
