[2024-03-19 15:18:32,741] {taskinstance.py:1032} INFO - Dependencies all met for <TaskInstance: dag_ml_life_cycle.get_gold_data scheduled__2024-03-19T15:16:08.348952+00:00 [queued]>
[2024-03-19 15:18:32,751] {taskinstance.py:1032} INFO - Dependencies all met for <TaskInstance: dag_ml_life_cycle.get_gold_data scheduled__2024-03-19T15:16:08.348952+00:00 [queued]>
[2024-03-19 15:18:32,751] {taskinstance.py:1238} INFO - 
--------------------------------------------------------------------------------
[2024-03-19 15:18:32,751] {taskinstance.py:1239} INFO - Starting attempt 1 of 4
[2024-03-19 15:18:32,751] {taskinstance.py:1240} INFO - 
--------------------------------------------------------------------------------
[2024-03-19 15:18:32,758] {taskinstance.py:1259} INFO - Executing <Task(PythonOperator): get_gold_data> on 2024-03-19 15:16:08.348952+00:00
[2024-03-19 15:18:32,764] {standard_task_runner.py:52} INFO - Started process 23319 to run task
[2024-03-19 15:18:32,770] {standard_task_runner.py:76} INFO - Running: ['airflow', 'tasks', 'run', 'dag_ml_life_cycle', 'get_gold_data', 'scheduled__2024-03-19T15:16:08.348952+00:00', '--job-id', '797', '--raw', '--subdir', 'DAGS_FOLDER/lifecycle_ml_example/dags/dag_ml_life_cycle.py', '--cfg-path', '/var/folders/t4/c2kdpvnj6r793w3k056dkc640000gp/T/tmp0vphmjw1', '--error-file', '/var/folders/t4/c2kdpvnj6r793w3k056dkc640000gp/T/tmpwzfx61a1']
[2024-03-19 15:18:32,772] {standard_task_runner.py:77} INFO - Job 797: Subtask get_gold_data
[2024-03-19 15:18:32,810] {logging_mixin.py:109} INFO - Running <TaskInstance: dag_ml_life_cycle.get_gold_data scheduled__2024-03-19T15:16:08.348952+00:00 [running]> on host 1.0.0.127.in-addr.arpa
[2024-03-19 15:18:32,839] {taskinstance.py:1424} INFO - Exporting the following env vars:
AIRFLOW_CTX_DAG_OWNER=airflow
AIRFLOW_CTX_DAG_ID=dag_ml_life_cycle
AIRFLOW_CTX_TASK_ID=get_gold_data
AIRFLOW_CTX_EXECUTION_DATE=2024-03-19T15:16:08.348952+00:00
AIRFLOW_CTX_DAG_RUN_ID=scheduled__2024-03-19T15:16:08.348952+00:00
[2024-03-19 15:18:32,840] {data_preprocessing.py:34} INFO - Random error: 0.28166605950743717
[2024-03-19 15:18:32,840] {data_preprocessing.py:38} INFO - Getting gold data
[2024-03-19 15:18:32,841] {data_preprocessing.py:42} INFO - Getting raw data from ml_lifecycle_airflow/in-vehicle-coupon-recommendation.csv ...
[2024-03-19 15:18:35,336] {data_preprocessing.py:89} INFO - Starting data preprocessing ...
[2024-03-19 15:18:35,493] {data_preprocessing.py:150} INFO - Data preprocessing complete

[2024-03-19 15:18:35,530] {data_preprocessing.py:168} INFO - Encoding features using hashing encoder ...
[2024-03-19 15:19:20,334] {data_preprocessing.py:168} INFO - Encoding features using hashing encoder ...
[2024-03-19 15:20:13,333] {data_preprocessing.py:63} INFO - Uploading preprocessed data to GCS ...
[2024-03-19 15:20:23,097] {python.py:175} INFO - Done. Returned value was: True
[2024-03-19 15:20:23,123] {taskinstance.py:1267} INFO - Marking task as SUCCESS. dag_id=dag_ml_life_cycle, task_id=get_gold_data, execution_date=20240319T151608, start_date=20240319T201832, end_date=20240319T202023
[2024-03-19 15:20:23,160] {local_task_job.py:154} INFO - Task exited with return code 0
[2024-03-19 15:20:23,186] {local_task_job.py:264} INFO - 0 downstream tasks scheduled from follow-on schedule check
