[2024-03-19 02:55:55,905] {taskinstance.py:1032} INFO - Dependencies all met for <TaskInstance: dag_ml_life_cycle.get_gold_data scheduled__2024-03-18T23:43:39.086022+00:00 [queued]>
[2024-03-19 02:55:56,067] {taskinstance.py:1032} INFO - Dependencies all met for <TaskInstance: dag_ml_life_cycle.get_gold_data scheduled__2024-03-18T23:43:39.086022+00:00 [queued]>
[2024-03-19 02:55:56,067] {taskinstance.py:1238} INFO - 
--------------------------------------------------------------------------------
[2024-03-19 02:55:56,068] {taskinstance.py:1239} INFO - Starting attempt 4 of 4
[2024-03-19 02:55:56,068] {taskinstance.py:1240} INFO - 
--------------------------------------------------------------------------------
[2024-03-19 02:55:56,092] {taskinstance.py:1259} INFO - Executing <Task(PythonOperator): get_gold_data> on 2024-03-18 23:43:39.086022+00:00
[2024-03-19 02:55:56,111] {standard_task_runner.py:52} INFO - Started process 67896 to run task
[2024-03-19 02:55:56,134] {standard_task_runner.py:76} INFO - Running: ['airflow', 'tasks', 'run', 'dag_ml_life_cycle', 'get_gold_data', 'scheduled__2024-03-18T23:43:39.086022+00:00', '--job-id', '337', '--raw', '--subdir', 'DAGS_FOLDER/lifecycle_ml_example/dags/dag_ml_life_cycle.py', '--cfg-path', '/var/folders/t4/c2kdpvnj6r793w3k056dkc640000gp/T/tmpk9w5k8ti', '--error-file', '/var/folders/t4/c2kdpvnj6r793w3k056dkc640000gp/T/tmpfmtzmi3x']
[2024-03-19 02:55:56,142] {standard_task_runner.py:77} INFO - Job 337: Subtask get_gold_data
[2024-03-19 02:55:56,304] {logging_mixin.py:109} INFO - Running <TaskInstance: dag_ml_life_cycle.get_gold_data scheduled__2024-03-18T23:43:39.086022+00:00 [running]> on host 1.0.0.127.in-addr.arpa
[2024-03-19 02:55:56,413] {taskinstance.py:1424} INFO - Exporting the following env vars:
AIRFLOW_CTX_DAG_OWNER=airflow
AIRFLOW_CTX_DAG_ID=dag_ml_life_cycle
AIRFLOW_CTX_TASK_ID=get_gold_data
AIRFLOW_CTX_EXECUTION_DATE=2024-03-18T23:43:39.086022+00:00
AIRFLOW_CTX_DAG_RUN_ID=scheduled__2024-03-18T23:43:39.086022+00:00
[2024-03-19 02:55:56,417] {data_preprocessing.py:34} INFO - Random error: 0.2582131969925294
[2024-03-19 02:55:56,420] {data_preprocessing.py:38} INFO - Getting gold data
[2024-03-19 02:55:56,422] {data_preprocessing.py:42} INFO - Getting raw data from ml_lifecycle_airflow/in-vehicle-coupon-recommendation.csv ...
[2024-03-19 02:56:03,740] {data_preprocessing.py:89} INFO - Starting data preprocessing ...
[2024-03-19 02:56:04,403] {data_preprocessing.py:150} INFO - Data preprocessing complete

[2024-03-19 02:56:04,555] {data_preprocessing.py:168} INFO - Encoding features using hashing encoder ...
[2024-03-19 02:58:51,072] {data_preprocessing.py:168} INFO - Encoding features using hashing encoder ...
[2024-03-19 03:01:36,439] {data_preprocessing.py:63} INFO - Uploading preprocessed data to GCS ...
[2024-03-19 03:02:03,771] {python.py:175} INFO - Done. Returned value was: True
[2024-03-19 03:02:03,840] {taskinstance.py:1267} INFO - Marking task as SUCCESS. dag_id=dag_ml_life_cycle, task_id=get_gold_data, execution_date=20240318T234339, start_date=20240319T075555, end_date=20240319T080203
[2024-03-19 03:02:03,906] {local_task_job.py:154} INFO - Task exited with return code 0
[2024-03-19 03:02:03,981] {local_task_job.py:264} INFO - 1 downstream tasks scheduled from follow-on schedule check
