[2024-03-19 13:48:01,842] {taskinstance.py:1032} INFO - Dependencies all met for <TaskInstance: dag_ml_life_cycle.get_gold_data scheduled__2024-03-19T13:08:20.308325+00:00 [queued]>
[2024-03-19 13:48:01,905] {taskinstance.py:1032} INFO - Dependencies all met for <TaskInstance: dag_ml_life_cycle.get_gold_data scheduled__2024-03-19T13:08:20.308325+00:00 [queued]>
[2024-03-19 13:48:01,905] {taskinstance.py:1238} INFO - 
--------------------------------------------------------------------------------
[2024-03-19 13:48:01,905] {taskinstance.py:1239} INFO - Starting attempt 1 of 4
[2024-03-19 13:48:01,905] {taskinstance.py:1240} INFO - 
--------------------------------------------------------------------------------
[2024-03-19 13:48:01,912] {taskinstance.py:1259} INFO - Executing <Task(PythonOperator): get_gold_data> on 2024-03-19 13:08:20.308325+00:00
[2024-03-19 13:48:01,918] {standard_task_runner.py:52} INFO - Started process 77108 to run task
[2024-03-19 13:48:01,924] {standard_task_runner.py:76} INFO - Running: ['airflow', 'tasks', 'run', 'dag_ml_life_cycle', 'get_gold_data', 'scheduled__2024-03-19T13:08:20.308325+00:00', '--job-id', '662', '--raw', '--subdir', 'DAGS_FOLDER/lifecycle_ml_example/dags/dag_ml_life_cycle.py', '--cfg-path', '/var/folders/t4/c2kdpvnj6r793w3k056dkc640000gp/T/tmpgo8ht61b', '--error-file', '/var/folders/t4/c2kdpvnj6r793w3k056dkc640000gp/T/tmpt8n7m8f6']
[2024-03-19 13:48:01,927] {standard_task_runner.py:77} INFO - Job 662: Subtask get_gold_data
[2024-03-19 13:48:01,968] {logging_mixin.py:109} INFO - Running <TaskInstance: dag_ml_life_cycle.get_gold_data scheduled__2024-03-19T13:08:20.308325+00:00 [running]> on host 1.0.0.127.in-addr.arpa
[2024-03-19 13:48:01,997] {taskinstance.py:1424} INFO - Exporting the following env vars:
AIRFLOW_CTX_DAG_OWNER=airflow
AIRFLOW_CTX_DAG_ID=dag_ml_life_cycle
AIRFLOW_CTX_TASK_ID=get_gold_data
AIRFLOW_CTX_EXECUTION_DATE=2024-03-19T13:08:20.308325+00:00
AIRFLOW_CTX_DAG_RUN_ID=scheduled__2024-03-19T13:08:20.308325+00:00
[2024-03-19 13:48:01,999] {data_preprocessing.py:34} INFO - Random error: 0.03923402470592763
[2024-03-19 13:48:01,999] {data_preprocessing.py:38} INFO - Getting gold data
[2024-03-19 13:48:02,000] {data_preprocessing.py:42} INFO - Getting raw data from ml_lifecycle_airflow/in-vehicle-coupon-recommendation.csv ...
[2024-03-19 13:48:04,328] {data_preprocessing.py:89} INFO - Starting data preprocessing ...
[2024-03-19 13:48:04,483] {data_preprocessing.py:150} INFO - Data preprocessing complete

[2024-03-19 13:48:04,514] {data_preprocessing.py:168} INFO - Encoding features using hashing encoder ...
[2024-03-19 13:48:39,574] {data_preprocessing.py:168} INFO - Encoding features using hashing encoder ...
[2024-03-19 13:49:14,424] {data_preprocessing.py:63} INFO - Uploading preprocessed data to GCS ...
[2024-03-19 13:49:23,762] {python.py:175} INFO - Done. Returned value was: True
[2024-03-19 13:49:23,781] {taskinstance.py:1267} INFO - Marking task as SUCCESS. dag_id=dag_ml_life_cycle, task_id=get_gold_data, execution_date=20240319T130820, start_date=20240319T184801, end_date=20240319T184923
[2024-03-19 13:49:23,798] {local_task_job.py:154} INFO - Task exited with return code 0
[2024-03-19 13:49:23,817] {local_task_job.py:264} INFO - 1 downstream tasks scheduled from follow-on schedule check
