[2024-03-19 02:49:36,296] {taskinstance.py:1032} INFO - Dependencies all met for <TaskInstance: dag_ml_life_cycle.get_gold_data scheduled__2024-03-18T23:38:39.086022+00:00 [queued]>
[2024-03-19 02:49:36,465] {taskinstance.py:1032} INFO - Dependencies all met for <TaskInstance: dag_ml_life_cycle.get_gold_data scheduled__2024-03-18T23:38:39.086022+00:00 [queued]>
[2024-03-19 02:49:36,465] {taskinstance.py:1238} INFO - 
--------------------------------------------------------------------------------
[2024-03-19 02:49:36,466] {taskinstance.py:1239} INFO - Starting attempt 4 of 4
[2024-03-19 02:49:36,466] {taskinstance.py:1240} INFO - 
--------------------------------------------------------------------------------
[2024-03-19 02:49:36,490] {taskinstance.py:1259} INFO - Executing <Task(PythonOperator): get_gold_data> on 2024-03-18 23:38:39.086022+00:00
[2024-03-19 02:49:36,508] {standard_task_runner.py:52} INFO - Started process 63605 to run task
[2024-03-19 02:49:36,530] {standard_task_runner.py:76} INFO - Running: ['airflow', 'tasks', 'run', 'dag_ml_life_cycle', 'get_gold_data', 'scheduled__2024-03-18T23:38:39.086022+00:00', '--job-id', '336', '--raw', '--subdir', 'DAGS_FOLDER/lifecycle_ml_example/dags/dag_ml_life_cycle.py', '--cfg-path', '/var/folders/t4/c2kdpvnj6r793w3k056dkc640000gp/T/tmppsli9k5j', '--error-file', '/var/folders/t4/c2kdpvnj6r793w3k056dkc640000gp/T/tmp7da85fgc']
[2024-03-19 02:49:36,538] {standard_task_runner.py:77} INFO - Job 336: Subtask get_gold_data
[2024-03-19 02:49:36,698] {logging_mixin.py:109} INFO - Running <TaskInstance: dag_ml_life_cycle.get_gold_data scheduled__2024-03-18T23:38:39.086022+00:00 [running]> on host 1.0.0.127.in-addr.arpa
[2024-03-19 02:49:36,808] {taskinstance.py:1424} INFO - Exporting the following env vars:
AIRFLOW_CTX_DAG_OWNER=airflow
AIRFLOW_CTX_DAG_ID=dag_ml_life_cycle
AIRFLOW_CTX_TASK_ID=get_gold_data
AIRFLOW_CTX_EXECUTION_DATE=2024-03-18T23:38:39.086022+00:00
AIRFLOW_CTX_DAG_RUN_ID=scheduled__2024-03-18T23:38:39.086022+00:00
[2024-03-19 02:49:36,812] {data_preprocessing.py:34} INFO - Random error: 0.28242439560848553
[2024-03-19 02:49:36,815] {data_preprocessing.py:38} INFO - Getting gold data
[2024-03-19 02:49:36,817] {data_preprocessing.py:42} INFO - Getting raw data from ml_lifecycle_airflow/in-vehicle-coupon-recommendation.csv ...
[2024-03-19 02:49:44,220] {data_preprocessing.py:89} INFO - Starting data preprocessing ...
[2024-03-19 02:49:44,880] {data_preprocessing.py:150} INFO - Data preprocessing complete

[2024-03-19 02:49:45,030] {data_preprocessing.py:168} INFO - Encoding features using hashing encoder ...
[2024-03-19 02:52:30,926] {data_preprocessing.py:168} INFO - Encoding features using hashing encoder ...
[2024-03-19 02:55:16,842] {data_preprocessing.py:63} INFO - Uploading preprocessed data to GCS ...
[2024-03-19 02:55:44,165] {python.py:175} INFO - Done. Returned value was: True
[2024-03-19 02:55:44,235] {taskinstance.py:1267} INFO - Marking task as SUCCESS. dag_id=dag_ml_life_cycle, task_id=get_gold_data, execution_date=20240318T233839, start_date=20240319T074936, end_date=20240319T075544
[2024-03-19 02:55:44,325] {local_task_job.py:154} INFO - Task exited with return code 0
[2024-03-19 02:55:44,402] {local_task_job.py:264} INFO - 1 downstream tasks scheduled from follow-on schedule check
