[2024-03-18 16:42:11,929] {taskinstance.py:1032} INFO - Dependencies all met for <TaskInstance: dag_ml_life_cycle.get_gold_data scheduled__2024-03-18T16:25:47.382372+00:00 [queued]>
[2024-03-18 16:42:12,118] {taskinstance.py:1032} INFO - Dependencies all met for <TaskInstance: dag_ml_life_cycle.get_gold_data scheduled__2024-03-18T16:25:47.382372+00:00 [queued]>
[2024-03-18 16:42:12,118] {taskinstance.py:1238} INFO - 
--------------------------------------------------------------------------------
[2024-03-18 16:42:12,118] {taskinstance.py:1239} INFO - Starting attempt 2 of 4
[2024-03-18 16:42:12,119] {taskinstance.py:1240} INFO - 
--------------------------------------------------------------------------------
[2024-03-18 16:42:12,140] {taskinstance.py:1259} INFO - Executing <Task(PythonOperator): get_gold_data> on 2024-03-18 16:25:47.382372+00:00
[2024-03-18 16:42:12,156] {standard_task_runner.py:52} INFO - Started process 94643 to run task
[2024-03-18 16:42:12,178] {standard_task_runner.py:76} INFO - Running: ['airflow', 'tasks', 'run', 'dag_ml_life_cycle', 'get_gold_data', 'scheduled__2024-03-18T16:25:47.382372+00:00', '--job-id', '84', '--raw', '--subdir', 'DAGS_FOLDER/lifecycle_ml_example/dags/dag_ml_life_cycle.py', '--cfg-path', '/var/folders/t4/c2kdpvnj6r793w3k056dkc640000gp/T/tmpdlik3bzh', '--error-file', '/var/folders/t4/c2kdpvnj6r793w3k056dkc640000gp/T/tmpuh9hghs_']
[2024-03-18 16:42:12,186] {standard_task_runner.py:77} INFO - Job 84: Subtask get_gold_data
[2024-03-18 16:42:12,345] {logging_mixin.py:109} INFO - Running <TaskInstance: dag_ml_life_cycle.get_gold_data scheduled__2024-03-18T16:25:47.382372+00:00 [running]> on host 1.0.0.127.in-addr.arpa
[2024-03-18 16:42:12,448] {taskinstance.py:1424} INFO - Exporting the following env vars:
AIRFLOW_CTX_DAG_OWNER=airflow
AIRFLOW_CTX_DAG_ID=dag_ml_life_cycle
AIRFLOW_CTX_TASK_ID=get_gold_data
AIRFLOW_CTX_EXECUTION_DATE=2024-03-18T16:25:47.382372+00:00
AIRFLOW_CTX_DAG_RUN_ID=scheduled__2024-03-18T16:25:47.382372+00:00
[2024-03-18 16:42:12,452] {data_preprocessing.py:34} INFO - Random error: 0.04853277265086853
[2024-03-18 16:42:12,454] {data_preprocessing.py:38} INFO - Getting gold data
[2024-03-18 16:42:12,456] {data_preprocessing.py:42} INFO - Getting raw data from ml_lifecycle_airflow/in-vehicle-coupon-recommendation.csv ...
[2024-03-18 16:42:19,518] {data_preprocessing.py:89} INFO - Starting data preprocessing ...
[2024-03-18 16:42:20,131] {data_preprocessing.py:150} INFO - Data preprocessing complete

[2024-03-18 16:42:20,284] {data_preprocessing.py:168} INFO - Encoding features using hashing encoder ...
[2024-03-18 16:44:58,519] {data_preprocessing.py:168} INFO - Encoding features using hashing encoder ...
[2024-03-18 16:47:05,103] {data_preprocessing.py:63} INFO - Uploading preprocessed data to GCS ...
[2024-03-18 16:47:28,852] {python.py:175} INFO - Done. Returned value was: True
[2024-03-18 16:47:28,916] {taskinstance.py:1267} INFO - Marking task as SUCCESS. dag_id=dag_ml_life_cycle, task_id=get_gold_data, execution_date=20240318T162547, start_date=20240318T214211, end_date=20240318T214728
[2024-03-18 16:47:28,976] {local_task_job.py:154} INFO - Task exited with return code 0
[2024-03-18 16:47:29,042] {local_task_job.py:264} INFO - 1 downstream tasks scheduled from follow-on schedule check
