[2024-03-12 11:46:53,862] {taskinstance.py:1032} INFO - Dependencies all met for <TaskInstance: tutorial_juan_change_folder_v2.print_date manual__2024-03-12T16:46:18.478626+00:00 [queued]>
[2024-03-12 11:46:53,866] {taskinstance.py:1032} INFO - Dependencies all met for <TaskInstance: tutorial_juan_change_folder_v2.print_date manual__2024-03-12T16:46:18.478626+00:00 [queued]>
[2024-03-12 11:46:53,866] {taskinstance.py:1238} INFO - 
--------------------------------------------------------------------------------
[2024-03-12 11:46:53,866] {taskinstance.py:1239} INFO - Starting attempt 1 of 2
[2024-03-12 11:46:53,866] {taskinstance.py:1240} INFO - 
--------------------------------------------------------------------------------
[2024-03-12 11:46:53,872] {taskinstance.py:1259} INFO - Executing <Task(BashOperator): print_date> on 2024-03-12 16:46:18.478626+00:00
[2024-03-12 11:46:53,875] {standard_task_runner.py:52} INFO - Started process 41773 to run task
[2024-03-12 11:46:53,880] {standard_task_runner.py:76} INFO - Running: ['airflow', 'tasks', 'run', 'tutorial_juan_change_folder_v2', 'print_date', 'manual__2024-03-12T16:46:18.478626+00:00', '--job-id', '3', '--raw', '--subdir', 'DAGS_FOLDER/tutorial_0.py', '--cfg-path', '/var/folders/t4/c2kdpvnj6r793w3k056dkc640000gp/T/tmp7ndprk2w', '--error-file', '/var/folders/t4/c2kdpvnj6r793w3k056dkc640000gp/T/tmpcs0ml7i9']
[2024-03-12 11:46:53,882] {standard_task_runner.py:77} INFO - Job 3: Subtask print_date
[2024-03-12 11:46:53,913] {logging_mixin.py:109} INFO - Running <TaskInstance: tutorial_juan_change_folder_v2.print_date manual__2024-03-12T16:46:18.478626+00:00 [running]> on host 1.0.0.0.0.0.0.0.0.0.0.0.0.0.0.0.0.0.0.0.0.0.0.0.0.0.0.0.0.0.0.0.ip6.arpa
[2024-03-12 11:46:53,937] {taskinstance.py:1424} INFO - Exporting the following env vars:
AIRFLOW_CTX_DAG_EMAIL=airflow@example.com
AIRFLOW_CTX_DAG_OWNER=airflow
AIRFLOW_CTX_DAG_ID=tutorial_juan_change_folder_v2
AIRFLOW_CTX_TASK_ID=print_date
AIRFLOW_CTX_EXECUTION_DATE=2024-03-12T16:46:18.478626+00:00
AIRFLOW_CTX_DAG_RUN_ID=manual__2024-03-12T16:46:18.478626+00:00
[2024-03-12 11:46:53,937] {subprocess.py:62} INFO - Tmp dir root location: 
 /var/folders/t4/c2kdpvnj6r793w3k056dkc640000gp/T
[2024-03-12 11:46:53,938] {subprocess.py:74} INFO - Running command: ['bash', '-c', 'date']
[2024-03-12 11:46:53,943] {subprocess.py:85} INFO - Output:
[2024-03-12 11:46:53,952] {subprocess.py:89} INFO - Tue Mar 12 11:46:53 -05 2024
[2024-03-12 11:46:53,953] {subprocess.py:93} INFO - Command exited with return code 0
[2024-03-12 11:46:53,966] {taskinstance.py:1267} INFO - Marking task as SUCCESS. dag_id=tutorial_juan_change_folder_v2, task_id=print_date, execution_date=20240312T164618, start_date=20240312T164653, end_date=20240312T164653
[2024-03-12 11:46:53,984] {local_task_job.py:154} INFO - Task exited with return code 0
[2024-03-12 11:46:53,999] {local_task_job.py:264} INFO - 2 downstream tasks scheduled from follow-on schedule check
