[2024-03-19 10:39:43,659] {taskinstance.py:1032} INFO - Dependencies all met for <TaskInstance: dag_ml_life_cycle.get_gold_data scheduled__2024-03-19T10:28:20.688299+00:00 [queued]>
[2024-03-19 10:39:43,726] {taskinstance.py:1032} INFO - Dependencies all met for <TaskInstance: dag_ml_life_cycle.get_gold_data scheduled__2024-03-19T10:28:20.688299+00:00 [queued]>
[2024-03-19 10:39:43,726] {taskinstance.py:1238} INFO - 
--------------------------------------------------------------------------------
[2024-03-19 10:39:43,726] {taskinstance.py:1239} INFO - Starting attempt 3 of 4
[2024-03-19 10:39:43,727] {taskinstance.py:1240} INFO - 
--------------------------------------------------------------------------------
[2024-03-19 10:39:43,734] {taskinstance.py:1259} INFO - Executing <Task(PythonOperator): get_gold_data> on 2024-03-19 10:28:20.688299+00:00
[2024-03-19 10:39:43,741] {standard_task_runner.py:52} INFO - Started process 27063 to run task
[2024-03-19 10:39:43,747] {standard_task_runner.py:76} INFO - Running: ['airflow', 'tasks', 'run', 'dag_ml_life_cycle', 'get_gold_data', 'scheduled__2024-03-19T10:28:20.688299+00:00', '--job-id', '568', '--raw', '--subdir', 'DAGS_FOLDER/lifecycle_ml_example/dags/dag_ml_life_cycle.py', '--cfg-path', '/var/folders/t4/c2kdpvnj6r793w3k056dkc640000gp/T/tmpreq9_lqj', '--error-file', '/var/folders/t4/c2kdpvnj6r793w3k056dkc640000gp/T/tmp3allewap']
[2024-03-19 10:39:43,749] {standard_task_runner.py:77} INFO - Job 568: Subtask get_gold_data
[2024-03-19 10:39:43,794] {logging_mixin.py:109} INFO - Running <TaskInstance: dag_ml_life_cycle.get_gold_data scheduled__2024-03-19T10:28:20.688299+00:00 [running]> on host 1.0.0.127.in-addr.arpa
[2024-03-19 10:39:43,822] {taskinstance.py:1424} INFO - Exporting the following env vars:
AIRFLOW_CTX_DAG_OWNER=airflow
AIRFLOW_CTX_DAG_ID=dag_ml_life_cycle
AIRFLOW_CTX_TASK_ID=get_gold_data
AIRFLOW_CTX_EXECUTION_DATE=2024-03-19T10:28:20.688299+00:00
AIRFLOW_CTX_DAG_RUN_ID=scheduled__2024-03-19T10:28:20.688299+00:00
[2024-03-19 10:39:43,823] {data_preprocessing.py:34} INFO - Random error: 0.18213251440974143
[2024-03-19 10:39:43,823] {data_preprocessing.py:38} INFO - Getting gold data
[2024-03-19 10:39:43,824] {data_preprocessing.py:42} INFO - Getting raw data from ml_lifecycle_airflow/in-vehicle-coupon-recommendation.csv ...
[2024-03-19 10:39:47,017] {data_preprocessing.py:89} INFO - Starting data preprocessing ...
[2024-03-19 10:39:47,176] {data_preprocessing.py:150} INFO - Data preprocessing complete

[2024-03-19 10:39:47,214] {data_preprocessing.py:168} INFO - Encoding features using hashing encoder ...
[2024-03-19 10:40:27,241] {data_preprocessing.py:168} INFO - Encoding features using hashing encoder ...
[2024-03-19 10:41:22,145] {data_preprocessing.py:63} INFO - Uploading preprocessed data to GCS ...
[2024-03-19 10:41:28,114] {local_task_job.py:154} INFO - Task exited with return code Negsignal.SIGSEGV
[2024-03-19 10:41:28,125] {taskinstance.py:1267} INFO - Marking task as UP_FOR_RETRY. dag_id=dag_ml_life_cycle, task_id=get_gold_data, execution_date=20240319T102820, start_date=20240319T153943, end_date=20240319T154128
[2024-03-19 10:41:28,153] {local_task_job.py:264} INFO - 0 downstream tasks scheduled from follow-on schedule check
