[2024-03-20 07:31:34,644] {taskinstance.py:1032} INFO - Dependencies all met for <TaskInstance: dag_ml_life_cycle.get_gold_data scheduled__2024-03-20T01:15:03.602397+00:00 [queued]>
[2024-03-20 07:31:34,710] {taskinstance.py:1032} INFO - Dependencies all met for <TaskInstance: dag_ml_life_cycle.get_gold_data scheduled__2024-03-20T01:15:03.602397+00:00 [queued]>
[2024-03-20 07:31:34,711] {taskinstance.py:1238} INFO - 
--------------------------------------------------------------------------------
[2024-03-20 07:31:34,711] {taskinstance.py:1239} INFO - Starting attempt 1 of 4
[2024-03-20 07:31:34,711] {taskinstance.py:1240} INFO - 
--------------------------------------------------------------------------------
[2024-03-20 07:31:34,718] {taskinstance.py:1259} INFO - Executing <Task(PythonOperator): get_gold_data> on 2024-03-20 01:15:03.602397+00:00
[2024-03-20 07:31:34,724] {standard_task_runner.py:52} INFO - Started process 64657 to run task
[2024-03-20 07:31:34,731] {standard_task_runner.py:76} INFO - Running: ['airflow', 'tasks', 'run', 'dag_ml_life_cycle', 'get_gold_data', 'scheduled__2024-03-20T01:15:03.602397+00:00', '--job-id', '1085', '--raw', '--subdir', 'DAGS_FOLDER/lifecycle_ml_example/dags/dag_ml_life_cycle.py', '--cfg-path', '/var/folders/t4/c2kdpvnj6r793w3k056dkc640000gp/T/tmpgbj7__n4', '--error-file', '/var/folders/t4/c2kdpvnj6r793w3k056dkc640000gp/T/tmpieh9kutj']
[2024-03-20 07:31:34,734] {standard_task_runner.py:77} INFO - Job 1085: Subtask get_gold_data
[2024-03-20 07:31:34,776] {logging_mixin.py:109} INFO - Running <TaskInstance: dag_ml_life_cycle.get_gold_data scheduled__2024-03-20T01:15:03.602397+00:00 [running]> on host 1.0.0.127.in-addr.arpa
[2024-03-20 07:31:34,806] {taskinstance.py:1424} INFO - Exporting the following env vars:
AIRFLOW_CTX_DAG_OWNER=airflow
AIRFLOW_CTX_DAG_ID=dag_ml_life_cycle
AIRFLOW_CTX_TASK_ID=get_gold_data
AIRFLOW_CTX_EXECUTION_DATE=2024-03-20T01:15:03.602397+00:00
AIRFLOW_CTX_DAG_RUN_ID=scheduled__2024-03-20T01:15:03.602397+00:00
[2024-03-20 07:31:34,808] {data_preprocessing.py:34} INFO - Random error: 0.0878072754272593
[2024-03-20 07:31:34,808] {data_preprocessing.py:38} INFO - Getting gold data
[2024-03-20 07:31:34,809] {data_preprocessing.py:42} INFO - Getting raw data from ml_lifecycle_airflow/in-vehicle-coupon-recommendation.csv ...
[2024-03-20 07:31:37,200] {data_preprocessing.py:89} INFO - Starting data preprocessing ...
[2024-03-20 07:31:37,353] {data_preprocessing.py:150} INFO - Data preprocessing complete

[2024-03-20 07:31:37,390] {data_preprocessing.py:168} INFO - Encoding features using hashing encoder ...
[2024-03-20 07:32:15,706] {data_preprocessing.py:168} INFO - Encoding features using hashing encoder ...
[2024-03-20 07:32:52,582] {data_preprocessing.py:63} INFO - Uploading preprocessed data to GCS ...
[2024-03-20 07:33:02,325] {python.py:175} INFO - Done. Returned value was: True
[2024-03-20 07:33:02,353] {taskinstance.py:1267} INFO - Marking task as SUCCESS. dag_id=dag_ml_life_cycle, task_id=get_gold_data, execution_date=20240320T011503, start_date=20240320T123134, end_date=20240320T123302
[2024-03-20 07:33:02,404] {local_task_job.py:154} INFO - Task exited with return code 0
[2024-03-20 07:33:02,426] {local_task_job.py:264} INFO - 1 downstream tasks scheduled from follow-on schedule check
