[2024-03-20 07:40:17,179] {taskinstance.py:1032} INFO - Dependencies all met for <TaskInstance: dag_ml_life_cycle.get_gold_data scheduled__2024-03-20T01:20:03.602397+00:00 [queued]>
[2024-03-20 07:40:17,241] {taskinstance.py:1032} INFO - Dependencies all met for <TaskInstance: dag_ml_life_cycle.get_gold_data scheduled__2024-03-20T01:20:03.602397+00:00 [queued]>
[2024-03-20 07:40:17,241] {taskinstance.py:1238} INFO - 
--------------------------------------------------------------------------------
[2024-03-20 07:40:17,241] {taskinstance.py:1239} INFO - Starting attempt 2 of 4
[2024-03-20 07:40:17,242] {taskinstance.py:1240} INFO - 
--------------------------------------------------------------------------------
[2024-03-20 07:40:17,250] {taskinstance.py:1259} INFO - Executing <Task(PythonOperator): get_gold_data> on 2024-03-20 01:20:03.602397+00:00
[2024-03-20 07:40:17,255] {standard_task_runner.py:52} INFO - Started process 78659 to run task
[2024-03-20 07:40:17,261] {standard_task_runner.py:76} INFO - Running: ['airflow', 'tasks', 'run', 'dag_ml_life_cycle', 'get_gold_data', 'scheduled__2024-03-20T01:20:03.602397+00:00', '--job-id', '1107', '--raw', '--subdir', 'DAGS_FOLDER/lifecycle_ml_example/dags/dag_ml_life_cycle.py', '--cfg-path', '/var/folders/t4/c2kdpvnj6r793w3k056dkc640000gp/T/tmp07lwxpmt', '--error-file', '/var/folders/t4/c2kdpvnj6r793w3k056dkc640000gp/T/tmpla8wba61']
[2024-03-20 07:40:17,264] {standard_task_runner.py:77} INFO - Job 1107: Subtask get_gold_data
[2024-03-20 07:40:17,303] {logging_mixin.py:109} INFO - Running <TaskInstance: dag_ml_life_cycle.get_gold_data scheduled__2024-03-20T01:20:03.602397+00:00 [running]> on host macbook-pro-2.local
[2024-03-20 07:40:17,330] {taskinstance.py:1424} INFO - Exporting the following env vars:
AIRFLOW_CTX_DAG_OWNER=airflow
AIRFLOW_CTX_DAG_ID=dag_ml_life_cycle
AIRFLOW_CTX_TASK_ID=get_gold_data
AIRFLOW_CTX_EXECUTION_DATE=2024-03-20T01:20:03.602397+00:00
AIRFLOW_CTX_DAG_RUN_ID=scheduled__2024-03-20T01:20:03.602397+00:00
[2024-03-20 07:40:17,331] {data_preprocessing.py:34} INFO - Random error: 0.019536962783501366
[2024-03-20 07:40:17,331] {data_preprocessing.py:38} INFO - Getting gold data
[2024-03-20 07:40:17,332] {data_preprocessing.py:42} INFO - Getting raw data from ml_lifecycle_airflow/in-vehicle-coupon-recommendation.csv ...
[2024-03-20 07:40:19,949] {data_preprocessing.py:89} INFO - Starting data preprocessing ...
[2024-03-20 07:40:20,093] {data_preprocessing.py:150} INFO - Data preprocessing complete

[2024-03-20 07:40:20,123] {data_preprocessing.py:168} INFO - Encoding features using hashing encoder ...
[2024-03-20 07:40:54,948] {data_preprocessing.py:168} INFO - Encoding features using hashing encoder ...
[2024-03-20 07:41:29,759] {data_preprocessing.py:63} INFO - Uploading preprocessed data to GCS ...
[2024-03-20 07:41:37,653] {local_task_job.py:191} WARNING - The recorded hostname macbook-pro-2.local does not match this instance's hostname 1.0.0.0.0.0.0.0.0.0.0.0.0.0.0.0.0.0.0.0.0.0.0.0.0.0.0.0.0.0.0.0.ip6.arpa
[2024-03-20 07:41:37,665] {process_utils.py:120} INFO - Sending Signals.SIGTERM to group 78659. PIDs of all processes in the group: [78761, 78659]
[2024-03-20 07:41:37,665] {process_utils.py:75} INFO - Sending the signal Signals.SIGTERM to group 78659
[2024-03-20 07:41:37,665] {taskinstance.py:1408} ERROR - Received SIGTERM. Terminating subprocesses.
[2024-03-20 07:41:37,682] {taskinstance.py:1700} ERROR - Task failed with exception
Traceback (most recent call last):
  File "/Users/macbook/anaconda3/envs/airflow_env/lib/python3.9/site-packages/airflow/models/taskinstance.py", line 1329, in _run_raw_task
    self._execute_task_with_callbacks(context)
  File "/Users/macbook/anaconda3/envs/airflow_env/lib/python3.9/site-packages/airflow/models/taskinstance.py", line 1455, in _execute_task_with_callbacks
    result = self._execute_task(context, self.task)
  File "/Users/macbook/anaconda3/envs/airflow_env/lib/python3.9/site-packages/airflow/models/taskinstance.py", line 1511, in _execute_task
    result = execute_callable(context=context)
  File "/Users/macbook/anaconda3/envs/airflow_env/lib/python3.9/site-packages/airflow/operators/python.py", line 174, in execute
    return_value = self.execute_callable()
  File "/Users/macbook/anaconda3/envs/airflow_env/lib/python3.9/site-packages/airflow/operators/python.py", line 185, in execute_callable
    return self.python_callable(*self.op_args, **self.op_kwargs)
  File "/Users/macbook/Desktop/airflow_tutorial/airflow/dags/lifecycle_ml_example/src/features/data_preprocessing.py", line 71, in get_gold_data
    upload_df_to_gcs(bucket_name, path_gold_data + "/y_test.csv", y_test)
  File "/Users/macbook/Desktop/airflow_tutorial/airflow/dags/lifecycle_ml_example/src/utils/f_gcs_storage.py", line 37, in upload_df_to_gcs
    blob.upload_from_string(csv_buffer.getvalue(), content_type='text/csv')
  File "/Users/macbook/anaconda3/envs/airflow_env/lib/python3.9/site-packages/google/cloud/storage/blob.py", line 3079, in upload_from_string
    self.upload_from_file(
  File "/Users/macbook/anaconda3/envs/airflow_env/lib/python3.9/site-packages/google/cloud/storage/blob.py", line 2786, in upload_from_file
    self._prep_and_do_upload(
  File "/Users/macbook/anaconda3/envs/airflow_env/lib/python3.9/site-packages/google/cloud/storage/blob.py", line 2627, in _prep_and_do_upload
    created_json = self._do_upload(
  File "/Users/macbook/anaconda3/envs/airflow_env/lib/python3.9/site-packages/google/cloud/storage/blob.py", line 2433, in _do_upload
    response = self._do_multipart_upload(
  File "/Users/macbook/anaconda3/envs/airflow_env/lib/python3.9/site-packages/google/cloud/storage/blob.py", line 1946, in _do_multipart_upload
    response = upload.transmit(
  File "/Users/macbook/anaconda3/envs/airflow_env/lib/python3.9/site-packages/google/resumable_media/requests/upload.py", line 153, in transmit
    return _request_helpers.wait_and_retry(
  File "/Users/macbook/anaconda3/envs/airflow_env/lib/python3.9/site-packages/google/resumable_media/requests/_request_helpers.py", line 155, in wait_and_retry
    response = func()
  File "/Users/macbook/anaconda3/envs/airflow_env/lib/python3.9/site-packages/google/resumable_media/requests/upload.py", line 145, in retriable_request
    result = transport.request(
  File "/Users/macbook/anaconda3/envs/airflow_env/lib/python3.9/site-packages/google/auth/transport/requests.py", line 537, in request
    self.credentials.before_request(auth_request, method, url, request_headers)
  File "/Users/macbook/anaconda3/envs/airflow_env/lib/python3.9/site-packages/google/auth/credentials.py", line 230, in before_request
    self._blocking_refresh(request)
  File "/Users/macbook/anaconda3/envs/airflow_env/lib/python3.9/site-packages/google/auth/credentials.py", line 193, in _blocking_refresh
    self.refresh(request)
  File "/Users/macbook/anaconda3/envs/airflow_env/lib/python3.9/site-packages/google/oauth2/credentials.py", line 431, in refresh
    ) = reauth.refresh_grant(
  File "/Users/macbook/anaconda3/envs/airflow_env/lib/python3.9/site-packages/google/oauth2/reauth.py", line 332, in refresh_grant
    response_status_ok, response_data, retryable_error = _client._token_endpoint_request_no_throw(
  File "/Users/macbook/anaconda3/envs/airflow_env/lib/python3.9/site-packages/google/oauth2/_client.py", line 215, in _token_endpoint_request_no_throw
    request_succeeded, response_data, retryable_error = _perform_request()
  File "/Users/macbook/anaconda3/envs/airflow_env/lib/python3.9/site-packages/google/oauth2/_client.py", line 191, in _perform_request
    response = request(
  File "/Users/macbook/anaconda3/envs/airflow_env/lib/python3.9/site-packages/google/auth/transport/requests.py", line 186, in __call__
    response = self.session.request(
  File "/Users/macbook/anaconda3/envs/airflow_env/lib/python3.9/site-packages/requests/sessions.py", line 589, in request
    resp = self.send(prep, **send_kwargs)
  File "/Users/macbook/anaconda3/envs/airflow_env/lib/python3.9/site-packages/requests/sessions.py", line 703, in send
    r = adapter.send(request, **kwargs)
  File "/Users/macbook/anaconda3/envs/airflow_env/lib/python3.9/site-packages/requests/adapters.py", line 486, in send
    resp = conn.urlopen(
  File "/Users/macbook/anaconda3/envs/airflow_env/lib/python3.9/site-packages/urllib3/connectionpool.py", line 699, in urlopen
    httplib_response = self._make_request(
  File "/Users/macbook/anaconda3/envs/airflow_env/lib/python3.9/site-packages/urllib3/connectionpool.py", line 445, in _make_request
    six.raise_from(e, None)
  File "<string>", line 3, in raise_from
  File "/Users/macbook/anaconda3/envs/airflow_env/lib/python3.9/site-packages/urllib3/connectionpool.py", line 440, in _make_request
    httplib_response = conn.getresponse()
  File "/Users/macbook/anaconda3/envs/airflow_env/lib/python3.9/http/client.py", line 1377, in getresponse
    response.begin()
  File "/Users/macbook/anaconda3/envs/airflow_env/lib/python3.9/http/client.py", line 320, in begin
    version, status, reason = self._read_status()
  File "/Users/macbook/anaconda3/envs/airflow_env/lib/python3.9/http/client.py", line 281, in _read_status
    line = str(self.fp.readline(_MAXLINE + 1), "iso-8859-1")
  File "/Users/macbook/anaconda3/envs/airflow_env/lib/python3.9/socket.py", line 704, in readinto
    return self._sock.recv_into(b)
  File "/Users/macbook/anaconda3/envs/airflow_env/lib/python3.9/ssl.py", line 1275, in recv_into
    return self.read(nbytes, buffer)
  File "/Users/macbook/anaconda3/envs/airflow_env/lib/python3.9/ssl.py", line 1133, in read
    return self._sslobj.read(len, buffer)
  File "/Users/macbook/anaconda3/envs/airflow_env/lib/python3.9/site-packages/airflow/models/taskinstance.py", line 1410, in signal_handler
    raise AirflowException("Task received SIGTERM signal")
airflow.exceptions.AirflowException: Task received SIGTERM signal
[2024-03-20 07:41:37,703] {taskinstance.py:1267} INFO - Marking task as UP_FOR_RETRY. dag_id=dag_ml_life_cycle, task_id=get_gold_data, execution_date=20240320T012003, start_date=20240320T124017, end_date=20240320T124137
[2024-03-20 07:41:37,710] {standard_task_runner.py:89} ERROR - Failed to execute job 1107 for task get_gold_data
Traceback (most recent call last):
  File "/Users/macbook/anaconda3/envs/airflow_env/lib/python3.9/site-packages/airflow/task/task_runner/standard_task_runner.py", line 85, in _start_by_fork
    args.func(args, dag=self.dag)
  File "/Users/macbook/anaconda3/envs/airflow_env/lib/python3.9/site-packages/airflow/cli/cli_parser.py", line 48, in command
    return func(*args, **kwargs)
  File "/Users/macbook/anaconda3/envs/airflow_env/lib/python3.9/site-packages/airflow/utils/cli.py", line 92, in wrapper
    return f(*args, **kwargs)
  File "/Users/macbook/anaconda3/envs/airflow_env/lib/python3.9/site-packages/airflow/cli/commands/task_command.py", line 298, in task_run
    _run_task_by_selected_method(args, dag, ti)
  File "/Users/macbook/anaconda3/envs/airflow_env/lib/python3.9/site-packages/airflow/cli/commands/task_command.py", line 107, in _run_task_by_selected_method
    _run_raw_task(args, ti)
  File "/Users/macbook/anaconda3/envs/airflow_env/lib/python3.9/site-packages/airflow/cli/commands/task_command.py", line 180, in _run_raw_task
    ti._run_raw_task(
  File "/Users/macbook/anaconda3/envs/airflow_env/lib/python3.9/site-packages/airflow/utils/session.py", line 70, in wrapper
    return func(*args, session=session, **kwargs)
  File "/Users/macbook/anaconda3/envs/airflow_env/lib/python3.9/site-packages/airflow/models/taskinstance.py", line 1329, in _run_raw_task
    self._execute_task_with_callbacks(context)
  File "/Users/macbook/anaconda3/envs/airflow_env/lib/python3.9/site-packages/airflow/models/taskinstance.py", line 1455, in _execute_task_with_callbacks
    result = self._execute_task(context, self.task)
  File "/Users/macbook/anaconda3/envs/airflow_env/lib/python3.9/site-packages/airflow/models/taskinstance.py", line 1511, in _execute_task
    result = execute_callable(context=context)
  File "/Users/macbook/anaconda3/envs/airflow_env/lib/python3.9/site-packages/airflow/operators/python.py", line 174, in execute
    return_value = self.execute_callable()
  File "/Users/macbook/anaconda3/envs/airflow_env/lib/python3.9/site-packages/airflow/operators/python.py", line 185, in execute_callable
    return self.python_callable(*self.op_args, **self.op_kwargs)
  File "/Users/macbook/Desktop/airflow_tutorial/airflow/dags/lifecycle_ml_example/src/features/data_preprocessing.py", line 71, in get_gold_data
    upload_df_to_gcs(bucket_name, path_gold_data + "/y_test.csv", y_test)
  File "/Users/macbook/Desktop/airflow_tutorial/airflow/dags/lifecycle_ml_example/src/utils/f_gcs_storage.py", line 37, in upload_df_to_gcs
    blob.upload_from_string(csv_buffer.getvalue(), content_type='text/csv')
  File "/Users/macbook/anaconda3/envs/airflow_env/lib/python3.9/site-packages/google/cloud/storage/blob.py", line 3079, in upload_from_string
    self.upload_from_file(
  File "/Users/macbook/anaconda3/envs/airflow_env/lib/python3.9/site-packages/google/cloud/storage/blob.py", line 2786, in upload_from_file
    self._prep_and_do_upload(
  File "/Users/macbook/anaconda3/envs/airflow_env/lib/python3.9/site-packages/google/cloud/storage/blob.py", line 2627, in _prep_and_do_upload
    created_json = self._do_upload(
  File "/Users/macbook/anaconda3/envs/airflow_env/lib/python3.9/site-packages/google/cloud/storage/blob.py", line 2433, in _do_upload
    response = self._do_multipart_upload(
  File "/Users/macbook/anaconda3/envs/airflow_env/lib/python3.9/site-packages/google/cloud/storage/blob.py", line 1946, in _do_multipart_upload
    response = upload.transmit(
  File "/Users/macbook/anaconda3/envs/airflow_env/lib/python3.9/site-packages/google/resumable_media/requests/upload.py", line 153, in transmit
    return _request_helpers.wait_and_retry(
  File "/Users/macbook/anaconda3/envs/airflow_env/lib/python3.9/site-packages/google/resumable_media/requests/_request_helpers.py", line 155, in wait_and_retry
    response = func()
  File "/Users/macbook/anaconda3/envs/airflow_env/lib/python3.9/site-packages/google/resumable_media/requests/upload.py", line 145, in retriable_request
    result = transport.request(
  File "/Users/macbook/anaconda3/envs/airflow_env/lib/python3.9/site-packages/google/auth/transport/requests.py", line 537, in request
    self.credentials.before_request(auth_request, method, url, request_headers)
  File "/Users/macbook/anaconda3/envs/airflow_env/lib/python3.9/site-packages/google/auth/credentials.py", line 230, in before_request
    self._blocking_refresh(request)
  File "/Users/macbook/anaconda3/envs/airflow_env/lib/python3.9/site-packages/google/auth/credentials.py", line 193, in _blocking_refresh
    self.refresh(request)
  File "/Users/macbook/anaconda3/envs/airflow_env/lib/python3.9/site-packages/google/oauth2/credentials.py", line 431, in refresh
    ) = reauth.refresh_grant(
  File "/Users/macbook/anaconda3/envs/airflow_env/lib/python3.9/site-packages/google/oauth2/reauth.py", line 332, in refresh_grant
    response_status_ok, response_data, retryable_error = _client._token_endpoint_request_no_throw(
  File "/Users/macbook/anaconda3/envs/airflow_env/lib/python3.9/site-packages/google/oauth2/_client.py", line 215, in _token_endpoint_request_no_throw
    request_succeeded, response_data, retryable_error = _perform_request()
  File "/Users/macbook/anaconda3/envs/airflow_env/lib/python3.9/site-packages/google/oauth2/_client.py", line 191, in _perform_request
    response = request(
  File "/Users/macbook/anaconda3/envs/airflow_env/lib/python3.9/site-packages/google/auth/transport/requests.py", line 186, in __call__
    response = self.session.request(
  File "/Users/macbook/anaconda3/envs/airflow_env/lib/python3.9/site-packages/requests/sessions.py", line 589, in request
    resp = self.send(prep, **send_kwargs)
  File "/Users/macbook/anaconda3/envs/airflow_env/lib/python3.9/site-packages/requests/sessions.py", line 703, in send
    r = adapter.send(request, **kwargs)
  File "/Users/macbook/anaconda3/envs/airflow_env/lib/python3.9/site-packages/requests/adapters.py", line 486, in send
    resp = conn.urlopen(
  File "/Users/macbook/anaconda3/envs/airflow_env/lib/python3.9/site-packages/urllib3/connectionpool.py", line 699, in urlopen
    httplib_response = self._make_request(
  File "/Users/macbook/anaconda3/envs/airflow_env/lib/python3.9/site-packages/urllib3/connectionpool.py", line 445, in _make_request
    six.raise_from(e, None)
  File "<string>", line 3, in raise_from
  File "/Users/macbook/anaconda3/envs/airflow_env/lib/python3.9/site-packages/urllib3/connectionpool.py", line 440, in _make_request
    httplib_response = conn.getresponse()
  File "/Users/macbook/anaconda3/envs/airflow_env/lib/python3.9/http/client.py", line 1377, in getresponse
    response.begin()
  File "/Users/macbook/anaconda3/envs/airflow_env/lib/python3.9/http/client.py", line 320, in begin
    version, status, reason = self._read_status()
  File "/Users/macbook/anaconda3/envs/airflow_env/lib/python3.9/http/client.py", line 281, in _read_status
    line = str(self.fp.readline(_MAXLINE + 1), "iso-8859-1")
  File "/Users/macbook/anaconda3/envs/airflow_env/lib/python3.9/socket.py", line 704, in readinto
    return self._sock.recv_into(b)
  File "/Users/macbook/anaconda3/envs/airflow_env/lib/python3.9/ssl.py", line 1275, in recv_into
    return self.read(nbytes, buffer)
  File "/Users/macbook/anaconda3/envs/airflow_env/lib/python3.9/ssl.py", line 1133, in read
    return self._sslobj.read(len, buffer)
  File "/Users/macbook/anaconda3/envs/airflow_env/lib/python3.9/site-packages/airflow/models/taskinstance.py", line 1410, in signal_handler
    raise AirflowException("Task received SIGTERM signal")
airflow.exceptions.AirflowException: Task received SIGTERM signal
[2024-03-20 07:41:37,723] {process_utils.py:70} INFO - Process psutil.Process(pid=78659, status='terminated', exitcode=1, started='07:40:17') (78659) terminated with exit code 1
[2024-03-20 07:41:37,723] {process_utils.py:70} INFO - Process psutil.Process(pid=78761, status='terminated', started='07:40:20') (78761) terminated with exit code None
