[2024-03-19 04:11:39,757] {taskinstance.py:1032} INFO - Dependencies all met for <TaskInstance: dag_ml_life_cycle.get_gold_data scheduled__2024-03-19T03:29:09.863947+00:00 [queued]>
[2024-03-19 04:11:39,835] {taskinstance.py:1032} INFO - Dependencies all met for <TaskInstance: dag_ml_life_cycle.get_gold_data scheduled__2024-03-19T03:29:09.863947+00:00 [queued]>
[2024-03-19 04:11:39,836] {taskinstance.py:1238} INFO - 
--------------------------------------------------------------------------------
[2024-03-19 04:11:39,836] {taskinstance.py:1239} INFO - Starting attempt 1 of 4
[2024-03-19 04:11:39,836] {taskinstance.py:1240} INFO - 
--------------------------------------------------------------------------------
[2024-03-19 04:11:39,845] {taskinstance.py:1259} INFO - Executing <Task(PythonOperator): get_gold_data> on 2024-03-19 03:29:09.863947+00:00
[2024-03-19 04:11:39,852] {standard_task_runner.py:52} INFO - Started process 85701 to run task
[2024-03-19 04:11:39,859] {standard_task_runner.py:76} INFO - Running: ['airflow', 'tasks', 'run', 'dag_ml_life_cycle', 'get_gold_data', 'scheduled__2024-03-19T03:29:09.863947+00:00', '--job-id', '353', '--raw', '--subdir', 'DAGS_FOLDER/lifecycle_ml_example/dags/dag_ml_life_cycle.py', '--cfg-path', '/var/folders/t4/c2kdpvnj6r793w3k056dkc640000gp/T/tmpbv3pz2dl', '--error-file', '/var/folders/t4/c2kdpvnj6r793w3k056dkc640000gp/T/tmpni4jgeme']
[2024-03-19 04:11:39,862] {standard_task_runner.py:77} INFO - Job 353: Subtask get_gold_data
[2024-03-19 04:11:39,911] {logging_mixin.py:109} INFO - Running <TaskInstance: dag_ml_life_cycle.get_gold_data scheduled__2024-03-19T03:29:09.863947+00:00 [running]> on host 1.0.0.127.in-addr.arpa
[2024-03-19 04:11:39,948] {taskinstance.py:1424} INFO - Exporting the following env vars:
AIRFLOW_CTX_DAG_OWNER=airflow
AIRFLOW_CTX_DAG_ID=dag_ml_life_cycle
AIRFLOW_CTX_TASK_ID=get_gold_data
AIRFLOW_CTX_EXECUTION_DATE=2024-03-19T03:29:09.863947+00:00
AIRFLOW_CTX_DAG_RUN_ID=scheduled__2024-03-19T03:29:09.863947+00:00
[2024-03-19 04:11:39,949] {data_preprocessing.py:34} INFO - Random error: 0.20886344096020693
[2024-03-19 04:11:39,950] {data_preprocessing.py:38} INFO - Getting gold data
[2024-03-19 04:11:39,950] {data_preprocessing.py:42} INFO - Getting raw data from ml_lifecycle_airflow/in-vehicle-coupon-recommendation.csv ...
[2024-03-19 04:11:42,278] {data_preprocessing.py:89} INFO - Starting data preprocessing ...
[2024-03-19 04:11:42,754] {data_preprocessing.py:150} INFO - Data preprocessing complete

[2024-03-19 04:11:42,910] {data_preprocessing.py:168} INFO - Encoding features using hashing encoder ...
[2024-03-19 04:14:28,178] {data_preprocessing.py:168} INFO - Encoding features using hashing encoder ...
[2024-03-19 04:30:00,574] {local_task_job.py:142} ERROR - Heartbeat time limit exceeded!
[2024-03-19 04:30:00,585] {process_utils.py:120} INFO - Sending Signals.SIGTERM to group 85701. PIDs of all processes in the group: [85791, 87594, 87657, 85701]
[2024-03-19 04:30:00,585] {process_utils.py:75} INFO - Sending the signal Signals.SIGTERM to group 85701
[2024-03-19 04:30:00,586] {taskinstance.py:1408} ERROR - Received SIGTERM. Terminating subprocesses.
[2024-03-19 04:30:00,593] {taskinstance.py:1700} ERROR - Task failed with exception
Traceback (most recent call last):
  File "/Users/macbook/anaconda3/envs/airflow_env/lib/python3.9/site-packages/airflow/models/taskinstance.py", line 1329, in _run_raw_task
    self._execute_task_with_callbacks(context)
  File "/Users/macbook/anaconda3/envs/airflow_env/lib/python3.9/site-packages/airflow/models/taskinstance.py", line 1455, in _execute_task_with_callbacks
    result = self._execute_task(context, self.task)
  File "/Users/macbook/anaconda3/envs/airflow_env/lib/python3.9/site-packages/airflow/models/taskinstance.py", line 1511, in _execute_task
    result = execute_callable(context=context)
  File "/Users/macbook/anaconda3/envs/airflow_env/lib/python3.9/site-packages/airflow/operators/python.py", line 174, in execute
    return_value = self.execute_callable()
  File "/Users/macbook/anaconda3/envs/airflow_env/lib/python3.9/site-packages/airflow/operators/python.py", line 185, in execute_callable
    return self.python_callable(*self.op_args, **self.op_kwargs)
  File "/Users/macbook/Desktop/airflow_tutorial/airflow/dags/lifecycle_ml_example/src/features/data_preprocessing.py", line 60, in get_gold_data
    x_test_hashing = encode_features(x_test)
  File "/Users/macbook/Desktop/airflow_tutorial/airflow/dags/lifecycle_ml_example/src/features/data_preprocessing.py", line 173, in encode_features
    hashing_ros_enc = hashing_ros_enc_instance.fit(X=x)
  File "/Users/macbook/anaconda3/envs/airflow_env/lib/python3.9/site-packages/category_encoders/utils.py", line 315, in fit
    X_transformed = self.transform(X, override_return_df=True)
  File "/Users/macbook/anaconda3/envs/airflow_env/lib/python3.9/site-packages/sklearn/utils/_set_output.py", line 140, in wrapped
    data_to_wrap = f(self, X, *args, **kwargs)
  File "/Users/macbook/anaconda3/envs/airflow_env/lib/python3.9/site-packages/category_encoders/utils.py", line 488, in transform
    X = self._transform(X)
  File "/Users/macbook/anaconda3/envs/airflow_env/lib/python3.9/site-packages/category_encoders/hashing.py", line 175, in _transform
    new_start = multiprocessing.Manager().Value('d', True)
  File "/Users/macbook/anaconda3/envs/airflow_env/lib/python3.9/multiprocessing/context.py", line 57, in Manager
    m.start()
  File "/Users/macbook/anaconda3/envs/airflow_env/lib/python3.9/multiprocessing/managers.py", line 558, in start
    self._address = reader.recv()
  File "/Users/macbook/anaconda3/envs/airflow_env/lib/python3.9/multiprocessing/connection.py", line 250, in recv
    buf = self._recv_bytes()
  File "/Users/macbook/anaconda3/envs/airflow_env/lib/python3.9/multiprocessing/connection.py", line 414, in _recv_bytes
    buf = self._recv(4)
  File "/Users/macbook/anaconda3/envs/airflow_env/lib/python3.9/multiprocessing/connection.py", line 379, in _recv
    chunk = read(handle, remaining)
  File "/Users/macbook/anaconda3/envs/airflow_env/lib/python3.9/site-packages/airflow/models/taskinstance.py", line 1410, in signal_handler
    raise AirflowException("Task received SIGTERM signal")
airflow.exceptions.AirflowException: Task received SIGTERM signal
[2024-03-19 04:30:00,600] {taskinstance.py:1267} INFO - Marking task as UP_FOR_RETRY. dag_id=dag_ml_life_cycle, task_id=get_gold_data, execution_date=20240319T032909, start_date=20240319T091139, end_date=20240319T093000
[2024-03-19 04:30:00,609] {standard_task_runner.py:89} ERROR - Failed to execute job 353 for task get_gold_data
Traceback (most recent call last):
  File "/Users/macbook/anaconda3/envs/airflow_env/lib/python3.9/site-packages/airflow/task/task_runner/standard_task_runner.py", line 85, in _start_by_fork
    args.func(args, dag=self.dag)
  File "/Users/macbook/anaconda3/envs/airflow_env/lib/python3.9/site-packages/airflow/cli/cli_parser.py", line 48, in command
    return func(*args, **kwargs)
  File "/Users/macbook/anaconda3/envs/airflow_env/lib/python3.9/site-packages/airflow/utils/cli.py", line 92, in wrapper
    return f(*args, **kwargs)
  File "/Users/macbook/anaconda3/envs/airflow_env/lib/python3.9/site-packages/airflow/cli/commands/task_command.py", line 298, in task_run
    _run_task_by_selected_method(args, dag, ti)
  File "/Users/macbook/anaconda3/envs/airflow_env/lib/python3.9/site-packages/airflow/cli/commands/task_command.py", line 107, in _run_task_by_selected_method
    _run_raw_task(args, ti)
  File "/Users/macbook/anaconda3/envs/airflow_env/lib/python3.9/site-packages/airflow/cli/commands/task_command.py", line 180, in _run_raw_task
    ti._run_raw_task(
  File "/Users/macbook/anaconda3/envs/airflow_env/lib/python3.9/site-packages/airflow/utils/session.py", line 70, in wrapper
    return func(*args, session=session, **kwargs)
  File "/Users/macbook/anaconda3/envs/airflow_env/lib/python3.9/site-packages/airflow/models/taskinstance.py", line 1329, in _run_raw_task
    self._execute_task_with_callbacks(context)
  File "/Users/macbook/anaconda3/envs/airflow_env/lib/python3.9/site-packages/airflow/models/taskinstance.py", line 1455, in _execute_task_with_callbacks
    result = self._execute_task(context, self.task)
  File "/Users/macbook/anaconda3/envs/airflow_env/lib/python3.9/site-packages/airflow/models/taskinstance.py", line 1511, in _execute_task
    result = execute_callable(context=context)
  File "/Users/macbook/anaconda3/envs/airflow_env/lib/python3.9/site-packages/airflow/operators/python.py", line 174, in execute
    return_value = self.execute_callable()
  File "/Users/macbook/anaconda3/envs/airflow_env/lib/python3.9/site-packages/airflow/operators/python.py", line 185, in execute_callable
    return self.python_callable(*self.op_args, **self.op_kwargs)
  File "/Users/macbook/Desktop/airflow_tutorial/airflow/dags/lifecycle_ml_example/src/features/data_preprocessing.py", line 60, in get_gold_data
    x_test_hashing = encode_features(x_test)
  File "/Users/macbook/Desktop/airflow_tutorial/airflow/dags/lifecycle_ml_example/src/features/data_preprocessing.py", line 173, in encode_features
    hashing_ros_enc = hashing_ros_enc_instance.fit(X=x)
  File "/Users/macbook/anaconda3/envs/airflow_env/lib/python3.9/site-packages/category_encoders/utils.py", line 315, in fit
    X_transformed = self.transform(X, override_return_df=True)
  File "/Users/macbook/anaconda3/envs/airflow_env/lib/python3.9/site-packages/sklearn/utils/_set_output.py", line 140, in wrapped
    data_to_wrap = f(self, X, *args, **kwargs)
  File "/Users/macbook/anaconda3/envs/airflow_env/lib/python3.9/site-packages/category_encoders/utils.py", line 488, in transform
    X = self._transform(X)
  File "/Users/macbook/anaconda3/envs/airflow_env/lib/python3.9/site-packages/category_encoders/hashing.py", line 175, in _transform
    new_start = multiprocessing.Manager().Value('d', True)
  File "/Users/macbook/anaconda3/envs/airflow_env/lib/python3.9/multiprocessing/context.py", line 57, in Manager
    m.start()
  File "/Users/macbook/anaconda3/envs/airflow_env/lib/python3.9/multiprocessing/managers.py", line 558, in start
    self._address = reader.recv()
  File "/Users/macbook/anaconda3/envs/airflow_env/lib/python3.9/multiprocessing/connection.py", line 250, in recv
    buf = self._recv_bytes()
  File "/Users/macbook/anaconda3/envs/airflow_env/lib/python3.9/multiprocessing/connection.py", line 414, in _recv_bytes
    buf = self._recv(4)
  File "/Users/macbook/anaconda3/envs/airflow_env/lib/python3.9/multiprocessing/connection.py", line 379, in _recv
    chunk = read(handle, remaining)
  File "/Users/macbook/anaconda3/envs/airflow_env/lib/python3.9/site-packages/airflow/models/taskinstance.py", line 1410, in signal_handler
    raise AirflowException("Task received SIGTERM signal")
airflow.exceptions.AirflowException: Task received SIGTERM signal
[2024-03-19 04:30:00,652] {process_utils.py:70} INFO - Process psutil.Process(pid=85791, status='terminated', started='04:11:42') (85791) terminated with exit code None
[2024-03-19 04:30:00,653] {process_utils.py:70} INFO - Process psutil.Process(pid=87657, status='terminated', started='04:29:59') (87657) terminated with exit code None
[2024-03-19 04:30:00,653] {process_utils.py:70} INFO - Process psutil.Process(pid=85701, status='terminated', exitcode=1, started='04:11:39') (85701) terminated with exit code 1
[2024-03-19 04:30:00,653] {process_utils.py:70} INFO - Process psutil.Process(pid=87594, status='terminated', started='04:14:28') (87594) terminated with exit code None
