[2024-03-18 16:23:14,630] {taskinstance.py:1032} INFO - Dependencies all met for <TaskInstance: dag_ml_life_cycle.get_gold_data scheduled__2024-03-18T15:47:12.127449+00:00 [queued]>
[2024-03-18 16:23:14,688] {taskinstance.py:1032} INFO - Dependencies all met for <TaskInstance: dag_ml_life_cycle.get_gold_data scheduled__2024-03-18T15:47:12.127449+00:00 [queued]>
[2024-03-18 16:23:14,688] {taskinstance.py:1238} INFO - 
--------------------------------------------------------------------------------
[2024-03-18 16:23:14,689] {taskinstance.py:1239} INFO - Starting attempt 4 of 4
[2024-03-18 16:23:14,689] {taskinstance.py:1240} INFO - 
--------------------------------------------------------------------------------
[2024-03-18 16:23:14,697] {taskinstance.py:1259} INFO - Executing <Task(PythonOperator): get_gold_data> on 2024-03-18 15:47:12.127449+00:00
[2024-03-18 16:23:14,703] {standard_task_runner.py:52} INFO - Started process 78105 to run task
[2024-03-18 16:23:14,709] {standard_task_runner.py:76} INFO - Running: ['airflow', 'tasks', 'run', 'dag_ml_life_cycle', 'get_gold_data', 'scheduled__2024-03-18T15:47:12.127449+00:00', '--job-id', '62', '--raw', '--subdir', 'DAGS_FOLDER/lifecycle_ml_example/dags/dag_ml_life_cycle.py', '--cfg-path', '/var/folders/t4/c2kdpvnj6r793w3k056dkc640000gp/T/tmpdtrzozdu', '--error-file', '/var/folders/t4/c2kdpvnj6r793w3k056dkc640000gp/T/tmpfr4x8hum']
[2024-03-18 16:23:14,711] {standard_task_runner.py:77} INFO - Job 62: Subtask get_gold_data
[2024-03-18 16:23:14,751] {logging_mixin.py:109} INFO - Running <TaskInstance: dag_ml_life_cycle.get_gold_data scheduled__2024-03-18T15:47:12.127449+00:00 [running]> on host macbook-pro-2.local
[2024-03-18 16:23:14,778] {taskinstance.py:1424} INFO - Exporting the following env vars:
AIRFLOW_CTX_DAG_OWNER=airflow
AIRFLOW_CTX_DAG_ID=dag_ml_life_cycle
AIRFLOW_CTX_TASK_ID=get_gold_data
AIRFLOW_CTX_EXECUTION_DATE=2024-03-18T15:47:12.127449+00:00
AIRFLOW_CTX_DAG_RUN_ID=scheduled__2024-03-18T15:47:12.127449+00:00
[2024-03-18 16:23:14,779] {data_preprocessing.py:34} INFO - Random error: 0.16715002126701628
[2024-03-18 16:23:14,779] {data_preprocessing.py:38} INFO - Getting gold data
[2024-03-18 16:23:14,780] {data_preprocessing.py:42} INFO - Getting raw data from ml_lifecycle_airflow/in-vehicle-coupon-recommendation.csv ...
[2024-03-18 16:23:16,966] {data_preprocessing.py:89} INFO - Starting data preprocessing ...
[2024-03-18 16:23:17,096] {data_preprocessing.py:150} INFO - Data preprocessing complete

[2024-03-18 16:23:17,124] {data_preprocessing.py:168} INFO - Encoding features using hashing encoder ...
[2024-03-18 16:23:51,679] {data_preprocessing.py:168} INFO - Encoding features using hashing encoder ...
[2024-03-18 16:24:27,048] {data_preprocessing.py:63} INFO - Uploading preprocessed data to GCS ...
[2024-03-18 16:24:35,553] {python.py:175} INFO - Done. Returned value was: True
[2024-03-18 16:24:35,573] {taskinstance.py:1267} INFO - Marking task as SUCCESS. dag_id=dag_ml_life_cycle, task_id=get_gold_data, execution_date=20240318T154712, start_date=20240318T212314, end_date=20240318T212435
[2024-03-18 16:24:35,613] {local_task_job.py:154} INFO - Task exited with return code 0
[2024-03-18 16:24:35,637] {local_task_job.py:264} INFO - 1 downstream tasks scheduled from follow-on schedule check
