[2024-03-19 16:09:54,757] {taskinstance.py:1032} INFO - Dependencies all met for <TaskInstance: dag_ml_life_cycle.get_gold_data scheduled__2024-03-19T16:11:08.348952+00:00 [queued]>
[2024-03-19 16:09:54,766] {taskinstance.py:1032} INFO - Dependencies all met for <TaskInstance: dag_ml_life_cycle.get_gold_data scheduled__2024-03-19T16:11:08.348952+00:00 [queued]>
[2024-03-19 16:09:54,767] {taskinstance.py:1238} INFO - 
--------------------------------------------------------------------------------
[2024-03-19 16:09:54,767] {taskinstance.py:1239} INFO - Starting attempt 2 of 4
[2024-03-19 16:09:54,767] {taskinstance.py:1240} INFO - 
--------------------------------------------------------------------------------
[2024-03-19 16:09:54,773] {taskinstance.py:1259} INFO - Executing <Task(PythonOperator): get_gold_data> on 2024-03-19 16:11:08.348952+00:00
[2024-03-19 16:09:54,779] {standard_task_runner.py:52} INFO - Started process 2491 to run task
[2024-03-19 16:09:54,785] {standard_task_runner.py:76} INFO - Running: ['airflow', 'tasks', 'run', 'dag_ml_life_cycle', 'get_gold_data', 'scheduled__2024-03-19T16:11:08.348952+00:00', '--job-id', '847', '--raw', '--subdir', 'DAGS_FOLDER/lifecycle_ml_example/dags/dag_ml_life_cycle.py', '--cfg-path', '/var/folders/t4/c2kdpvnj6r793w3k056dkc640000gp/T/tmpdh5_z0er', '--error-file', '/var/folders/t4/c2kdpvnj6r793w3k056dkc640000gp/T/tmpx442qsgf']
[2024-03-19 16:09:54,787] {standard_task_runner.py:77} INFO - Job 847: Subtask get_gold_data
[2024-03-19 16:09:54,827] {logging_mixin.py:109} INFO - Running <TaskInstance: dag_ml_life_cycle.get_gold_data scheduled__2024-03-19T16:11:08.348952+00:00 [running]> on host 1.0.0.127.in-addr.arpa
[2024-03-19 16:09:54,852] {taskinstance.py:1424} INFO - Exporting the following env vars:
AIRFLOW_CTX_DAG_OWNER=airflow
AIRFLOW_CTX_DAG_ID=dag_ml_life_cycle
AIRFLOW_CTX_TASK_ID=get_gold_data
AIRFLOW_CTX_EXECUTION_DATE=2024-03-19T16:11:08.348952+00:00
AIRFLOW_CTX_DAG_RUN_ID=scheduled__2024-03-19T16:11:08.348952+00:00
[2024-03-19 16:09:54,853] {data_preprocessing.py:34} INFO - Random error: 0.06887263392633736
[2024-03-19 16:09:54,853] {data_preprocessing.py:38} INFO - Getting gold data
[2024-03-19 16:09:54,854] {data_preprocessing.py:42} INFO - Getting raw data from ml_lifecycle_airflow/in-vehicle-coupon-recommendation.csv ...
[2024-03-19 16:09:57,367] {data_preprocessing.py:89} INFO - Starting data preprocessing ...
[2024-03-19 16:09:57,506] {data_preprocessing.py:150} INFO - Data preprocessing complete

[2024-03-19 16:09:57,543] {data_preprocessing.py:168} INFO - Encoding features using hashing encoder ...
[2024-03-19 16:10:35,972] {data_preprocessing.py:168} INFO - Encoding features using hashing encoder ...
[2024-03-19 16:11:15,616] {data_preprocessing.py:63} INFO - Uploading preprocessed data to GCS ...
[2024-03-19 16:11:25,519] {python.py:175} INFO - Done. Returned value was: True
[2024-03-19 16:11:25,539] {taskinstance.py:1267} INFO - Marking task as SUCCESS. dag_id=dag_ml_life_cycle, task_id=get_gold_data, execution_date=20240319T161108, start_date=20240319T210954, end_date=20240319T211125
[2024-03-19 16:11:25,554] {local_task_job.py:154} INFO - Task exited with return code 0
[2024-03-19 16:11:25,579] {local_task_job.py:264} INFO - 1 downstream tasks scheduled from follow-on schedule check
