[2024-03-18 09:22:06,836] {taskinstance.py:1032} INFO - Dependencies all met for <TaskInstance: dag_ml_life_cycle.get_gold_data scheduled__2024-03-18T09:16:23.641670+00:00 [queued]>
[2024-03-18 09:22:06,896] {taskinstance.py:1032} INFO - Dependencies all met for <TaskInstance: dag_ml_life_cycle.get_gold_data scheduled__2024-03-18T09:16:23.641670+00:00 [queued]>
[2024-03-18 09:22:06,896] {taskinstance.py:1238} INFO - 
--------------------------------------------------------------------------------
[2024-03-18 09:22:06,896] {taskinstance.py:1239} INFO - Starting attempt 2 of 4
[2024-03-18 09:22:06,896] {taskinstance.py:1240} INFO - 
--------------------------------------------------------------------------------
[2024-03-18 09:22:06,903] {taskinstance.py:1259} INFO - Executing <Task(PythonOperator): get_gold_data> on 2024-03-18 09:16:23.641670+00:00
[2024-03-18 09:22:06,909] {standard_task_runner.py:52} INFO - Started process 48207 to run task
[2024-03-18 09:22:06,915] {standard_task_runner.py:76} INFO - Running: ['airflow', 'tasks', 'run', 'dag_ml_life_cycle', 'get_gold_data', 'scheduled__2024-03-18T09:16:23.641670+00:00', '--job-id', '35', '--raw', '--subdir', 'DAGS_FOLDER/lifecycle_ml_example/dags/dag_ml_life_cycle.py', '--cfg-path', '/var/folders/t4/c2kdpvnj6r793w3k056dkc640000gp/T/tmpm0q4bbbz', '--error-file', '/var/folders/t4/c2kdpvnj6r793w3k056dkc640000gp/T/tmph463s407']
[2024-03-18 09:22:06,918] {standard_task_runner.py:77} INFO - Job 35: Subtask get_gold_data
[2024-03-18 09:22:06,959] {logging_mixin.py:109} INFO - Running <TaskInstance: dag_ml_life_cycle.get_gold_data scheduled__2024-03-18T09:16:23.641670+00:00 [running]> on host 1.0.0.127.in-addr.arpa
[2024-03-18 09:22:06,985] {taskinstance.py:1424} INFO - Exporting the following env vars:
AIRFLOW_CTX_DAG_OWNER=airflow
AIRFLOW_CTX_DAG_ID=dag_ml_life_cycle
AIRFLOW_CTX_TASK_ID=get_gold_data
AIRFLOW_CTX_EXECUTION_DATE=2024-03-18T09:16:23.641670+00:00
AIRFLOW_CTX_DAG_RUN_ID=scheduled__2024-03-18T09:16:23.641670+00:00
[2024-03-18 09:22:06,986] {data_preprocessing.py:34} INFO - Random error: 0.05176896525043562
[2024-03-18 09:22:06,987] {data_preprocessing.py:38} INFO - Getting gold data
[2024-03-18 09:22:06,987] {data_preprocessing.py:42} INFO - Getting raw data from ml_lifecycle_airflow/in-vehicle-coupon-recommendation.csv ...
[2024-03-18 09:22:10,134] {data_preprocessing.py:89} INFO - Starting data preprocessing ...
[2024-03-18 09:22:10,261] {data_preprocessing.py:150} INFO - Data preprocessing complete

[2024-03-18 09:22:10,288] {data_preprocessing.py:168} INFO - Encoding features using hashing encoder ...
[2024-03-18 09:22:45,733] {data_preprocessing.py:168} INFO - Encoding features using hashing encoder ...
[2024-03-18 09:23:22,530] {data_preprocessing.py:63} INFO - Uploading preprocessed data to GCS ...
[2024-03-18 09:23:32,373] {python.py:175} INFO - Done. Returned value was: True
[2024-03-18 09:23:32,402] {taskinstance.py:1267} INFO - Marking task as SUCCESS. dag_id=dag_ml_life_cycle, task_id=get_gold_data, execution_date=20240318T091623, start_date=20240318T142206, end_date=20240318T142332
[2024-03-18 09:23:32,410] {local_task_job.py:211} WARNING - State of this instance has been externally set to success. Terminating instance.
[2024-03-18 09:23:32,420] {process_utils.py:120} INFO - Sending Signals.SIGTERM to group 48207. PIDs of all processes in the group: [48207]
[2024-03-18 09:23:32,420] {process_utils.py:75} INFO - Sending the signal Signals.SIGTERM to group 48207
