[2024-03-15 15:13:30,356] {taskinstance.py:1032} INFO - Dependencies all met for <TaskInstance: dag_ml_life_cycle.evaluate_model scheduled__2024-03-15T20:05:51.510651+00:00 [queued]>
[2024-03-15 15:13:30,417] {taskinstance.py:1032} INFO - Dependencies all met for <TaskInstance: dag_ml_life_cycle.evaluate_model scheduled__2024-03-15T20:05:51.510651+00:00 [queued]>
[2024-03-15 15:13:30,417] {taskinstance.py:1238} INFO - 
--------------------------------------------------------------------------------
[2024-03-15 15:13:30,417] {taskinstance.py:1239} INFO - Starting attempt 1 of 4
[2024-03-15 15:13:30,417] {taskinstance.py:1240} INFO - 
--------------------------------------------------------------------------------
[2024-03-15 15:13:30,446] {taskinstance.py:1259} INFO - Executing <Task(_PythonDecoratedOperator): evaluate_model> on 2024-03-15 20:05:51.510651+00:00
[2024-03-15 15:13:30,453] {standard_task_runner.py:52} INFO - Started process 59901 to run task
[2024-03-15 15:13:30,459] {standard_task_runner.py:76} INFO - Running: ['airflow', 'tasks', 'run', 'dag_ml_life_cycle', 'evaluate_model', 'scheduled__2024-03-15T20:05:51.510651+00:00', '--job-id', '5', '--raw', '--subdir', 'DAGS_FOLDER/lifecycle_ml_example/dags/dag_ml_life_cycle.py', '--cfg-path', '/var/folders/t4/c2kdpvnj6r793w3k056dkc640000gp/T/tmp_9fgsatu', '--error-file', '/var/folders/t4/c2kdpvnj6r793w3k056dkc640000gp/T/tmpft0w4xx5']
[2024-03-15 15:13:30,461] {standard_task_runner.py:77} INFO - Job 5: Subtask evaluate_model
[2024-03-15 15:13:30,498] {logging_mixin.py:109} INFO - Running <TaskInstance: dag_ml_life_cycle.evaluate_model scheduled__2024-03-15T20:05:51.510651+00:00 [running]> on host MacBook-Pro-2.local
[2024-03-15 15:13:30,523] {taskinstance.py:1424} INFO - Exporting the following env vars:
AIRFLOW_CTX_DAG_OWNER=airflow
AIRFLOW_CTX_DAG_ID=dag_ml_life_cycle
AIRFLOW_CTX_TASK_ID=evaluate_model
AIRFLOW_CTX_EXECUTION_DATE=2024-03-15T20:05:51.510651+00:00
AIRFLOW_CTX_DAG_RUN_ID=scheduled__2024-03-15T20:05:51.510651+00:00
[2024-03-15 15:13:30,524] {dag_ml_life_cycle.py:70} INFO - Getting gold data from ml_lifecycle_airflow/in-vehicle-coupon-recommendation_gold.csv ...
[2024-03-15 15:13:38,508] {dag_ml_life_cycle.py:82} INFO - Downloading model from ml_lifecycle_airflow/artifacts/model.pkl ...
[2024-03-15 15:13:40,944] {logging_mixin.py:109} INFO - File artifacts/model.pkl downloaded in /tmp/model.pkl.
[2024-03-15 15:13:40,951] {training.py:111} INFO - Model loaded from /tmp/model.pkl
[2024-03-15 15:13:40,951] {dag_ml_life_cycle.py:89} INFO - Evaluating model ...
[2024-03-15 15:13:41,044] {logging_mixin.py:109} INFO - accuracy (test): 0.7425323817076395
[2024-03-15 15:13:41,045] {logging_mixin.py:109} INFO - precision (test): 0.7490297542043984
[2024-03-15 15:13:41,045] {logging_mixin.py:109} INFO - recall (test): 0.8158759981211836
[2024-03-15 15:13:41,045] {logging_mixin.py:109} INFO - roc-auc (train-proba): 0.9961175563723904
[2024-03-15 15:13:41,046] {logging_mixin.py:109} INFO - roc-auc (test-proba): 0.8127045016053429
[2024-03-15 15:13:41,048] {dag_ml_life_cycle.py:96} INFO - Uploading metrics to ml_lifecycle_airflow/in-vehicle-coupon-recommendation_gold.csv ...
[2024-03-15 15:13:43,053] {python.py:175} INFO - Done. Returned value was: None
[2024-03-15 15:13:43,059] {taskinstance.py:1267} INFO - Marking task as SUCCESS. dag_id=dag_ml_life_cycle, task_id=evaluate_model, execution_date=20240315T200551, start_date=20240315T201330, end_date=20240315T201343
[2024-03-15 15:13:43,108] {local_task_job.py:154} INFO - Task exited with return code 0
[2024-03-15 15:13:43,125] {local_task_job.py:264} INFO - 1 downstream tasks scheduled from follow-on schedule check
