[2024-03-19 10:17:00,520] {taskinstance.py:1032} INFO - Dependencies all met for <TaskInstance: dag_ml_life_cycle.get_gold_data scheduled__2024-03-19T09:20:57.901829+00:00 [queued]>
[2024-03-19 10:17:00,580] {taskinstance.py:1032} INFO - Dependencies all met for <TaskInstance: dag_ml_life_cycle.get_gold_data scheduled__2024-03-19T09:20:57.901829+00:00 [queued]>
[2024-03-19 10:17:00,581] {taskinstance.py:1238} INFO - 
--------------------------------------------------------------------------------
[2024-03-19 10:17:00,581] {taskinstance.py:1239} INFO - Starting attempt 2 of 4
[2024-03-19 10:17:00,581] {taskinstance.py:1240} INFO - 
--------------------------------------------------------------------------------
[2024-03-19 10:17:00,588] {taskinstance.py:1259} INFO - Executing <Task(PythonOperator): get_gold_data> on 2024-03-19 09:20:57.901829+00:00
[2024-03-19 10:17:00,594] {standard_task_runner.py:52} INFO - Started process 3198 to run task
[2024-03-19 10:17:00,600] {standard_task_runner.py:76} INFO - Running: ['airflow', 'tasks', 'run', 'dag_ml_life_cycle', 'get_gold_data', 'scheduled__2024-03-19T09:20:57.901829+00:00', '--job-id', '523', '--raw', '--subdir', 'DAGS_FOLDER/lifecycle_ml_example/dags/dag_ml_life_cycle.py', '--cfg-path', '/var/folders/t4/c2kdpvnj6r793w3k056dkc640000gp/T/tmptx3v3mbx', '--error-file', '/var/folders/t4/c2kdpvnj6r793w3k056dkc640000gp/T/tmpg62p5gpi']
[2024-03-19 10:17:00,602] {standard_task_runner.py:77} INFO - Job 523: Subtask get_gold_data
[2024-03-19 10:17:00,642] {logging_mixin.py:109} INFO - Running <TaskInstance: dag_ml_life_cycle.get_gold_data scheduled__2024-03-19T09:20:57.901829+00:00 [running]> on host 1.0.0.127.in-addr.arpa
[2024-03-19 10:17:00,668] {taskinstance.py:1424} INFO - Exporting the following env vars:
AIRFLOW_CTX_DAG_OWNER=airflow
AIRFLOW_CTX_DAG_ID=dag_ml_life_cycle
AIRFLOW_CTX_TASK_ID=get_gold_data
AIRFLOW_CTX_EXECUTION_DATE=2024-03-19T09:20:57.901829+00:00
AIRFLOW_CTX_DAG_RUN_ID=scheduled__2024-03-19T09:20:57.901829+00:00
[2024-03-19 10:17:00,669] {data_preprocessing.py:34} INFO - Random error: 0.12080494162192623
[2024-03-19 10:17:00,670] {data_preprocessing.py:38} INFO - Getting gold data
[2024-03-19 10:17:00,670] {data_preprocessing.py:42} INFO - Getting raw data from ml_lifecycle_airflow/in-vehicle-coupon-recommendation.csv ...
[2024-03-19 10:17:03,741] {data_preprocessing.py:89} INFO - Starting data preprocessing ...
[2024-03-19 10:17:03,888] {data_preprocessing.py:150} INFO - Data preprocessing complete

[2024-03-19 10:17:03,926] {data_preprocessing.py:168} INFO - Encoding features using hashing encoder ...
[2024-03-19 10:17:42,585] {data_preprocessing.py:168} INFO - Encoding features using hashing encoder ...
[2024-03-19 10:18:21,396] {data_preprocessing.py:63} INFO - Uploading preprocessed data to GCS ...
[2024-03-19 10:18:30,965] {python.py:175} INFO - Done. Returned value was: True
[2024-03-19 10:18:30,985] {taskinstance.py:1267} INFO - Marking task as SUCCESS. dag_id=dag_ml_life_cycle, task_id=get_gold_data, execution_date=20240319T092057, start_date=20240319T151700, end_date=20240319T151830
[2024-03-19 10:18:31,021] {local_task_job.py:154} INFO - Task exited with return code 0
[2024-03-19 10:18:31,043] {local_task_job.py:264} INFO - 1 downstream tasks scheduled from follow-on schedule check
