[2024-03-19 21:35:29,644] {processor.py:163} INFO - Started process (PID=73421) to work on /Users/macbook/anaconda3/envs/airflow_env/lib/python3.9/site-packages/airflow/example_dags/subdags/subdag.py
[2024-03-19 21:35:29,645] {processor.py:642} INFO - Processing file /Users/macbook/anaconda3/envs/airflow_env/lib/python3.9/site-packages/airflow/example_dags/subdags/subdag.py for tasks to queue
[2024-03-19 21:35:29,647] {logging_mixin.py:109} INFO - [2024-03-19 21:35:29,646] {dagbag.py:500} INFO - Filling up the DagBag from /Users/macbook/anaconda3/envs/airflow_env/lib/python3.9/site-packages/airflow/example_dags/subdags/subdag.py
[2024-03-19 21:35:29,738] {processor.py:656} WARNING - No viable dags retrieved from /Users/macbook/anaconda3/envs/airflow_env/lib/python3.9/site-packages/airflow/example_dags/subdags/subdag.py
[2024-03-19 21:35:29,743] {processor.py:171} INFO - Processing /Users/macbook/anaconda3/envs/airflow_env/lib/python3.9/site-packages/airflow/example_dags/subdags/subdag.py took 0.101 seconds
[2024-03-20 00:09:29,766] {processor.py:163} INFO - Started process (PID=23859) to work on /Users/macbook/anaconda3/envs/airflow_env/lib/python3.9/site-packages/airflow/example_dags/subdags/subdag.py
[2024-03-20 00:09:29,768] {processor.py:642} INFO - Processing file /Users/macbook/anaconda3/envs/airflow_env/lib/python3.9/site-packages/airflow/example_dags/subdags/subdag.py for tasks to queue
[2024-03-20 00:09:29,769] {logging_mixin.py:109} INFO - [2024-03-20 00:09:29,769] {dagbag.py:500} INFO - Filling up the DagBag from /Users/macbook/anaconda3/envs/airflow_env/lib/python3.9/site-packages/airflow/example_dags/subdags/subdag.py
[2024-03-20 00:09:29,796] {processor.py:656} WARNING - No viable dags retrieved from /Users/macbook/anaconda3/envs/airflow_env/lib/python3.9/site-packages/airflow/example_dags/subdags/subdag.py
[2024-03-20 00:09:29,797] {processor.py:171} INFO - Processing /Users/macbook/anaconda3/envs/airflow_env/lib/python3.9/site-packages/airflow/example_dags/subdags/subdag.py took 0.032 seconds
[2024-03-20 00:15:24,086] {processor.py:163} INFO - Started process (PID=33307) to work on /Users/macbook/anaconda3/envs/airflow_env/lib/python3.9/site-packages/airflow/example_dags/subdags/subdag.py
[2024-03-20 00:15:24,087] {processor.py:642} INFO - Processing file /Users/macbook/anaconda3/envs/airflow_env/lib/python3.9/site-packages/airflow/example_dags/subdags/subdag.py for tasks to queue
[2024-03-20 00:15:24,087] {logging_mixin.py:109} INFO - [2024-03-20 00:15:24,087] {dagbag.py:500} INFO - Filling up the DagBag from /Users/macbook/anaconda3/envs/airflow_env/lib/python3.9/site-packages/airflow/example_dags/subdags/subdag.py
[2024-03-20 00:15:24,117] {processor.py:656} WARNING - No viable dags retrieved from /Users/macbook/anaconda3/envs/airflow_env/lib/python3.9/site-packages/airflow/example_dags/subdags/subdag.py
[2024-03-20 00:15:24,119] {processor.py:171} INFO - Processing /Users/macbook/anaconda3/envs/airflow_env/lib/python3.9/site-packages/airflow/example_dags/subdags/subdag.py took 0.034 seconds
[2024-03-20 00:22:09,237] {processor.py:163} INFO - Started process (PID=43494) to work on /Users/macbook/anaconda3/envs/airflow_env/lib/python3.9/site-packages/airflow/example_dags/subdags/subdag.py
[2024-03-20 00:22:09,238] {processor.py:642} INFO - Processing file /Users/macbook/anaconda3/envs/airflow_env/lib/python3.9/site-packages/airflow/example_dags/subdags/subdag.py for tasks to queue
[2024-03-20 00:22:09,238] {logging_mixin.py:109} INFO - [2024-03-20 00:22:09,238] {dagbag.py:500} INFO - Filling up the DagBag from /Users/macbook/anaconda3/envs/airflow_env/lib/python3.9/site-packages/airflow/example_dags/subdags/subdag.py
[2024-03-20 00:22:09,265] {processor.py:656} WARNING - No viable dags retrieved from /Users/macbook/anaconda3/envs/airflow_env/lib/python3.9/site-packages/airflow/example_dags/subdags/subdag.py
[2024-03-20 00:22:09,267] {processor.py:171} INFO - Processing /Users/macbook/anaconda3/envs/airflow_env/lib/python3.9/site-packages/airflow/example_dags/subdags/subdag.py took 0.030 seconds
[2024-03-20 00:28:40,924] {processor.py:163} INFO - Started process (PID=53743) to work on /Users/macbook/anaconda3/envs/airflow_env/lib/python3.9/site-packages/airflow/example_dags/subdags/subdag.py
[2024-03-20 00:28:40,924] {processor.py:642} INFO - Processing file /Users/macbook/anaconda3/envs/airflow_env/lib/python3.9/site-packages/airflow/example_dags/subdags/subdag.py for tasks to queue
[2024-03-20 00:28:40,925] {logging_mixin.py:109} INFO - [2024-03-20 00:28:40,925] {dagbag.py:500} INFO - Filling up the DagBag from /Users/macbook/anaconda3/envs/airflow_env/lib/python3.9/site-packages/airflow/example_dags/subdags/subdag.py
[2024-03-20 00:28:40,952] {processor.py:656} WARNING - No viable dags retrieved from /Users/macbook/anaconda3/envs/airflow_env/lib/python3.9/site-packages/airflow/example_dags/subdags/subdag.py
[2024-03-20 00:28:40,954] {processor.py:171} INFO - Processing /Users/macbook/anaconda3/envs/airflow_env/lib/python3.9/site-packages/airflow/example_dags/subdags/subdag.py took 0.030 seconds
[2024-03-20 00:31:42,923] {processor.py:163} INFO - Started process (PID=58541) to work on /Users/macbook/anaconda3/envs/airflow_env/lib/python3.9/site-packages/airflow/example_dags/subdags/subdag.py
[2024-03-20 00:31:42,923] {processor.py:642} INFO - Processing file /Users/macbook/anaconda3/envs/airflow_env/lib/python3.9/site-packages/airflow/example_dags/subdags/subdag.py for tasks to queue
[2024-03-20 00:31:42,923] {logging_mixin.py:109} INFO - [2024-03-20 00:31:42,923] {dagbag.py:500} INFO - Filling up the DagBag from /Users/macbook/anaconda3/envs/airflow_env/lib/python3.9/site-packages/airflow/example_dags/subdags/subdag.py
[2024-03-20 00:31:42,950] {processor.py:656} WARNING - No viable dags retrieved from /Users/macbook/anaconda3/envs/airflow_env/lib/python3.9/site-packages/airflow/example_dags/subdags/subdag.py
[2024-03-20 00:31:42,951] {processor.py:171} INFO - Processing /Users/macbook/anaconda3/envs/airflow_env/lib/python3.9/site-packages/airflow/example_dags/subdags/subdag.py took 0.029 seconds
[2024-03-20 07:51:44,929] {processor.py:163} INFO - Started process (PID=98812) to work on /Users/macbook/anaconda3/envs/airflow_env/lib/python3.9/site-packages/airflow/example_dags/subdags/subdag.py
[2024-03-20 07:51:44,930] {processor.py:642} INFO - Processing file /Users/macbook/anaconda3/envs/airflow_env/lib/python3.9/site-packages/airflow/example_dags/subdags/subdag.py for tasks to queue
[2024-03-20 07:51:44,931] {logging_mixin.py:109} INFO - [2024-03-20 07:51:44,931] {dagbag.py:500} INFO - Filling up the DagBag from /Users/macbook/anaconda3/envs/airflow_env/lib/python3.9/site-packages/airflow/example_dags/subdags/subdag.py
[2024-03-20 07:51:44,947] {processor.py:656} WARNING - No viable dags retrieved from /Users/macbook/anaconda3/envs/airflow_env/lib/python3.9/site-packages/airflow/example_dags/subdags/subdag.py
[2024-03-20 07:51:44,948] {processor.py:171} INFO - Processing /Users/macbook/anaconda3/envs/airflow_env/lib/python3.9/site-packages/airflow/example_dags/subdags/subdag.py took 0.019 seconds
[2024-03-20 07:58:12,581] {processor.py:163} INFO - Started process (PID=10367) to work on /Users/macbook/anaconda3/envs/airflow_env/lib/python3.9/site-packages/airflow/example_dags/subdags/subdag.py
[2024-03-20 07:58:12,583] {processor.py:642} INFO - Processing file /Users/macbook/anaconda3/envs/airflow_env/lib/python3.9/site-packages/airflow/example_dags/subdags/subdag.py for tasks to queue
[2024-03-20 07:58:12,583] {logging_mixin.py:109} INFO - [2024-03-20 07:58:12,583] {dagbag.py:500} INFO - Filling up the DagBag from /Users/macbook/anaconda3/envs/airflow_env/lib/python3.9/site-packages/airflow/example_dags/subdags/subdag.py
[2024-03-20 07:58:12,600] {processor.py:656} WARNING - No viable dags retrieved from /Users/macbook/anaconda3/envs/airflow_env/lib/python3.9/site-packages/airflow/example_dags/subdags/subdag.py
[2024-03-20 07:58:12,601] {processor.py:171} INFO - Processing /Users/macbook/anaconda3/envs/airflow_env/lib/python3.9/site-packages/airflow/example_dags/subdags/subdag.py took 0.020 seconds
[2024-03-20 08:08:06,346] {processor.py:163} INFO - Started process (PID=26813) to work on /Users/macbook/anaconda3/envs/airflow_env/lib/python3.9/site-packages/airflow/example_dags/subdags/subdag.py
[2024-03-20 08:08:06,346] {processor.py:642} INFO - Processing file /Users/macbook/anaconda3/envs/airflow_env/lib/python3.9/site-packages/airflow/example_dags/subdags/subdag.py for tasks to queue
[2024-03-20 08:08:06,347] {logging_mixin.py:109} INFO - [2024-03-20 08:08:06,347] {dagbag.py:500} INFO - Filling up the DagBag from /Users/macbook/anaconda3/envs/airflow_env/lib/python3.9/site-packages/airflow/example_dags/subdags/subdag.py
[2024-03-20 08:08:06,366] {processor.py:656} WARNING - No viable dags retrieved from /Users/macbook/anaconda3/envs/airflow_env/lib/python3.9/site-packages/airflow/example_dags/subdags/subdag.py
[2024-03-20 08:08:06,367] {processor.py:171} INFO - Processing /Users/macbook/anaconda3/envs/airflow_env/lib/python3.9/site-packages/airflow/example_dags/subdags/subdag.py took 0.022 seconds
