[2024-03-19 06:05:22,466] {taskinstance.py:1032} INFO - Dependencies all met for <TaskInstance: dag_ml_life_cycle.get_gold_data scheduled__2024-03-19T05:43:14.262937+00:00 [queued]>
[2024-03-19 06:05:22,615] {taskinstance.py:1032} INFO - Dependencies all met for <TaskInstance: dag_ml_life_cycle.get_gold_data scheduled__2024-03-19T05:43:14.262937+00:00 [queued]>
[2024-03-19 06:05:22,615] {taskinstance.py:1238} INFO - 
--------------------------------------------------------------------------------
[2024-03-19 06:05:22,615] {taskinstance.py:1239} INFO - Starting attempt 1 of 4
[2024-03-19 06:05:22,615] {taskinstance.py:1240} INFO - 
--------------------------------------------------------------------------------
[2024-03-19 06:05:22,637] {taskinstance.py:1259} INFO - Executing <Task(PythonOperator): get_gold_data> on 2024-03-19 05:43:14.262937+00:00
[2024-03-19 06:05:22,653] {standard_task_runner.py:52} INFO - Started process 8349 to run task
[2024-03-19 06:05:22,671] {standard_task_runner.py:76} INFO - Running: ['airflow', 'tasks', 'run', 'dag_ml_life_cycle', 'get_gold_data', 'scheduled__2024-03-19T05:43:14.262937+00:00', '--job-id', '377', '--raw', '--subdir', 'DAGS_FOLDER/lifecycle_ml_example/dags/dag_ml_life_cycle.py', '--cfg-path', '/var/folders/t4/c2kdpvnj6r793w3k056dkc640000gp/T/tmpkq18_d16', '--error-file', '/var/folders/t4/c2kdpvnj6r793w3k056dkc640000gp/T/tmp4973ami_']
[2024-03-19 06:05:22,678] {standard_task_runner.py:77} INFO - Job 377: Subtask get_gold_data
[2024-03-19 06:05:22,808] {logging_mixin.py:109} INFO - Running <TaskInstance: dag_ml_life_cycle.get_gold_data scheduled__2024-03-19T05:43:14.262937+00:00 [running]> on host 1.0.0.127.in-addr.arpa
[2024-03-19 06:05:22,910] {taskinstance.py:1424} INFO - Exporting the following env vars:
AIRFLOW_CTX_DAG_OWNER=airflow
AIRFLOW_CTX_DAG_ID=dag_ml_life_cycle
AIRFLOW_CTX_TASK_ID=get_gold_data
AIRFLOW_CTX_EXECUTION_DATE=2024-03-19T05:43:14.262937+00:00
AIRFLOW_CTX_DAG_RUN_ID=scheduled__2024-03-19T05:43:14.262937+00:00
[2024-03-19 06:05:22,915] {data_preprocessing.py:34} INFO - Random error: 0.17830413801876333
[2024-03-19 06:05:22,917] {data_preprocessing.py:38} INFO - Getting gold data
[2024-03-19 06:05:22,919] {data_preprocessing.py:42} INFO - Getting raw data from ml_lifecycle_airflow/in-vehicle-coupon-recommendation.csv ...
[2024-03-19 06:05:30,038] {data_preprocessing.py:89} INFO - Starting data preprocessing ...
[2024-03-19 06:05:30,578] {data_preprocessing.py:150} INFO - Data preprocessing complete

[2024-03-19 06:05:30,704] {data_preprocessing.py:168} INFO - Encoding features using hashing encoder ...
[2024-03-19 06:07:48,100] {data_preprocessing.py:168} INFO - Encoding features using hashing encoder ...
[2024-03-19 06:10:04,909] {data_preprocessing.py:63} INFO - Uploading preprocessed data to GCS ...
[2024-03-19 06:10:29,010] {python.py:175} INFO - Done. Returned value was: True
[2024-03-19 06:10:29,067] {taskinstance.py:1267} INFO - Marking task as SUCCESS. dag_id=dag_ml_life_cycle, task_id=get_gold_data, execution_date=20240319T054314, start_date=20240319T110522, end_date=20240319T111029
[2024-03-19 06:10:29,121] {local_task_job.py:154} INFO - Task exited with return code 0
[2024-03-19 06:10:29,185] {local_task_job.py:264} INFO - 1 downstream tasks scheduled from follow-on schedule check
