[2024-03-12 10:27:07,550] {taskinstance.py:1032} INFO - Dependencies all met for <TaskInstance: tutorial_juan_change_folder.sleep scheduled__2024-03-11T15:26:48.385841+00:00 [queued]>
[2024-03-12 10:27:07,554] {taskinstance.py:1032} INFO - Dependencies all met for <TaskInstance: tutorial_juan_change_folder.sleep scheduled__2024-03-11T15:26:48.385841+00:00 [queued]>
[2024-03-12 10:27:07,554] {taskinstance.py:1238} INFO - 
--------------------------------------------------------------------------------
[2024-03-12 10:27:07,554] {taskinstance.py:1239} INFO - Starting attempt 1 of 4
[2024-03-12 10:27:07,554] {taskinstance.py:1240} INFO - 
--------------------------------------------------------------------------------
[2024-03-12 10:27:07,560] {taskinstance.py:1259} INFO - Executing <Task(BashOperator): sleep> on 2024-03-11 15:26:48.385841+00:00
[2024-03-12 10:27:07,562] {standard_task_runner.py:52} INFO - Started process 83260 to run task
[2024-03-12 10:27:07,567] {standard_task_runner.py:76} INFO - Running: ['airflow', 'tasks', 'run', 'tutorial_juan_change_folder', 'sleep', 'scheduled__2024-03-11T15:26:48.385841+00:00', '--job-id', '4', '--raw', '--subdir', 'DAGS_FOLDER/tutorial_0.py', '--cfg-path', '/var/folders/t4/c2kdpvnj6r793w3k056dkc640000gp/T/tmpk0gdk4x_', '--error-file', '/var/folders/t4/c2kdpvnj6r793w3k056dkc640000gp/T/tmpclle0pt9']
[2024-03-12 10:27:07,569] {standard_task_runner.py:77} INFO - Job 4: Subtask sleep
[2024-03-12 10:27:07,600] {logging_mixin.py:109} INFO - Running <TaskInstance: tutorial_juan_change_folder.sleep scheduled__2024-03-11T15:26:48.385841+00:00 [running]> on host 1.0.0.0.0.0.0.0.0.0.0.0.0.0.0.0.0.0.0.0.0.0.0.0.0.0.0.0.0.0.0.0.ip6.arpa
[2024-03-12 10:27:07,623] {taskinstance.py:1424} INFO - Exporting the following env vars:
AIRFLOW_CTX_DAG_EMAIL=airflow@example.com
AIRFLOW_CTX_DAG_OWNER=airflow
AIRFLOW_CTX_DAG_ID=tutorial_juan_change_folder
AIRFLOW_CTX_TASK_ID=sleep
AIRFLOW_CTX_EXECUTION_DATE=2024-03-11T15:26:48.385841+00:00
AIRFLOW_CTX_DAG_RUN_ID=scheduled__2024-03-11T15:26:48.385841+00:00
[2024-03-12 10:27:07,624] {subprocess.py:62} INFO - Tmp dir root location: 
 /var/folders/t4/c2kdpvnj6r793w3k056dkc640000gp/T
[2024-03-12 10:27:07,624] {subprocess.py:74} INFO - Running command: ['bash', '-c', 'sleep 5']
[2024-03-12 10:27:07,630] {subprocess.py:85} INFO - Output:
[2024-03-12 10:27:12,641] {subprocess.py:93} INFO - Command exited with return code 0
[2024-03-12 10:27:12,660] {taskinstance.py:1267} INFO - Marking task as SUCCESS. dag_id=tutorial_juan_change_folder, task_id=sleep, execution_date=20240311T152648, start_date=20240312T152707, end_date=20240312T152712
[2024-03-12 10:27:12,690] {local_task_job.py:154} INFO - Task exited with return code 0
[2024-03-12 10:27:12,702] {local_task_job.py:264} INFO - 0 downstream tasks scheduled from follow-on schedule check
