[2024-03-19 00:48:00,746] {taskinstance.py:1032} INFO - Dependencies all met for <TaskInstance: dag_ml_life_cycle.get_gold_data scheduled__2024-03-18T23:28:39.086022+00:00 [queued]>
[2024-03-19 00:48:00,909] {taskinstance.py:1032} INFO - Dependencies all met for <TaskInstance: dag_ml_life_cycle.get_gold_data scheduled__2024-03-18T23:28:39.086022+00:00 [queued]>
[2024-03-19 00:48:00,909] {taskinstance.py:1238} INFO - 
--------------------------------------------------------------------------------
[2024-03-19 00:48:00,909] {taskinstance.py:1239} INFO - Starting attempt 1 of 4
[2024-03-19 00:48:00,909] {taskinstance.py:1240} INFO - 
--------------------------------------------------------------------------------
[2024-03-19 00:48:00,934] {taskinstance.py:1259} INFO - Executing <Task(PythonOperator): get_gold_data> on 2024-03-18 23:28:39.086022+00:00
[2024-03-19 00:48:00,951] {standard_task_runner.py:52} INFO - Started process 32416 to run task
[2024-03-19 00:48:00,973] {standard_task_runner.py:76} INFO - Running: ['airflow', 'tasks', 'run', 'dag_ml_life_cycle', 'get_gold_data', 'scheduled__2024-03-18T23:28:39.086022+00:00', '--job-id', '302', '--raw', '--subdir', 'DAGS_FOLDER/lifecycle_ml_example/dags/dag_ml_life_cycle.py', '--cfg-path', '/var/folders/t4/c2kdpvnj6r793w3k056dkc640000gp/T/tmpkd70oiku', '--error-file', '/var/folders/t4/c2kdpvnj6r793w3k056dkc640000gp/T/tmpfxjzi9ij']
[2024-03-19 00:48:00,981] {standard_task_runner.py:77} INFO - Job 302: Subtask get_gold_data
[2024-03-19 00:48:01,140] {logging_mixin.py:109} INFO - Running <TaskInstance: dag_ml_life_cycle.get_gold_data scheduled__2024-03-18T23:28:39.086022+00:00 [running]> on host 1.0.0.127.in-addr.arpa
[2024-03-19 00:48:01,261] {taskinstance.py:1424} INFO - Exporting the following env vars:
AIRFLOW_CTX_DAG_OWNER=airflow
AIRFLOW_CTX_DAG_ID=dag_ml_life_cycle
AIRFLOW_CTX_TASK_ID=get_gold_data
AIRFLOW_CTX_EXECUTION_DATE=2024-03-18T23:28:39.086022+00:00
AIRFLOW_CTX_DAG_RUN_ID=scheduled__2024-03-18T23:28:39.086022+00:00
[2024-03-19 00:48:01,265] {data_preprocessing.py:34} INFO - Random error: 0.24375727894518873
[2024-03-19 00:48:01,267] {data_preprocessing.py:38} INFO - Getting gold data
[2024-03-19 00:48:01,270] {data_preprocessing.py:42} INFO - Getting raw data from ml_lifecycle_airflow/in-vehicle-coupon-recommendation.csv ...
[2024-03-19 00:48:08,362] {data_preprocessing.py:89} INFO - Starting data preprocessing ...
[2024-03-19 00:48:09,035] {data_preprocessing.py:150} INFO - Data preprocessing complete

[2024-03-19 00:48:09,190] {data_preprocessing.py:168} INFO - Encoding features using hashing encoder ...
[2024-03-19 00:50:54,792] {data_preprocessing.py:168} INFO - Encoding features using hashing encoder ...
[2024-03-19 00:53:40,177] {data_preprocessing.py:63} INFO - Uploading preprocessed data to GCS ...
[2024-03-19 00:54:07,508] {python.py:175} INFO - Done. Returned value was: True
[2024-03-19 00:54:07,578] {taskinstance.py:1267} INFO - Marking task as SUCCESS. dag_id=dag_ml_life_cycle, task_id=get_gold_data, execution_date=20240318T232839, start_date=20240319T054800, end_date=20240319T055407
[2024-03-19 00:54:07,656] {local_task_job.py:154} INFO - Task exited with return code 0
[2024-03-19 00:54:07,731] {local_task_job.py:264} INFO - 1 downstream tasks scheduled from follow-on schedule check
