[2024-03-20 07:29:51,001] {taskinstance.py:1032} INFO - Dependencies all met for <TaskInstance: dag_ml_life_cycle.get_gold_data scheduled__2024-03-20T01:00:03.602397+00:00 [queued]>
[2024-03-20 07:29:51,069] {taskinstance.py:1032} INFO - Dependencies all met for <TaskInstance: dag_ml_life_cycle.get_gold_data scheduled__2024-03-20T01:00:03.602397+00:00 [queued]>
[2024-03-20 07:29:51,069] {taskinstance.py:1238} INFO - 
--------------------------------------------------------------------------------
[2024-03-20 07:29:51,069] {taskinstance.py:1239} INFO - Starting attempt 1 of 4
[2024-03-20 07:29:51,069] {taskinstance.py:1240} INFO - 
--------------------------------------------------------------------------------
[2024-03-20 07:29:51,075] {taskinstance.py:1259} INFO - Executing <Task(PythonOperator): get_gold_data> on 2024-03-20 01:00:03.602397+00:00
[2024-03-20 07:29:51,083] {standard_task_runner.py:52} INFO - Started process 61913 to run task
[2024-03-20 07:29:51,090] {standard_task_runner.py:76} INFO - Running: ['airflow', 'tasks', 'run', 'dag_ml_life_cycle', 'get_gold_data', 'scheduled__2024-03-20T01:00:03.602397+00:00', '--job-id', '1082', '--raw', '--subdir', 'DAGS_FOLDER/lifecycle_ml_example/dags/dag_ml_life_cycle.py', '--cfg-path', '/var/folders/t4/c2kdpvnj6r793w3k056dkc640000gp/T/tmpr6xr4600', '--error-file', '/var/folders/t4/c2kdpvnj6r793w3k056dkc640000gp/T/tmpptpnh8of']
[2024-03-20 07:29:51,092] {standard_task_runner.py:77} INFO - Job 1082: Subtask get_gold_data
[2024-03-20 07:29:51,138] {logging_mixin.py:109} INFO - Running <TaskInstance: dag_ml_life_cycle.get_gold_data scheduled__2024-03-20T01:00:03.602397+00:00 [running]> on host 1.0.0.127.in-addr.arpa
[2024-03-20 07:29:51,171] {taskinstance.py:1424} INFO - Exporting the following env vars:
AIRFLOW_CTX_DAG_OWNER=airflow
AIRFLOW_CTX_DAG_ID=dag_ml_life_cycle
AIRFLOW_CTX_TASK_ID=get_gold_data
AIRFLOW_CTX_EXECUTION_DATE=2024-03-20T01:00:03.602397+00:00
AIRFLOW_CTX_DAG_RUN_ID=scheduled__2024-03-20T01:00:03.602397+00:00
[2024-03-20 07:29:51,172] {data_preprocessing.py:34} INFO - Random error: 0.0545146009130697
[2024-03-20 07:29:51,173] {data_preprocessing.py:38} INFO - Getting gold data
[2024-03-20 07:29:51,173] {data_preprocessing.py:42} INFO - Getting raw data from ml_lifecycle_airflow/in-vehicle-coupon-recommendation.csv ...
[2024-03-20 07:29:54,591] {data_preprocessing.py:89} INFO - Starting data preprocessing ...
[2024-03-20 07:29:54,754] {data_preprocessing.py:150} INFO - Data preprocessing complete

[2024-03-20 07:29:54,796] {data_preprocessing.py:168} INFO - Encoding features using hashing encoder ...
[2024-03-20 07:30:36,732] {data_preprocessing.py:168} INFO - Encoding features using hashing encoder ...
[2024-03-20 07:31:16,083] {data_preprocessing.py:63} INFO - Uploading preprocessed data to GCS ...
[2024-03-20 07:31:25,652] {python.py:175} INFO - Done. Returned value was: True
[2024-03-20 07:31:25,672] {taskinstance.py:1267} INFO - Marking task as SUCCESS. dag_id=dag_ml_life_cycle, task_id=get_gold_data, execution_date=20240320T010003, start_date=20240320T122951, end_date=20240320T123125
[2024-03-20 07:31:25,702] {local_task_job.py:154} INFO - Task exited with return code 0
[2024-03-20 07:31:25,742] {local_task_job.py:264} INFO - 1 downstream tasks scheduled from follow-on schedule check
