[2024-03-18 11:39:00,489] {taskinstance.py:1032} INFO - Dependencies all met for <TaskInstance: dag_ml_life_cycle.get_gold_data scheduled__2024-03-18T11:31:23.641670+00:00 [queued]>
[2024-03-18 11:39:00,559] {taskinstance.py:1032} INFO - Dependencies all met for <TaskInstance: dag_ml_life_cycle.get_gold_data scheduled__2024-03-18T11:31:23.641670+00:00 [queued]>
[2024-03-18 11:39:00,560] {taskinstance.py:1238} INFO - 
--------------------------------------------------------------------------------
[2024-03-18 11:39:00,560] {taskinstance.py:1239} INFO - Starting attempt 4 of 4
[2024-03-18 11:39:00,560] {taskinstance.py:1240} INFO - 
--------------------------------------------------------------------------------
[2024-03-18 11:39:00,569] {taskinstance.py:1259} INFO - Executing <Task(PythonOperator): get_gold_data> on 2024-03-18 11:31:23.641670+00:00
[2024-03-18 11:39:00,575] {standard_task_runner.py:52} INFO - Started process 57247 to run task
[2024-03-18 11:39:00,581] {standard_task_runner.py:76} INFO - Running: ['airflow', 'tasks', 'run', 'dag_ml_life_cycle', 'get_gold_data', 'scheduled__2024-03-18T11:31:23.641670+00:00', '--job-id', '149', '--raw', '--subdir', 'DAGS_FOLDER/lifecycle_ml_example/dags/dag_ml_life_cycle.py', '--cfg-path', '/var/folders/t4/c2kdpvnj6r793w3k056dkc640000gp/T/tmpr6c2r0g4', '--error-file', '/var/folders/t4/c2kdpvnj6r793w3k056dkc640000gp/T/tmp1vym7vbz']
[2024-03-18 11:39:00,584] {standard_task_runner.py:77} INFO - Job 149: Subtask get_gold_data
[2024-03-18 11:39:00,629] {logging_mixin.py:109} INFO - Running <TaskInstance: dag_ml_life_cycle.get_gold_data scheduled__2024-03-18T11:31:23.641670+00:00 [running]> on host 1.0.0.127.in-addr.arpa
[2024-03-18 11:39:00,662] {taskinstance.py:1424} INFO - Exporting the following env vars:
AIRFLOW_CTX_DAG_OWNER=airflow
AIRFLOW_CTX_DAG_ID=dag_ml_life_cycle
AIRFLOW_CTX_TASK_ID=get_gold_data
AIRFLOW_CTX_EXECUTION_DATE=2024-03-18T11:31:23.641670+00:00
AIRFLOW_CTX_DAG_RUN_ID=scheduled__2024-03-18T11:31:23.641670+00:00
[2024-03-18 11:39:00,663] {data_preprocessing.py:34} INFO - Random error: 0.011439951459349174
[2024-03-18 11:39:00,664] {data_preprocessing.py:38} INFO - Getting gold data
[2024-03-18 11:39:00,664] {data_preprocessing.py:42} INFO - Getting raw data from ml_lifecycle_airflow/in-vehicle-coupon-recommendation.csv ...
[2024-03-18 11:39:04,093] {data_preprocessing.py:89} INFO - Starting data preprocessing ...
[2024-03-18 11:39:04,264] {data_preprocessing.py:150} INFO - Data preprocessing complete

[2024-03-18 11:39:04,303] {data_preprocessing.py:168} INFO - Encoding features using hashing encoder ...
[2024-03-18 11:39:54,224] {data_preprocessing.py:168} INFO - Encoding features using hashing encoder ...
[2024-03-18 11:40:53,808] {data_preprocessing.py:63} INFO - Uploading preprocessed data to GCS ...
[2024-03-18 11:41:06,880] {python.py:175} INFO - Done. Returned value was: True
[2024-03-18 11:41:06,908] {taskinstance.py:1267} INFO - Marking task as SUCCESS. dag_id=dag_ml_life_cycle, task_id=get_gold_data, execution_date=20240318T113123, start_date=20240318T163900, end_date=20240318T164106
[2024-03-18 11:41:06,947] {local_task_job.py:154} INFO - Task exited with return code 0
[2024-03-18 11:41:06,976] {local_task_job.py:264} INFO - 1 downstream tasks scheduled from follow-on schedule check
