[2024-03-18 20:35:27,620] {taskinstance.py:1032} INFO - Dependencies all met for <TaskInstance: dag_ml_life_cycle.get_gold_data scheduled__2024-03-18T18:15:47.382372+00:00 [queued]>
[2024-03-18 20:35:27,785] {taskinstance.py:1032} INFO - Dependencies all met for <TaskInstance: dag_ml_life_cycle.get_gold_data scheduled__2024-03-18T18:15:47.382372+00:00 [queued]>
[2024-03-18 20:35:27,785] {taskinstance.py:1238} INFO - 
--------------------------------------------------------------------------------
[2024-03-18 20:35:27,786] {taskinstance.py:1239} INFO - Starting attempt 4 of 4
[2024-03-18 20:35:27,786] {taskinstance.py:1240} INFO - 
--------------------------------------------------------------------------------
[2024-03-18 20:35:27,810] {taskinstance.py:1259} INFO - Executing <Task(PythonOperator): get_gold_data> on 2024-03-18 18:15:47.382372+00:00
[2024-03-18 20:35:27,829] {standard_task_runner.py:52} INFO - Started process 78402 to run task
[2024-03-18 20:35:27,850] {standard_task_runner.py:76} INFO - Running: ['airflow', 'tasks', 'run', 'dag_ml_life_cycle', 'get_gold_data', 'scheduled__2024-03-18T18:15:47.382372+00:00', '--job-id', '204', '--raw', '--subdir', 'DAGS_FOLDER/lifecycle_ml_example/dags/dag_ml_life_cycle.py', '--cfg-path', '/var/folders/t4/c2kdpvnj6r793w3k056dkc640000gp/T/tmpnq6igdbg', '--error-file', '/var/folders/t4/c2kdpvnj6r793w3k056dkc640000gp/T/tmpu7ba5o53']
[2024-03-18 20:35:27,858] {standard_task_runner.py:77} INFO - Job 204: Subtask get_gold_data
[2024-03-18 20:35:28,023] {logging_mixin.py:109} INFO - Running <TaskInstance: dag_ml_life_cycle.get_gold_data scheduled__2024-03-18T18:15:47.382372+00:00 [running]> on host 1.0.0.127.in-addr.arpa
[2024-03-18 20:35:28,141] {taskinstance.py:1424} INFO - Exporting the following env vars:
AIRFLOW_CTX_DAG_OWNER=airflow
AIRFLOW_CTX_DAG_ID=dag_ml_life_cycle
AIRFLOW_CTX_TASK_ID=get_gold_data
AIRFLOW_CTX_EXECUTION_DATE=2024-03-18T18:15:47.382372+00:00
AIRFLOW_CTX_DAG_RUN_ID=scheduled__2024-03-18T18:15:47.382372+00:00
[2024-03-18 20:35:28,145] {data_preprocessing.py:34} INFO - Random error: 0.14116463967228554
[2024-03-18 20:35:28,147] {data_preprocessing.py:38} INFO - Getting gold data
[2024-03-18 20:35:28,149] {data_preprocessing.py:42} INFO - Getting raw data from ml_lifecycle_airflow/in-vehicle-coupon-recommendation.csv ...
[2024-03-18 20:35:36,147] {data_preprocessing.py:89} INFO - Starting data preprocessing ...
[2024-03-18 20:35:36,804] {data_preprocessing.py:150} INFO - Data preprocessing complete

[2024-03-18 20:35:36,953] {data_preprocessing.py:168} INFO - Encoding features using hashing encoder ...
[2024-03-18 20:37:42,146] {data_preprocessing.py:168} INFO - Encoding features using hashing encoder ...
[2024-03-18 20:42:45,206] {data_preprocessing.py:63} INFO - Uploading preprocessed data to GCS ...
[2024-03-18 20:43:15,361] {python.py:175} INFO - Done. Returned value was: True
[2024-03-18 20:43:15,430] {taskinstance.py:1267} INFO - Marking task as SUCCESS. dag_id=dag_ml_life_cycle, task_id=get_gold_data, execution_date=20240318T181547, start_date=20240319T013527, end_date=20240319T014315
[2024-03-18 20:43:15,474] {local_task_job.py:154} INFO - Task exited with return code 0
[2024-03-18 20:43:15,552] {local_task_job.py:264} INFO - 1 downstream tasks scheduled from follow-on schedule check
