[2024-03-19 02:43:05,053] {taskinstance.py:1032} INFO - Dependencies all met for <TaskInstance: dag_ml_life_cycle.get_gold_data scheduled__2024-03-18T23:23:39.086022+00:00 [queued]>
[2024-03-19 02:43:05,218] {taskinstance.py:1032} INFO - Dependencies all met for <TaskInstance: dag_ml_life_cycle.get_gold_data scheduled__2024-03-18T23:23:39.086022+00:00 [queued]>
[2024-03-19 02:43:05,218] {taskinstance.py:1238} INFO - 
--------------------------------------------------------------------------------
[2024-03-19 02:43:05,219] {taskinstance.py:1239} INFO - Starting attempt 4 of 4
[2024-03-19 02:43:05,219] {taskinstance.py:1240} INFO - 
--------------------------------------------------------------------------------
[2024-03-19 02:43:05,243] {taskinstance.py:1259} INFO - Executing <Task(PythonOperator): get_gold_data> on 2024-03-18 23:23:39.086022+00:00
[2024-03-19 02:43:05,262] {standard_task_runner.py:52} INFO - Started process 59157 to run task
[2024-03-19 02:43:05,285] {standard_task_runner.py:76} INFO - Running: ['airflow', 'tasks', 'run', 'dag_ml_life_cycle', 'get_gold_data', 'scheduled__2024-03-18T23:23:39.086022+00:00', '--job-id', '334', '--raw', '--subdir', 'DAGS_FOLDER/lifecycle_ml_example/dags/dag_ml_life_cycle.py', '--cfg-path', '/var/folders/t4/c2kdpvnj6r793w3k056dkc640000gp/T/tmp0wmgq71s', '--error-file', '/var/folders/t4/c2kdpvnj6r793w3k056dkc640000gp/T/tmp1g4_6jwe']
[2024-03-19 02:43:05,293] {standard_task_runner.py:77} INFO - Job 334: Subtask get_gold_data
[2024-03-19 02:43:05,451] {logging_mixin.py:109} INFO - Running <TaskInstance: dag_ml_life_cycle.get_gold_data scheduled__2024-03-18T23:23:39.086022+00:00 [running]> on host 1.0.0.127.in-addr.arpa
[2024-03-19 02:43:05,565] {taskinstance.py:1424} INFO - Exporting the following env vars:
AIRFLOW_CTX_DAG_OWNER=airflow
AIRFLOW_CTX_DAG_ID=dag_ml_life_cycle
AIRFLOW_CTX_TASK_ID=get_gold_data
AIRFLOW_CTX_EXECUTION_DATE=2024-03-18T23:23:39.086022+00:00
AIRFLOW_CTX_DAG_RUN_ID=scheduled__2024-03-18T23:23:39.086022+00:00
[2024-03-19 02:43:05,569] {data_preprocessing.py:34} INFO - Random error: 0.21035009931461923
[2024-03-19 02:43:05,572] {data_preprocessing.py:38} INFO - Getting gold data
[2024-03-19 02:43:05,574] {data_preprocessing.py:42} INFO - Getting raw data from ml_lifecycle_airflow/in-vehicle-coupon-recommendation.csv ...
[2024-03-19 02:43:12,863] {data_preprocessing.py:89} INFO - Starting data preprocessing ...
[2024-03-19 02:43:13,530] {data_preprocessing.py:150} INFO - Data preprocessing complete

[2024-03-19 02:43:13,681] {data_preprocessing.py:168} INFO - Encoding features using hashing encoder ...
[2024-03-19 02:45:59,126] {data_preprocessing.py:168} INFO - Encoding features using hashing encoder ...
[2024-03-19 02:48:44,948] {data_preprocessing.py:63} INFO - Uploading preprocessed data to GCS ...
[2024-03-19 02:49:12,634] {python.py:175} INFO - Done. Returned value was: True
[2024-03-19 02:49:12,736] {taskinstance.py:1267} INFO - Marking task as SUCCESS. dag_id=dag_ml_life_cycle, task_id=get_gold_data, execution_date=20240318T232339, start_date=20240319T074305, end_date=20240319T074912
[2024-03-19 02:49:12,825] {local_task_job.py:154} INFO - Task exited with return code 0
[2024-03-19 02:49:12,900] {local_task_job.py:264} INFO - 1 downstream tasks scheduled from follow-on schedule check
