[2024-03-19 14:30:12,081] {taskinstance.py:1032} INFO - Dependencies all met for <TaskInstance: dag_ml_life_cycle.get_gold_data scheduled__2024-03-19T14:20:33.745537+00:00 [queued]>
[2024-03-19 14:30:12,146] {taskinstance.py:1032} INFO - Dependencies all met for <TaskInstance: dag_ml_life_cycle.get_gold_data scheduled__2024-03-19T14:20:33.745537+00:00 [queued]>
[2024-03-19 14:30:12,146] {taskinstance.py:1238} INFO - 
--------------------------------------------------------------------------------
[2024-03-19 14:30:12,146] {taskinstance.py:1239} INFO - Starting attempt 4 of 4
[2024-03-19 14:30:12,146] {taskinstance.py:1240} INFO - 
--------------------------------------------------------------------------------
[2024-03-19 14:30:12,154] {taskinstance.py:1259} INFO - Executing <Task(PythonOperator): get_gold_data> on 2024-03-19 14:20:33.745537+00:00
[2024-03-19 14:30:12,159] {standard_task_runner.py:52} INFO - Started process 47339 to run task
[2024-03-19 14:30:12,165] {standard_task_runner.py:76} INFO - Running: ['airflow', 'tasks', 'run', 'dag_ml_life_cycle', 'get_gold_data', 'scheduled__2024-03-19T14:20:33.745537+00:00', '--job-id', '739', '--raw', '--subdir', 'DAGS_FOLDER/lifecycle_ml_example/dags/dag_ml_life_cycle.py', '--cfg-path', '/var/folders/t4/c2kdpvnj6r793w3k056dkc640000gp/T/tmpbrkux8w8', '--error-file', '/var/folders/t4/c2kdpvnj6r793w3k056dkc640000gp/T/tmpavqmxqvq']
[2024-03-19 14:30:12,167] {standard_task_runner.py:77} INFO - Job 739: Subtask get_gold_data
[2024-03-19 14:30:12,206] {logging_mixin.py:109} INFO - Running <TaskInstance: dag_ml_life_cycle.get_gold_data scheduled__2024-03-19T14:20:33.745537+00:00 [running]> on host 1.0.0.127.in-addr.arpa
[2024-03-19 14:30:12,233] {taskinstance.py:1424} INFO - Exporting the following env vars:
AIRFLOW_CTX_DAG_OWNER=airflow
AIRFLOW_CTX_DAG_ID=dag_ml_life_cycle
AIRFLOW_CTX_TASK_ID=get_gold_data
AIRFLOW_CTX_EXECUTION_DATE=2024-03-19T14:20:33.745537+00:00
AIRFLOW_CTX_DAG_RUN_ID=scheduled__2024-03-19T14:20:33.745537+00:00
[2024-03-19 14:30:12,234] {data_preprocessing.py:34} INFO - Random error: 0.2967681882089198
[2024-03-19 14:30:12,235] {data_preprocessing.py:38} INFO - Getting gold data
[2024-03-19 14:30:12,235] {data_preprocessing.py:42} INFO - Getting raw data from ml_lifecycle_airflow/in-vehicle-coupon-recommendation.csv ...
[2024-03-19 14:30:15,221] {data_preprocessing.py:89} INFO - Starting data preprocessing ...
[2024-03-19 14:30:15,370] {data_preprocessing.py:150} INFO - Data preprocessing complete

[2024-03-19 14:30:15,406] {data_preprocessing.py:168} INFO - Encoding features using hashing encoder ...
[2024-03-19 14:30:53,995] {data_preprocessing.py:168} INFO - Encoding features using hashing encoder ...
[2024-03-19 14:31:33,472] {data_preprocessing.py:63} INFO - Uploading preprocessed data to GCS ...
[2024-03-19 14:31:42,961] {python.py:175} INFO - Done. Returned value was: True
[2024-03-19 14:31:42,979] {taskinstance.py:1267} INFO - Marking task as SUCCESS. dag_id=dag_ml_life_cycle, task_id=get_gold_data, execution_date=20240319T142033, start_date=20240319T193012, end_date=20240319T193142
[2024-03-19 14:31:43,031] {local_task_job.py:154} INFO - Task exited with return code 0
[2024-03-19 14:31:43,054] {local_task_job.py:264} INFO - 1 downstream tasks scheduled from follow-on schedule check
