[2024-03-19 11:18:13,860] {taskinstance.py:1032} INFO - Dependencies all met for <TaskInstance: dag_ml_life_cycle.get_gold_data scheduled__2024-03-19T11:23:20.308325+00:00 [queued]>
[2024-03-19 11:18:13,871] {taskinstance.py:1032} INFO - Dependencies all met for <TaskInstance: dag_ml_life_cycle.get_gold_data scheduled__2024-03-19T11:23:20.308325+00:00 [queued]>
[2024-03-19 11:18:13,871] {taskinstance.py:1238} INFO - 
--------------------------------------------------------------------------------
[2024-03-19 11:18:13,871] {taskinstance.py:1239} INFO - Starting attempt 1 of 4
[2024-03-19 11:18:13,871] {taskinstance.py:1240} INFO - 
--------------------------------------------------------------------------------
[2024-03-19 11:18:13,879] {taskinstance.py:1259} INFO - Executing <Task(PythonOperator): get_gold_data> on 2024-03-19 11:23:20.308325+00:00
[2024-03-19 11:18:13,885] {standard_task_runner.py:52} INFO - Started process 85490 to run task
[2024-03-19 11:18:13,892] {standard_task_runner.py:76} INFO - Running: ['airflow', 'tasks', 'run', 'dag_ml_life_cycle', 'get_gold_data', 'scheduled__2024-03-19T11:23:20.308325+00:00', '--job-id', '608', '--raw', '--subdir', 'DAGS_FOLDER/lifecycle_ml_example/dags/dag_ml_life_cycle.py', '--cfg-path', '/var/folders/t4/c2kdpvnj6r793w3k056dkc640000gp/T/tmp0al8tx6d', '--error-file', '/var/folders/t4/c2kdpvnj6r793w3k056dkc640000gp/T/tmptxgpay8u']
[2024-03-19 11:18:13,894] {standard_task_runner.py:77} INFO - Job 608: Subtask get_gold_data
[2024-03-19 11:18:13,939] {logging_mixin.py:109} INFO - Running <TaskInstance: dag_ml_life_cycle.get_gold_data scheduled__2024-03-19T11:23:20.308325+00:00 [running]> on host 1.0.0.127.in-addr.arpa
[2024-03-19 11:18:13,972] {taskinstance.py:1424} INFO - Exporting the following env vars:
AIRFLOW_CTX_DAG_OWNER=airflow
AIRFLOW_CTX_DAG_ID=dag_ml_life_cycle
AIRFLOW_CTX_TASK_ID=get_gold_data
AIRFLOW_CTX_EXECUTION_DATE=2024-03-19T11:23:20.308325+00:00
AIRFLOW_CTX_DAG_RUN_ID=scheduled__2024-03-19T11:23:20.308325+00:00
[2024-03-19 11:18:13,973] {data_preprocessing.py:34} INFO - Random error: 0.12464840382475884
[2024-03-19 11:18:13,974] {data_preprocessing.py:38} INFO - Getting gold data
[2024-03-19 11:18:13,975] {data_preprocessing.py:42} INFO - Getting raw data from ml_lifecycle_airflow/in-vehicle-coupon-recommendation.csv ...
[2024-03-19 11:18:16,849] {data_preprocessing.py:89} INFO - Starting data preprocessing ...
[2024-03-19 11:18:17,015] {data_preprocessing.py:150} INFO - Data preprocessing complete

[2024-03-19 11:18:17,054] {data_preprocessing.py:168} INFO - Encoding features using hashing encoder ...
[2024-03-19 11:19:02,330] {data_preprocessing.py:168} INFO - Encoding features using hashing encoder ...
[2024-03-19 11:19:56,641] {data_preprocessing.py:63} INFO - Uploading preprocessed data to GCS ...
[2024-03-19 11:20:07,047] {python.py:175} INFO - Done. Returned value was: True
[2024-03-19 11:20:07,075] {taskinstance.py:1267} INFO - Marking task as SUCCESS. dag_id=dag_ml_life_cycle, task_id=get_gold_data, execution_date=20240319T112320, start_date=20240319T161813, end_date=20240319T162007
[2024-03-19 11:20:07,093] {local_task_job.py:154} INFO - Task exited with return code 0
[2024-03-19 11:20:07,121] {local_task_job.py:264} INFO - 0 downstream tasks scheduled from follow-on schedule check
