[2024-03-15 15:50:45,444] {taskinstance.py:1032} INFO - Dependencies all met for <TaskInstance: dag_ml_life_cycle.get_gold_data scheduled__2024-03-15T20:45:39.055353+00:00 [queued]>
[2024-03-15 15:50:45,502] {taskinstance.py:1032} INFO - Dependencies all met for <TaskInstance: dag_ml_life_cycle.get_gold_data scheduled__2024-03-15T20:45:39.055353+00:00 [queued]>
[2024-03-15 15:50:45,502] {taskinstance.py:1238} INFO - 
--------------------------------------------------------------------------------
[2024-03-15 15:50:45,502] {taskinstance.py:1239} INFO - Starting attempt 1 of 4
[2024-03-15 15:50:45,502] {taskinstance.py:1240} INFO - 
--------------------------------------------------------------------------------
[2024-03-15 15:50:45,511] {taskinstance.py:1259} INFO - Executing <Task(PythonOperator): get_gold_data> on 2024-03-15 20:45:39.055353+00:00
[2024-03-15 15:50:45,517] {standard_task_runner.py:52} INFO - Started process 90909 to run task
[2024-03-15 15:50:45,523] {standard_task_runner.py:76} INFO - Running: ['airflow', 'tasks', 'run', 'dag_ml_life_cycle', 'get_gold_data', 'scheduled__2024-03-15T20:45:39.055353+00:00', '--job-id', '26', '--raw', '--subdir', 'DAGS_FOLDER/lifecycle_ml_example/dags/dag_ml_life_cycle.py', '--cfg-path', '/var/folders/t4/c2kdpvnj6r793w3k056dkc640000gp/T/tmphosuimu7', '--error-file', '/var/folders/t4/c2kdpvnj6r793w3k056dkc640000gp/T/tmpxaoh1jn7']
[2024-03-15 15:50:45,525] {standard_task_runner.py:77} INFO - Job 26: Subtask get_gold_data
[2024-03-15 15:50:45,567] {logging_mixin.py:109} INFO - Running <TaskInstance: dag_ml_life_cycle.get_gold_data scheduled__2024-03-15T20:45:39.055353+00:00 [running]> on host 1.0.0.0.0.0.0.0.0.0.0.0.0.0.0.0.0.0.0.0.0.0.0.0.0.0.0.0.0.0.0.0.ip6.arpa
[2024-03-15 15:50:45,593] {taskinstance.py:1424} INFO - Exporting the following env vars:
AIRFLOW_CTX_DAG_OWNER=airflow
AIRFLOW_CTX_DAG_ID=dag_ml_life_cycle
AIRFLOW_CTX_TASK_ID=get_gold_data
AIRFLOW_CTX_EXECUTION_DATE=2024-03-15T20:45:39.055353+00:00
AIRFLOW_CTX_DAG_RUN_ID=scheduled__2024-03-15T20:45:39.055353+00:00
[2024-03-15 15:50:45,594] {data_preprocessing.py:33} INFO - Random error: 0.033273384356535374
[2024-03-15 15:50:45,595] {data_preprocessing.py:37} INFO - Getting gold data
[2024-03-15 15:50:45,595] {data_preprocessing.py:41} INFO - Getting raw data from ml_lifecycle_airflow/in-vehicle-coupon-recommendation.csv ...
[2024-03-15 15:50:48,659] {data_preprocessing.py:88} INFO - Starting data preprocessing ...
[2024-03-15 15:50:48,789] {data_preprocessing.py:149} INFO - Data preprocessing complete

[2024-03-15 15:50:48,821] {data_preprocessing.py:167} INFO - Encoding features using hashing encoder ...
[2024-03-15 15:51:23,219] {data_preprocessing.py:167} INFO - Encoding features using hashing encoder ...
[2024-03-15 15:51:57,156] {data_preprocessing.py:62} INFO - Uploading preprocessed data to GCS ...
[2024-03-15 15:52:06,120] {python.py:175} INFO - Done. Returned value was: True
[2024-03-15 15:52:06,149] {taskinstance.py:1267} INFO - Marking task as SUCCESS. dag_id=dag_ml_life_cycle, task_id=get_gold_data, execution_date=20240315T204539, start_date=20240315T205045, end_date=20240315T205206
[2024-03-15 15:52:06,162] {local_task_job.py:154} INFO - Task exited with return code 0
[2024-03-15 15:52:06,178] {local_task_job.py:264} INFO - 1 downstream tasks scheduled from follow-on schedule check
