[2024-03-15 15:11:48,838] {taskinstance.py:1032} INFO - Dependencies all met for <TaskInstance: dag_ml_life_cycle.get_gold_data scheduled__2024-03-15T20:05:51.510651+00:00 [queued]>
[2024-03-15 15:11:48,905] {taskinstance.py:1032} INFO - Dependencies all met for <TaskInstance: dag_ml_life_cycle.get_gold_data scheduled__2024-03-15T20:05:51.510651+00:00 [queued]>
[2024-03-15 15:11:48,905] {taskinstance.py:1238} INFO - 
--------------------------------------------------------------------------------
[2024-03-15 15:11:48,905] {taskinstance.py:1239} INFO - Starting attempt 1 of 4
[2024-03-15 15:11:48,905] {taskinstance.py:1240} INFO - 
--------------------------------------------------------------------------------
[2024-03-15 15:11:48,914] {taskinstance.py:1259} INFO - Executing <Task(PythonOperator): get_gold_data> on 2024-03-15 20:05:51.510651+00:00
[2024-03-15 15:11:48,920] {standard_task_runner.py:52} INFO - Started process 58259 to run task
[2024-03-15 15:11:48,927] {standard_task_runner.py:76} INFO - Running: ['airflow', 'tasks', 'run', 'dag_ml_life_cycle', 'get_gold_data', 'scheduled__2024-03-15T20:05:51.510651+00:00', '--job-id', '3', '--raw', '--subdir', 'DAGS_FOLDER/lifecycle_ml_example/dags/dag_ml_life_cycle.py', '--cfg-path', '/var/folders/t4/c2kdpvnj6r793w3k056dkc640000gp/T/tmpvkxm6eg4', '--error-file', '/var/folders/t4/c2kdpvnj6r793w3k056dkc640000gp/T/tmpfi5to8hg']
[2024-03-15 15:11:48,929] {standard_task_runner.py:77} INFO - Job 3: Subtask get_gold_data
[2024-03-15 15:11:48,970] {logging_mixin.py:109} INFO - Running <TaskInstance: dag_ml_life_cycle.get_gold_data scheduled__2024-03-15T20:05:51.510651+00:00 [running]> on host MacBook-Pro-2.local
[2024-03-15 15:11:48,996] {taskinstance.py:1424} INFO - Exporting the following env vars:
AIRFLOW_CTX_DAG_OWNER=airflow
AIRFLOW_CTX_DAG_ID=dag_ml_life_cycle
AIRFLOW_CTX_TASK_ID=get_gold_data
AIRFLOW_CTX_EXECUTION_DATE=2024-03-15T20:05:51.510651+00:00
AIRFLOW_CTX_DAG_RUN_ID=scheduled__2024-03-15T20:05:51.510651+00:00
[2024-03-15 15:11:48,997] {data_preprocessing.py:36} INFO - Getting gold data
[2024-03-15 15:11:48,998] {data_preprocessing.py:40} INFO - Getting raw data from ml_lifecycle_airflow/in-vehicle-coupon-recommendation.csv ...
[2024-03-15 15:11:52,257] {data_preprocessing.py:87} INFO - Starting data preprocessing ...
[2024-03-15 15:11:52,401] {data_preprocessing.py:148} INFO - Data preprocessing complete

[2024-03-15 15:11:52,431] {data_preprocessing.py:166} INFO - Encoding features using hashing encoder ...
[2024-03-15 15:12:28,153] {data_preprocessing.py:166} INFO - Encoding features using hashing encoder ...
[2024-03-15 15:13:02,807] {data_preprocessing.py:61} INFO - Uploading preprocessed data to GCS ...
[2024-03-15 15:13:12,455] {python.py:175} INFO - Done. Returned value was: True
[2024-03-15 15:13:12,485] {taskinstance.py:1267} INFO - Marking task as SUCCESS. dag_id=dag_ml_life_cycle, task_id=get_gold_data, execution_date=20240315T200551, start_date=20240315T201148, end_date=20240315T201312
[2024-03-15 15:13:12,508] {local_task_job.py:154} INFO - Task exited with return code 0
[2024-03-15 15:13:12,525] {local_task_job.py:264} INFO - 1 downstream tasks scheduled from follow-on schedule check
