[2024-03-15 16:16:06,371] {taskinstance.py:1032} INFO - Dependencies all met for <TaskInstance: dag_ml_life_cycle.get_gold_data scheduled__2024-03-15T21:10:39.055353+00:00 [queued]>
[2024-03-15 16:16:06,430] {taskinstance.py:1032} INFO - Dependencies all met for <TaskInstance: dag_ml_life_cycle.get_gold_data scheduled__2024-03-15T21:10:39.055353+00:00 [queued]>
[2024-03-15 16:16:06,430] {taskinstance.py:1238} INFO - 
--------------------------------------------------------------------------------
[2024-03-15 16:16:06,430] {taskinstance.py:1239} INFO - Starting attempt 2 of 4
[2024-03-15 16:16:06,430] {taskinstance.py:1240} INFO - 
--------------------------------------------------------------------------------
[2024-03-15 16:16:06,438] {taskinstance.py:1259} INFO - Executing <Task(PythonOperator): get_gold_data> on 2024-03-15 21:10:39.055353+00:00
[2024-03-15 16:16:06,445] {standard_task_runner.py:52} INFO - Started process 11605 to run task
[2024-03-15 16:16:06,451] {standard_task_runner.py:76} INFO - Running: ['airflow', 'tasks', 'run', 'dag_ml_life_cycle', 'get_gold_data', 'scheduled__2024-03-15T21:10:39.055353+00:00', '--job-id', '48', '--raw', '--subdir', 'DAGS_FOLDER/lifecycle_ml_example/dags/dag_ml_life_cycle.py', '--cfg-path', '/var/folders/t4/c2kdpvnj6r793w3k056dkc640000gp/T/tmpwwyi3ft2', '--error-file', '/var/folders/t4/c2kdpvnj6r793w3k056dkc640000gp/T/tmpuz13n1dw']
[2024-03-15 16:16:06,454] {standard_task_runner.py:77} INFO - Job 48: Subtask get_gold_data
[2024-03-15 16:16:06,494] {logging_mixin.py:109} INFO - Running <TaskInstance: dag_ml_life_cycle.get_gold_data scheduled__2024-03-15T21:10:39.055353+00:00 [running]> on host 1.0.0.0.0.0.0.0.0.0.0.0.0.0.0.0.0.0.0.0.0.0.0.0.0.0.0.0.0.0.0.0.ip6.arpa
[2024-03-15 16:16:06,520] {taskinstance.py:1424} INFO - Exporting the following env vars:
AIRFLOW_CTX_DAG_OWNER=airflow
AIRFLOW_CTX_DAG_ID=dag_ml_life_cycle
AIRFLOW_CTX_TASK_ID=get_gold_data
AIRFLOW_CTX_EXECUTION_DATE=2024-03-15T21:10:39.055353+00:00
AIRFLOW_CTX_DAG_RUN_ID=scheduled__2024-03-15T21:10:39.055353+00:00
[2024-03-15 16:16:06,521] {data_preprocessing.py:33} INFO - Random error: 0.020006676858217554
[2024-03-15 16:16:06,521] {data_preprocessing.py:37} INFO - Getting gold data
[2024-03-15 16:16:06,522] {data_preprocessing.py:41} INFO - Getting raw data from ml_lifecycle_airflow/in-vehicle-coupon-recommendation.csv ...
[2024-03-15 16:16:08,944] {data_preprocessing.py:88} INFO - Starting data preprocessing ...
[2024-03-15 16:16:09,080] {data_preprocessing.py:149} INFO - Data preprocessing complete

[2024-03-15 16:16:09,113] {data_preprocessing.py:167} INFO - Encoding features using hashing encoder ...
[2024-03-15 16:16:43,632] {data_preprocessing.py:167} INFO - Encoding features using hashing encoder ...
[2024-03-15 16:17:17,980] {data_preprocessing.py:62} INFO - Uploading preprocessed data to GCS ...
[2024-03-15 16:17:27,029] {python.py:175} INFO - Done. Returned value was: True
[2024-03-15 16:17:27,047] {taskinstance.py:1267} INFO - Marking task as SUCCESS. dag_id=dag_ml_life_cycle, task_id=get_gold_data, execution_date=20240315T211039, start_date=20240315T211606, end_date=20240315T211727
[2024-03-15 16:17:27,088] {local_task_job.py:154} INFO - Task exited with return code 0
[2024-03-15 16:17:27,109] {local_task_job.py:264} INFO - 1 downstream tasks scheduled from follow-on schedule check
