[2024-03-12 12:00:33,153] {taskinstance.py:1032} INFO - Dependencies all met for <TaskInstance: tutorial_juan_change_folder_v2.templated scheduled__2024-03-11T17:00:00.973403+00:00 [queued]>
[2024-03-12 12:00:33,158] {taskinstance.py:1032} INFO - Dependencies all met for <TaskInstance: tutorial_juan_change_folder_v2.templated scheduled__2024-03-11T17:00:00.973403+00:00 [queued]>
[2024-03-12 12:00:33,158] {taskinstance.py:1238} INFO - 
--------------------------------------------------------------------------------
[2024-03-12 12:00:33,158] {taskinstance.py:1239} INFO - Starting attempt 1 of 2
[2024-03-12 12:00:33,158] {taskinstance.py:1240} INFO - 
--------------------------------------------------------------------------------
[2024-03-12 12:00:33,164] {taskinstance.py:1259} INFO - Executing <Task(BashOperator): templated> on 2024-03-11 17:00:00.973403+00:00
[2024-03-12 12:00:33,167] {standard_task_runner.py:52} INFO - Started process 52008 to run task
[2024-03-12 12:00:33,172] {standard_task_runner.py:76} INFO - Running: ['airflow', 'tasks', 'run', 'tutorial_juan_change_folder_v2', 'templated', 'scheduled__2024-03-11T17:00:00.973403+00:00', '--job-id', '6', '--raw', '--subdir', 'DAGS_FOLDER/tutorial_0.py', '--cfg-path', '/var/folders/t4/c2kdpvnj6r793w3k056dkc640000gp/T/tmpft8mjeeu', '--error-file', '/var/folders/t4/c2kdpvnj6r793w3k056dkc640000gp/T/tmpb0neot1i']
[2024-03-12 12:00:33,174] {standard_task_runner.py:77} INFO - Job 6: Subtask templated
[2024-03-12 12:00:33,205] {logging_mixin.py:109} INFO - Running <TaskInstance: tutorial_juan_change_folder_v2.templated scheduled__2024-03-11T17:00:00.973403+00:00 [running]> on host 1.0.0.0.0.0.0.0.0.0.0.0.0.0.0.0.0.0.0.0.0.0.0.0.0.0.0.0.0.0.0.0.ip6.arpa
[2024-03-12 12:00:33,241] {taskinstance.py:1424} INFO - Exporting the following env vars:
AIRFLOW_CTX_DAG_EMAIL=airflow@example.com
AIRFLOW_CTX_DAG_OWNER=airflow
AIRFLOW_CTX_DAG_ID=tutorial_juan_change_folder_v2
AIRFLOW_CTX_TASK_ID=templated
AIRFLOW_CTX_EXECUTION_DATE=2024-03-11T17:00:00.973403+00:00
AIRFLOW_CTX_DAG_RUN_ID=scheduled__2024-03-11T17:00:00.973403+00:00
[2024-03-12 12:00:33,242] {subprocess.py:62} INFO - Tmp dir root location: 
 /var/folders/t4/c2kdpvnj6r793w3k056dkc640000gp/T
[2024-03-12 12:00:33,242] {subprocess.py:74} INFO - Running command: ['bash', '-c', '\n\n    echo "2024-03-11"\n    echo "2024-03-18"\n\n    echo "2024-03-11"\n    echo "2024-03-18"\n\n    echo "2024-03-11"\n    echo "2024-03-18"\n\n    echo "2024-03-11"\n    echo "2024-03-18"\n\n    echo "2024-03-11"\n    echo "2024-03-18"\n']
[2024-03-12 12:00:33,248] {subprocess.py:85} INFO - Output:
[2024-03-12 12:00:33,252] {subprocess.py:89} INFO - 2024-03-11
[2024-03-12 12:00:33,252] {subprocess.py:89} INFO - 2024-03-18
[2024-03-12 12:00:33,252] {subprocess.py:89} INFO - 2024-03-11
[2024-03-12 12:00:33,252] {subprocess.py:89} INFO - 2024-03-18
[2024-03-12 12:00:33,253] {subprocess.py:89} INFO - 2024-03-11
[2024-03-12 12:00:33,253] {subprocess.py:89} INFO - 2024-03-18
[2024-03-12 12:00:33,253] {subprocess.py:89} INFO - 2024-03-11
[2024-03-12 12:00:33,253] {subprocess.py:89} INFO - 2024-03-18
[2024-03-12 12:00:33,254] {subprocess.py:89} INFO - 2024-03-11
[2024-03-12 12:00:33,254] {subprocess.py:89} INFO - 2024-03-18
[2024-03-12 12:00:33,254] {subprocess.py:93} INFO - Command exited with return code 0
[2024-03-12 12:00:33,267] {taskinstance.py:1267} INFO - Marking task as SUCCESS. dag_id=tutorial_juan_change_folder_v2, task_id=templated, execution_date=20240311T170000, start_date=20240312T170033, end_date=20240312T170033
[2024-03-12 12:00:33,313] {local_task_job.py:154} INFO - Task exited with return code 0
[2024-03-12 12:00:33,325] {local_task_job.py:264} INFO - 0 downstream tasks scheduled from follow-on schedule check
