[2024-03-19 20:59:05,134] {taskinstance.py:1032} INFO - Dependencies all met for <TaskInstance: dag_ml_life_cycle.get_gold_data scheduled__2024-03-19T19:06:08.348952+00:00 [queued]>
[2024-03-19 20:59:05,281] {taskinstance.py:1032} INFO - Dependencies all met for <TaskInstance: dag_ml_life_cycle.get_gold_data scheduled__2024-03-19T19:06:08.348952+00:00 [queued]>
[2024-03-19 20:59:05,281] {taskinstance.py:1238} INFO - 
--------------------------------------------------------------------------------
[2024-03-19 20:59:05,281] {taskinstance.py:1239} INFO - Starting attempt 2 of 4
[2024-03-19 20:59:05,282] {taskinstance.py:1240} INFO - 
--------------------------------------------------------------------------------
[2024-03-19 20:59:05,303] {taskinstance.py:1259} INFO - Executing <Task(PythonOperator): get_gold_data> on 2024-03-19 19:06:08.348952+00:00
[2024-03-19 20:59:05,319] {standard_task_runner.py:52} INFO - Started process 47002 to run task
[2024-03-19 20:59:05,338] {standard_task_runner.py:76} INFO - Running: ['airflow', 'tasks', 'run', 'dag_ml_life_cycle', 'get_gold_data', 'scheduled__2024-03-19T19:06:08.348952+00:00', '--job-id', '968', '--raw', '--subdir', 'DAGS_FOLDER/lifecycle_ml_example/dags/dag_ml_life_cycle.py', '--cfg-path', '/var/folders/t4/c2kdpvnj6r793w3k056dkc640000gp/T/tmpmaobv1p8', '--error-file', '/var/folders/t4/c2kdpvnj6r793w3k056dkc640000gp/T/tmpc1u9shae']
[2024-03-19 20:59:05,345] {standard_task_runner.py:77} INFO - Job 968: Subtask get_gold_data
[2024-03-19 20:59:05,477] {logging_mixin.py:109} INFO - Running <TaskInstance: dag_ml_life_cycle.get_gold_data scheduled__2024-03-19T19:06:08.348952+00:00 [running]> on host 1.0.0.127.in-addr.arpa
[2024-03-19 20:59:05,570] {taskinstance.py:1424} INFO - Exporting the following env vars:
AIRFLOW_CTX_DAG_OWNER=airflow
AIRFLOW_CTX_DAG_ID=dag_ml_life_cycle
AIRFLOW_CTX_TASK_ID=get_gold_data
AIRFLOW_CTX_EXECUTION_DATE=2024-03-19T19:06:08.348952+00:00
AIRFLOW_CTX_DAG_RUN_ID=scheduled__2024-03-19T19:06:08.348952+00:00
[2024-03-19 20:59:05,573] {data_preprocessing.py:34} INFO - Random error: 0.08836108074799032
[2024-03-19 20:59:05,575] {data_preprocessing.py:38} INFO - Getting gold data
[2024-03-19 20:59:05,577] {data_preprocessing.py:42} INFO - Getting raw data from ml_lifecycle_airflow/in-vehicle-coupon-recommendation.csv ...
[2024-03-19 20:59:11,997] {data_preprocessing.py:89} INFO - Starting data preprocessing ...
[2024-03-19 20:59:12,539] {data_preprocessing.py:150} INFO - Data preprocessing complete

[2024-03-19 20:59:12,667] {data_preprocessing.py:168} INFO - Encoding features using hashing encoder ...
[2024-03-19 21:01:32,420] {data_preprocessing.py:168} INFO - Encoding features using hashing encoder ...
[2024-03-19 21:03:53,061] {data_preprocessing.py:63} INFO - Uploading preprocessed data to GCS ...
[2024-03-19 21:04:19,886] {python.py:175} INFO - Done. Returned value was: True
[2024-03-19 21:04:19,969] {taskinstance.py:1267} INFO - Marking task as SUCCESS. dag_id=dag_ml_life_cycle, task_id=get_gold_data, execution_date=20240319T190608, start_date=20240320T015905, end_date=20240320T020419
[2024-03-19 21:04:20,046] {local_task_job.py:154} INFO - Task exited with return code 0
[2024-03-19 21:04:20,106] {local_task_job.py:264} INFO - 1 downstream tasks scheduled from follow-on schedule check
