[2024-03-18 16:25:17,697] {taskinstance.py:1032} INFO - Dependencies all met for <TaskInstance: dag_ml_life_cycle.get_gold_data scheduled__2024-03-18T16:10:47.382372+00:00 [queued]>
[2024-03-18 16:25:17,757] {taskinstance.py:1032} INFO - Dependencies all met for <TaskInstance: dag_ml_life_cycle.get_gold_data scheduled__2024-03-18T16:10:47.382372+00:00 [queued]>
[2024-03-18 16:25:17,758] {taskinstance.py:1238} INFO - 
--------------------------------------------------------------------------------
[2024-03-18 16:25:17,758] {taskinstance.py:1239} INFO - Starting attempt 1 of 4
[2024-03-18 16:25:17,758] {taskinstance.py:1240} INFO - 
--------------------------------------------------------------------------------
[2024-03-18 16:25:17,766] {taskinstance.py:1259} INFO - Executing <Task(PythonOperator): get_gold_data> on 2024-03-18 16:10:47.382372+00:00
[2024-03-18 16:25:17,772] {standard_task_runner.py:52} INFO - Started process 80357 to run task
[2024-03-18 16:25:17,778] {standard_task_runner.py:76} INFO - Running: ['airflow', 'tasks', 'run', 'dag_ml_life_cycle', 'get_gold_data', 'scheduled__2024-03-18T16:10:47.382372+00:00', '--job-id', '67', '--raw', '--subdir', 'DAGS_FOLDER/lifecycle_ml_example/dags/dag_ml_life_cycle.py', '--cfg-path', '/var/folders/t4/c2kdpvnj6r793w3k056dkc640000gp/T/tmpzdma7n4z', '--error-file', '/var/folders/t4/c2kdpvnj6r793w3k056dkc640000gp/T/tmpqr0vh37h']
[2024-03-18 16:25:17,781] {standard_task_runner.py:77} INFO - Job 67: Subtask get_gold_data
[2024-03-18 16:25:17,821] {logging_mixin.py:109} INFO - Running <TaskInstance: dag_ml_life_cycle.get_gold_data scheduled__2024-03-18T16:10:47.382372+00:00 [running]> on host 1.0.0.0.0.0.0.0.0.0.0.0.0.0.0.0.0.0.0.0.0.0.0.0.0.0.0.0.0.0.0.0.ip6.arpa
[2024-03-18 16:25:17,848] {taskinstance.py:1424} INFO - Exporting the following env vars:
AIRFLOW_CTX_DAG_OWNER=airflow
AIRFLOW_CTX_DAG_ID=dag_ml_life_cycle
AIRFLOW_CTX_TASK_ID=get_gold_data
AIRFLOW_CTX_EXECUTION_DATE=2024-03-18T16:10:47.382372+00:00
AIRFLOW_CTX_DAG_RUN_ID=scheduled__2024-03-18T16:10:47.382372+00:00
[2024-03-18 16:25:17,849] {data_preprocessing.py:34} INFO - Random error: 0.22404088162863378
[2024-03-18 16:25:17,850] {data_preprocessing.py:38} INFO - Getting gold data
[2024-03-18 16:25:17,850] {data_preprocessing.py:42} INFO - Getting raw data from ml_lifecycle_airflow/in-vehicle-coupon-recommendation.csv ...
[2024-03-18 16:25:20,122] {data_preprocessing.py:89} INFO - Starting data preprocessing ...
[2024-03-18 16:25:20,259] {data_preprocessing.py:150} INFO - Data preprocessing complete

[2024-03-18 16:25:20,288] {data_preprocessing.py:168} INFO - Encoding features using hashing encoder ...
[2024-03-18 16:25:54,943] {data_preprocessing.py:168} INFO - Encoding features using hashing encoder ...
[2024-03-18 16:26:30,658] {data_preprocessing.py:63} INFO - Uploading preprocessed data to GCS ...
[2024-03-18 16:26:39,082] {python.py:175} INFO - Done. Returned value was: True
[2024-03-18 16:26:39,101] {taskinstance.py:1267} INFO - Marking task as SUCCESS. dag_id=dag_ml_life_cycle, task_id=get_gold_data, execution_date=20240318T161047, start_date=20240318T212517, end_date=20240318T212639
[2024-03-18 16:26:39,127] {local_task_job.py:154} INFO - Task exited with return code 0
[2024-03-18 16:26:39,145] {local_task_job.py:264} INFO - 1 downstream tasks scheduled from follow-on schedule check
