[2024-03-18 22:41:31,145] {taskinstance.py:1032} INFO - Dependencies all met for <TaskInstance: dag_ml_life_cycle.get_gold_data scheduled__2024-03-18T22:23:39.086022+00:00 [queued]>
[2024-03-18 22:41:31,208] {taskinstance.py:1032} INFO - Dependencies all met for <TaskInstance: dag_ml_life_cycle.get_gold_data scheduled__2024-03-18T22:23:39.086022+00:00 [queued]>
[2024-03-18 22:41:31,208] {taskinstance.py:1238} INFO - 
--------------------------------------------------------------------------------
[2024-03-18 22:41:31,208] {taskinstance.py:1239} INFO - Starting attempt 1 of 4
[2024-03-18 22:41:31,208] {taskinstance.py:1240} INFO - 
--------------------------------------------------------------------------------
[2024-03-18 22:41:31,215] {taskinstance.py:1259} INFO - Executing <Task(PythonOperator): get_gold_data> on 2024-03-18 22:23:39.086022+00:00
[2024-03-18 22:41:31,221] {standard_task_runner.py:52} INFO - Started process 5441 to run task
[2024-03-18 22:41:31,228] {standard_task_runner.py:76} INFO - Running: ['airflow', 'tasks', 'run', 'dag_ml_life_cycle', 'get_gold_data', 'scheduled__2024-03-18T22:23:39.086022+00:00', '--job-id', '270', '--raw', '--subdir', 'DAGS_FOLDER/lifecycle_ml_example/dags/dag_ml_life_cycle.py', '--cfg-path', '/var/folders/t4/c2kdpvnj6r793w3k056dkc640000gp/T/tmp62ruo1oz', '--error-file', '/var/folders/t4/c2kdpvnj6r793w3k056dkc640000gp/T/tmpi9dr41u2']
[2024-03-18 22:41:31,230] {standard_task_runner.py:77} INFO - Job 270: Subtask get_gold_data
[2024-03-18 22:41:31,268] {logging_mixin.py:109} INFO - Running <TaskInstance: dag_ml_life_cycle.get_gold_data scheduled__2024-03-18T22:23:39.086022+00:00 [running]> on host 1.0.0.127.in-addr.arpa
[2024-03-18 22:41:31,299] {taskinstance.py:1424} INFO - Exporting the following env vars:
AIRFLOW_CTX_DAG_OWNER=airflow
AIRFLOW_CTX_DAG_ID=dag_ml_life_cycle
AIRFLOW_CTX_TASK_ID=get_gold_data
AIRFLOW_CTX_EXECUTION_DATE=2024-03-18T22:23:39.086022+00:00
AIRFLOW_CTX_DAG_RUN_ID=scheduled__2024-03-18T22:23:39.086022+00:00
[2024-03-18 22:41:31,300] {data_preprocessing.py:34} INFO - Random error: 0.2061295897091323
[2024-03-18 22:41:31,301] {data_preprocessing.py:38} INFO - Getting gold data
[2024-03-18 22:41:31,301] {data_preprocessing.py:42} INFO - Getting raw data from ml_lifecycle_airflow/in-vehicle-coupon-recommendation.csv ...
[2024-03-18 22:41:33,602] {data_preprocessing.py:89} INFO - Starting data preprocessing ...
[2024-03-18 22:41:33,727] {data_preprocessing.py:150} INFO - Data preprocessing complete

[2024-03-18 22:41:33,754] {data_preprocessing.py:168} INFO - Encoding features using hashing encoder ...
[2024-03-18 22:47:04,163] {data_preprocessing.py:168} INFO - Encoding features using hashing encoder ...
[2024-03-18 23:06:36,016] {data_preprocessing.py:63} INFO - Uploading preprocessed data to GCS ...
[2024-03-18 23:06:48,459] {python.py:175} INFO - Done. Returned value was: True
[2024-03-18 23:06:48,559] {taskinstance.py:1267} INFO - Marking task as SUCCESS. dag_id=dag_ml_life_cycle, task_id=get_gold_data, execution_date=20240318T222339, start_date=20240319T034131, end_date=20240319T040648
[2024-03-18 23:06:48,610] {local_task_job.py:154} INFO - Task exited with return code 0
[2024-03-18 23:06:48,688] {local_task_job.py:264} INFO - 1 downstream tasks scheduled from follow-on schedule check
