[2024-03-13 15:45:31,199] {taskinstance.py:1032} INFO - Dependencies all met for <TaskInstance: dag_ml_life_cycle.make_training manual__2024-03-13T20:41:36.827716+00:00 [queued]>
[2024-03-13 15:45:31,273] {taskinstance.py:1032} INFO - Dependencies all met for <TaskInstance: dag_ml_life_cycle.make_training manual__2024-03-13T20:41:36.827716+00:00 [queued]>
[2024-03-13 15:45:31,273] {taskinstance.py:1238} INFO - 
--------------------------------------------------------------------------------
[2024-03-13 15:45:31,273] {taskinstance.py:1239} INFO - Starting attempt 1 of 1
[2024-03-13 15:45:31,273] {taskinstance.py:1240} INFO - 
--------------------------------------------------------------------------------
[2024-03-13 15:45:31,280] {taskinstance.py:1259} INFO - Executing <Task(PythonOperator): make_training> on 2024-03-13 20:41:36.827716+00:00
[2024-03-13 15:45:31,287] {standard_task_runner.py:52} INFO - Started process 89554 to run task
[2024-03-13 15:45:31,293] {standard_task_runner.py:76} INFO - Running: ['airflow', 'tasks', 'run', 'dag_ml_life_cycle', 'make_training', 'manual__2024-03-13T20:41:36.827716+00:00', '--job-id', '9', '--raw', '--subdir', 'DAGS_FOLDER/lifecycle_ml_example/dags/dag_ml_life_cycle.py', '--cfg-path', '/var/folders/t4/c2kdpvnj6r793w3k056dkc640000gp/T/tmp8lfq46q4', '--error-file', '/var/folders/t4/c2kdpvnj6r793w3k056dkc640000gp/T/tmp3r0i2sf8']
[2024-03-13 15:45:31,296] {standard_task_runner.py:77} INFO - Job 9: Subtask make_training
[2024-03-13 15:45:31,335] {logging_mixin.py:109} INFO - Running <TaskInstance: dag_ml_life_cycle.make_training manual__2024-03-13T20:41:36.827716+00:00 [running]> on host 1.0.0.0.0.0.0.0.0.0.0.0.0.0.0.0.0.0.0.0.0.0.0.0.0.0.0.0.0.0.0.0.ip6.arpa
[2024-03-13 15:45:31,364] {taskinstance.py:1424} INFO - Exporting the following env vars:
AIRFLOW_CTX_DAG_EMAIL=airflow@example.com
AIRFLOW_CTX_DAG_OWNER=airflow
AIRFLOW_CTX_DAG_ID=dag_ml_life_cycle
AIRFLOW_CTX_TASK_ID=make_training
AIRFLOW_CTX_EXECUTION_DATE=2024-03-13T20:41:36.827716+00:00
AIRFLOW_CTX_DAG_RUN_ID=manual__2024-03-13T20:41:36.827716+00:00
[2024-03-13 15:45:31,365] {training.py:31} INFO - Get training data for xgboost model ...
[2024-03-13 15:45:35,794] {training.py:41} INFO - Training xgboost model.
[2024-03-13 15:45:35,804] {logging_mixin.py:109} WARNING - /Users/macbook/anaconda3/envs/airflow_env/lib/python3.9/site-packages/xgboost/sklearn.py:1395 UserWarning: `use_label_encoder` is deprecated in 1.7.0.
[2024-03-13 15:45:36,190] {training.py:89} INFO - Model saved at /Users/macbook/Desktop/airflow_tutorial/airflow/dags/lifecycle_ml_example/artifacts/model.pkl
[2024-03-13 15:45:36,191] {training.py:62} INFO - Saving xgboost model to artifacts/model.pkl ...
[2024-03-13 15:45:38,994] {logging_mixin.py:109} INFO - File: /Users/macbook/Desktop/airflow_tutorial/airflow/dags/lifecycle_ml_example/artifacts/model.pkl upload to artifacts/model.pkl.
[2024-03-13 15:45:38,995] {python.py:175} INFO - Done. Returned value was: True
[2024-03-13 15:45:39,009] {taskinstance.py:1267} INFO - Marking task as SUCCESS. dag_id=dag_ml_life_cycle, task_id=make_training, execution_date=20240313T204136, start_date=20240313T204531, end_date=20240313T204539
[2024-03-13 15:45:39,033] {local_task_job.py:154} INFO - Task exited with return code 0
[2024-03-13 15:45:39,050] {local_task_job.py:264} INFO - 1 downstream tasks scheduled from follow-on schedule check
