[2024-03-12 10:34:07,626] {taskinstance.py:1032} INFO - Dependencies all met for <TaskInstance: tutorial_juan_change_folder.print_date manual__2024-03-12T15:34:05.152286+00:00 [queued]>
[2024-03-12 10:34:07,630] {taskinstance.py:1032} INFO - Dependencies all met for <TaskInstance: tutorial_juan_change_folder.print_date manual__2024-03-12T15:34:05.152286+00:00 [queued]>
[2024-03-12 10:34:07,630] {taskinstance.py:1238} INFO - 
--------------------------------------------------------------------------------
[2024-03-12 10:34:07,630] {taskinstance.py:1239} INFO - Starting attempt 1 of 2
[2024-03-12 10:34:07,630] {taskinstance.py:1240} INFO - 
--------------------------------------------------------------------------------
[2024-03-12 10:34:07,636] {taskinstance.py:1259} INFO - Executing <Task(BashOperator): print_date> on 2024-03-12 15:34:05.152286+00:00
[2024-03-12 10:34:07,639] {standard_task_runner.py:52} INFO - Started process 90337 to run task
[2024-03-12 10:34:07,644] {standard_task_runner.py:76} INFO - Running: ['airflow', 'tasks', 'run', 'tutorial_juan_change_folder', 'print_date', 'manual__2024-03-12T15:34:05.152286+00:00', '--job-id', '6', '--raw', '--subdir', 'DAGS_FOLDER/tutorial_0.py', '--cfg-path', '/var/folders/t4/c2kdpvnj6r793w3k056dkc640000gp/T/tmp933v1oej', '--error-file', '/var/folders/t4/c2kdpvnj6r793w3k056dkc640000gp/T/tmp7zwa2enu']
[2024-03-12 10:34:07,645] {standard_task_runner.py:77} INFO - Job 6: Subtask print_date
[2024-03-12 10:34:07,678] {logging_mixin.py:109} INFO - Running <TaskInstance: tutorial_juan_change_folder.print_date manual__2024-03-12T15:34:05.152286+00:00 [running]> on host 1.0.0.0.0.0.0.0.0.0.0.0.0.0.0.0.0.0.0.0.0.0.0.0.0.0.0.0.0.0.0.0.ip6.arpa
[2024-03-12 10:34:07,705] {taskinstance.py:1424} INFO - Exporting the following env vars:
AIRFLOW_CTX_DAG_EMAIL=airflow@example.com
AIRFLOW_CTX_DAG_OWNER=airflow
AIRFLOW_CTX_DAG_ID=tutorial_juan_change_folder
AIRFLOW_CTX_TASK_ID=print_date
AIRFLOW_CTX_EXECUTION_DATE=2024-03-12T15:34:05.152286+00:00
AIRFLOW_CTX_DAG_RUN_ID=manual__2024-03-12T15:34:05.152286+00:00
[2024-03-12 10:34:07,706] {subprocess.py:62} INFO - Tmp dir root location: 
 /var/folders/t4/c2kdpvnj6r793w3k056dkc640000gp/T
[2024-03-12 10:34:07,706] {subprocess.py:74} INFO - Running command: ['bash', '-c', 'date']
[2024-03-12 10:34:07,712] {subprocess.py:85} INFO - Output:
[2024-03-12 10:34:07,719] {subprocess.py:89} INFO - Tue Mar 12 10:34:07 -05 2024
[2024-03-12 10:34:07,719] {subprocess.py:93} INFO - Command exited with return code 0
[2024-03-12 10:34:07,731] {taskinstance.py:1267} INFO - Marking task as SUCCESS. dag_id=tutorial_juan_change_folder, task_id=print_date, execution_date=20240312T153405, start_date=20240312T153407, end_date=20240312T153407
[2024-03-12 10:34:07,780] {local_task_job.py:154} INFO - Task exited with return code 0
[2024-03-12 10:34:07,794] {local_task_job.py:264} INFO - 2 downstream tasks scheduled from follow-on schedule check
