[2024-03-14 15:42:13,689] {taskinstance.py:1032} INFO - Dependencies all met for <TaskInstance: dag_ml_life_cycle.get_gold_data scheduled__2024-03-13T20:42:08.635057+00:00 [queued]>
[2024-03-14 15:42:13,749] {taskinstance.py:1032} INFO - Dependencies all met for <TaskInstance: dag_ml_life_cycle.get_gold_data scheduled__2024-03-13T20:42:08.635057+00:00 [queued]>
[2024-03-14 15:42:13,749] {taskinstance.py:1238} INFO - 
--------------------------------------------------------------------------------
[2024-03-14 15:42:13,749] {taskinstance.py:1239} INFO - Starting attempt 1 of 1
[2024-03-14 15:42:13,749] {taskinstance.py:1240} INFO - 
--------------------------------------------------------------------------------
[2024-03-14 15:42:13,757] {taskinstance.py:1259} INFO - Executing <Task(PythonOperator): get_gold_data> on 2024-03-13 20:42:08.635057+00:00
[2024-03-14 15:42:13,764] {standard_task_runner.py:52} INFO - Started process 18415 to run task
[2024-03-14 15:42:13,770] {standard_task_runner.py:76} INFO - Running: ['airflow', 'tasks', 'run', 'dag_ml_life_cycle', 'get_gold_data', 'scheduled__2024-03-13T20:42:08.635057+00:00', '--job-id', '16', '--raw', '--subdir', 'DAGS_FOLDER/lifecycle_ml_example/dags/dag_ml_life_cycle.py', '--cfg-path', '/var/folders/t4/c2kdpvnj6r793w3k056dkc640000gp/T/tmpcrjjflvr', '--error-file', '/var/folders/t4/c2kdpvnj6r793w3k056dkc640000gp/T/tmpw2anp8gy']
[2024-03-14 15:42:13,772] {standard_task_runner.py:77} INFO - Job 16: Subtask get_gold_data
[2024-03-14 15:42:13,812] {logging_mixin.py:109} INFO - Running <TaskInstance: dag_ml_life_cycle.get_gold_data scheduled__2024-03-13T20:42:08.635057+00:00 [running]> on host MacBook-Pro-2.local
[2024-03-14 15:42:13,840] {taskinstance.py:1424} INFO - Exporting the following env vars:
AIRFLOW_CTX_DAG_EMAIL=airflow@example.com
AIRFLOW_CTX_DAG_OWNER=airflow
AIRFLOW_CTX_DAG_ID=dag_ml_life_cycle
AIRFLOW_CTX_TASK_ID=get_gold_data
AIRFLOW_CTX_EXECUTION_DATE=2024-03-13T20:42:08.635057+00:00
AIRFLOW_CTX_DAG_RUN_ID=scheduled__2024-03-13T20:42:08.635057+00:00
[2024-03-14 15:42:13,841] {data_preprocessing.py:29} INFO - Getting gold data
[2024-03-14 15:42:13,841] {data_preprocessing.py:33} INFO - Getting raw data from ml_lifecycle_airflow/in-vehicle-coupon-recommendation.csv ...
[2024-03-14 15:42:18,752] {data_preprocessing.py:80} INFO - Starting data preprocessing ...
[2024-03-14 15:42:18,900] {data_preprocessing.py:141} INFO - Data preprocessing complete

[2024-03-14 15:42:18,936] {data_preprocessing.py:159} INFO - Encoding features using hashing encoder ...
[2024-03-14 15:42:56,459] {data_preprocessing.py:159} INFO - Encoding features using hashing encoder ...
[2024-03-14 15:43:33,093] {data_preprocessing.py:54} INFO - Uploading preprocessed data to GCS ...
[2024-03-14 15:43:43,511] {python.py:175} INFO - Done. Returned value was: True
[2024-03-14 15:43:43,542] {taskinstance.py:1267} INFO - Marking task as SUCCESS. dag_id=dag_ml_life_cycle, task_id=get_gold_data, execution_date=20240313T204208, start_date=20240314T204213, end_date=20240314T204343
[2024-03-14 15:43:43,581] {local_task_job.py:154} INFO - Task exited with return code 0
[2024-03-14 15:43:43,601] {local_task_job.py:264} INFO - 1 downstream tasks scheduled from follow-on schedule check
