[2024-03-12 12:00:22,255] {taskinstance.py:1032} INFO - Dependencies all met for <TaskInstance: tutorial_juan_change_folder_v2.print_date scheduled__2024-03-11T17:00:00.973403+00:00 [queued]>
[2024-03-12 12:00:22,260] {taskinstance.py:1032} INFO - Dependencies all met for <TaskInstance: tutorial_juan_change_folder_v2.print_date scheduled__2024-03-11T17:00:00.973403+00:00 [queued]>
[2024-03-12 12:00:22,260] {taskinstance.py:1238} INFO - 
--------------------------------------------------------------------------------
[2024-03-12 12:00:22,260] {taskinstance.py:1239} INFO - Starting attempt 1 of 2
[2024-03-12 12:00:22,260] {taskinstance.py:1240} INFO - 
--------------------------------------------------------------------------------
[2024-03-12 12:00:22,266] {taskinstance.py:1259} INFO - Executing <Task(BashOperator): print_date> on 2024-03-11 17:00:00.973403+00:00
[2024-03-12 12:00:22,269] {standard_task_runner.py:52} INFO - Started process 51856 to run task
[2024-03-12 12:00:22,274] {standard_task_runner.py:76} INFO - Running: ['airflow', 'tasks', 'run', 'tutorial_juan_change_folder_v2', 'print_date', 'scheduled__2024-03-11T17:00:00.973403+00:00', '--job-id', '3', '--raw', '--subdir', 'DAGS_FOLDER/tutorial_0.py', '--cfg-path', '/var/folders/t4/c2kdpvnj6r793w3k056dkc640000gp/T/tmpsupvn6zt', '--error-file', '/var/folders/t4/c2kdpvnj6r793w3k056dkc640000gp/T/tmpwfpkp2um']
[2024-03-12 12:00:22,276] {standard_task_runner.py:77} INFO - Job 3: Subtask print_date
[2024-03-12 12:00:22,308] {logging_mixin.py:109} INFO - Running <TaskInstance: tutorial_juan_change_folder_v2.print_date scheduled__2024-03-11T17:00:00.973403+00:00 [running]> on host 1.0.0.0.0.0.0.0.0.0.0.0.0.0.0.0.0.0.0.0.0.0.0.0.0.0.0.0.0.0.0.0.ip6.arpa
[2024-03-12 12:00:22,331] {taskinstance.py:1424} INFO - Exporting the following env vars:
AIRFLOW_CTX_DAG_EMAIL=airflow@example.com
AIRFLOW_CTX_DAG_OWNER=airflow
AIRFLOW_CTX_DAG_ID=tutorial_juan_change_folder_v2
AIRFLOW_CTX_TASK_ID=print_date
AIRFLOW_CTX_EXECUTION_DATE=2024-03-11T17:00:00.973403+00:00
AIRFLOW_CTX_DAG_RUN_ID=scheduled__2024-03-11T17:00:00.973403+00:00
[2024-03-12 12:00:22,332] {subprocess.py:62} INFO - Tmp dir root location: 
 /var/folders/t4/c2kdpvnj6r793w3k056dkc640000gp/T
[2024-03-12 12:00:22,333] {subprocess.py:74} INFO - Running command: ['bash', '-c', 'date']
[2024-03-12 12:00:22,345] {subprocess.py:85} INFO - Output:
[2024-03-12 12:00:22,356] {subprocess.py:89} INFO - Tue Mar 12 12:00:22 -05 2024
[2024-03-12 12:00:22,356] {subprocess.py:93} INFO - Command exited with return code 0
[2024-03-12 12:00:22,369] {taskinstance.py:1267} INFO - Marking task as SUCCESS. dag_id=tutorial_juan_change_folder_v2, task_id=print_date, execution_date=20240311T170000, start_date=20240312T170022, end_date=20240312T170022
[2024-03-12 12:00:22,414] {local_task_job.py:154} INFO - Task exited with return code 0
[2024-03-12 12:00:22,430] {local_task_job.py:264} INFO - 2 downstream tasks scheduled from follow-on schedule check
