[2024-03-18 15:26:58,789] {taskinstance.py:1032} INFO - Dependencies all met for <TaskInstance: dag_ml_life_cycle.get_gold_data scheduled__2024-03-18T15:15:47.382372+00:00 [queued]>
[2024-03-18 15:26:58,946] {taskinstance.py:1032} INFO - Dependencies all met for <TaskInstance: dag_ml_life_cycle.get_gold_data scheduled__2024-03-18T15:15:47.382372+00:00 [queued]>
[2024-03-18 15:26:58,946] {taskinstance.py:1238} INFO - 
--------------------------------------------------------------------------------
[2024-03-18 15:26:58,946] {taskinstance.py:1239} INFO - Starting attempt 1 of 4
[2024-03-18 15:26:58,947] {taskinstance.py:1240} INFO - 
--------------------------------------------------------------------------------
[2024-03-18 15:26:58,967] {taskinstance.py:1259} INFO - Executing <Task(PythonOperator): get_gold_data> on 2024-03-18 15:15:47.382372+00:00
[2024-03-18 15:26:58,982] {standard_task_runner.py:52} INFO - Started process 36998 to run task
[2024-03-18 15:26:59,000] {standard_task_runner.py:76} INFO - Running: ['airflow', 'tasks', 'run', 'dag_ml_life_cycle', 'get_gold_data', 'scheduled__2024-03-18T15:15:47.382372+00:00', '--job-id', '20', '--raw', '--subdir', 'DAGS_FOLDER/lifecycle_ml_example/dags/dag_ml_life_cycle.py', '--cfg-path', '/var/folders/t4/c2kdpvnj6r793w3k056dkc640000gp/T/tmpma8v6bce', '--error-file', '/var/folders/t4/c2kdpvnj6r793w3k056dkc640000gp/T/tmpu_1mhmma']
[2024-03-18 15:26:59,006] {standard_task_runner.py:77} INFO - Job 20: Subtask get_gold_data
[2024-03-18 15:26:59,139] {logging_mixin.py:109} INFO - Running <TaskInstance: dag_ml_life_cycle.get_gold_data scheduled__2024-03-18T15:15:47.382372+00:00 [running]> on host 1.0.0.127.in-addr.arpa
[2024-03-18 15:26:59,235] {taskinstance.py:1424} INFO - Exporting the following env vars:
AIRFLOW_CTX_DAG_OWNER=airflow
AIRFLOW_CTX_DAG_ID=dag_ml_life_cycle
AIRFLOW_CTX_TASK_ID=get_gold_data
AIRFLOW_CTX_EXECUTION_DATE=2024-03-18T15:15:47.382372+00:00
AIRFLOW_CTX_DAG_RUN_ID=scheduled__2024-03-18T15:15:47.382372+00:00
[2024-03-18 15:26:59,238] {data_preprocessing.py:34} INFO - Random error: 0.019227801825168367
[2024-03-18 15:26:59,240] {data_preprocessing.py:38} INFO - Getting gold data
[2024-03-18 15:26:59,241] {data_preprocessing.py:42} INFO - Getting raw data from ml_lifecycle_airflow/in-vehicle-coupon-recommendation.csv ...
[2024-03-18 15:27:05,399] {data_preprocessing.py:89} INFO - Starting data preprocessing ...
[2024-03-18 15:27:06,000] {data_preprocessing.py:150} INFO - Data preprocessing complete

[2024-03-18 15:27:06,129] {data_preprocessing.py:168} INFO - Encoding features using hashing encoder ...
[2024-03-18 15:31:02,585] {data_preprocessing.py:168} INFO - Encoding features using hashing encoder ...
[2024-03-18 15:32:46,030] {data_preprocessing.py:63} INFO - Uploading preprocessed data to GCS ...
[2024-03-18 15:33:01,661] {python.py:175} INFO - Done. Returned value was: True
[2024-03-18 15:33:01,694] {taskinstance.py:1267} INFO - Marking task as SUCCESS. dag_id=dag_ml_life_cycle, task_id=get_gold_data, execution_date=20240318T151547, start_date=20240318T202658, end_date=20240318T203301
[2024-03-18 15:33:01,745] {local_task_job.py:154} INFO - Task exited with return code 0
[2024-03-18 15:33:01,781] {local_task_job.py:264} INFO - 1 downstream tasks scheduled from follow-on schedule check
