[2024-03-20 00:16:38,327] {processor.py:163} INFO - Started process (PID=35090) to work on /Users/macbook/anaconda3/envs/airflow_env/lib/python3.9/site-packages/airflow/example_dags/example_time_delta_sensor_async.py
[2024-03-20 00:16:38,328] {processor.py:642} INFO - Processing file /Users/macbook/anaconda3/envs/airflow_env/lib/python3.9/site-packages/airflow/example_dags/example_time_delta_sensor_async.py for tasks to queue
[2024-03-20 00:16:38,328] {logging_mixin.py:109} INFO - [2024-03-20 00:16:38,328] {dagbag.py:500} INFO - Filling up the DagBag from /Users/macbook/anaconda3/envs/airflow_env/lib/python3.9/site-packages/airflow/example_dags/example_time_delta_sensor_async.py
[2024-03-20 00:16:38,362] {processor.py:654} INFO - DAG(s) dict_keys(['example_time_delta_sensor_async']) retrieved from /Users/macbook/anaconda3/envs/airflow_env/lib/python3.9/site-packages/airflow/example_dags/example_time_delta_sensor_async.py
[2024-03-20 00:16:38,380] {logging_mixin.py:109} INFO - [2024-03-20 00:16:38,379] {dag.py:2396} INFO - Sync 1 DAGs
[2024-03-20 00:16:38,390] {logging_mixin.py:109} INFO - [2024-03-20 00:16:38,390] {dag.py:2935} INFO - Setting next_dagrun for example_time_delta_sensor_async to None
[2024-03-20 00:16:38,399] {processor.py:171} INFO - Processing /Users/macbook/anaconda3/envs/airflow_env/lib/python3.9/site-packages/airflow/example_dags/example_time_delta_sensor_async.py took 0.073 seconds
[2024-03-20 00:25:22,948] {processor.py:163} INFO - Started process (PID=48575) to work on /Users/macbook/anaconda3/envs/airflow_env/lib/python3.9/site-packages/airflow/example_dags/example_time_delta_sensor_async.py
[2024-03-20 00:25:22,948] {processor.py:642} INFO - Processing file /Users/macbook/anaconda3/envs/airflow_env/lib/python3.9/site-packages/airflow/example_dags/example_time_delta_sensor_async.py for tasks to queue
[2024-03-20 00:25:22,949] {logging_mixin.py:109} INFO - [2024-03-20 00:25:22,949] {dagbag.py:500} INFO - Filling up the DagBag from /Users/macbook/anaconda3/envs/airflow_env/lib/python3.9/site-packages/airflow/example_dags/example_time_delta_sensor_async.py
[2024-03-20 00:25:22,981] {processor.py:654} INFO - DAG(s) dict_keys(['example_time_delta_sensor_async']) retrieved from /Users/macbook/anaconda3/envs/airflow_env/lib/python3.9/site-packages/airflow/example_dags/example_time_delta_sensor_async.py
[2024-03-20 00:25:22,998] {logging_mixin.py:109} INFO - [2024-03-20 00:25:22,998] {dag.py:2396} INFO - Sync 1 DAGs
[2024-03-20 00:25:23,008] {logging_mixin.py:109} INFO - [2024-03-20 00:25:23,008] {dag.py:2935} INFO - Setting next_dagrun for example_time_delta_sensor_async to None
[2024-03-20 00:25:23,016] {processor.py:171} INFO - Processing /Users/macbook/anaconda3/envs/airflow_env/lib/python3.9/site-packages/airflow/example_dags/example_time_delta_sensor_async.py took 0.068 seconds
[2024-03-20 00:34:07,120] {processor.py:163} INFO - Started process (PID=60467) to work on /Users/macbook/anaconda3/envs/airflow_env/lib/python3.9/site-packages/airflow/example_dags/example_time_delta_sensor_async.py
[2024-03-20 00:34:07,120] {processor.py:642} INFO - Processing file /Users/macbook/anaconda3/envs/airflow_env/lib/python3.9/site-packages/airflow/example_dags/example_time_delta_sensor_async.py for tasks to queue
[2024-03-20 00:34:07,121] {logging_mixin.py:109} INFO - [2024-03-20 00:34:07,121] {dagbag.py:500} INFO - Filling up the DagBag from /Users/macbook/anaconda3/envs/airflow_env/lib/python3.9/site-packages/airflow/example_dags/example_time_delta_sensor_async.py
[2024-03-20 00:34:09,597] {processor.py:654} INFO - DAG(s) dict_keys(['example_time_delta_sensor_async']) retrieved from /Users/macbook/anaconda3/envs/airflow_env/lib/python3.9/site-packages/airflow/example_dags/example_time_delta_sensor_async.py
[2024-03-20 00:34:09,621] {logging_mixin.py:109} INFO - [2024-03-20 00:34:09,620] {dag.py:2396} INFO - Sync 1 DAGs
[2024-03-20 00:34:09,649] {logging_mixin.py:109} INFO - [2024-03-20 00:34:09,649] {dag.py:2935} INFO - Setting next_dagrun for example_time_delta_sensor_async to None
[2024-03-20 00:34:09,661] {processor.py:171} INFO - Processing /Users/macbook/anaconda3/envs/airflow_env/lib/python3.9/site-packages/airflow/example_dags/example_time_delta_sensor_async.py took 2.542 seconds
[2024-03-20 07:58:40,443] {processor.py:163} INFO - Started process (PID=11056) to work on /Users/macbook/anaconda3/envs/airflow_env/lib/python3.9/site-packages/airflow/example_dags/example_time_delta_sensor_async.py
[2024-03-20 07:58:40,443] {processor.py:642} INFO - Processing file /Users/macbook/anaconda3/envs/airflow_env/lib/python3.9/site-packages/airflow/example_dags/example_time_delta_sensor_async.py for tasks to queue
[2024-03-20 07:58:40,444] {logging_mixin.py:109} INFO - [2024-03-20 07:58:40,444] {dagbag.py:500} INFO - Filling up the DagBag from /Users/macbook/anaconda3/envs/airflow_env/lib/python3.9/site-packages/airflow/example_dags/example_time_delta_sensor_async.py
[2024-03-20 07:58:40,467] {processor.py:654} INFO - DAG(s) dict_keys(['example_time_delta_sensor_async']) retrieved from /Users/macbook/anaconda3/envs/airflow_env/lib/python3.9/site-packages/airflow/example_dags/example_time_delta_sensor_async.py
[2024-03-20 07:58:40,480] {logging_mixin.py:109} INFO - [2024-03-20 07:58:40,480] {dag.py:2396} INFO - Sync 1 DAGs
[2024-03-20 07:58:40,488] {logging_mixin.py:109} INFO - [2024-03-20 07:58:40,488] {dag.py:2935} INFO - Setting next_dagrun for example_time_delta_sensor_async to None
[2024-03-20 07:58:40,493] {processor.py:171} INFO - Processing /Users/macbook/anaconda3/envs/airflow_env/lib/python3.9/site-packages/airflow/example_dags/example_time_delta_sensor_async.py took 0.051 seconds
[2024-03-20 08:08:37,477] {processor.py:163} INFO - Started process (PID=27547) to work on /Users/macbook/anaconda3/envs/airflow_env/lib/python3.9/site-packages/airflow/example_dags/example_time_delta_sensor_async.py
[2024-03-20 08:08:37,477] {processor.py:642} INFO - Processing file /Users/macbook/anaconda3/envs/airflow_env/lib/python3.9/site-packages/airflow/example_dags/example_time_delta_sensor_async.py for tasks to queue
[2024-03-20 08:08:37,478] {logging_mixin.py:109} INFO - [2024-03-20 08:08:37,478] {dagbag.py:500} INFO - Filling up the DagBag from /Users/macbook/anaconda3/envs/airflow_env/lib/python3.9/site-packages/airflow/example_dags/example_time_delta_sensor_async.py
[2024-03-20 08:08:37,504] {processor.py:654} INFO - DAG(s) dict_keys(['example_time_delta_sensor_async']) retrieved from /Users/macbook/anaconda3/envs/airflow_env/lib/python3.9/site-packages/airflow/example_dags/example_time_delta_sensor_async.py
[2024-03-20 08:08:37,518] {logging_mixin.py:109} INFO - [2024-03-20 08:08:37,517] {dag.py:2396} INFO - Sync 1 DAGs
[2024-03-20 08:08:37,525] {logging_mixin.py:109} INFO - [2024-03-20 08:08:37,525] {dag.py:2935} INFO - Setting next_dagrun for example_time_delta_sensor_async to None
[2024-03-20 08:08:37,531] {processor.py:171} INFO - Processing /Users/macbook/anaconda3/envs/airflow_env/lib/python3.9/site-packages/airflow/example_dags/example_time_delta_sensor_async.py took 0.054 seconds
