[2024-03-20 00:18:18,477] {processor.py:163} INFO - Started process (PID=37523) to work on /Users/macbook/anaconda3/envs/airflow_env/lib/python3.9/site-packages/airflow/example_dags/example_python_operator.py
[2024-03-20 00:18:18,478] {processor.py:642} INFO - Processing file /Users/macbook/anaconda3/envs/airflow_env/lib/python3.9/site-packages/airflow/example_dags/example_python_operator.py for tasks to queue
[2024-03-20 00:18:18,478] {logging_mixin.py:109} INFO - [2024-03-20 00:18:18,478] {dagbag.py:500} INFO - Filling up the DagBag from /Users/macbook/anaconda3/envs/airflow_env/lib/python3.9/site-packages/airflow/example_dags/example_python_operator.py
[2024-03-20 00:18:18,528] {processor.py:654} INFO - DAG(s) dict_keys(['example_python_operator']) retrieved from /Users/macbook/anaconda3/envs/airflow_env/lib/python3.9/site-packages/airflow/example_dags/example_python_operator.py
[2024-03-20 00:18:18,548] {logging_mixin.py:109} INFO - [2024-03-20 00:18:18,547] {dag.py:2396} INFO - Sync 1 DAGs
[2024-03-20 00:18:18,557] {logging_mixin.py:109} INFO - [2024-03-20 00:18:18,557] {dag.py:2935} INFO - Setting next_dagrun for example_python_operator to None
[2024-03-20 00:18:18,564] {processor.py:171} INFO - Processing /Users/macbook/anaconda3/envs/airflow_env/lib/python3.9/site-packages/airflow/example_dags/example_python_operator.py took 0.088 seconds
[2024-03-20 00:25:45,757] {processor.py:163} INFO - Started process (PID=49103) to work on /Users/macbook/anaconda3/envs/airflow_env/lib/python3.9/site-packages/airflow/example_dags/example_python_operator.py
[2024-03-20 00:25:45,757] {processor.py:642} INFO - Processing file /Users/macbook/anaconda3/envs/airflow_env/lib/python3.9/site-packages/airflow/example_dags/example_python_operator.py for tasks to queue
[2024-03-20 00:25:45,757] {logging_mixin.py:109} INFO - [2024-03-20 00:25:45,757] {dagbag.py:500} INFO - Filling up the DagBag from /Users/macbook/anaconda3/envs/airflow_env/lib/python3.9/site-packages/airflow/example_dags/example_python_operator.py
[2024-03-20 00:25:45,807] {processor.py:654} INFO - DAG(s) dict_keys(['example_python_operator']) retrieved from /Users/macbook/anaconda3/envs/airflow_env/lib/python3.9/site-packages/airflow/example_dags/example_python_operator.py
[2024-03-20 00:25:45,826] {logging_mixin.py:109} INFO - [2024-03-20 00:25:45,826] {dag.py:2396} INFO - Sync 1 DAGs
[2024-03-20 00:25:45,835] {logging_mixin.py:109} INFO - [2024-03-20 00:25:45,835] {dag.py:2935} INFO - Setting next_dagrun for example_python_operator to None
[2024-03-20 00:25:45,842] {processor.py:171} INFO - Processing /Users/macbook/anaconda3/envs/airflow_env/lib/python3.9/site-packages/airflow/example_dags/example_python_operator.py took 0.086 seconds
[2024-03-20 06:19:27,276] {processor.py:163} INFO - Started process (PID=61141) to work on /Users/macbook/anaconda3/envs/airflow_env/lib/python3.9/site-packages/airflow/example_dags/example_python_operator.py
[2024-03-20 06:19:27,277] {processor.py:642} INFO - Processing file /Users/macbook/anaconda3/envs/airflow_env/lib/python3.9/site-packages/airflow/example_dags/example_python_operator.py for tasks to queue
[2024-03-20 06:19:27,277] {logging_mixin.py:109} INFO - [2024-03-20 06:19:27,277] {dagbag.py:500} INFO - Filling up the DagBag from /Users/macbook/anaconda3/envs/airflow_env/lib/python3.9/site-packages/airflow/example_dags/example_python_operator.py
[2024-03-20 06:19:27,331] {processor.py:654} INFO - DAG(s) dict_keys(['example_python_operator']) retrieved from /Users/macbook/anaconda3/envs/airflow_env/lib/python3.9/site-packages/airflow/example_dags/example_python_operator.py
[2024-03-20 06:19:27,354] {logging_mixin.py:109} INFO - [2024-03-20 06:19:27,353] {dag.py:2396} INFO - Sync 1 DAGs
[2024-03-20 06:19:27,368] {logging_mixin.py:109} INFO - [2024-03-20 06:19:27,368] {dag.py:2935} INFO - Setting next_dagrun for example_python_operator to None
[2024-03-20 06:19:27,377] {processor.py:171} INFO - Processing /Users/macbook/anaconda3/envs/airflow_env/lib/python3.9/site-packages/airflow/example_dags/example_python_operator.py took 0.101 seconds
[2024-03-20 07:58:57,174] {processor.py:163} INFO - Started process (PID=11454) to work on /Users/macbook/anaconda3/envs/airflow_env/lib/python3.9/site-packages/airflow/example_dags/example_python_operator.py
[2024-03-20 07:58:57,175] {processor.py:642} INFO - Processing file /Users/macbook/anaconda3/envs/airflow_env/lib/python3.9/site-packages/airflow/example_dags/example_python_operator.py for tasks to queue
[2024-03-20 07:58:57,175] {logging_mixin.py:109} INFO - [2024-03-20 07:58:57,175] {dagbag.py:500} INFO - Filling up the DagBag from /Users/macbook/anaconda3/envs/airflow_env/lib/python3.9/site-packages/airflow/example_dags/example_python_operator.py
[2024-03-20 07:58:57,208] {processor.py:654} INFO - DAG(s) dict_keys(['example_python_operator']) retrieved from /Users/macbook/anaconda3/envs/airflow_env/lib/python3.9/site-packages/airflow/example_dags/example_python_operator.py
[2024-03-20 07:58:57,220] {logging_mixin.py:109} INFO - [2024-03-20 07:58:57,220] {dag.py:2396} INFO - Sync 1 DAGs
[2024-03-20 07:58:57,227] {logging_mixin.py:109} INFO - [2024-03-20 07:58:57,227] {dag.py:2935} INFO - Setting next_dagrun for example_python_operator to None
[2024-03-20 07:58:57,232] {processor.py:171} INFO - Processing /Users/macbook/anaconda3/envs/airflow_env/lib/python3.9/site-packages/airflow/example_dags/example_python_operator.py took 0.059 seconds
[2024-03-20 08:08:55,763] {processor.py:163} INFO - Started process (PID=27986) to work on /Users/macbook/anaconda3/envs/airflow_env/lib/python3.9/site-packages/airflow/example_dags/example_python_operator.py
[2024-03-20 08:08:55,764] {processor.py:642} INFO - Processing file /Users/macbook/anaconda3/envs/airflow_env/lib/python3.9/site-packages/airflow/example_dags/example_python_operator.py for tasks to queue
[2024-03-20 08:08:55,764] {logging_mixin.py:109} INFO - [2024-03-20 08:08:55,764] {dagbag.py:500} INFO - Filling up the DagBag from /Users/macbook/anaconda3/envs/airflow_env/lib/python3.9/site-packages/airflow/example_dags/example_python_operator.py
[2024-03-20 08:08:55,799] {processor.py:654} INFO - DAG(s) dict_keys(['example_python_operator']) retrieved from /Users/macbook/anaconda3/envs/airflow_env/lib/python3.9/site-packages/airflow/example_dags/example_python_operator.py
[2024-03-20 08:08:55,812] {logging_mixin.py:109} INFO - [2024-03-20 08:08:55,812] {dag.py:2396} INFO - Sync 1 DAGs
[2024-03-20 08:08:55,818] {logging_mixin.py:109} INFO - [2024-03-20 08:08:55,818] {dag.py:2935} INFO - Setting next_dagrun for example_python_operator to None
[2024-03-20 08:08:55,824] {processor.py:171} INFO - Processing /Users/macbook/anaconda3/envs/airflow_env/lib/python3.9/site-packages/airflow/example_dags/example_python_operator.py took 0.061 seconds
