[2024-03-20 00:18:10,753] {processor.py:163} INFO - Started process (PID=37346) to work on /Users/macbook/anaconda3/envs/airflow_env/lib/python3.9/site-packages/airflow/example_dags/example_skip_dag.py
[2024-03-20 00:18:10,753] {processor.py:642} INFO - Processing file /Users/macbook/anaconda3/envs/airflow_env/lib/python3.9/site-packages/airflow/example_dags/example_skip_dag.py for tasks to queue
[2024-03-20 00:18:10,754] {logging_mixin.py:109} INFO - [2024-03-20 00:18:10,754] {dagbag.py:500} INFO - Filling up the DagBag from /Users/macbook/anaconda3/envs/airflow_env/lib/python3.9/site-packages/airflow/example_dags/example_skip_dag.py
[2024-03-20 00:18:10,787] {processor.py:654} INFO - DAG(s) dict_keys(['example_skip_dag']) retrieved from /Users/macbook/anaconda3/envs/airflow_env/lib/python3.9/site-packages/airflow/example_dags/example_skip_dag.py
[2024-03-20 00:18:10,805] {logging_mixin.py:109} INFO - [2024-03-20 00:18:10,805] {dag.py:2396} INFO - Sync 1 DAGs
[2024-03-20 00:18:10,815] {logging_mixin.py:109} INFO - [2024-03-20 00:18:10,815] {dag.py:2935} INFO - Setting next_dagrun for example_skip_dag to 2024-03-19T05:18:10.815568+00:00
[2024-03-20 00:18:10,823] {processor.py:171} INFO - Processing /Users/macbook/anaconda3/envs/airflow_env/lib/python3.9/site-packages/airflow/example_dags/example_skip_dag.py took 0.071 seconds
[2024-03-20 00:25:39,403] {processor.py:163} INFO - Started process (PID=48958) to work on /Users/macbook/anaconda3/envs/airflow_env/lib/python3.9/site-packages/airflow/example_dags/example_skip_dag.py
[2024-03-20 00:25:39,404] {processor.py:642} INFO - Processing file /Users/macbook/anaconda3/envs/airflow_env/lib/python3.9/site-packages/airflow/example_dags/example_skip_dag.py for tasks to queue
[2024-03-20 00:25:39,404] {logging_mixin.py:109} INFO - [2024-03-20 00:25:39,404] {dagbag.py:500} INFO - Filling up the DagBag from /Users/macbook/anaconda3/envs/airflow_env/lib/python3.9/site-packages/airflow/example_dags/example_skip_dag.py
[2024-03-20 00:25:39,437] {processor.py:654} INFO - DAG(s) dict_keys(['example_skip_dag']) retrieved from /Users/macbook/anaconda3/envs/airflow_env/lib/python3.9/site-packages/airflow/example_dags/example_skip_dag.py
[2024-03-20 00:25:39,469] {logging_mixin.py:109} INFO - [2024-03-20 00:25:39,469] {dag.py:2396} INFO - Sync 1 DAGs
[2024-03-20 00:25:39,482] {logging_mixin.py:109} INFO - [2024-03-20 00:25:39,482] {dag.py:2935} INFO - Setting next_dagrun for example_skip_dag to 2024-03-19T05:25:39.482349+00:00
[2024-03-20 00:25:39,489] {processor.py:171} INFO - Processing /Users/macbook/anaconda3/envs/airflow_env/lib/python3.9/site-packages/airflow/example_dags/example_skip_dag.py took 0.087 seconds
[2024-03-20 04:25:28,261] {processor.py:163} INFO - Started process (PID=60933) to work on /Users/macbook/anaconda3/envs/airflow_env/lib/python3.9/site-packages/airflow/example_dags/example_skip_dag.py
[2024-03-20 04:25:28,262] {processor.py:642} INFO - Processing file /Users/macbook/anaconda3/envs/airflow_env/lib/python3.9/site-packages/airflow/example_dags/example_skip_dag.py for tasks to queue
[2024-03-20 04:25:28,262] {logging_mixin.py:109} INFO - [2024-03-20 04:25:28,262] {dagbag.py:500} INFO - Filling up the DagBag from /Users/macbook/anaconda3/envs/airflow_env/lib/python3.9/site-packages/airflow/example_dags/example_skip_dag.py
[2024-03-20 04:25:28,302] {processor.py:654} INFO - DAG(s) dict_keys(['example_skip_dag']) retrieved from /Users/macbook/anaconda3/envs/airflow_env/lib/python3.9/site-packages/airflow/example_dags/example_skip_dag.py
[2024-03-20 04:25:28,321] {logging_mixin.py:109} INFO - [2024-03-20 04:25:28,321] {dag.py:2396} INFO - Sync 1 DAGs
[2024-03-20 04:25:28,337] {logging_mixin.py:109} INFO - [2024-03-20 04:25:28,337] {dag.py:2935} INFO - Setting next_dagrun for example_skip_dag to 2024-03-19T09:25:28.336987+00:00
[2024-03-20 04:25:28,345] {processor.py:171} INFO - Processing /Users/macbook/anaconda3/envs/airflow_env/lib/python3.9/site-packages/airflow/example_dags/example_skip_dag.py took 0.085 seconds
[2024-03-20 07:58:52,143] {processor.py:163} INFO - Started process (PID=11326) to work on /Users/macbook/anaconda3/envs/airflow_env/lib/python3.9/site-packages/airflow/example_dags/example_skip_dag.py
[2024-03-20 07:58:52,144] {processor.py:642} INFO - Processing file /Users/macbook/anaconda3/envs/airflow_env/lib/python3.9/site-packages/airflow/example_dags/example_skip_dag.py for tasks to queue
[2024-03-20 07:58:52,144] {logging_mixin.py:109} INFO - [2024-03-20 07:58:52,144] {dagbag.py:500} INFO - Filling up the DagBag from /Users/macbook/anaconda3/envs/airflow_env/lib/python3.9/site-packages/airflow/example_dags/example_skip_dag.py
[2024-03-20 07:58:52,166] {processor.py:654} INFO - DAG(s) dict_keys(['example_skip_dag']) retrieved from /Users/macbook/anaconda3/envs/airflow_env/lib/python3.9/site-packages/airflow/example_dags/example_skip_dag.py
[2024-03-20 07:58:52,177] {logging_mixin.py:109} INFO - [2024-03-20 07:58:52,177] {dag.py:2396} INFO - Sync 1 DAGs
[2024-03-20 07:58:52,183] {logging_mixin.py:109} INFO - [2024-03-20 07:58:52,183] {dag.py:2935} INFO - Setting next_dagrun for example_skip_dag to 2024-03-19T12:58:52.183773+00:00
[2024-03-20 07:58:52,188] {processor.py:171} INFO - Processing /Users/macbook/anaconda3/envs/airflow_env/lib/python3.9/site-packages/airflow/example_dags/example_skip_dag.py took 0.046 seconds
[2024-03-20 08:08:49,215] {processor.py:163} INFO - Started process (PID=27827) to work on /Users/macbook/anaconda3/envs/airflow_env/lib/python3.9/site-packages/airflow/example_dags/example_skip_dag.py
[2024-03-20 08:08:49,216] {processor.py:642} INFO - Processing file /Users/macbook/anaconda3/envs/airflow_env/lib/python3.9/site-packages/airflow/example_dags/example_skip_dag.py for tasks to queue
[2024-03-20 08:08:49,216] {logging_mixin.py:109} INFO - [2024-03-20 08:08:49,216] {dagbag.py:500} INFO - Filling up the DagBag from /Users/macbook/anaconda3/envs/airflow_env/lib/python3.9/site-packages/airflow/example_dags/example_skip_dag.py
[2024-03-20 08:08:49,240] {processor.py:654} INFO - DAG(s) dict_keys(['example_skip_dag']) retrieved from /Users/macbook/anaconda3/envs/airflow_env/lib/python3.9/site-packages/airflow/example_dags/example_skip_dag.py
[2024-03-20 08:08:49,252] {logging_mixin.py:109} INFO - [2024-03-20 08:08:49,252] {dag.py:2396} INFO - Sync 1 DAGs
[2024-03-20 08:08:49,258] {logging_mixin.py:109} INFO - [2024-03-20 08:08:49,258] {dag.py:2935} INFO - Setting next_dagrun for example_skip_dag to 2024-03-19T13:08:49.258678+00:00
[2024-03-20 08:08:49,264] {processor.py:171} INFO - Processing /Users/macbook/anaconda3/envs/airflow_env/lib/python3.9/site-packages/airflow/example_dags/example_skip_dag.py took 0.049 seconds
