[2024-03-20 00:18:16,759] {processor.py:163} INFO - Started process (PID=37476) to work on /Users/macbook/anaconda3/envs/airflow_env/lib/python3.9/site-packages/airflow/example_dags/example_short_circuit_operator.py
[2024-03-20 00:18:16,759] {processor.py:642} INFO - Processing file /Users/macbook/anaconda3/envs/airflow_env/lib/python3.9/site-packages/airflow/example_dags/example_short_circuit_operator.py for tasks to queue
[2024-03-20 00:18:16,760] {logging_mixin.py:109} INFO - [2024-03-20 00:18:16,760] {dagbag.py:500} INFO - Filling up the DagBag from /Users/macbook/anaconda3/envs/airflow_env/lib/python3.9/site-packages/airflow/example_dags/example_short_circuit_operator.py
[2024-03-20 00:18:16,806] {processor.py:654} INFO - DAG(s) dict_keys(['example_short_circuit_operator']) retrieved from /Users/macbook/anaconda3/envs/airflow_env/lib/python3.9/site-packages/airflow/example_dags/example_short_circuit_operator.py
[2024-03-20 00:18:16,825] {logging_mixin.py:109} INFO - [2024-03-20 00:18:16,825] {dag.py:2396} INFO - Sync 1 DAGs
[2024-03-20 00:18:16,834] {logging_mixin.py:109} INFO - [2024-03-20 00:18:16,834] {dag.py:2935} INFO - Setting next_dagrun for example_short_circuit_operator to 2024-03-19T05:18:16.834261+00:00
[2024-03-20 00:18:16,842] {processor.py:171} INFO - Processing /Users/macbook/anaconda3/envs/airflow_env/lib/python3.9/site-packages/airflow/example_dags/example_short_circuit_operator.py took 0.083 seconds
[2024-03-20 00:25:42,585] {processor.py:163} INFO - Started process (PID=49024) to work on /Users/macbook/anaconda3/envs/airflow_env/lib/python3.9/site-packages/airflow/example_dags/example_short_circuit_operator.py
[2024-03-20 00:25:42,585] {processor.py:642} INFO - Processing file /Users/macbook/anaconda3/envs/airflow_env/lib/python3.9/site-packages/airflow/example_dags/example_short_circuit_operator.py for tasks to queue
[2024-03-20 00:25:42,586] {logging_mixin.py:109} INFO - [2024-03-20 00:25:42,585] {dagbag.py:500} INFO - Filling up the DagBag from /Users/macbook/anaconda3/envs/airflow_env/lib/python3.9/site-packages/airflow/example_dags/example_short_circuit_operator.py
[2024-03-20 00:25:42,636] {processor.py:654} INFO - DAG(s) dict_keys(['example_short_circuit_operator']) retrieved from /Users/macbook/anaconda3/envs/airflow_env/lib/python3.9/site-packages/airflow/example_dags/example_short_circuit_operator.py
[2024-03-20 00:25:42,658] {logging_mixin.py:109} INFO - [2024-03-20 00:25:42,658] {dag.py:2396} INFO - Sync 1 DAGs
[2024-03-20 00:25:42,669] {logging_mixin.py:109} INFO - [2024-03-20 00:25:42,669] {dag.py:2935} INFO - Setting next_dagrun for example_short_circuit_operator to 2024-03-19T05:25:42.668968+00:00
[2024-03-20 00:25:42,676] {processor.py:171} INFO - Processing /Users/macbook/anaconda3/envs/airflow_env/lib/python3.9/site-packages/airflow/example_dags/example_short_circuit_operator.py took 0.092 seconds
[2024-03-20 04:25:29,641] {processor.py:163} INFO - Started process (PID=60990) to work on /Users/macbook/anaconda3/envs/airflow_env/lib/python3.9/site-packages/airflow/example_dags/example_short_circuit_operator.py
[2024-03-20 04:25:29,641] {processor.py:642} INFO - Processing file /Users/macbook/anaconda3/envs/airflow_env/lib/python3.9/site-packages/airflow/example_dags/example_short_circuit_operator.py for tasks to queue
[2024-03-20 04:25:29,642] {logging_mixin.py:109} INFO - [2024-03-20 04:25:29,642] {dagbag.py:500} INFO - Filling up the DagBag from /Users/macbook/anaconda3/envs/airflow_env/lib/python3.9/site-packages/airflow/example_dags/example_short_circuit_operator.py
[2024-03-20 04:25:29,688] {processor.py:654} INFO - DAG(s) dict_keys(['example_short_circuit_operator']) retrieved from /Users/macbook/anaconda3/envs/airflow_env/lib/python3.9/site-packages/airflow/example_dags/example_short_circuit_operator.py
[2024-03-20 04:25:29,707] {logging_mixin.py:109} INFO - [2024-03-20 04:25:29,707] {dag.py:2396} INFO - Sync 1 DAGs
[2024-03-20 04:25:29,716] {logging_mixin.py:109} INFO - [2024-03-20 04:25:29,716] {dag.py:2935} INFO - Setting next_dagrun for example_short_circuit_operator to 2024-03-19T09:25:29.716337+00:00
[2024-03-20 04:25:29,723] {processor.py:171} INFO - Processing /Users/macbook/anaconda3/envs/airflow_env/lib/python3.9/site-packages/airflow/example_dags/example_short_circuit_operator.py took 0.083 seconds
[2024-03-20 07:58:54,627] {processor.py:163} INFO - Started process (PID=11399) to work on /Users/macbook/anaconda3/envs/airflow_env/lib/python3.9/site-packages/airflow/example_dags/example_short_circuit_operator.py
[2024-03-20 07:58:54,628] {processor.py:642} INFO - Processing file /Users/macbook/anaconda3/envs/airflow_env/lib/python3.9/site-packages/airflow/example_dags/example_short_circuit_operator.py for tasks to queue
[2024-03-20 07:58:54,628] {logging_mixin.py:109} INFO - [2024-03-20 07:58:54,628] {dagbag.py:500} INFO - Filling up the DagBag from /Users/macbook/anaconda3/envs/airflow_env/lib/python3.9/site-packages/airflow/example_dags/example_short_circuit_operator.py
[2024-03-20 07:58:54,658] {processor.py:654} INFO - DAG(s) dict_keys(['example_short_circuit_operator']) retrieved from /Users/macbook/anaconda3/envs/airflow_env/lib/python3.9/site-packages/airflow/example_dags/example_short_circuit_operator.py
[2024-03-20 07:58:54,669] {logging_mixin.py:109} INFO - [2024-03-20 07:58:54,669] {dag.py:2396} INFO - Sync 1 DAGs
[2024-03-20 07:58:54,675] {logging_mixin.py:109} INFO - [2024-03-20 07:58:54,675] {dag.py:2935} INFO - Setting next_dagrun for example_short_circuit_operator to 2024-03-19T12:58:54.675181+00:00
[2024-03-20 07:58:54,680] {processor.py:171} INFO - Processing /Users/macbook/anaconda3/envs/airflow_env/lib/python3.9/site-packages/airflow/example_dags/example_short_circuit_operator.py took 0.053 seconds
[2024-03-20 08:08:51,346] {processor.py:163} INFO - Started process (PID=27877) to work on /Users/macbook/anaconda3/envs/airflow_env/lib/python3.9/site-packages/airflow/example_dags/example_short_circuit_operator.py
[2024-03-20 08:08:51,347] {processor.py:642} INFO - Processing file /Users/macbook/anaconda3/envs/airflow_env/lib/python3.9/site-packages/airflow/example_dags/example_short_circuit_operator.py for tasks to queue
[2024-03-20 08:08:51,347] {logging_mixin.py:109} INFO - [2024-03-20 08:08:51,347] {dagbag.py:500} INFO - Filling up the DagBag from /Users/macbook/anaconda3/envs/airflow_env/lib/python3.9/site-packages/airflow/example_dags/example_short_circuit_operator.py
[2024-03-20 08:08:51,380] {processor.py:654} INFO - DAG(s) dict_keys(['example_short_circuit_operator']) retrieved from /Users/macbook/anaconda3/envs/airflow_env/lib/python3.9/site-packages/airflow/example_dags/example_short_circuit_operator.py
[2024-03-20 08:08:51,393] {logging_mixin.py:109} INFO - [2024-03-20 08:08:51,393] {dag.py:2396} INFO - Sync 1 DAGs
[2024-03-20 08:08:51,400] {logging_mixin.py:109} INFO - [2024-03-20 08:08:51,400] {dag.py:2935} INFO - Setting next_dagrun for example_short_circuit_operator to 2024-03-19T13:08:51.400177+00:00
[2024-03-20 08:08:51,405] {processor.py:171} INFO - Processing /Users/macbook/anaconda3/envs/airflow_env/lib/python3.9/site-packages/airflow/example_dags/example_short_circuit_operator.py took 0.059 seconds
