[2024-03-20 00:17:04,386] {processor.py:163} INFO - Started process (PID=35734) to work on /Users/macbook/anaconda3/envs/airflow_env/lib/python3.9/site-packages/airflow/example_dags/example_subdag_operator.py
[2024-03-20 00:17:04,387] {processor.py:642} INFO - Processing file /Users/macbook/anaconda3/envs/airflow_env/lib/python3.9/site-packages/airflow/example_dags/example_subdag_operator.py for tasks to queue
[2024-03-20 00:17:04,387] {logging_mixin.py:109} INFO - [2024-03-20 00:17:04,387] {dagbag.py:500} INFO - Filling up the DagBag from /Users/macbook/anaconda3/envs/airflow_env/lib/python3.9/site-packages/airflow/example_dags/example_subdag_operator.py
[2024-03-20 00:17:04,437] {processor.py:654} INFO - DAG(s) dict_keys(['example_subdag_operator.section-1', 'example_subdag_operator.section-2', 'example_subdag_operator']) retrieved from /Users/macbook/anaconda3/envs/airflow_env/lib/python3.9/site-packages/airflow/example_dags/example_subdag_operator.py
[2024-03-20 00:17:04,727] {logging_mixin.py:109} INFO - [2024-03-20 00:17:04,727] {dag.py:2396} INFO - Sync 3 DAGs
[2024-03-20 00:17:04,738] {logging_mixin.py:109} INFO - [2024-03-20 00:17:04,738] {dag.py:2935} INFO - Setting next_dagrun for example_subdag_operator to 2024-03-18T00:00:00+00:00
[2024-03-20 00:17:04,738] {logging_mixin.py:109} INFO - [2024-03-20 00:17:04,738] {dag.py:2935} INFO - Setting next_dagrun for example_subdag_operator.section-1 to None
[2024-03-20 00:17:04,738] {logging_mixin.py:109} INFO - [2024-03-20 00:17:04,738] {dag.py:2935} INFO - Setting next_dagrun for example_subdag_operator.section-2 to None
[2024-03-20 00:17:04,744] {logging_mixin.py:109} INFO - [2024-03-20 00:17:04,744] {dag.py:2396} INFO - Sync 2 DAGs
[2024-03-20 00:17:04,749] {logging_mixin.py:109} INFO - [2024-03-20 00:17:04,749] {dag.py:2935} INFO - Setting next_dagrun for example_subdag_operator.section-1 to None
[2024-03-20 00:17:04,749] {logging_mixin.py:109} INFO - [2024-03-20 00:17:04,749] {dag.py:2935} INFO - Setting next_dagrun for example_subdag_operator.section-2 to None
[2024-03-20 00:17:04,756] {processor.py:171} INFO - Processing /Users/macbook/anaconda3/envs/airflow_env/lib/python3.9/site-packages/airflow/example_dags/example_subdag_operator.py took 0.371 seconds
[2024-03-20 00:25:33,079] {processor.py:163} INFO - Started process (PID=48815) to work on /Users/macbook/anaconda3/envs/airflow_env/lib/python3.9/site-packages/airflow/example_dags/example_subdag_operator.py
[2024-03-20 00:25:33,079] {processor.py:642} INFO - Processing file /Users/macbook/anaconda3/envs/airflow_env/lib/python3.9/site-packages/airflow/example_dags/example_subdag_operator.py for tasks to queue
[2024-03-20 00:25:33,079] {logging_mixin.py:109} INFO - [2024-03-20 00:25:33,079] {dagbag.py:500} INFO - Filling up the DagBag from /Users/macbook/anaconda3/envs/airflow_env/lib/python3.9/site-packages/airflow/example_dags/example_subdag_operator.py
[2024-03-20 00:25:33,119] {processor.py:654} INFO - DAG(s) dict_keys(['example_subdag_operator.section-1', 'example_subdag_operator.section-2', 'example_subdag_operator']) retrieved from /Users/macbook/anaconda3/envs/airflow_env/lib/python3.9/site-packages/airflow/example_dags/example_subdag_operator.py
[2024-03-20 00:25:33,138] {logging_mixin.py:109} INFO - [2024-03-20 00:25:33,138] {dag.py:2396} INFO - Sync 3 DAGs
[2024-03-20 00:25:33,150] {logging_mixin.py:109} INFO - [2024-03-20 00:25:33,150] {dag.py:2935} INFO - Setting next_dagrun for example_subdag_operator to 2024-03-18T00:00:00+00:00
[2024-03-20 00:25:33,150] {logging_mixin.py:109} INFO - [2024-03-20 00:25:33,150] {dag.py:2935} INFO - Setting next_dagrun for example_subdag_operator.section-1 to None
[2024-03-20 00:25:33,150] {logging_mixin.py:109} INFO - [2024-03-20 00:25:33,150] {dag.py:2935} INFO - Setting next_dagrun for example_subdag_operator.section-2 to None
[2024-03-20 00:25:33,154] {logging_mixin.py:109} INFO - [2024-03-20 00:25:33,154] {dag.py:2396} INFO - Sync 2 DAGs
[2024-03-20 00:25:33,159] {logging_mixin.py:109} INFO - [2024-03-20 00:25:33,159] {dag.py:2935} INFO - Setting next_dagrun for example_subdag_operator.section-1 to None
[2024-03-20 00:25:33,159] {logging_mixin.py:109} INFO - [2024-03-20 00:25:33,159] {dag.py:2935} INFO - Setting next_dagrun for example_subdag_operator.section-2 to None
[2024-03-20 00:25:33,165] {processor.py:171} INFO - Processing /Users/macbook/anaconda3/envs/airflow_env/lib/python3.9/site-packages/airflow/example_dags/example_subdag_operator.py took 0.087 seconds
[2024-03-20 02:25:18,189] {processor.py:163} INFO - Started process (PID=60704) to work on /Users/macbook/anaconda3/envs/airflow_env/lib/python3.9/site-packages/airflow/example_dags/example_subdag_operator.py
[2024-03-20 02:25:18,190] {processor.py:642} INFO - Processing file /Users/macbook/anaconda3/envs/airflow_env/lib/python3.9/site-packages/airflow/example_dags/example_subdag_operator.py for tasks to queue
[2024-03-20 02:25:18,191] {logging_mixin.py:109} INFO - [2024-03-20 02:25:18,191] {dagbag.py:500} INFO - Filling up the DagBag from /Users/macbook/anaconda3/envs/airflow_env/lib/python3.9/site-packages/airflow/example_dags/example_subdag_operator.py
[2024-03-20 02:25:18,169] {processor.py:654} INFO - DAG(s) dict_keys(['example_subdag_operator.section-1', 'example_subdag_operator.section-2', 'example_subdag_operator']) retrieved from /Users/macbook/anaconda3/envs/airflow_env/lib/python3.9/site-packages/airflow/example_dags/example_subdag_operator.py
[2024-03-20 02:25:18,214] {logging_mixin.py:109} INFO - [2024-03-20 02:25:18,213] {dag.py:2396} INFO - Sync 3 DAGs
[2024-03-20 02:25:18,236] {logging_mixin.py:109} INFO - [2024-03-20 02:25:18,236] {dag.py:2935} INFO - Setting next_dagrun for example_subdag_operator to 2024-03-18T00:00:00+00:00
[2024-03-20 02:25:18,237] {logging_mixin.py:109} INFO - [2024-03-20 02:25:18,236] {dag.py:2935} INFO - Setting next_dagrun for example_subdag_operator.section-1 to None
[2024-03-20 02:25:18,237] {logging_mixin.py:109} INFO - [2024-03-20 02:25:18,237] {dag.py:2935} INFO - Setting next_dagrun for example_subdag_operator.section-2 to None
[2024-03-20 02:25:18,244] {logging_mixin.py:109} INFO - [2024-03-20 02:25:18,244] {dag.py:2396} INFO - Sync 2 DAGs
[2024-03-20 02:25:18,258] {logging_mixin.py:109} INFO - [2024-03-20 02:25:18,257] {dag.py:2935} INFO - Setting next_dagrun for example_subdag_operator.section-1 to None
[2024-03-20 02:25:18,258] {logging_mixin.py:109} INFO - [2024-03-20 02:25:18,258] {dag.py:2935} INFO - Setting next_dagrun for example_subdag_operator.section-2 to None
[2024-03-20 02:25:18,268] {processor.py:171} INFO - Processing /Users/macbook/anaconda3/envs/airflow_env/lib/python3.9/site-packages/airflow/example_dags/example_subdag_operator.py took 0.241 seconds
[2024-03-20 07:58:48,003] {processor.py:163} INFO - Started process (PID=11226) to work on /Users/macbook/anaconda3/envs/airflow_env/lib/python3.9/site-packages/airflow/example_dags/example_subdag_operator.py
[2024-03-20 07:58:48,004] {processor.py:642} INFO - Processing file /Users/macbook/anaconda3/envs/airflow_env/lib/python3.9/site-packages/airflow/example_dags/example_subdag_operator.py for tasks to queue
[2024-03-20 07:58:48,004] {logging_mixin.py:109} INFO - [2024-03-20 07:58:48,004] {dagbag.py:500} INFO - Filling up the DagBag from /Users/macbook/anaconda3/envs/airflow_env/lib/python3.9/site-packages/airflow/example_dags/example_subdag_operator.py
[2024-03-20 07:58:48,031] {processor.py:654} INFO - DAG(s) dict_keys(['example_subdag_operator.section-1', 'example_subdag_operator.section-2', 'example_subdag_operator']) retrieved from /Users/macbook/anaconda3/envs/airflow_env/lib/python3.9/site-packages/airflow/example_dags/example_subdag_operator.py
[2024-03-20 07:58:48,045] {logging_mixin.py:109} INFO - [2024-03-20 07:58:48,045] {dag.py:2396} INFO - Sync 3 DAGs
[2024-03-20 07:58:48,053] {logging_mixin.py:109} INFO - [2024-03-20 07:58:48,053] {dag.py:2935} INFO - Setting next_dagrun for example_subdag_operator to 2024-03-18T00:00:00+00:00
[2024-03-20 07:58:48,053] {logging_mixin.py:109} INFO - [2024-03-20 07:58:48,053] {dag.py:2935} INFO - Setting next_dagrun for example_subdag_operator.section-1 to None
[2024-03-20 07:58:48,053] {logging_mixin.py:109} INFO - [2024-03-20 07:58:48,053] {dag.py:2935} INFO - Setting next_dagrun for example_subdag_operator.section-2 to None
[2024-03-20 07:58:48,056] {logging_mixin.py:109} INFO - [2024-03-20 07:58:48,056] {dag.py:2396} INFO - Sync 2 DAGs
[2024-03-20 07:58:48,060] {logging_mixin.py:109} INFO - [2024-03-20 07:58:48,060] {dag.py:2935} INFO - Setting next_dagrun for example_subdag_operator.section-1 to None
[2024-03-20 07:58:48,060] {logging_mixin.py:109} INFO - [2024-03-20 07:58:48,060] {dag.py:2935} INFO - Setting next_dagrun for example_subdag_operator.section-2 to None
[2024-03-20 07:58:48,064] {processor.py:171} INFO - Processing /Users/macbook/anaconda3/envs/airflow_env/lib/python3.9/site-packages/airflow/example_dags/example_subdag_operator.py took 0.062 seconds
[2024-03-20 08:08:45,263] {processor.py:163} INFO - Started process (PID=27737) to work on /Users/macbook/anaconda3/envs/airflow_env/lib/python3.9/site-packages/airflow/example_dags/example_subdag_operator.py
[2024-03-20 08:08:45,264] {processor.py:642} INFO - Processing file /Users/macbook/anaconda3/envs/airflow_env/lib/python3.9/site-packages/airflow/example_dags/example_subdag_operator.py for tasks to queue
[2024-03-20 08:08:45,264] {logging_mixin.py:109} INFO - [2024-03-20 08:08:45,264] {dagbag.py:500} INFO - Filling up the DagBag from /Users/macbook/anaconda3/envs/airflow_env/lib/python3.9/site-packages/airflow/example_dags/example_subdag_operator.py
[2024-03-20 08:08:45,292] {processor.py:654} INFO - DAG(s) dict_keys(['example_subdag_operator.section-1', 'example_subdag_operator.section-2', 'example_subdag_operator']) retrieved from /Users/macbook/anaconda3/envs/airflow_env/lib/python3.9/site-packages/airflow/example_dags/example_subdag_operator.py
[2024-03-20 08:08:45,306] {logging_mixin.py:109} INFO - [2024-03-20 08:08:45,306] {dag.py:2396} INFO - Sync 3 DAGs
[2024-03-20 08:08:45,314] {logging_mixin.py:109} INFO - [2024-03-20 08:08:45,314] {dag.py:2935} INFO - Setting next_dagrun for example_subdag_operator to 2024-03-18T00:00:00+00:00
[2024-03-20 08:08:45,314] {logging_mixin.py:109} INFO - [2024-03-20 08:08:45,314] {dag.py:2935} INFO - Setting next_dagrun for example_subdag_operator.section-1 to None
[2024-03-20 08:08:45,314] {logging_mixin.py:109} INFO - [2024-03-20 08:08:45,314] {dag.py:2935} INFO - Setting next_dagrun for example_subdag_operator.section-2 to None
[2024-03-20 08:08:45,317] {logging_mixin.py:109} INFO - [2024-03-20 08:08:45,317] {dag.py:2396} INFO - Sync 2 DAGs
[2024-03-20 08:08:45,321] {logging_mixin.py:109} INFO - [2024-03-20 08:08:45,321] {dag.py:2935} INFO - Setting next_dagrun for example_subdag_operator.section-1 to None
[2024-03-20 08:08:45,321] {logging_mixin.py:109} INFO - [2024-03-20 08:08:45,321] {dag.py:2935} INFO - Setting next_dagrun for example_subdag_operator.section-2 to None
[2024-03-20 08:08:45,325] {processor.py:171} INFO - Processing /Users/macbook/anaconda3/envs/airflow_env/lib/python3.9/site-packages/airflow/example_dags/example_subdag_operator.py took 0.062 seconds
