[2024-03-20 00:16:41,523] {processor.py:163} INFO - Started process (PID=35162) to work on /Users/macbook/anaconda3/envs/airflow_env/lib/python3.9/site-packages/airflow/example_dags/example_task_group_decorator.py
[2024-03-20 00:16:41,523] {processor.py:642} INFO - Processing file /Users/macbook/anaconda3/envs/airflow_env/lib/python3.9/site-packages/airflow/example_dags/example_task_group_decorator.py for tasks to queue
[2024-03-20 00:16:41,524] {logging_mixin.py:109} INFO - [2024-03-20 00:16:41,524] {dagbag.py:500} INFO - Filling up the DagBag from /Users/macbook/anaconda3/envs/airflow_env/lib/python3.9/site-packages/airflow/example_dags/example_task_group_decorator.py
[2024-03-20 00:16:41,582] {processor.py:654} INFO - DAG(s) dict_keys(['example_task_group_decorator']) retrieved from /Users/macbook/anaconda3/envs/airflow_env/lib/python3.9/site-packages/airflow/example_dags/example_task_group_decorator.py
[2024-03-20 00:16:41,852] {logging_mixin.py:109} INFO - [2024-03-20 00:16:41,851] {dag.py:2396} INFO - Sync 1 DAGs
[2024-03-20 00:16:41,861] {logging_mixin.py:109} INFO - [2024-03-20 00:16:41,861] {dag.py:2935} INFO - Setting next_dagrun for example_task_group_decorator to 2024-03-19T05:16:41.861592+00:00
[2024-03-20 00:16:41,873] {processor.py:171} INFO - Processing /Users/macbook/anaconda3/envs/airflow_env/lib/python3.9/site-packages/airflow/example_dags/example_task_group_decorator.py took 0.350 seconds
[2024-03-20 00:25:26,107] {processor.py:163} INFO - Started process (PID=48641) to work on /Users/macbook/anaconda3/envs/airflow_env/lib/python3.9/site-packages/airflow/example_dags/example_task_group_decorator.py
[2024-03-20 00:25:26,107] {processor.py:642} INFO - Processing file /Users/macbook/anaconda3/envs/airflow_env/lib/python3.9/site-packages/airflow/example_dags/example_task_group_decorator.py for tasks to queue
[2024-03-20 00:25:26,108] {logging_mixin.py:109} INFO - [2024-03-20 00:25:26,108] {dagbag.py:500} INFO - Filling up the DagBag from /Users/macbook/anaconda3/envs/airflow_env/lib/python3.9/site-packages/airflow/example_dags/example_task_group_decorator.py
[2024-03-20 00:25:26,186] {processor.py:654} INFO - DAG(s) dict_keys(['example_task_group_decorator']) retrieved from /Users/macbook/anaconda3/envs/airflow_env/lib/python3.9/site-packages/airflow/example_dags/example_task_group_decorator.py
[2024-03-20 00:25:26,489] {logging_mixin.py:109} INFO - [2024-03-20 00:25:26,489] {dag.py:2396} INFO - Sync 1 DAGs
[2024-03-20 00:25:26,501] {logging_mixin.py:109} INFO - [2024-03-20 00:25:26,501] {dag.py:2935} INFO - Setting next_dagrun for example_task_group_decorator to 2024-03-19T05:25:26.501006+00:00
[2024-03-20 00:25:26,513] {processor.py:171} INFO - Processing /Users/macbook/anaconda3/envs/airflow_env/lib/python3.9/site-packages/airflow/example_dags/example_task_group_decorator.py took 0.407 seconds
[2024-03-20 00:34:12,810] {processor.py:163} INFO - Started process (PID=60565) to work on /Users/macbook/anaconda3/envs/airflow_env/lib/python3.9/site-packages/airflow/example_dags/example_task_group_decorator.py
[2024-03-20 00:34:12,810] {processor.py:642} INFO - Processing file /Users/macbook/anaconda3/envs/airflow_env/lib/python3.9/site-packages/airflow/example_dags/example_task_group_decorator.py for tasks to queue
[2024-03-20 00:34:12,811] {logging_mixin.py:109} INFO - [2024-03-20 00:34:12,811] {dagbag.py:500} INFO - Filling up the DagBag from /Users/macbook/anaconda3/envs/airflow_env/lib/python3.9/site-packages/airflow/example_dags/example_task_group_decorator.py
[2024-03-20 00:34:12,866] {processor.py:654} INFO - DAG(s) dict_keys(['example_task_group_decorator']) retrieved from /Users/macbook/anaconda3/envs/airflow_env/lib/python3.9/site-packages/airflow/example_dags/example_task_group_decorator.py
[2024-03-20 00:34:13,119] {logging_mixin.py:109} INFO - [2024-03-20 00:34:13,118] {dag.py:2396} INFO - Sync 1 DAGs
[2024-03-20 00:34:13,128] {logging_mixin.py:109} INFO - [2024-03-20 00:34:13,128] {dag.py:2935} INFO - Setting next_dagrun for example_task_group_decorator to 2024-03-19T05:34:13.127954+00:00
[2024-03-20 00:34:13,139] {processor.py:171} INFO - Processing /Users/macbook/anaconda3/envs/airflow_env/lib/python3.9/site-packages/airflow/example_dags/example_task_group_decorator.py took 0.330 seconds
[2024-03-20 07:58:42,854] {processor.py:163} INFO - Started process (PID=11106) to work on /Users/macbook/anaconda3/envs/airflow_env/lib/python3.9/site-packages/airflow/example_dags/example_task_group_decorator.py
[2024-03-20 07:58:42,855] {processor.py:642} INFO - Processing file /Users/macbook/anaconda3/envs/airflow_env/lib/python3.9/site-packages/airflow/example_dags/example_task_group_decorator.py for tasks to queue
[2024-03-20 07:58:42,856] {logging_mixin.py:109} INFO - [2024-03-20 07:58:42,856] {dagbag.py:500} INFO - Filling up the DagBag from /Users/macbook/anaconda3/envs/airflow_env/lib/python3.9/site-packages/airflow/example_dags/example_task_group_decorator.py
[2024-03-20 07:58:42,894] {processor.py:654} INFO - DAG(s) dict_keys(['example_task_group_decorator']) retrieved from /Users/macbook/anaconda3/envs/airflow_env/lib/python3.9/site-packages/airflow/example_dags/example_task_group_decorator.py
[2024-03-20 07:58:43,063] {logging_mixin.py:109} INFO - [2024-03-20 07:58:43,062] {dag.py:2396} INFO - Sync 1 DAGs
[2024-03-20 07:58:43,069] {logging_mixin.py:109} INFO - [2024-03-20 07:58:43,069] {dag.py:2935} INFO - Setting next_dagrun for example_task_group_decorator to 2024-03-19T12:58:43.069082+00:00
[2024-03-20 07:58:43,077] {processor.py:171} INFO - Processing /Users/macbook/anaconda3/envs/airflow_env/lib/python3.9/site-packages/airflow/example_dags/example_task_group_decorator.py took 0.223 seconds
[2024-03-20 08:08:39,979] {processor.py:163} INFO - Started process (PID=27597) to work on /Users/macbook/anaconda3/envs/airflow_env/lib/python3.9/site-packages/airflow/example_dags/example_task_group_decorator.py
[2024-03-20 08:08:39,980] {processor.py:642} INFO - Processing file /Users/macbook/anaconda3/envs/airflow_env/lib/python3.9/site-packages/airflow/example_dags/example_task_group_decorator.py for tasks to queue
[2024-03-20 08:08:39,980] {logging_mixin.py:109} INFO - [2024-03-20 08:08:39,980] {dagbag.py:500} INFO - Filling up the DagBag from /Users/macbook/anaconda3/envs/airflow_env/lib/python3.9/site-packages/airflow/example_dags/example_task_group_decorator.py
[2024-03-20 08:08:40,016] {processor.py:654} INFO - DAG(s) dict_keys(['example_task_group_decorator']) retrieved from /Users/macbook/anaconda3/envs/airflow_env/lib/python3.9/site-packages/airflow/example_dags/example_task_group_decorator.py
[2024-03-20 08:08:40,194] {logging_mixin.py:109} INFO - [2024-03-20 08:08:40,194] {dag.py:2396} INFO - Sync 1 DAGs
[2024-03-20 08:08:40,200] {logging_mixin.py:109} INFO - [2024-03-20 08:08:40,200] {dag.py:2935} INFO - Setting next_dagrun for example_task_group_decorator to 2024-03-19T13:08:40.200681+00:00
[2024-03-20 08:08:40,207] {processor.py:171} INFO - Processing /Users/macbook/anaconda3/envs/airflow_env/lib/python3.9/site-packages/airflow/example_dags/example_task_group_decorator.py took 0.228 seconds
