[2024-03-20 00:15:48,995] {processor.py:163} INFO - Started process (PID=33890) to work on /Users/macbook/anaconda3/envs/airflow_env/lib/python3.9/site-packages/airflow/example_dags/example_xcom.py
[2024-03-20 00:15:48,996] {processor.py:642} INFO - Processing file /Users/macbook/anaconda3/envs/airflow_env/lib/python3.9/site-packages/airflow/example_dags/example_xcom.py for tasks to queue
[2024-03-20 00:15:48,996] {logging_mixin.py:109} INFO - [2024-03-20 00:15:48,996] {dagbag.py:500} INFO - Filling up the DagBag from /Users/macbook/anaconda3/envs/airflow_env/lib/python3.9/site-packages/airflow/example_dags/example_xcom.py
[2024-03-20 00:15:49,048] {processor.py:654} INFO - DAG(s) dict_keys(['example_xcom']) retrieved from /Users/macbook/anaconda3/envs/airflow_env/lib/python3.9/site-packages/airflow/example_dags/example_xcom.py
[2024-03-20 00:15:49,313] {logging_mixin.py:109} INFO - [2024-03-20 00:15:49,313] {dag.py:2396} INFO - Sync 1 DAGs
[2024-03-20 00:15:49,322] {logging_mixin.py:109} INFO - [2024-03-20 00:15:49,322] {dag.py:2935} INFO - Setting next_dagrun for example_xcom to 2021-01-01T00:00:00+00:00
[2024-03-20 00:15:49,332] {processor.py:171} INFO - Processing /Users/macbook/anaconda3/envs/airflow_env/lib/python3.9/site-packages/airflow/example_dags/example_xcom.py took 0.337 seconds
[2024-03-20 00:25:13,133] {processor.py:163} INFO - Started process (PID=48345) to work on /Users/macbook/anaconda3/envs/airflow_env/lib/python3.9/site-packages/airflow/example_dags/example_xcom.py
[2024-03-20 00:25:13,134] {processor.py:642} INFO - Processing file /Users/macbook/anaconda3/envs/airflow_env/lib/python3.9/site-packages/airflow/example_dags/example_xcom.py for tasks to queue
[2024-03-20 00:25:13,134] {logging_mixin.py:109} INFO - [2024-03-20 00:25:13,134] {dagbag.py:500} INFO - Filling up the DagBag from /Users/macbook/anaconda3/envs/airflow_env/lib/python3.9/site-packages/airflow/example_dags/example_xcom.py
[2024-03-20 00:25:13,183] {processor.py:654} INFO - DAG(s) dict_keys(['example_xcom']) retrieved from /Users/macbook/anaconda3/envs/airflow_env/lib/python3.9/site-packages/airflow/example_dags/example_xcom.py
[2024-03-20 00:25:13,425] {logging_mixin.py:109} INFO - [2024-03-20 00:25:13,424] {dag.py:2396} INFO - Sync 1 DAGs
[2024-03-20 00:25:13,433] {logging_mixin.py:109} INFO - [2024-03-20 00:25:13,433] {dag.py:2935} INFO - Setting next_dagrun for example_xcom to 2021-01-01T00:00:00+00:00
[2024-03-20 00:25:13,443] {processor.py:171} INFO - Processing /Users/macbook/anaconda3/envs/airflow_env/lib/python3.9/site-packages/airflow/example_dags/example_xcom.py took 0.311 seconds
[2024-03-20 00:32:08,943] {processor.py:163} INFO - Started process (PID=59120) to work on /Users/macbook/anaconda3/envs/airflow_env/lib/python3.9/site-packages/airflow/example_dags/example_xcom.py
[2024-03-20 00:32:08,944] {processor.py:642} INFO - Processing file /Users/macbook/anaconda3/envs/airflow_env/lib/python3.9/site-packages/airflow/example_dags/example_xcom.py for tasks to queue
[2024-03-20 00:32:08,944] {logging_mixin.py:109} INFO - [2024-03-20 00:32:08,944] {dagbag.py:500} INFO - Filling up the DagBag from /Users/macbook/anaconda3/envs/airflow_env/lib/python3.9/site-packages/airflow/example_dags/example_xcom.py
[2024-03-20 00:32:08,997] {processor.py:654} INFO - DAG(s) dict_keys(['example_xcom']) retrieved from /Users/macbook/anaconda3/envs/airflow_env/lib/python3.9/site-packages/airflow/example_dags/example_xcom.py
[2024-03-20 00:32:09,238] {logging_mixin.py:109} INFO - [2024-03-20 00:32:09,238] {dag.py:2396} INFO - Sync 1 DAGs
[2024-03-20 00:32:09,247] {logging_mixin.py:109} INFO - [2024-03-20 00:32:09,247] {dag.py:2935} INFO - Setting next_dagrun for example_xcom to 2021-01-01T00:00:00+00:00
[2024-03-20 00:32:09,256] {processor.py:171} INFO - Processing /Users/macbook/anaconda3/envs/airflow_env/lib/python3.9/site-packages/airflow/example_dags/example_xcom.py took 0.313 seconds
[2024-03-20 07:58:31,140] {processor.py:163} INFO - Started process (PID=10803) to work on /Users/macbook/anaconda3/envs/airflow_env/lib/python3.9/site-packages/airflow/example_dags/example_xcom.py
[2024-03-20 07:58:31,141] {processor.py:642} INFO - Processing file /Users/macbook/anaconda3/envs/airflow_env/lib/python3.9/site-packages/airflow/example_dags/example_xcom.py for tasks to queue
[2024-03-20 07:58:31,142] {logging_mixin.py:109} INFO - [2024-03-20 07:58:31,141] {dagbag.py:500} INFO - Filling up the DagBag from /Users/macbook/anaconda3/envs/airflow_env/lib/python3.9/site-packages/airflow/example_dags/example_xcom.py
[2024-03-20 07:58:31,177] {processor.py:654} INFO - DAG(s) dict_keys(['example_xcom']) retrieved from /Users/macbook/anaconda3/envs/airflow_env/lib/python3.9/site-packages/airflow/example_dags/example_xcom.py
[2024-03-20 07:58:31,342] {logging_mixin.py:109} INFO - [2024-03-20 07:58:31,342] {dag.py:2396} INFO - Sync 1 DAGs
[2024-03-20 07:58:31,348] {logging_mixin.py:109} INFO - [2024-03-20 07:58:31,348] {dag.py:2935} INFO - Setting next_dagrun for example_xcom to 2021-01-01T00:00:00+00:00
[2024-03-20 07:58:31,354] {processor.py:171} INFO - Processing /Users/macbook/anaconda3/envs/airflow_env/lib/python3.9/site-packages/airflow/example_dags/example_xcom.py took 0.214 seconds
[2024-03-20 08:08:25,016] {processor.py:163} INFO - Started process (PID=27252) to work on /Users/macbook/anaconda3/envs/airflow_env/lib/python3.9/site-packages/airflow/example_dags/example_xcom.py
[2024-03-20 08:08:25,017] {processor.py:642} INFO - Processing file /Users/macbook/anaconda3/envs/airflow_env/lib/python3.9/site-packages/airflow/example_dags/example_xcom.py for tasks to queue
[2024-03-20 08:08:25,017] {logging_mixin.py:109} INFO - [2024-03-20 08:08:25,017] {dagbag.py:500} INFO - Filling up the DagBag from /Users/macbook/anaconda3/envs/airflow_env/lib/python3.9/site-packages/airflow/example_dags/example_xcom.py
[2024-03-20 08:08:25,053] {processor.py:654} INFO - DAG(s) dict_keys(['example_xcom']) retrieved from /Users/macbook/anaconda3/envs/airflow_env/lib/python3.9/site-packages/airflow/example_dags/example_xcom.py
[2024-03-20 08:08:25,217] {logging_mixin.py:109} INFO - [2024-03-20 08:08:25,217] {dag.py:2396} INFO - Sync 1 DAGs
[2024-03-20 08:08:25,223] {logging_mixin.py:109} INFO - [2024-03-20 08:08:25,223] {dag.py:2935} INFO - Setting next_dagrun for example_xcom to 2021-01-01T00:00:00+00:00
[2024-03-20 08:08:25,229] {processor.py:171} INFO - Processing /Users/macbook/anaconda3/envs/airflow_env/lib/python3.9/site-packages/airflow/example_dags/example_xcom.py took 0.213 seconds
