[2024-03-20 00:16:31,952] {processor.py:163} INFO - Started process (PID=34943) to work on /Users/macbook/anaconda3/envs/airflow_env/lib/python3.9/site-packages/airflow/example_dags/example_trigger_controller_dag.py
[2024-03-20 00:16:31,953] {processor.py:642} INFO - Processing file /Users/macbook/anaconda3/envs/airflow_env/lib/python3.9/site-packages/airflow/example_dags/example_trigger_controller_dag.py for tasks to queue
[2024-03-20 00:16:31,953] {logging_mixin.py:109} INFO - [2024-03-20 00:16:31,953] {dagbag.py:500} INFO - Filling up the DagBag from /Users/macbook/anaconda3/envs/airflow_env/lib/python3.9/site-packages/airflow/example_dags/example_trigger_controller_dag.py
[2024-03-20 00:16:31,986] {processor.py:654} INFO - DAG(s) dict_keys(['example_trigger_controller_dag']) retrieved from /Users/macbook/anaconda3/envs/airflow_env/lib/python3.9/site-packages/airflow/example_dags/example_trigger_controller_dag.py
[2024-03-20 00:16:32,004] {logging_mixin.py:109} INFO - [2024-03-20 00:16:32,004] {dag.py:2396} INFO - Sync 1 DAGs
[2024-03-20 00:16:32,013] {logging_mixin.py:109} INFO - [2024-03-20 00:16:32,013] {dag.py:2935} INFO - Setting next_dagrun for example_trigger_controller_dag to 2021-01-01T00:00:00+00:00
[2024-03-20 00:16:32,022] {processor.py:171} INFO - Processing /Users/macbook/anaconda3/envs/airflow_env/lib/python3.9/site-packages/airflow/example_dags/example_trigger_controller_dag.py took 0.070 seconds
[2024-03-20 00:25:19,684] {processor.py:163} INFO - Started process (PID=48496) to work on /Users/macbook/anaconda3/envs/airflow_env/lib/python3.9/site-packages/airflow/example_dags/example_trigger_controller_dag.py
[2024-03-20 00:25:19,684] {processor.py:642} INFO - Processing file /Users/macbook/anaconda3/envs/airflow_env/lib/python3.9/site-packages/airflow/example_dags/example_trigger_controller_dag.py for tasks to queue
[2024-03-20 00:25:19,685] {logging_mixin.py:109} INFO - [2024-03-20 00:25:19,685] {dagbag.py:500} INFO - Filling up the DagBag from /Users/macbook/anaconda3/envs/airflow_env/lib/python3.9/site-packages/airflow/example_dags/example_trigger_controller_dag.py
[2024-03-20 00:25:19,719] {processor.py:654} INFO - DAG(s) dict_keys(['example_trigger_controller_dag']) retrieved from /Users/macbook/anaconda3/envs/airflow_env/lib/python3.9/site-packages/airflow/example_dags/example_trigger_controller_dag.py
[2024-03-20 00:25:19,738] {logging_mixin.py:109} INFO - [2024-03-20 00:25:19,737] {dag.py:2396} INFO - Sync 1 DAGs
[2024-03-20 00:25:19,747] {logging_mixin.py:109} INFO - [2024-03-20 00:25:19,747] {dag.py:2935} INFO - Setting next_dagrun for example_trigger_controller_dag to 2021-01-01T00:00:00+00:00
[2024-03-20 00:25:19,755] {processor.py:171} INFO - Processing /Users/macbook/anaconda3/envs/airflow_env/lib/python3.9/site-packages/airflow/example_dags/example_trigger_controller_dag.py took 0.072 seconds
[2024-03-20 00:34:04,042] {processor.py:163} INFO - Started process (PID=60404) to work on /Users/macbook/anaconda3/envs/airflow_env/lib/python3.9/site-packages/airflow/example_dags/example_trigger_controller_dag.py
[2024-03-20 00:34:04,043] {processor.py:642} INFO - Processing file /Users/macbook/anaconda3/envs/airflow_env/lib/python3.9/site-packages/airflow/example_dags/example_trigger_controller_dag.py for tasks to queue
[2024-03-20 00:34:04,043] {logging_mixin.py:109} INFO - [2024-03-20 00:34:04,043] {dagbag.py:500} INFO - Filling up the DagBag from /Users/macbook/anaconda3/envs/airflow_env/lib/python3.9/site-packages/airflow/example_dags/example_trigger_controller_dag.py
[2024-03-20 00:34:04,076] {processor.py:654} INFO - DAG(s) dict_keys(['example_trigger_controller_dag']) retrieved from /Users/macbook/anaconda3/envs/airflow_env/lib/python3.9/site-packages/airflow/example_dags/example_trigger_controller_dag.py
[2024-03-20 00:34:04,092] {logging_mixin.py:109} INFO - [2024-03-20 00:34:04,092] {dag.py:2396} INFO - Sync 1 DAGs
[2024-03-20 00:34:04,101] {logging_mixin.py:109} INFO - [2024-03-20 00:34:04,101] {dag.py:2935} INFO - Setting next_dagrun for example_trigger_controller_dag to 2021-01-01T00:00:00+00:00
[2024-03-20 00:34:04,109] {processor.py:171} INFO - Processing /Users/macbook/anaconda3/envs/airflow_env/lib/python3.9/site-packages/airflow/example_dags/example_trigger_controller_dag.py took 0.067 seconds
[2024-03-20 07:58:38,028] {processor.py:163} INFO - Started process (PID=10999) to work on /Users/macbook/anaconda3/envs/airflow_env/lib/python3.9/site-packages/airflow/example_dags/example_trigger_controller_dag.py
[2024-03-20 07:58:38,029] {processor.py:642} INFO - Processing file /Users/macbook/anaconda3/envs/airflow_env/lib/python3.9/site-packages/airflow/example_dags/example_trigger_controller_dag.py for tasks to queue
[2024-03-20 07:58:38,030] {logging_mixin.py:109} INFO - [2024-03-20 07:58:38,030] {dagbag.py:500} INFO - Filling up the DagBag from /Users/macbook/anaconda3/envs/airflow_env/lib/python3.9/site-packages/airflow/example_dags/example_trigger_controller_dag.py
[2024-03-20 07:58:38,056] {processor.py:654} INFO - DAG(s) dict_keys(['example_trigger_controller_dag']) retrieved from /Users/macbook/anaconda3/envs/airflow_env/lib/python3.9/site-packages/airflow/example_dags/example_trigger_controller_dag.py
[2024-03-20 07:58:38,068] {logging_mixin.py:109} INFO - [2024-03-20 07:58:38,068] {dag.py:2396} INFO - Sync 1 DAGs
[2024-03-20 07:58:38,074] {logging_mixin.py:109} INFO - [2024-03-20 07:58:38,074] {dag.py:2935} INFO - Setting next_dagrun for example_trigger_controller_dag to 2021-01-01T00:00:00+00:00
[2024-03-20 07:58:38,080] {processor.py:171} INFO - Processing /Users/macbook/anaconda3/envs/airflow_env/lib/python3.9/site-packages/airflow/example_dags/example_trigger_controller_dag.py took 0.052 seconds
[2024-03-20 08:08:34,873] {processor.py:163} INFO - Started process (PID=27474) to work on /Users/macbook/anaconda3/envs/airflow_env/lib/python3.9/site-packages/airflow/example_dags/example_trigger_controller_dag.py
[2024-03-20 08:08:34,873] {processor.py:642} INFO - Processing file /Users/macbook/anaconda3/envs/airflow_env/lib/python3.9/site-packages/airflow/example_dags/example_trigger_controller_dag.py for tasks to queue
[2024-03-20 08:08:34,874] {logging_mixin.py:109} INFO - [2024-03-20 08:08:34,873] {dagbag.py:500} INFO - Filling up the DagBag from /Users/macbook/anaconda3/envs/airflow_env/lib/python3.9/site-packages/airflow/example_dags/example_trigger_controller_dag.py
[2024-03-20 08:08:34,897] {processor.py:654} INFO - DAG(s) dict_keys(['example_trigger_controller_dag']) retrieved from /Users/macbook/anaconda3/envs/airflow_env/lib/python3.9/site-packages/airflow/example_dags/example_trigger_controller_dag.py
[2024-03-20 08:08:34,910] {logging_mixin.py:109} INFO - [2024-03-20 08:08:34,910] {dag.py:2396} INFO - Sync 1 DAGs
[2024-03-20 08:08:34,917] {logging_mixin.py:109} INFO - [2024-03-20 08:08:34,917] {dag.py:2935} INFO - Setting next_dagrun for example_trigger_controller_dag to 2021-01-01T00:00:00+00:00
[2024-03-20 08:08:34,924] {processor.py:171} INFO - Processing /Users/macbook/anaconda3/envs/airflow_env/lib/python3.9/site-packages/airflow/example_dags/example_trigger_controller_dag.py took 0.052 seconds
