[2024-03-20 00:15:45,627] {processor.py:163} INFO - Started process (PID=33820) to work on /Users/macbook/anaconda3/envs/airflow_env/lib/python3.9/site-packages/airflow/example_dags/example_xcomargs.py
[2024-03-20 00:15:45,627] {processor.py:642} INFO - Processing file /Users/macbook/anaconda3/envs/airflow_env/lib/python3.9/site-packages/airflow/example_dags/example_xcomargs.py for tasks to queue
[2024-03-20 00:15:45,628] {logging_mixin.py:109} INFO - [2024-03-20 00:15:45,628] {dagbag.py:500} INFO - Filling up the DagBag from /Users/macbook/anaconda3/envs/airflow_env/lib/python3.9/site-packages/airflow/example_dags/example_xcomargs.py
[2024-03-20 00:15:45,681] {processor.py:654} INFO - DAG(s) dict_keys(['example_xcom_args', 'example_xcom_args_with_operators']) retrieved from /Users/macbook/anaconda3/envs/airflow_env/lib/python3.9/site-packages/airflow/example_dags/example_xcomargs.py
[2024-03-20 00:15:45,947] {logging_mixin.py:109} INFO - [2024-03-20 00:15:45,947] {dag.py:2396} INFO - Sync 2 DAGs
[2024-03-20 00:15:45,957] {logging_mixin.py:109} INFO - [2024-03-20 00:15:45,956] {dag.py:2935} INFO - Setting next_dagrun for example_xcom_args to None
[2024-03-20 00:15:45,957] {logging_mixin.py:109} INFO - [2024-03-20 00:15:45,957] {dag.py:2935} INFO - Setting next_dagrun for example_xcom_args_with_operators to None
[2024-03-20 00:15:45,965] {processor.py:171} INFO - Processing /Users/macbook/anaconda3/envs/airflow_env/lib/python3.9/site-packages/airflow/example_dags/example_xcomargs.py took 0.339 seconds
[2024-03-20 00:25:09,736] {processor.py:163} INFO - Started process (PID=48288) to work on /Users/macbook/anaconda3/envs/airflow_env/lib/python3.9/site-packages/airflow/example_dags/example_xcomargs.py
[2024-03-20 00:25:09,737] {processor.py:642} INFO - Processing file /Users/macbook/anaconda3/envs/airflow_env/lib/python3.9/site-packages/airflow/example_dags/example_xcomargs.py for tasks to queue
[2024-03-20 00:25:09,737] {logging_mixin.py:109} INFO - [2024-03-20 00:25:09,737] {dagbag.py:500} INFO - Filling up the DagBag from /Users/macbook/anaconda3/envs/airflow_env/lib/python3.9/site-packages/airflow/example_dags/example_xcomargs.py
[2024-03-20 00:25:09,787] {processor.py:654} INFO - DAG(s) dict_keys(['example_xcom_args', 'example_xcom_args_with_operators']) retrieved from /Users/macbook/anaconda3/envs/airflow_env/lib/python3.9/site-packages/airflow/example_dags/example_xcomargs.py
[2024-03-20 00:25:10,044] {logging_mixin.py:109} INFO - [2024-03-20 00:25:10,043] {dag.py:2396} INFO - Sync 2 DAGs
[2024-03-20 00:25:10,053] {logging_mixin.py:109} INFO - [2024-03-20 00:25:10,053] {dag.py:2935} INFO - Setting next_dagrun for example_xcom_args to None
[2024-03-20 00:25:10,053] {logging_mixin.py:109} INFO - [2024-03-20 00:25:10,053] {dag.py:2935} INFO - Setting next_dagrun for example_xcom_args_with_operators to None
[2024-03-20 00:25:10,062] {processor.py:171} INFO - Processing /Users/macbook/anaconda3/envs/airflow_env/lib/python3.9/site-packages/airflow/example_dags/example_xcomargs.py took 0.326 seconds
[2024-03-20 00:32:05,553] {processor.py:163} INFO - Started process (PID=59070) to work on /Users/macbook/anaconda3/envs/airflow_env/lib/python3.9/site-packages/airflow/example_dags/example_xcomargs.py
[2024-03-20 00:32:05,554] {processor.py:642} INFO - Processing file /Users/macbook/anaconda3/envs/airflow_env/lib/python3.9/site-packages/airflow/example_dags/example_xcomargs.py for tasks to queue
[2024-03-20 00:32:05,554] {logging_mixin.py:109} INFO - [2024-03-20 00:32:05,554] {dagbag.py:500} INFO - Filling up the DagBag from /Users/macbook/anaconda3/envs/airflow_env/lib/python3.9/site-packages/airflow/example_dags/example_xcomargs.py
[2024-03-20 00:32:05,604] {processor.py:654} INFO - DAG(s) dict_keys(['example_xcom_args', 'example_xcom_args_with_operators']) retrieved from /Users/macbook/anaconda3/envs/airflow_env/lib/python3.9/site-packages/airflow/example_dags/example_xcomargs.py
[2024-03-20 00:32:05,852] {logging_mixin.py:109} INFO - [2024-03-20 00:32:05,852] {dag.py:2396} INFO - Sync 2 DAGs
[2024-03-20 00:32:05,861] {logging_mixin.py:109} INFO - [2024-03-20 00:32:05,861] {dag.py:2935} INFO - Setting next_dagrun for example_xcom_args to None
[2024-03-20 00:32:05,862] {logging_mixin.py:109} INFO - [2024-03-20 00:32:05,861] {dag.py:2935} INFO - Setting next_dagrun for example_xcom_args_with_operators to None
[2024-03-20 00:32:05,871] {processor.py:171} INFO - Processing /Users/macbook/anaconda3/envs/airflow_env/lib/python3.9/site-packages/airflow/example_dags/example_xcomargs.py took 0.318 seconds
[2024-03-20 07:53:23,796] {processor.py:163} INFO - Started process (PID=1961) to work on /Users/macbook/anaconda3/envs/airflow_env/lib/python3.9/site-packages/airflow/example_dags/example_xcomargs.py
[2024-03-20 07:53:23,797] {processor.py:642} INFO - Processing file /Users/macbook/anaconda3/envs/airflow_env/lib/python3.9/site-packages/airflow/example_dags/example_xcomargs.py for tasks to queue
[2024-03-20 07:53:23,797] {logging_mixin.py:109} INFO - [2024-03-20 07:53:23,797] {dagbag.py:500} INFO - Filling up the DagBag from /Users/macbook/anaconda3/envs/airflow_env/lib/python3.9/site-packages/airflow/example_dags/example_xcomargs.py
[2024-03-20 07:53:23,835] {processor.py:654} INFO - DAG(s) dict_keys(['example_xcom_args', 'example_xcom_args_with_operators']) retrieved from /Users/macbook/anaconda3/envs/airflow_env/lib/python3.9/site-packages/airflow/example_dags/example_xcomargs.py
[2024-03-20 07:53:24,038] {logging_mixin.py:109} INFO - [2024-03-20 07:53:24,038] {dag.py:2396} INFO - Sync 2 DAGs
[2024-03-20 07:53:24,046] {logging_mixin.py:109} INFO - [2024-03-20 07:53:24,046] {dag.py:2935} INFO - Setting next_dagrun for example_xcom_args to None
[2024-03-20 07:53:24,046] {logging_mixin.py:109} INFO - [2024-03-20 07:53:24,046] {dag.py:2935} INFO - Setting next_dagrun for example_xcom_args_with_operators to None
[2024-03-20 07:53:24,055] {processor.py:171} INFO - Processing /Users/macbook/anaconda3/envs/airflow_env/lib/python3.9/site-packages/airflow/example_dags/example_xcomargs.py took 0.260 seconds
[2024-03-20 07:58:28,485] {processor.py:163} INFO - Started process (PID=10739) to work on /Users/macbook/anaconda3/envs/airflow_env/lib/python3.9/site-packages/airflow/example_dags/example_xcomargs.py
[2024-03-20 07:58:28,486] {processor.py:642} INFO - Processing file /Users/macbook/anaconda3/envs/airflow_env/lib/python3.9/site-packages/airflow/example_dags/example_xcomargs.py for tasks to queue
[2024-03-20 07:58:28,486] {logging_mixin.py:109} INFO - [2024-03-20 07:58:28,486] {dagbag.py:500} INFO - Filling up the DagBag from /Users/macbook/anaconda3/envs/airflow_env/lib/python3.9/site-packages/airflow/example_dags/example_xcomargs.py
[2024-03-20 07:58:28,523] {processor.py:654} INFO - DAG(s) dict_keys(['example_xcom_args', 'example_xcom_args_with_operators']) retrieved from /Users/macbook/anaconda3/envs/airflow_env/lib/python3.9/site-packages/airflow/example_dags/example_xcomargs.py
[2024-03-20 07:58:28,706] {logging_mixin.py:109} INFO - [2024-03-20 07:58:28,706] {dag.py:2396} INFO - Sync 2 DAGs
[2024-03-20 07:58:28,713] {logging_mixin.py:109} INFO - [2024-03-20 07:58:28,713] {dag.py:2935} INFO - Setting next_dagrun for example_xcom_args to None
[2024-03-20 07:58:28,713] {logging_mixin.py:109} INFO - [2024-03-20 07:58:28,713] {dag.py:2935} INFO - Setting next_dagrun for example_xcom_args_with_operators to None
[2024-03-20 07:58:28,719] {processor.py:171} INFO - Processing /Users/macbook/anaconda3/envs/airflow_env/lib/python3.9/site-packages/airflow/example_dags/example_xcomargs.py took 0.234 seconds
[2024-03-20 08:08:22,341] {processor.py:163} INFO - Started process (PID=27179) to work on /Users/macbook/anaconda3/envs/airflow_env/lib/python3.9/site-packages/airflow/example_dags/example_xcomargs.py
[2024-03-20 08:08:22,341] {processor.py:642} INFO - Processing file /Users/macbook/anaconda3/envs/airflow_env/lib/python3.9/site-packages/airflow/example_dags/example_xcomargs.py for tasks to queue
[2024-03-20 08:08:22,341] {logging_mixin.py:109} INFO - [2024-03-20 08:08:22,341] {dagbag.py:500} INFO - Filling up the DagBag from /Users/macbook/anaconda3/envs/airflow_env/lib/python3.9/site-packages/airflow/example_dags/example_xcomargs.py
[2024-03-20 08:08:22,378] {processor.py:654} INFO - DAG(s) dict_keys(['example_xcom_args', 'example_xcom_args_with_operators']) retrieved from /Users/macbook/anaconda3/envs/airflow_env/lib/python3.9/site-packages/airflow/example_dags/example_xcomargs.py
[2024-03-20 08:08:22,549] {logging_mixin.py:109} INFO - [2024-03-20 08:08:22,549] {dag.py:2396} INFO - Sync 2 DAGs
[2024-03-20 08:08:22,555] {logging_mixin.py:109} INFO - [2024-03-20 08:08:22,555] {dag.py:2935} INFO - Setting next_dagrun for example_xcom_args to None
[2024-03-20 08:08:22,555] {logging_mixin.py:109} INFO - [2024-03-20 08:08:22,555] {dag.py:2935} INFO - Setting next_dagrun for example_xcom_args_with_operators to None
[2024-03-20 08:08:22,561] {processor.py:171} INFO - Processing /Users/macbook/anaconda3/envs/airflow_env/lib/python3.9/site-packages/airflow/example_dags/example_xcomargs.py took 0.221 seconds
