[2024-03-20 00:15:39,522] {processor.py:163} INFO - Started process (PID=33675) to work on /Users/macbook/anaconda3/envs/airflow_env/lib/python3.9/site-packages/airflow/example_dags/tutorial_etl_dag.py
[2024-03-20 00:15:39,522] {processor.py:642} INFO - Processing file /Users/macbook/anaconda3/envs/airflow_env/lib/python3.9/site-packages/airflow/example_dags/tutorial_etl_dag.py for tasks to queue
[2024-03-20 00:15:39,523] {logging_mixin.py:109} INFO - [2024-03-20 00:15:39,523] {dagbag.py:500} INFO - Filling up the DagBag from /Users/macbook/anaconda3/envs/airflow_env/lib/python3.9/site-packages/airflow/example_dags/tutorial_etl_dag.py
[2024-03-20 00:15:39,567] {processor.py:654} INFO - DAG(s) dict_keys(['tutorial_etl_dag']) retrieved from /Users/macbook/anaconda3/envs/airflow_env/lib/python3.9/site-packages/airflow/example_dags/tutorial_etl_dag.py
[2024-03-20 00:15:39,585] {logging_mixin.py:109} INFO - [2024-03-20 00:15:39,585] {dag.py:2396} INFO - Sync 1 DAGs
[2024-03-20 00:15:39,594] {logging_mixin.py:109} INFO - [2024-03-20 00:15:39,594] {dag.py:2935} INFO - Setting next_dagrun for tutorial_etl_dag to None
[2024-03-20 00:15:39,603] {processor.py:171} INFO - Processing /Users/macbook/anaconda3/envs/airflow_env/lib/python3.9/site-packages/airflow/example_dags/tutorial_etl_dag.py took 0.082 seconds
[2024-03-20 00:24:28,765] {processor.py:163} INFO - Started process (PID=46987) to work on /Users/macbook/anaconda3/envs/airflow_env/lib/python3.9/site-packages/airflow/example_dags/tutorial_etl_dag.py
[2024-03-20 00:24:28,766] {processor.py:642} INFO - Processing file /Users/macbook/anaconda3/envs/airflow_env/lib/python3.9/site-packages/airflow/example_dags/tutorial_etl_dag.py for tasks to queue
[2024-03-20 00:24:28,766] {logging_mixin.py:109} INFO - [2024-03-20 00:24:28,766] {dagbag.py:500} INFO - Filling up the DagBag from /Users/macbook/anaconda3/envs/airflow_env/lib/python3.9/site-packages/airflow/example_dags/tutorial_etl_dag.py
[2024-03-20 00:24:28,811] {processor.py:654} INFO - DAG(s) dict_keys(['tutorial_etl_dag']) retrieved from /Users/macbook/anaconda3/envs/airflow_env/lib/python3.9/site-packages/airflow/example_dags/tutorial_etl_dag.py
[2024-03-20 00:24:28,829] {logging_mixin.py:109} INFO - [2024-03-20 00:24:28,829] {dag.py:2396} INFO - Sync 1 DAGs
[2024-03-20 00:24:28,838] {logging_mixin.py:109} INFO - [2024-03-20 00:24:28,838] {dag.py:2935} INFO - Setting next_dagrun for tutorial_etl_dag to None
[2024-03-20 00:24:28,845] {processor.py:171} INFO - Processing /Users/macbook/anaconda3/envs/airflow_env/lib/python3.9/site-packages/airflow/example_dags/tutorial_etl_dag.py took 0.081 seconds
[2024-03-20 00:31:59,331] {processor.py:163} INFO - Started process (PID=58928) to work on /Users/macbook/anaconda3/envs/airflow_env/lib/python3.9/site-packages/airflow/example_dags/tutorial_etl_dag.py
[2024-03-20 00:31:59,331] {processor.py:642} INFO - Processing file /Users/macbook/anaconda3/envs/airflow_env/lib/python3.9/site-packages/airflow/example_dags/tutorial_etl_dag.py for tasks to queue
[2024-03-20 00:31:59,332] {logging_mixin.py:109} INFO - [2024-03-20 00:31:59,332] {dagbag.py:500} INFO - Filling up the DagBag from /Users/macbook/anaconda3/envs/airflow_env/lib/python3.9/site-packages/airflow/example_dags/tutorial_etl_dag.py
[2024-03-20 00:31:59,376] {processor.py:654} INFO - DAG(s) dict_keys(['tutorial_etl_dag']) retrieved from /Users/macbook/anaconda3/envs/airflow_env/lib/python3.9/site-packages/airflow/example_dags/tutorial_etl_dag.py
[2024-03-20 00:31:59,393] {logging_mixin.py:109} INFO - [2024-03-20 00:31:59,393] {dag.py:2396} INFO - Sync 1 DAGs
[2024-03-20 00:31:59,402] {logging_mixin.py:109} INFO - [2024-03-20 00:31:59,402] {dag.py:2935} INFO - Setting next_dagrun for tutorial_etl_dag to None
[2024-03-20 00:31:59,409] {processor.py:171} INFO - Processing /Users/macbook/anaconda3/envs/airflow_env/lib/python3.9/site-packages/airflow/example_dags/tutorial_etl_dag.py took 0.079 seconds
[2024-03-20 07:51:57,782] {processor.py:163} INFO - Started process (PID=99161) to work on /Users/macbook/anaconda3/envs/airflow_env/lib/python3.9/site-packages/airflow/example_dags/tutorial_etl_dag.py
[2024-03-20 07:51:57,783] {processor.py:642} INFO - Processing file /Users/macbook/anaconda3/envs/airflow_env/lib/python3.9/site-packages/airflow/example_dags/tutorial_etl_dag.py for tasks to queue
[2024-03-20 07:51:57,783] {logging_mixin.py:109} INFO - [2024-03-20 07:51:57,783] {dagbag.py:500} INFO - Filling up the DagBag from /Users/macbook/anaconda3/envs/airflow_env/lib/python3.9/site-packages/airflow/example_dags/tutorial_etl_dag.py
[2024-03-20 07:51:57,812] {processor.py:654} INFO - DAG(s) dict_keys(['tutorial_etl_dag']) retrieved from /Users/macbook/anaconda3/envs/airflow_env/lib/python3.9/site-packages/airflow/example_dags/tutorial_etl_dag.py
[2024-03-20 07:51:57,823] {logging_mixin.py:109} INFO - [2024-03-20 07:51:57,823] {dag.py:2396} INFO - Sync 1 DAGs
[2024-03-20 07:51:57,829] {logging_mixin.py:109} INFO - [2024-03-20 07:51:57,829] {dag.py:2935} INFO - Setting next_dagrun for tutorial_etl_dag to None
[2024-03-20 07:51:57,833] {processor.py:171} INFO - Processing /Users/macbook/anaconda3/envs/airflow_env/lib/python3.9/site-packages/airflow/example_dags/tutorial_etl_dag.py took 0.052 seconds
[2024-03-20 07:58:24,501] {processor.py:163} INFO - Started process (PID=10645) to work on /Users/macbook/anaconda3/envs/airflow_env/lib/python3.9/site-packages/airflow/example_dags/tutorial_etl_dag.py
[2024-03-20 07:58:24,503] {processor.py:642} INFO - Processing file /Users/macbook/anaconda3/envs/airflow_env/lib/python3.9/site-packages/airflow/example_dags/tutorial_etl_dag.py for tasks to queue
[2024-03-20 07:58:24,503] {logging_mixin.py:109} INFO - [2024-03-20 07:58:24,503] {dagbag.py:500} INFO - Filling up the DagBag from /Users/macbook/anaconda3/envs/airflow_env/lib/python3.9/site-packages/airflow/example_dags/tutorial_etl_dag.py
[2024-03-20 07:58:24,535] {processor.py:654} INFO - DAG(s) dict_keys(['tutorial_etl_dag']) retrieved from /Users/macbook/anaconda3/envs/airflow_env/lib/python3.9/site-packages/airflow/example_dags/tutorial_etl_dag.py
[2024-03-20 07:58:24,548] {logging_mixin.py:109} INFO - [2024-03-20 07:58:24,548] {dag.py:2396} INFO - Sync 1 DAGs
[2024-03-20 07:58:24,554] {logging_mixin.py:109} INFO - [2024-03-20 07:58:24,554] {dag.py:2935} INFO - Setting next_dagrun for tutorial_etl_dag to None
[2024-03-20 07:58:24,562] {processor.py:171} INFO - Processing /Users/macbook/anaconda3/envs/airflow_env/lib/python3.9/site-packages/airflow/example_dags/tutorial_etl_dag.py took 0.061 seconds
[2024-03-20 08:08:18,350] {processor.py:163} INFO - Started process (PID=27083) to work on /Users/macbook/anaconda3/envs/airflow_env/lib/python3.9/site-packages/airflow/example_dags/tutorial_etl_dag.py
[2024-03-20 08:08:18,351] {processor.py:642} INFO - Processing file /Users/macbook/anaconda3/envs/airflow_env/lib/python3.9/site-packages/airflow/example_dags/tutorial_etl_dag.py for tasks to queue
[2024-03-20 08:08:18,351] {logging_mixin.py:109} INFO - [2024-03-20 08:08:18,351] {dagbag.py:500} INFO - Filling up the DagBag from /Users/macbook/anaconda3/envs/airflow_env/lib/python3.9/site-packages/airflow/example_dags/tutorial_etl_dag.py
[2024-03-20 08:08:18,382] {processor.py:654} INFO - DAG(s) dict_keys(['tutorial_etl_dag']) retrieved from /Users/macbook/anaconda3/envs/airflow_env/lib/python3.9/site-packages/airflow/example_dags/tutorial_etl_dag.py
[2024-03-20 08:08:18,395] {logging_mixin.py:109} INFO - [2024-03-20 08:08:18,395] {dag.py:2396} INFO - Sync 1 DAGs
[2024-03-20 08:08:18,402] {logging_mixin.py:109} INFO - [2024-03-20 08:08:18,402] {dag.py:2935} INFO - Setting next_dagrun for tutorial_etl_dag to None
[2024-03-20 08:08:18,407] {processor.py:171} INFO - Processing /Users/macbook/anaconda3/envs/airflow_env/lib/python3.9/site-packages/airflow/example_dags/tutorial_etl_dag.py took 0.057 seconds
