[2024-03-19 21:51:56,532] {processor.py:163} INFO - Started process (PID=74953) to work on /Users/macbook/anaconda3/envs/airflow_env/lib/python3.9/site-packages/airflow/example_dags/tutorial_taskflow_api_etl.py
[2024-03-19 21:51:56,534] {processor.py:642} INFO - Processing file /Users/macbook/anaconda3/envs/airflow_env/lib/python3.9/site-packages/airflow/example_dags/tutorial_taskflow_api_etl.py for tasks to queue
[2024-03-19 21:51:56,535] {logging_mixin.py:109} INFO - [2024-03-19 21:51:56,535] {dagbag.py:500} INFO - Filling up the DagBag from /Users/macbook/anaconda3/envs/airflow_env/lib/python3.9/site-packages/airflow/example_dags/tutorial_taskflow_api_etl.py
[2024-03-19 21:51:56,688] {processor.py:654} INFO - DAG(s) dict_keys(['tutorial_taskflow_api_etl']) retrieved from /Users/macbook/anaconda3/envs/airflow_env/lib/python3.9/site-packages/airflow/example_dags/tutorial_taskflow_api_etl.py
[2024-03-19 21:51:57,491] {logging_mixin.py:109} INFO - [2024-03-19 21:51:57,491] {dag.py:2396} INFO - Sync 1 DAGs
[2024-03-19 21:51:57,519] {logging_mixin.py:109} INFO - [2024-03-19 21:51:57,519] {dag.py:2935} INFO - Setting next_dagrun for tutorial_taskflow_api_etl to None
[2024-03-19 21:51:57,544] {processor.py:171} INFO - Processing /Users/macbook/anaconda3/envs/airflow_env/lib/python3.9/site-packages/airflow/example_dags/tutorial_taskflow_api_etl.py took 1.013 seconds
[2024-03-20 00:15:37,272] {processor.py:163} INFO - Started process (PID=33621) to work on /Users/macbook/anaconda3/envs/airflow_env/lib/python3.9/site-packages/airflow/example_dags/tutorial_taskflow_api_etl.py
[2024-03-20 00:15:37,273] {processor.py:642} INFO - Processing file /Users/macbook/anaconda3/envs/airflow_env/lib/python3.9/site-packages/airflow/example_dags/tutorial_taskflow_api_etl.py for tasks to queue
[2024-03-20 00:15:37,274] {logging_mixin.py:109} INFO - [2024-03-20 00:15:37,273] {dagbag.py:500} INFO - Filling up the DagBag from /Users/macbook/anaconda3/envs/airflow_env/lib/python3.9/site-packages/airflow/example_dags/tutorial_taskflow_api_etl.py
[2024-03-20 00:15:37,323] {processor.py:654} INFO - DAG(s) dict_keys(['tutorial_taskflow_api_etl']) retrieved from /Users/macbook/anaconda3/envs/airflow_env/lib/python3.9/site-packages/airflow/example_dags/tutorial_taskflow_api_etl.py
[2024-03-20 00:15:37,585] {logging_mixin.py:109} INFO - [2024-03-20 00:15:37,584] {dag.py:2396} INFO - Sync 1 DAGs
[2024-03-20 00:15:37,594] {logging_mixin.py:109} INFO - [2024-03-20 00:15:37,594] {dag.py:2935} INFO - Setting next_dagrun for tutorial_taskflow_api_etl to None
[2024-03-20 00:15:37,603] {processor.py:171} INFO - Processing /Users/macbook/anaconda3/envs/airflow_env/lib/python3.9/site-packages/airflow/example_dags/tutorial_taskflow_api_etl.py took 0.332 seconds
[2024-03-20 00:22:22,925] {processor.py:163} INFO - Started process (PID=43826) to work on /Users/macbook/anaconda3/envs/airflow_env/lib/python3.9/site-packages/airflow/example_dags/tutorial_taskflow_api_etl.py
[2024-03-20 00:22:22,925] {processor.py:642} INFO - Processing file /Users/macbook/anaconda3/envs/airflow_env/lib/python3.9/site-packages/airflow/example_dags/tutorial_taskflow_api_etl.py for tasks to queue
[2024-03-20 00:22:22,926] {logging_mixin.py:109} INFO - [2024-03-20 00:22:22,926] {dagbag.py:500} INFO - Filling up the DagBag from /Users/macbook/anaconda3/envs/airflow_env/lib/python3.9/site-packages/airflow/example_dags/tutorial_taskflow_api_etl.py
[2024-03-20 00:22:22,975] {processor.py:654} INFO - DAG(s) dict_keys(['tutorial_taskflow_api_etl']) retrieved from /Users/macbook/anaconda3/envs/airflow_env/lib/python3.9/site-packages/airflow/example_dags/tutorial_taskflow_api_etl.py
[2024-03-20 00:22:23,240] {logging_mixin.py:109} INFO - [2024-03-20 00:22:23,239] {dag.py:2396} INFO - Sync 1 DAGs
[2024-03-20 00:22:23,250] {logging_mixin.py:109} INFO - [2024-03-20 00:22:23,249] {dag.py:2935} INFO - Setting next_dagrun for tutorial_taskflow_api_etl to None
[2024-03-20 00:22:23,259] {processor.py:171} INFO - Processing /Users/macbook/anaconda3/envs/airflow_env/lib/python3.9/site-packages/airflow/example_dags/tutorial_taskflow_api_etl.py took 0.334 seconds
[2024-03-20 00:28:50,619] {processor.py:163} INFO - Started process (PID=53953) to work on /Users/macbook/anaconda3/envs/airflow_env/lib/python3.9/site-packages/airflow/example_dags/tutorial_taskflow_api_etl.py
[2024-03-20 00:28:50,619] {processor.py:642} INFO - Processing file /Users/macbook/anaconda3/envs/airflow_env/lib/python3.9/site-packages/airflow/example_dags/tutorial_taskflow_api_etl.py for tasks to queue
[2024-03-20 00:28:50,620] {logging_mixin.py:109} INFO - [2024-03-20 00:28:50,620] {dagbag.py:500} INFO - Filling up the DagBag from /Users/macbook/anaconda3/envs/airflow_env/lib/python3.9/site-packages/airflow/example_dags/tutorial_taskflow_api_etl.py
[2024-03-20 00:28:50,672] {processor.py:654} INFO - DAG(s) dict_keys(['tutorial_taskflow_api_etl']) retrieved from /Users/macbook/anaconda3/envs/airflow_env/lib/python3.9/site-packages/airflow/example_dags/tutorial_taskflow_api_etl.py
[2024-03-20 00:28:50,941] {logging_mixin.py:109} INFO - [2024-03-20 00:28:50,940] {dag.py:2396} INFO - Sync 1 DAGs
[2024-03-20 00:28:50,950] {logging_mixin.py:109} INFO - [2024-03-20 00:28:50,950] {dag.py:2935} INFO - Setting next_dagrun for tutorial_taskflow_api_etl to None
[2024-03-20 00:28:50,962] {processor.py:171} INFO - Processing /Users/macbook/anaconda3/envs/airflow_env/lib/python3.9/site-packages/airflow/example_dags/tutorial_taskflow_api_etl.py took 0.344 seconds
[2024-03-20 00:31:55,985] {processor.py:163} INFO - Started process (PID=58832) to work on /Users/macbook/anaconda3/envs/airflow_env/lib/python3.9/site-packages/airflow/example_dags/tutorial_taskflow_api_etl.py
[2024-03-20 00:31:55,986] {processor.py:642} INFO - Processing file /Users/macbook/anaconda3/envs/airflow_env/lib/python3.9/site-packages/airflow/example_dags/tutorial_taskflow_api_etl.py for tasks to queue
[2024-03-20 00:31:55,986] {logging_mixin.py:109} INFO - [2024-03-20 00:31:55,986] {dagbag.py:500} INFO - Filling up the DagBag from /Users/macbook/anaconda3/envs/airflow_env/lib/python3.9/site-packages/airflow/example_dags/tutorial_taskflow_api_etl.py
[2024-03-20 00:31:56,033] {processor.py:654} INFO - DAG(s) dict_keys(['tutorial_taskflow_api_etl']) retrieved from /Users/macbook/anaconda3/envs/airflow_env/lib/python3.9/site-packages/airflow/example_dags/tutorial_taskflow_api_etl.py
[2024-03-20 00:31:56,273] {logging_mixin.py:109} INFO - [2024-03-20 00:31:56,272] {dag.py:2396} INFO - Sync 1 DAGs
[2024-03-20 00:31:56,282] {logging_mixin.py:109} INFO - [2024-03-20 00:31:56,282] {dag.py:2935} INFO - Setting next_dagrun for tutorial_taskflow_api_etl to None
[2024-03-20 00:31:56,290] {processor.py:171} INFO - Processing /Users/macbook/anaconda3/envs/airflow_env/lib/python3.9/site-packages/airflow/example_dags/tutorial_taskflow_api_etl.py took 0.306 seconds
[2024-03-20 07:51:56,383] {processor.py:163} INFO - Started process (PID=99094) to work on /Users/macbook/anaconda3/envs/airflow_env/lib/python3.9/site-packages/airflow/example_dags/tutorial_taskflow_api_etl.py
[2024-03-20 07:51:56,384] {processor.py:642} INFO - Processing file /Users/macbook/anaconda3/envs/airflow_env/lib/python3.9/site-packages/airflow/example_dags/tutorial_taskflow_api_etl.py for tasks to queue
[2024-03-20 07:51:56,384] {logging_mixin.py:109} INFO - [2024-03-20 07:51:56,384] {dagbag.py:500} INFO - Filling up the DagBag from /Users/macbook/anaconda3/envs/airflow_env/lib/python3.9/site-packages/airflow/example_dags/tutorial_taskflow_api_etl.py
[2024-03-20 07:51:56,414] {processor.py:654} INFO - DAG(s) dict_keys(['tutorial_taskflow_api_etl']) retrieved from /Users/macbook/anaconda3/envs/airflow_env/lib/python3.9/site-packages/airflow/example_dags/tutorial_taskflow_api_etl.py
[2024-03-20 07:51:56,616] {logging_mixin.py:109} INFO - [2024-03-20 07:51:56,615] {dag.py:2396} INFO - Sync 1 DAGs
[2024-03-20 07:51:56,624] {logging_mixin.py:109} INFO - [2024-03-20 07:51:56,624] {dag.py:2935} INFO - Setting next_dagrun for tutorial_taskflow_api_etl to None
[2024-03-20 07:51:56,631] {processor.py:171} INFO - Processing /Users/macbook/anaconda3/envs/airflow_env/lib/python3.9/site-packages/airflow/example_dags/tutorial_taskflow_api_etl.py took 0.249 seconds
[2024-03-20 07:58:21,833] {processor.py:163} INFO - Started process (PID=10595) to work on /Users/macbook/anaconda3/envs/airflow_env/lib/python3.9/site-packages/airflow/example_dags/tutorial_taskflow_api_etl.py
[2024-03-20 07:58:21,835] {processor.py:642} INFO - Processing file /Users/macbook/anaconda3/envs/airflow_env/lib/python3.9/site-packages/airflow/example_dags/tutorial_taskflow_api_etl.py for tasks to queue
[2024-03-20 07:58:21,835] {logging_mixin.py:109} INFO - [2024-03-20 07:58:21,835] {dagbag.py:500} INFO - Filling up the DagBag from /Users/macbook/anaconda3/envs/airflow_env/lib/python3.9/site-packages/airflow/example_dags/tutorial_taskflow_api_etl.py
[2024-03-20 07:58:21,869] {processor.py:654} INFO - DAG(s) dict_keys(['tutorial_taskflow_api_etl']) retrieved from /Users/macbook/anaconda3/envs/airflow_env/lib/python3.9/site-packages/airflow/example_dags/tutorial_taskflow_api_etl.py
[2024-03-20 07:58:22,042] {logging_mixin.py:109} INFO - [2024-03-20 07:58:22,042] {dag.py:2396} INFO - Sync 1 DAGs
[2024-03-20 07:58:22,048] {logging_mixin.py:109} INFO - [2024-03-20 07:58:22,048] {dag.py:2935} INFO - Setting next_dagrun for tutorial_taskflow_api_etl to None
[2024-03-20 07:58:22,054] {processor.py:171} INFO - Processing /Users/macbook/anaconda3/envs/airflow_env/lib/python3.9/site-packages/airflow/example_dags/tutorial_taskflow_api_etl.py took 0.221 seconds
[2024-03-20 08:08:15,677] {processor.py:163} INFO - Started process (PID=27036) to work on /Users/macbook/anaconda3/envs/airflow_env/lib/python3.9/site-packages/airflow/example_dags/tutorial_taskflow_api_etl.py
[2024-03-20 08:08:15,677] {processor.py:642} INFO - Processing file /Users/macbook/anaconda3/envs/airflow_env/lib/python3.9/site-packages/airflow/example_dags/tutorial_taskflow_api_etl.py for tasks to queue
[2024-03-20 08:08:15,677] {logging_mixin.py:109} INFO - [2024-03-20 08:08:15,677] {dagbag.py:500} INFO - Filling up the DagBag from /Users/macbook/anaconda3/envs/airflow_env/lib/python3.9/site-packages/airflow/example_dags/tutorial_taskflow_api_etl.py
[2024-03-20 08:08:15,708] {processor.py:654} INFO - DAG(s) dict_keys(['tutorial_taskflow_api_etl']) retrieved from /Users/macbook/anaconda3/envs/airflow_env/lib/python3.9/site-packages/airflow/example_dags/tutorial_taskflow_api_etl.py
[2024-03-20 08:08:15,875] {logging_mixin.py:109} INFO - [2024-03-20 08:08:15,875] {dag.py:2396} INFO - Sync 1 DAGs
[2024-03-20 08:08:15,881] {logging_mixin.py:109} INFO - [2024-03-20 08:08:15,881] {dag.py:2935} INFO - Setting next_dagrun for tutorial_taskflow_api_etl to None
[2024-03-20 08:08:15,887] {processor.py:171} INFO - Processing /Users/macbook/anaconda3/envs/airflow_env/lib/python3.9/site-packages/airflow/example_dags/tutorial_taskflow_api_etl.py took 0.211 seconds
