[2024-03-15 12:42:59,857] {taskinstance.py:1032} INFO - Dependencies all met for <TaskInstance: dag_ml_life_cycle.get_gold_data scheduled__2024-03-15T17:37:53.074210+00:00 [queued]>
[2024-03-15 12:42:59,925] {taskinstance.py:1032} INFO - Dependencies all met for <TaskInstance: dag_ml_life_cycle.get_gold_data scheduled__2024-03-15T17:37:53.074210+00:00 [queued]>
[2024-03-15 12:42:59,925] {taskinstance.py:1238} INFO - 
--------------------------------------------------------------------------------
[2024-03-15 12:42:59,925] {taskinstance.py:1239} INFO - Starting attempt 1 of 4
[2024-03-15 12:42:59,925] {taskinstance.py:1240} INFO - 
--------------------------------------------------------------------------------
[2024-03-15 12:42:59,933] {taskinstance.py:1259} INFO - Executing <Task(PythonOperator): get_gold_data> on 2024-03-15 17:37:53.074210+00:00
[2024-03-15 12:42:59,940] {standard_task_runner.py:52} INFO - Started process 13514 to run task
[2024-03-15 12:42:59,947] {standard_task_runner.py:76} INFO - Running: ['airflow', 'tasks', 'run', 'dag_ml_life_cycle', 'get_gold_data', 'scheduled__2024-03-15T17:37:53.074210+00:00', '--job-id', '52', '--raw', '--subdir', 'DAGS_FOLDER/lifecycle_ml_example/dags/dag_ml_life_cycle.py', '--cfg-path', '/var/folders/t4/c2kdpvnj6r793w3k056dkc640000gp/T/tmpkvde76q6', '--error-file', '/var/folders/t4/c2kdpvnj6r793w3k056dkc640000gp/T/tmprb81w5np']
[2024-03-15 12:42:59,950] {standard_task_runner.py:77} INFO - Job 52: Subtask get_gold_data
[2024-03-15 12:42:59,991] {logging_mixin.py:109} INFO - Running <TaskInstance: dag_ml_life_cycle.get_gold_data scheduled__2024-03-15T17:37:53.074210+00:00 [running]> on host 1.0.0.0.0.0.0.0.0.0.0.0.0.0.0.0.0.0.0.0.0.0.0.0.0.0.0.0.0.0.0.0.ip6.arpa
[2024-03-15 12:43:00,023] {taskinstance.py:1424} INFO - Exporting the following env vars:
AIRFLOW_CTX_DAG_OWNER=airflow
AIRFLOW_CTX_DAG_ID=dag_ml_life_cycle
AIRFLOW_CTX_TASK_ID=get_gold_data
AIRFLOW_CTX_EXECUTION_DATE=2024-03-15T17:37:53.074210+00:00
AIRFLOW_CTX_DAG_RUN_ID=scheduled__2024-03-15T17:37:53.074210+00:00
[2024-03-15 12:43:00,024] {data_preprocessing.py:29} INFO - Getting gold data
[2024-03-15 12:43:00,024] {data_preprocessing.py:33} INFO - Getting raw data from ml_lifecycle_airflow/in-vehicle-coupon-recommendation.csv ...
[2024-03-15 12:43:03,056] {data_preprocessing.py:80} INFO - Starting data preprocessing ...
[2024-03-15 12:43:03,225] {data_preprocessing.py:141} INFO - Data preprocessing complete

[2024-03-15 12:43:03,262] {data_preprocessing.py:159} INFO - Encoding features using hashing encoder ...
[2024-03-15 12:43:41,711] {data_preprocessing.py:159} INFO - Encoding features using hashing encoder ...
[2024-03-15 12:44:20,195] {data_preprocessing.py:54} INFO - Uploading preprocessed data to GCS ...
[2024-03-15 12:44:29,796] {python.py:175} INFO - Done. Returned value was: True
[2024-03-15 12:44:29,815] {taskinstance.py:1267} INFO - Marking task as SUCCESS. dag_id=dag_ml_life_cycle, task_id=get_gold_data, execution_date=20240315T173753, start_date=20240315T174259, end_date=20240315T174429
[2024-03-15 12:44:29,828] {local_task_job.py:154} INFO - Task exited with return code 0
[2024-03-15 12:44:29,845] {local_task_job.py:264} INFO - 1 downstream tasks scheduled from follow-on schedule check
