[2024-03-18 08:58:16,032] {taskinstance.py:1032} INFO - Dependencies all met for <TaskInstance: dag_ml_life_cycle.evaluate_model scheduled__2024-03-18T08:46:23.641670+00:00 [queued]>
[2024-03-18 08:58:16,093] {taskinstance.py:1032} INFO - Dependencies all met for <TaskInstance: dag_ml_life_cycle.evaluate_model scheduled__2024-03-18T08:46:23.641670+00:00 [queued]>
[2024-03-18 08:58:16,093] {taskinstance.py:1238} INFO - 
--------------------------------------------------------------------------------
[2024-03-18 08:58:16,093] {taskinstance.py:1239} INFO - Starting attempt 1 of 4
[2024-03-18 08:58:16,093] {taskinstance.py:1240} INFO - 
--------------------------------------------------------------------------------
[2024-03-18 08:58:16,099] {taskinstance.py:1259} INFO - Executing <Task(_PythonDecoratedOperator): evaluate_model> on 2024-03-18 08:46:23.641670+00:00
[2024-03-18 08:58:16,104] {standard_task_runner.py:52} INFO - Started process 27947 to run task
[2024-03-18 08:58:16,110] {standard_task_runner.py:76} INFO - Running: ['airflow', 'tasks', 'run', 'dag_ml_life_cycle', 'evaluate_model', 'scheduled__2024-03-18T08:46:23.641670+00:00', '--job-id', '13', '--raw', '--subdir', 'DAGS_FOLDER/lifecycle_ml_example/dags/dag_ml_life_cycle.py', '--cfg-path', '/var/folders/t4/c2kdpvnj6r793w3k056dkc640000gp/T/tmpmu_5km9i', '--error-file', '/var/folders/t4/c2kdpvnj6r793w3k056dkc640000gp/T/tmp4jhfftek']
[2024-03-18 08:58:16,112] {standard_task_runner.py:77} INFO - Job 13: Subtask evaluate_model
[2024-03-18 08:58:16,151] {logging_mixin.py:109} INFO - Running <TaskInstance: dag_ml_life_cycle.evaluate_model scheduled__2024-03-18T08:46:23.641670+00:00 [running]> on host 1.0.0.127.in-addr.arpa
[2024-03-18 08:58:16,181] {taskinstance.py:1424} INFO - Exporting the following env vars:
AIRFLOW_CTX_DAG_OWNER=airflow
AIRFLOW_CTX_DAG_ID=dag_ml_life_cycle
AIRFLOW_CTX_TASK_ID=evaluate_model
AIRFLOW_CTX_EXECUTION_DATE=2024-03-18T08:46:23.641670+00:00
AIRFLOW_CTX_DAG_RUN_ID=scheduled__2024-03-18T08:46:23.641670+00:00
[2024-03-18 08:58:16,182] {logging_mixin.py:109} WARNING - --- Logging error ---
[2024-03-18 08:58:16,183] {logging_mixin.py:109} WARNING - Traceback (most recent call last):
[2024-03-18 08:58:16,183] {logging_mixin.py:109} WARNING -   File "/Users/macbook/anaconda3/envs/airflow_env/lib/python3.9/logging/__init__.py", line 1087, in emit
    self.flush()
[2024-03-18 08:58:16,183] {logging_mixin.py:109} WARNING -   File "/Users/macbook/anaconda3/envs/airflow_env/lib/python3.9/logging/__init__.py", line 1067, in flush
    self.stream.flush()
[2024-03-18 08:58:16,184] {logging_mixin.py:109} WARNING - BrokenPipeError: [Errno 32] Broken pipe
[2024-03-18 08:58:16,184] {logging_mixin.py:109} WARNING - Call stack:
[2024-03-18 08:58:16,187] {logging_mixin.py:109} WARNING -   File "/Users/macbook/anaconda3/envs/airflow_env/bin/airflow", line 8, in <module>
    sys.exit(main())
[2024-03-18 08:58:16,187] {logging_mixin.py:109} WARNING -   File "/Users/macbook/anaconda3/envs/airflow_env/lib/python3.9/site-packages/airflow/__main__.py", line 48, in main
    args.func(args)
[2024-03-18 08:58:16,188] {logging_mixin.py:109} WARNING -   File "/Users/macbook/anaconda3/envs/airflow_env/lib/python3.9/site-packages/airflow/cli/cli_parser.py", line 48, in command
    return func(*args, **kwargs)
[2024-03-18 08:58:16,188] {logging_mixin.py:109} WARNING -   File "/Users/macbook/anaconda3/envs/airflow_env/lib/python3.9/site-packages/airflow/utils/cli.py", line 92, in wrapper
    return f(*args, **kwargs)
[2024-03-18 08:58:16,188] {logging_mixin.py:109} WARNING -   File "/Users/macbook/anaconda3/envs/airflow_env/lib/python3.9/site-packages/airflow/cli/commands/task_command.py", line 298, in task_run
    _run_task_by_selected_method(args, dag, ti)
[2024-03-18 08:58:16,188] {logging_mixin.py:109} WARNING -   File "/Users/macbook/anaconda3/envs/airflow_env/lib/python3.9/site-packages/airflow/cli/commands/task_command.py", line 105, in _run_task_by_selected_method
    _run_task_by_local_task_job(args, ti)
[2024-03-18 08:58:16,189] {logging_mixin.py:109} WARNING -   File "/Users/macbook/anaconda3/envs/airflow_env/lib/python3.9/site-packages/airflow/cli/commands/task_command.py", line 163, in _run_task_by_local_task_job
    run_job.run()
[2024-03-18 08:58:16,189] {logging_mixin.py:109} WARNING -   File "/Users/macbook/anaconda3/envs/airflow_env/lib/python3.9/site-packages/airflow/jobs/base_job.py", line 245, in run
    self._execute()
[2024-03-18 08:58:16,189] {logging_mixin.py:109} WARNING -   File "/Users/macbook/anaconda3/envs/airflow_env/lib/python3.9/site-packages/airflow/jobs/local_task_job.py", line 103, in _execute
    self.task_runner.start()
[2024-03-18 08:58:16,189] {logging_mixin.py:109} WARNING -   File "/Users/macbook/anaconda3/envs/airflow_env/lib/python3.9/site-packages/airflow/task/task_runner/standard_task_runner.py", line 41, in start
    self.process = self._start_by_fork()
[2024-03-18 08:58:16,189] {logging_mixin.py:109} WARNING -   File "/Users/macbook/anaconda3/envs/airflow_env/lib/python3.9/site-packages/airflow/task/task_runner/standard_task_runner.py", line 85, in _start_by_fork
    args.func(args, dag=self.dag)
[2024-03-18 08:58:16,190] {logging_mixin.py:109} WARNING -   File "/Users/macbook/anaconda3/envs/airflow_env/lib/python3.9/site-packages/airflow/cli/cli_parser.py", line 48, in command
    return func(*args, **kwargs)
[2024-03-18 08:58:16,190] {logging_mixin.py:109} WARNING -   File "/Users/macbook/anaconda3/envs/airflow_env/lib/python3.9/site-packages/airflow/utils/cli.py", line 92, in wrapper
    return f(*args, **kwargs)
[2024-03-18 08:58:16,190] {logging_mixin.py:109} WARNING -   File "/Users/macbook/anaconda3/envs/airflow_env/lib/python3.9/site-packages/airflow/cli/commands/task_command.py", line 298, in task_run
    _run_task_by_selected_method(args, dag, ti)
[2024-03-18 08:58:16,190] {logging_mixin.py:109} WARNING -   File "/Users/macbook/anaconda3/envs/airflow_env/lib/python3.9/site-packages/airflow/cli/commands/task_command.py", line 107, in _run_task_by_selected_method
    _run_raw_task(args, ti)
[2024-03-18 08:58:16,191] {logging_mixin.py:109} WARNING -   File "/Users/macbook/anaconda3/envs/airflow_env/lib/python3.9/site-packages/airflow/cli/commands/task_command.py", line 180, in _run_raw_task
    ti._run_raw_task(
[2024-03-18 08:58:16,191] {logging_mixin.py:109} WARNING -   File "/Users/macbook/anaconda3/envs/airflow_env/lib/python3.9/site-packages/airflow/utils/session.py", line 70, in wrapper
    return func(*args, session=session, **kwargs)
[2024-03-18 08:58:16,191] {logging_mixin.py:109} WARNING -   File "/Users/macbook/anaconda3/envs/airflow_env/lib/python3.9/site-packages/airflow/models/taskinstance.py", line 1329, in _run_raw_task
    self._execute_task_with_callbacks(context)
[2024-03-18 08:58:16,191] {logging_mixin.py:109} WARNING -   File "/Users/macbook/anaconda3/envs/airflow_env/lib/python3.9/site-packages/airflow/models/taskinstance.py", line 1455, in _execute_task_with_callbacks
    result = self._execute_task(context, self.task)
[2024-03-18 08:58:16,191] {logging_mixin.py:109} WARNING -   File "/Users/macbook/anaconda3/envs/airflow_env/lib/python3.9/site-packages/airflow/models/taskinstance.py", line 1511, in _execute_task
    result = execute_callable(context=context)
[2024-03-18 08:58:16,192] {logging_mixin.py:109} WARNING -   File "/Users/macbook/anaconda3/envs/airflow_env/lib/python3.9/site-packages/airflow/decorators/base.py", line 134, in execute
    return_value = super().execute(context)
[2024-03-18 08:58:16,192] {logging_mixin.py:109} WARNING -   File "/Users/macbook/anaconda3/envs/airflow_env/lib/python3.9/site-packages/airflow/operators/python.py", line 174, in execute
    return_value = self.execute_callable()
[2024-03-18 08:58:16,192] {logging_mixin.py:109} WARNING -   File "/Users/macbook/anaconda3/envs/airflow_env/lib/python3.9/site-packages/airflow/operators/python.py", line 185, in execute_callable
    return self.python_callable(*self.op_args, **self.op_kwargs)
[2024-03-18 08:58:16,192] {logging_mixin.py:109} WARNING -   File "/Users/macbook/Desktop/airflow_tutorial/airflow/dags/lifecycle_ml_example/dags/dag_ml_life_cycle.py", line 93, in evaluate_model_task
    logger.info(
[2024-03-18 08:58:16,193] {logging_mixin.py:109} WARNING - Message: 'Getting gold data from ml_lifecycle_airflow/in-vehicle-coupon-recommendation_gold.csv ...'
Arguments: ()
[2024-03-18 08:58:16,182] {dag_ml_life_cycle.py:93} INFO - Getting gold data from ml_lifecycle_airflow/in-vehicle-coupon-recommendation_gold.csv ...
[2024-03-18 08:58:21,133] {local_task_job.py:211} WARNING - State of this instance has been externally set to queued. Terminating instance.
[2024-03-18 08:58:21,144] {process_utils.py:120} INFO - Sending Signals.SIGTERM to group 27947. PIDs of all processes in the group: [28108, 27947]
[2024-03-18 08:58:21,144] {process_utils.py:75} INFO - Sending the signal Signals.SIGTERM to group 27947
[2024-03-18 08:58:21,144] {taskinstance.py:1408} ERROR - Received SIGTERM. Terminating subprocesses.
[2024-03-18 08:58:21,156] {taskinstance.py:1700} ERROR - Task failed with exception
Traceback (most recent call last):
  File "/Users/macbook/anaconda3/envs/airflow_env/lib/python3.9/site-packages/airflow/models/taskinstance.py", line 1329, in _run_raw_task
    self._execute_task_with_callbacks(context)
  File "/Users/macbook/anaconda3/envs/airflow_env/lib/python3.9/site-packages/airflow/models/taskinstance.py", line 1455, in _execute_task_with_callbacks
    result = self._execute_task(context, self.task)
  File "/Users/macbook/anaconda3/envs/airflow_env/lib/python3.9/site-packages/airflow/models/taskinstance.py", line 1511, in _execute_task
    result = execute_callable(context=context)
  File "/Users/macbook/anaconda3/envs/airflow_env/lib/python3.9/site-packages/airflow/decorators/base.py", line 134, in execute
    return_value = super().execute(context)
  File "/Users/macbook/anaconda3/envs/airflow_env/lib/python3.9/site-packages/airflow/operators/python.py", line 174, in execute
    return_value = self.execute_callable()
  File "/Users/macbook/anaconda3/envs/airflow_env/lib/python3.9/site-packages/airflow/operators/python.py", line 185, in execute_callable
    return self.python_callable(*self.op_args, **self.op_kwargs)
  File "/Users/macbook/Desktop/airflow_tutorial/airflow/dags/lifecycle_ml_example/dags/dag_ml_life_cycle.py", line 99, in evaluate_model_task
    x_test = get_blob_as_dataframe(
  File "/Users/macbook/Desktop/airflow_tutorial/airflow/dags/lifecycle_ml_example/src/utils/f_gcs_storage.py", line 121, in get_blob_as_dataframe
    storage_client = storage.Client()
  File "/Users/macbook/anaconda3/envs/airflow_env/lib/python3.9/site-packages/google/cloud/storage/client.py", line 226, in __init__
    super(Client, self).__init__(
  File "/Users/macbook/anaconda3/envs/airflow_env/lib/python3.9/site-packages/google/cloud/client/__init__.py", line 320, in __init__
    _ClientProjectMixin.__init__(self, project=project, credentials=credentials)
  File "/Users/macbook/anaconda3/envs/airflow_env/lib/python3.9/site-packages/google/cloud/client/__init__.py", line 268, in __init__
    project = self._determine_default(project)
  File "/Users/macbook/anaconda3/envs/airflow_env/lib/python3.9/site-packages/google/cloud/client/__init__.py", line 287, in _determine_default
    return _determine_default_project(project)
  File "/Users/macbook/anaconda3/envs/airflow_env/lib/python3.9/site-packages/google/cloud/_helpers/__init__.py", line 152, in _determine_default_project
    _, project = google.auth.default()
  File "/Users/macbook/anaconda3/envs/airflow_env/lib/python3.9/site-packages/google/auth/_default.py", line 657, in default
    credentials, project_id = checker()
  File "/Users/macbook/anaconda3/envs/airflow_env/lib/python3.9/site-packages/google/auth/_default.py", line 651, in <lambda>
    lambda: _get_gcloud_sdk_credentials(quota_project_id=quota_project_id),
  File "/Users/macbook/anaconda3/envs/airflow_env/lib/python3.9/site-packages/google/auth/_default.py", line 242, in _get_gcloud_sdk_credentials
    project_id = _cloud_sdk.get_project_id()
  File "/Users/macbook/anaconda3/envs/airflow_env/lib/python3.9/site-packages/google/auth/_cloud_sdk.py", line 106, in get_project_id
    project = _run_subprocess_ignore_stderr(
  File "/Users/macbook/anaconda3/envs/airflow_env/lib/python3.9/site-packages/google/auth/_cloud_sdk.py", line 88, in _run_subprocess_ignore_stderr
    output = subprocess.check_output(command, stderr=devnull)
  File "/Users/macbook/anaconda3/envs/airflow_env/lib/python3.9/subprocess.py", line 424, in check_output
    return run(*popenargs, stdout=PIPE, timeout=timeout, check=True,
  File "/Users/macbook/anaconda3/envs/airflow_env/lib/python3.9/subprocess.py", line 507, in run
    stdout, stderr = process.communicate(input, timeout=timeout)
  File "/Users/macbook/anaconda3/envs/airflow_env/lib/python3.9/subprocess.py", line 1121, in communicate
    stdout = self.stdout.read()
  File "/Users/macbook/anaconda3/envs/airflow_env/lib/python3.9/site-packages/airflow/models/taskinstance.py", line 1410, in signal_handler
    raise AirflowException("Task received SIGTERM signal")
airflow.exceptions.AirflowException: Task received SIGTERM signal
[2024-03-18 08:58:21,168] {taskinstance.py:1267} INFO - Marking task as UP_FOR_RETRY. dag_id=dag_ml_life_cycle, task_id=evaluate_model, execution_date=20240318T084623, start_date=20240318T135816, end_date=20240318T135821
[2024-03-18 08:58:21,176] {standard_task_runner.py:89} ERROR - Failed to execute job 13 for task evaluate_model
Traceback (most recent call last):
  File "/Users/macbook/anaconda3/envs/airflow_env/lib/python3.9/site-packages/airflow/task/task_runner/standard_task_runner.py", line 85, in _start_by_fork
    args.func(args, dag=self.dag)
  File "/Users/macbook/anaconda3/envs/airflow_env/lib/python3.9/site-packages/airflow/cli/cli_parser.py", line 48, in command
    return func(*args, **kwargs)
  File "/Users/macbook/anaconda3/envs/airflow_env/lib/python3.9/site-packages/airflow/utils/cli.py", line 92, in wrapper
    return f(*args, **kwargs)
  File "/Users/macbook/anaconda3/envs/airflow_env/lib/python3.9/site-packages/airflow/cli/commands/task_command.py", line 298, in task_run
    _run_task_by_selected_method(args, dag, ti)
  File "/Users/macbook/anaconda3/envs/airflow_env/lib/python3.9/site-packages/airflow/cli/commands/task_command.py", line 107, in _run_task_by_selected_method
    _run_raw_task(args, ti)
  File "/Users/macbook/anaconda3/envs/airflow_env/lib/python3.9/site-packages/airflow/cli/commands/task_command.py", line 180, in _run_raw_task
    ti._run_raw_task(
  File "/Users/macbook/anaconda3/envs/airflow_env/lib/python3.9/site-packages/airflow/utils/session.py", line 70, in wrapper
    return func(*args, session=session, **kwargs)
  File "/Users/macbook/anaconda3/envs/airflow_env/lib/python3.9/site-packages/airflow/models/taskinstance.py", line 1329, in _run_raw_task
    self._execute_task_with_callbacks(context)
  File "/Users/macbook/anaconda3/envs/airflow_env/lib/python3.9/site-packages/airflow/models/taskinstance.py", line 1455, in _execute_task_with_callbacks
    result = self._execute_task(context, self.task)
  File "/Users/macbook/anaconda3/envs/airflow_env/lib/python3.9/site-packages/airflow/models/taskinstance.py", line 1511, in _execute_task
    result = execute_callable(context=context)
  File "/Users/macbook/anaconda3/envs/airflow_env/lib/python3.9/site-packages/airflow/decorators/base.py", line 134, in execute
    return_value = super().execute(context)
  File "/Users/macbook/anaconda3/envs/airflow_env/lib/python3.9/site-packages/airflow/operators/python.py", line 174, in execute
    return_value = self.execute_callable()
  File "/Users/macbook/anaconda3/envs/airflow_env/lib/python3.9/site-packages/airflow/operators/python.py", line 185, in execute_callable
    return self.python_callable(*self.op_args, **self.op_kwargs)
  File "/Users/macbook/Desktop/airflow_tutorial/airflow/dags/lifecycle_ml_example/dags/dag_ml_life_cycle.py", line 99, in evaluate_model_task
    x_test = get_blob_as_dataframe(
  File "/Users/macbook/Desktop/airflow_tutorial/airflow/dags/lifecycle_ml_example/src/utils/f_gcs_storage.py", line 121, in get_blob_as_dataframe
    storage_client = storage.Client()
  File "/Users/macbook/anaconda3/envs/airflow_env/lib/python3.9/site-packages/google/cloud/storage/client.py", line 226, in __init__
    super(Client, self).__init__(
  File "/Users/macbook/anaconda3/envs/airflow_env/lib/python3.9/site-packages/google/cloud/client/__init__.py", line 320, in __init__
    _ClientProjectMixin.__init__(self, project=project, credentials=credentials)
  File "/Users/macbook/anaconda3/envs/airflow_env/lib/python3.9/site-packages/google/cloud/client/__init__.py", line 268, in __init__
    project = self._determine_default(project)
  File "/Users/macbook/anaconda3/envs/airflow_env/lib/python3.9/site-packages/google/cloud/client/__init__.py", line 287, in _determine_default
    return _determine_default_project(project)
  File "/Users/macbook/anaconda3/envs/airflow_env/lib/python3.9/site-packages/google/cloud/_helpers/__init__.py", line 152, in _determine_default_project
    _, project = google.auth.default()
  File "/Users/macbook/anaconda3/envs/airflow_env/lib/python3.9/site-packages/google/auth/_default.py", line 657, in default
    credentials, project_id = checker()
  File "/Users/macbook/anaconda3/envs/airflow_env/lib/python3.9/site-packages/google/auth/_default.py", line 651, in <lambda>
    lambda: _get_gcloud_sdk_credentials(quota_project_id=quota_project_id),
  File "/Users/macbook/anaconda3/envs/airflow_env/lib/python3.9/site-packages/google/auth/_default.py", line 242, in _get_gcloud_sdk_credentials
    project_id = _cloud_sdk.get_project_id()
  File "/Users/macbook/anaconda3/envs/airflow_env/lib/python3.9/site-packages/google/auth/_cloud_sdk.py", line 106, in get_project_id
    project = _run_subprocess_ignore_stderr(
  File "/Users/macbook/anaconda3/envs/airflow_env/lib/python3.9/site-packages/google/auth/_cloud_sdk.py", line 88, in _run_subprocess_ignore_stderr
    output = subprocess.check_output(command, stderr=devnull)
  File "/Users/macbook/anaconda3/envs/airflow_env/lib/python3.9/subprocess.py", line 424, in check_output
    return run(*popenargs, stdout=PIPE, timeout=timeout, check=True,
  File "/Users/macbook/anaconda3/envs/airflow_env/lib/python3.9/subprocess.py", line 507, in run
    stdout, stderr = process.communicate(input, timeout=timeout)
  File "/Users/macbook/anaconda3/envs/airflow_env/lib/python3.9/subprocess.py", line 1121, in communicate
    stdout = self.stdout.read()
  File "/Users/macbook/anaconda3/envs/airflow_env/lib/python3.9/site-packages/airflow/models/taskinstance.py", line 1410, in signal_handler
    raise AirflowException("Task received SIGTERM signal")
airflow.exceptions.AirflowException: Task received SIGTERM signal
[2024-03-18 08:58:21,203] {process_utils.py:70} INFO - Process psutil.Process(pid=27947, status='terminated', exitcode=1, started='08:58:16') (27947) terminated with exit code 1
[2024-03-18 08:58:21,203] {process_utils.py:70} INFO - Process psutil.Process(pid=28108, status='terminated', started='08:58:20') (28108) terminated with exit code None
