[2024-03-15 15:37:43,929] {taskinstance.py:1032} INFO - Dependencies all met for <TaskInstance: dag_ml_life_cycle.get_gold_data scheduled__2024-03-15T20:30:39.055353+00:00 [queued]>
[2024-03-15 15:37:43,989] {taskinstance.py:1032} INFO - Dependencies all met for <TaskInstance: dag_ml_life_cycle.get_gold_data scheduled__2024-03-15T20:30:39.055353+00:00 [queued]>
[2024-03-15 15:37:43,989] {taskinstance.py:1238} INFO - 
--------------------------------------------------------------------------------
[2024-03-15 15:37:43,989] {taskinstance.py:1239} INFO - Starting attempt 4 of 4
[2024-03-15 15:37:43,989] {taskinstance.py:1240} INFO - 
--------------------------------------------------------------------------------
[2024-03-15 15:37:43,997] {taskinstance.py:1259} INFO - Executing <Task(PythonOperator): get_gold_data> on 2024-03-15 20:30:39.055353+00:00
[2024-03-15 15:37:44,004] {standard_task_runner.py:52} INFO - Started process 80089 to run task
[2024-03-15 15:37:44,010] {standard_task_runner.py:76} INFO - Running: ['airflow', 'tasks', 'run', 'dag_ml_life_cycle', 'get_gold_data', 'scheduled__2024-03-15T20:30:39.055353+00:00', '--job-id', '16', '--raw', '--subdir', 'DAGS_FOLDER/lifecycle_ml_example/dags/dag_ml_life_cycle.py', '--cfg-path', '/var/folders/t4/c2kdpvnj6r793w3k056dkc640000gp/T/tmpicvf413r', '--error-file', '/var/folders/t4/c2kdpvnj6r793w3k056dkc640000gp/T/tmpwabr708t']
[2024-03-15 15:37:44,012] {standard_task_runner.py:77} INFO - Job 16: Subtask get_gold_data
[2024-03-15 15:37:44,052] {logging_mixin.py:109} INFO - Running <TaskInstance: dag_ml_life_cycle.get_gold_data scheduled__2024-03-15T20:30:39.055353+00:00 [running]> on host 1.0.0.0.0.0.0.0.0.0.0.0.0.0.0.0.0.0.0.0.0.0.0.0.0.0.0.0.0.0.0.0.ip6.arpa
[2024-03-15 15:37:44,078] {taskinstance.py:1424} INFO - Exporting the following env vars:
AIRFLOW_CTX_DAG_OWNER=airflow
AIRFLOW_CTX_DAG_ID=dag_ml_life_cycle
AIRFLOW_CTX_TASK_ID=get_gold_data
AIRFLOW_CTX_EXECUTION_DATE=2024-03-15T20:30:39.055353+00:00
AIRFLOW_CTX_DAG_RUN_ID=scheduled__2024-03-15T20:30:39.055353+00:00
[2024-03-15 15:37:44,079] {data_preprocessing.py:33} INFO - Random error: 0.13864369465339554
[2024-03-15 15:37:44,080] {data_preprocessing.py:37} INFO - Getting gold data
[2024-03-15 15:37:44,080] {data_preprocessing.py:41} INFO - Getting raw data from ml_lifecycle_airflow/in-vehicle-coupon-recommendation.csv ...
[2024-03-15 15:37:47,125] {data_preprocessing.py:88} INFO - Starting data preprocessing ...
[2024-03-15 15:37:47,261] {data_preprocessing.py:149} INFO - Data preprocessing complete

[2024-03-15 15:37:47,292] {data_preprocessing.py:167} INFO - Encoding features using hashing encoder ...
[2024-03-15 15:38:24,311] {data_preprocessing.py:167} INFO - Encoding features using hashing encoder ...
[2024-03-15 15:39:00,482] {data_preprocessing.py:62} INFO - Uploading preprocessed data to GCS ...
[2024-03-15 15:39:09,558] {python.py:175} INFO - Done. Returned value was: True
[2024-03-15 15:39:09,585] {taskinstance.py:1267} INFO - Marking task as SUCCESS. dag_id=dag_ml_life_cycle, task_id=get_gold_data, execution_date=20240315T203039, start_date=20240315T203743, end_date=20240315T203909
[2024-03-15 15:39:09,615] {local_task_job.py:154} INFO - Task exited with return code 0
[2024-03-15 15:39:09,633] {local_task_job.py:264} INFO - 1 downstream tasks scheduled from follow-on schedule check
